[0.028s] Invoking command in '/home/darshan/ros2_ws/build/champ_bringup': CMAKE_PREFIX_PATH=/home/darshan/ros2_ws/install/champ_base:/home/darshan/ros2_ws/install/champ_msgs:/home/darshan/ros2_ws/install/champ_description:/home/darshan/ros2_ws/install/champ:/home/darshan/ros2_ws/install/mini_pupper_slam:/home/darshan/ros2_ws/install/mini_pupper_navigation:/home/darshan/ros2_ws/install/mini_pupper_interfaces:/home/darshan/ros2_ws/install/mini_pupper_gazebo:/home/darshan/ros2_ws/install/mini_pupper_description:/home/darshan/ros2_ws/install/mini_pupper_bringup:/home/darshan/ros2_ws/install/ldlidar_stl_ros2:/home/darshan/ros2_ws/install/champ_teleop:/home/darshan/ros2_ws/install/champ_navigation:/home/darshan/ros2_ws/install/champ_gazebo:/home/darshan/ros2_ws/install/champ_bringup:/home/darshan/ros2_ws/install/champ_config:/home/darshan/ros2_ws/install/mini_pupper_recognition:/home/darshan/ros2_ws/install/mini_pupper_music:/home/darshan/ros2_ws/install/mini_pupper_dance:/home/darshan/ros2_ws/install/mini_pupper_driver:/opt/ros/humble LD_LIBRARY_PATH=/home/darshan/ros2_ws/install/champ_base/lib:/home/darshan/ros2_ws/install/champ_msgs/lib:/home/darshan/ros2_ws/install/mini_pupper_interfaces/lib:/usr/lib/x86_64-linux-gnu/gazebo-11/plugins:/opt/ros/humble/opt/rviz_ogre_vendor/lib:/opt/ros/humble/lib/x86_64-linux-gnu:/opt/ros/humble/lib PATH=/home/darshan/ros2_ws/install/champ_base/bin:/home/darshan/ros2_ws/install/champ_gazebo/bin:/opt/ros/humble/bin:/usr/local/sbin:/usr/local/bin:/usr/sbin:/usr/bin:/sbin:/bin:/usr/games:/usr/local/games:/snap/bin:/snap/bin /usr/bin/cmake --build /home/darshan/ros2_ws/build/champ_bringup -- -j24 -l24
[0.104s] Built target ament_cmake_python_copy_champ_bringup
[0.392s] running egg_info
[0.393s] writing champ_bringup.egg-info/PKG-INFO
[0.394s] writing dependency_links to champ_bringup.egg-info/dependency_links.txt
[0.394s] writing top-level names to champ_bringup.egg-info/top_level.txt
[0.396s] reading manifest file 'champ_bringup.egg-info/SOURCES.txt'
[0.397s] writing manifest file 'champ_bringup.egg-info/SOURCES.txt'
[0.425s] Built target ament_cmake_python_build_champ_bringup_egg
[0.435s] Invoked command in '/home/darshan/ros2_ws/build/champ_bringup' returned '0': CMAKE_PREFIX_PATH=/home/darshan/ros2_ws/install/champ_base:/home/darshan/ros2_ws/install/champ_msgs:/home/darshan/ros2_ws/install/champ_description:/home/darshan/ros2_ws/install/champ:/home/darshan/ros2_ws/install/mini_pupper_slam:/home/darshan/ros2_ws/install/mini_pupper_navigation:/home/darshan/ros2_ws/install/mini_pupper_interfaces:/home/darshan/ros2_ws/install/mini_pupper_gazebo:/home/darshan/ros2_ws/install/mini_pupper_description:/home/darshan/ros2_ws/install/mini_pupper_bringup:/home/darshan/ros2_ws/install/ldlidar_stl_ros2:/home/darshan/ros2_ws/install/champ_teleop:/home/darshan/ros2_ws/install/champ_navigation:/home/darshan/ros2_ws/install/champ_gazebo:/home/darshan/ros2_ws/install/champ_bringup:/home/darshan/ros2_ws/install/champ_config:/home/darshan/ros2_ws/install/mini_pupper_recognition:/home/darshan/ros2_ws/install/mini_pupper_music:/home/darshan/ros2_ws/install/mini_pupper_dance:/home/darshan/ros2_ws/install/mini_pupper_driver:/opt/ros/humble LD_LIBRARY_PATH=/home/darshan/ros2_ws/install/champ_base/lib:/home/darshan/ros2_ws/install/champ_msgs/lib:/home/darshan/ros2_ws/install/mini_pupper_interfaces/lib:/usr/lib/x86_64-linux-gnu/gazebo-11/plugins:/opt/ros/humble/opt/rviz_ogre_vendor/lib:/opt/ros/humble/lib/x86_64-linux-gnu:/opt/ros/humble/lib PATH=/home/darshan/ros2_ws/install/champ_base/bin:/home/darshan/ros2_ws/install/champ_gazebo/bin:/opt/ros/humble/bin:/usr/local/sbin:/usr/local/bin:/usr/sbin:/usr/bin:/sbin:/bin:/usr/games:/usr/local/games:/snap/bin:/snap/bin /usr/bin/cmake --build /home/darshan/ros2_ws/build/champ_bringup -- -j24 -l24
[0.460s] Invoking command in '/home/darshan/ros2_ws/build/champ_bringup': CMAKE_PREFIX_PATH=/home/darshan/ros2_ws/install/champ_base:/home/darshan/ros2_ws/install/champ_msgs:/home/darshan/ros2_ws/install/champ_description:/home/darshan/ros2_ws/install/champ:/home/darshan/ros2_ws/install/mini_pupper_slam:/home/darshan/ros2_ws/install/mini_pupper_navigation:/home/darshan/ros2_ws/install/mini_pupper_interfaces:/home/darshan/ros2_ws/install/mini_pupper_gazebo:/home/darshan/ros2_ws/install/mini_pupper_description:/home/darshan/ros2_ws/install/mini_pupper_bringup:/home/darshan/ros2_ws/install/ldlidar_stl_ros2:/home/darshan/ros2_ws/install/champ_teleop:/home/darshan/ros2_ws/install/champ_navigation:/home/darshan/ros2_ws/install/champ_gazebo:/home/darshan/ros2_ws/install/champ_bringup:/home/darshan/ros2_ws/install/champ_config:/home/darshan/ros2_ws/install/mini_pupper_recognition:/home/darshan/ros2_ws/install/mini_pupper_music:/home/darshan/ros2_ws/install/mini_pupper_dance:/home/darshan/ros2_ws/install/mini_pupper_driver:/opt/ros/humble LD_LIBRARY_PATH=/home/darshan/ros2_ws/install/champ_base/lib:/home/darshan/ros2_ws/install/champ_msgs/lib:/home/darshan/ros2_ws/install/mini_pupper_interfaces/lib:/usr/lib/x86_64-linux-gnu/gazebo-11/plugins:/opt/ros/humble/opt/rviz_ogre_vendor/lib:/opt/ros/humble/lib/x86_64-linux-gnu:/opt/ros/humble/lib PATH=/home/darshan/ros2_ws/install/champ_base/bin:/home/darshan/ros2_ws/install/champ_gazebo/bin:/opt/ros/humble/bin:/usr/local/sbin:/usr/local/bin:/usr/sbin:/usr/bin:/sbin:/bin:/usr/games:/usr/local/games:/snap/bin:/snap/bin /usr/bin/cmake --install /home/darshan/ros2_ws/build/champ_bringup
[0.468s] -- Install configuration: ""
[0.468s] -- Up-to-date: /home/darshan/ros2_ws/install/champ_bringup/share/champ_bringup/launch
[0.468s] -- Up-to-date: /home/darshan/ros2_ws/install/champ_bringup/share/champ_bringup/launch/joints_gui.launch.py
[0.468s] -- Up-to-date: /home/darshan/ros2_ws/install/champ_bringup/share/champ_bringup/launch/bringup.launch
[0.468s] -- Up-to-date: /home/darshan/ros2_ws/install/champ_bringup/share/champ_bringup/launch/joints_gui.launch
[0.469s] -- Up-to-date: /home/darshan/ros2_ws/install/champ_bringup/share/champ_bringup/launch/bringup.launch.py
[0.469s] -- Up-to-date: /home/darshan/ros2_ws/install/champ_bringup/share/champ_bringup/launch/include
[0.469s] -- Up-to-date: /home/darshan/ros2_ws/install/champ_bringup/share/champ_bringup/launch/include/velocity_smoother.launch
[0.469s] -- Up-to-date: /home/darshan/ros2_ws/install/champ_bringup/share/champ_bringup/launch/include/laser
[0.469s] -- Up-to-date: /home/darshan/ros2_ws/install/champ_bringup/share/champ_bringup/launch/include/laser/d435.launch
[0.469s] -- Up-to-date: /home/darshan/ros2_ws/install/champ_bringup/share/champ_bringup/launch/include/laser/kinect.launch
[0.469s] -- Up-to-date: /home/darshan/ros2_ws/install/champ_bringup/share/champ_bringup/launch/include/laser/realsense.launch
[0.470s] -- Up-to-date: /home/darshan/ros2_ws/install/champ_bringup/share/champ_bringup/launch/include/laser/hokuyo.launch
[0.470s] -- Up-to-date: /home/darshan/ros2_ws/install/champ_bringup/share/champ_bringup/launch/include/laser/rplidar.launch
[0.470s] -- Up-to-date: /home/darshan/ros2_ws/install/champ_bringup/share/champ_bringup/launch/include/laser/ydlidar.launch
[0.470s] -- Up-to-date: /home/darshan/ros2_ws/install/champ_bringup/share/champ_bringup/launch/include/laser/lms1xx.launch
[0.470s] -- Up-to-date: /home/darshan/ros2_ws/install/champ_bringup/share/champ_bringup/launch/include/laser/sim.launch
[0.470s] -- Up-to-date: /home/darshan/ros2_ws/install/champ_bringup/share/champ_bringup/launch/include/laser/sweep.launch
[0.470s] -- Up-to-date: /home/darshan/ros2_ws/install/champ_bringup/share/champ_bringup/launch/include/laser/xv11.launch
[0.470s] -- Up-to-date: /home/darshan/ros2_ws/install/champ_bringup/share/champ_bringup/environment/pythonpath.sh
[0.470s] -- Up-to-date: /home/darshan/ros2_ws/install/champ_bringup/share/champ_bringup/environment/pythonpath.dsv
[0.470s] -- Up-to-date: /home/darshan/ros2_ws/install/champ_bringup/local/lib/python3.10/dist-packages/champ_bringup-0.1.0-py3.10.egg-info
[0.470s] -- Installing: /home/darshan/ros2_ws/install/champ_bringup/local/lib/python3.10/dist-packages/champ_bringup-0.1.0-py3.10.egg-info/PKG-INFO
[0.471s] -- Installing: /home/darshan/ros2_ws/install/champ_bringup/local/lib/python3.10/dist-packages/champ_bringup-0.1.0-py3.10.egg-info/SOURCES.txt
[0.471s] -- Installing: /home/darshan/ros2_ws/install/champ_bringup/local/lib/python3.10/dist-packages/champ_bringup-0.1.0-py3.10.egg-info/dependency_links.txt
[0.471s] -- Installing: /home/darshan/ros2_ws/install/champ_bringup/local/lib/python3.10/dist-packages/champ_bringup-0.1.0-py3.10.egg-info/top_level.txt
[0.471s] -- Up-to-date: /home/darshan/ros2_ws/install/champ_bringup/local/lib/python3.10/dist-packages/champ_bringup
[0.471s] -- Up-to-date: /home/darshan/ros2_ws/install/champ_bringup/local/lib/python3.10/dist-packages/champ_bringup/__init__.py
[0.471s] -- Up-to-date: /home/darshan/ros2_ws/install/champ_bringup/local/lib/python3.10/dist-packages/champ_bringup/joint_calibrator_relay.py
[0.512s] Listing '/home/darshan/ros2_ws/install/champ_bringup/local/lib/python3.10/dist-packages/champ_bringup'...
[0.518s] -- Up-to-date: /home/darshan/ros2_ws/install/champ_bringup/lib/champ_bringup/joint_calibrator_relay.py
[0.518s] -- Up-to-date: /home/darshan/ros2_ws/install/champ_bringup/share/ament_index/resource_index/package_run_dependencies/champ_bringup
[0.518s] -- Up-to-date: /home/darshan/ros2_ws/install/champ_bringup/share/ament_index/resource_index/parent_prefix_path/champ_bringup
[0.518s] -- Up-to-date: /home/darshan/ros2_ws/install/champ_bringup/share/champ_bringup/environment/ament_prefix_path.sh
[0.518s] -- Up-to-date: /home/darshan/ros2_ws/install/champ_bringup/share/champ_bringup/environment/ament_prefix_path.dsv
[0.518s] -- Up-to-date: /home/darshan/ros2_ws/install/champ_bringup/share/champ_bringup/environment/path.sh
[0.518s] -- Up-to-date: /home/darshan/ros2_ws/install/champ_bringup/share/champ_bringup/environment/path.dsv
[0.518s] -- Up-to-date: /home/darshan/ros2_ws/install/champ_bringup/share/champ_bringup/local_setup.bash
[0.519s] -- Up-to-date: /home/darshan/ros2_ws/install/champ_bringup/share/champ_bringup/local_setup.sh
[0.519s] -- Up-to-date: /home/darshan/ros2_ws/install/champ_bringup/share/champ_bringup/local_setup.zsh
[0.519s] -- Up-to-date: /home/darshan/ros2_ws/install/champ_bringup/share/champ_bringup/local_setup.dsv
[0.519s] -- Installing: /home/darshan/ros2_ws/install/champ_bringup/share/champ_bringup/package.dsv
[0.519s] -- Up-to-date: /home/darshan/ros2_ws/install/champ_bringup/share/ament_index/resource_index/packages/champ_bringup
[0.519s] -- Up-to-date: /home/darshan/ros2_ws/install/champ_bringup/share/champ_bringup/cmake/champ_bringupConfig.cmake
[0.519s] -- Up-to-date: /home/darshan/ros2_ws/install/champ_bringup/share/champ_bringup/cmake/champ_bringupConfig-version.cmake
[0.519s] -- Up-to-date: /home/darshan/ros2_ws/install/champ_bringup/share/champ_bringup/package.xml
[0.521s] Invoked command in '/home/darshan/ros2_ws/build/champ_bringup' returned '0': CMAKE_PREFIX_PATH=/home/darshan/ros2_ws/install/champ_base:/home/darshan/ros2_ws/install/champ_msgs:/home/darshan/ros2_ws/install/champ_description:/home/darshan/ros2_ws/install/champ:/home/darshan/ros2_ws/install/mini_pupper_slam:/home/darshan/ros2_ws/install/mini_pupper_navigation:/home/darshan/ros2_ws/install/mini_pupper_interfaces:/home/darshan/ros2_ws/install/mini_pupper_gazebo:/home/darshan/ros2_ws/install/mini_pupper_description:/home/darshan/ros2_ws/install/mini_pupper_bringup:/home/darshan/ros2_ws/install/ldlidar_stl_ros2:/home/darshan/ros2_ws/install/champ_teleop:/home/darshan/ros2_ws/install/champ_navigation:/home/darshan/ros2_ws/install/champ_gazebo:/home/darshan/ros2_ws/install/champ_bringup:/home/darshan/ros2_ws/install/champ_config:/home/darshan/ros2_ws/install/mini_pupper_recognition:/home/darshan/ros2_ws/install/mini_pupper_music:/home/darshan/ros2_ws/install/mini_pupper_dance:/home/darshan/ros2_ws/install/mini_pupper_driver:/opt/ros/humble LD_LIBRARY_PATH=/home/darshan/ros2_ws/install/champ_base/lib:/home/darshan/ros2_ws/install/champ_msgs/lib:/home/darshan/ros2_ws/install/mini_pupper_interfaces/lib:/usr/lib/x86_64-linux-gnu/gazebo-11/plugins:/opt/ros/humble/opt/rviz_ogre_vendor/lib:/opt/ros/humble/lib/x86_64-linux-gnu:/opt/ros/humble/lib PATH=/home/darshan/ros2_ws/install/champ_base/bin:/home/darshan/ros2_ws/install/champ_gazebo/bin:/opt/ros/humble/bin:/usr/local/sbin:/usr/local/bin:/usr/sbin:/usr/bin:/sbin:/bin:/usr/games:/usr/local/games:/snap/bin:/snap/bin /usr/bin/cmake --install /home/darshan/ros2_ws/build/champ_bringup
