-- Install configuration: ""
-- Up-to-date: /home/darshan/ros2_ws/install/mini_pupper_navigation/share/mini_pupper_navigation/launch
-- Up-to-date: /home/darshan/ros2_ws/install/mini_pupper_navigation/share/mini_pupper_navigation/launch/navigation.launch.py
-- Up-to-date: /home/darshan/ros2_ws/install/mini_pupper_navigation/share/mini_pupper_navigation/maps
-- Up-to-date: /home/darshan/ros2_ws/install/mini_pupper_navigation/share/mini_pupper_navigation/maps/map.pgm
-- Up-to-date: /home/darshan/ros2_ws/install/mini_pupper_navigation/share/mini_pupper_navigation/maps/map.yaml
-- Up-to-date: /home/darshan/ros2_ws/install/mini_pupper_navigation/share/mini_pupper_navigation/param
-- Up-to-date: /home/darshan/ros2_ws/install/mini_pupper_navigation/share/mini_pupper_navigation/param/mini_pupper.yaml
-- Up-to-date: /home/darshan/ros2_ws/install/mini_pupper_navigation/share/mini_pupper_navigation/rviz
-- Up-to-date: /home/darshan/ros2_ws/install/mini_pupper_navigation/share/mini_pupper_navigation/rviz/navigation.rviz
-- Up-to-date: /home/darshan/ros2_ws/install/mini_pupper_navigation/share/ament_index/resource_index/package_run_dependencies/mini_pupper_navigation
-- Up-to-date: /home/darshan/ros2_ws/install/mini_pupper_navigation/share/ament_index/resource_index/parent_prefix_path/mini_pupper_navigation
-- Up-to-date: /home/darshan/ros2_ws/install/mini_pupper_navigation/share/mini_pupper_navigation/environment/ament_prefix_path.sh
-- Up-to-date: /home/darshan/ros2_ws/install/mini_pupper_navigation/share/mini_pupper_navigation/environment/ament_prefix_path.dsv
-- Up-to-date: /home/darshan/ros2_ws/install/mini_pupper_navigation/share/mini_pupper_navigation/environment/path.sh
-- Up-to-date: /home/darshan/ros2_ws/install/mini_pupper_navigation/share/mini_pupper_navigation/environment/path.dsv
-- Up-to-date: /home/darshan/ros2_ws/install/mini_pupper_navigation/share/mini_pupper_navigation/local_setup.bash
-- Up-to-date: /home/darshan/ros2_ws/install/mini_pupper_navigation/share/mini_pupper_navigation/local_setup.sh
-- Up-to-date: /home/darshan/ros2_ws/install/mini_pupper_navigation/share/mini_pupper_navigation/local_setup.zsh
-- Up-to-date: /home/darshan/ros2_ws/install/mini_pupper_navigation/share/mini_pupper_navigation/local_setup.dsv
-- Installing: /home/darshan/ros2_ws/install/mini_pupper_navigation/share/mini_pupper_navigation/package.dsv
-- Up-to-date: /home/darshan/ros2_ws/install/mini_pupper_navigation/share/ament_index/resource_index/packages/mini_pupper_navigation
-- Up-to-date: /home/darshan/ros2_ws/install/mini_pupper_navigation/share/mini_pupper_navigation/cmake/mini_pupper_navigationConfig.cmake
-- Up-to-date: /home/darshan/ros2_ws/install/mini_pupper_navigation/share/mini_pupper_navigation/cmake/mini_pupper_navigationConfig-version.cmake
-- Up-to-date: /home/darshan/ros2_ws/install/mini_pupper_navigation/share/mini_pupper_navigation/package.xml
