[0.017s] Invoking command in '/home/darshan/ros2_ws/build/champ_bringup': AMENT_PREFIX_PATH=/home/darshan/ros2_ws/install/champ_base:/home/darshan/ros2_ws/install/champ_msgs:/home/darshan/ros2_ws/install/champ_description:/home/darshan/ros2_ws/install/champ:${AMENT_PREFIX_PATH} CMAKE_PREFIX_PATH=/home/darshan/ros2_ws/install/champ_base:/home/darshan/ros2_ws/install/champ_msgs:/home/darshan/ros2_ws/install/champ_description:/home/darshan/ros2_ws/install/champ:/opt/ros/humble LD_LIBRARY_PATH=/home/darshan/ros2_ws/install/champ_base/lib:/home/darshan/ros2_ws/install/champ_msgs/lib:${LD_LIBRARY_PATH} PATH=/home/darshan/ros2_ws/install/champ_base/bin:${PATH} PYTHONPATH=/home/darshan/ros2_ws/install/champ_msgs/local/lib/python3.10/dist-packages:${PYTHONPATH} /usr/bin/cmake --build /home/darshan/ros2_ws/build/champ_bringup -- -j24 -l24
[0.078s] Built target ament_cmake_python_copy_champ_bringup
[0.333s] running egg_info
[0.333s] writing champ_bringup.egg-info/PKG-INFO
[0.334s] writing dependency_links to champ_bringup.egg-info/dependency_links.txt
[0.334s] writing top-level names to champ_bringup.egg-info/top_level.txt
[0.336s] reading manifest file 'champ_bringup.egg-info/SOURCES.txt'
[0.337s] writing manifest file 'champ_bringup.egg-info/SOURCES.txt'
[0.364s] Built target ament_cmake_python_build_champ_bringup_egg
[0.373s] Invoked command in '/home/darshan/ros2_ws/build/champ_bringup' returned '0': AMENT_PREFIX_PATH=/home/darshan/ros2_ws/install/champ_base:/home/darshan/ros2_ws/install/champ_msgs:/home/darshan/ros2_ws/install/champ_description:/home/darshan/ros2_ws/install/champ:${AMENT_PREFIX_PATH} CMAKE_PREFIX_PATH=/home/darshan/ros2_ws/install/champ_base:/home/darshan/ros2_ws/install/champ_msgs:/home/darshan/ros2_ws/install/champ_description:/home/darshan/ros2_ws/install/champ:/opt/ros/humble LD_LIBRARY_PATH=/home/darshan/ros2_ws/install/champ_base/lib:/home/darshan/ros2_ws/install/champ_msgs/lib:${LD_LIBRARY_PATH} PATH=/home/darshan/ros2_ws/install/champ_base/bin:${PATH} PYTHONPATH=/home/darshan/ros2_ws/install/champ_msgs/local/lib/python3.10/dist-packages:${PYTHONPATH} /usr/bin/cmake --build /home/darshan/ros2_ws/build/champ_bringup -- -j24 -l24
[0.393s] Invoking command in '/home/darshan/ros2_ws/build/champ_bringup': AMENT_PREFIX_PATH=/home/darshan/ros2_ws/install/champ_base:/home/darshan/ros2_ws/install/champ_msgs:/home/darshan/ros2_ws/install/champ_description:/home/darshan/ros2_ws/install/champ:${AMENT_PREFIX_PATH} CMAKE_PREFIX_PATH=/home/darshan/ros2_ws/install/champ_base:/home/darshan/ros2_ws/install/champ_msgs:/home/darshan/ros2_ws/install/champ_description:/home/darshan/ros2_ws/install/champ:/opt/ros/humble LD_LIBRARY_PATH=/home/darshan/ros2_ws/install/champ_base/lib:/home/darshan/ros2_ws/install/champ_msgs/lib:${LD_LIBRARY_PATH} PATH=/home/darshan/ros2_ws/install/champ_base/bin:${PATH} PYTHONPATH=/home/darshan/ros2_ws/install/champ_msgs/local/lib/python3.10/dist-packages:${PYTHONPATH} /usr/bin/cmake --install /home/darshan/ros2_ws/build/champ_bringup
[0.400s] -- Install configuration: ""
[0.401s] -- Up-to-date: /home/darshan/ros2_ws/install/champ_bringup/share/champ_bringup/launch
[0.401s] -- Up-to-date: /home/darshan/ros2_ws/install/champ_bringup/share/champ_bringup/launch/joints_gui.launch.py
[0.402s] -- Up-to-date: /home/darshan/ros2_ws/install/champ_bringup/share/champ_bringup/launch/bringup.launch
[0.402s] -- Up-to-date: /home/darshan/ros2_ws/install/champ_bringup/share/champ_bringup/launch/joints_gui.launch
[0.402s] -- Up-to-date: /home/darshan/ros2_ws/install/champ_bringup/share/champ_bringup/launch/bringup.launch.py
[0.402s] -- Up-to-date: /home/darshan/ros2_ws/install/champ_bringup/share/champ_bringup/launch/include
[0.402s] -- Up-to-date: /home/darshan/ros2_ws/install/champ_bringup/share/champ_bringup/launch/include/velocity_smoother.launch
[0.402s] -- Up-to-date: /home/darshan/ros2_ws/install/champ_bringup/share/champ_bringup/launch/include/laser
[0.402s] -- Up-to-date: /home/darshan/ros2_ws/install/champ_bringup/share/champ_bringup/launch/include/laser/d435.launch
[0.402s] -- Up-to-date: /home/darshan/ros2_ws/install/champ_bringup/share/champ_bringup/launch/include/laser/kinect.launch
[0.402s] -- Up-to-date: /home/darshan/ros2_ws/install/champ_bringup/share/champ_bringup/launch/include/laser/realsense.launch
[0.403s] -- Up-to-date: /home/darshan/ros2_ws/install/champ_bringup/share/champ_bringup/launch/include/laser/hokuyo.launch
[0.403s] -- Up-to-date: /home/darshan/ros2_ws/install/champ_bringup/share/champ_bringup/launch/include/laser/rplidar.launch
[0.403s] -- Up-to-date: /home/darshan/ros2_ws/install/champ_bringup/share/champ_bringup/launch/include/laser/ydlidar.launch
[0.403s] -- Up-to-date: /home/darshan/ros2_ws/install/champ_bringup/share/champ_bringup/launch/include/laser/lms1xx.launch
[0.403s] -- Up-to-date: /home/darshan/ros2_ws/install/champ_bringup/share/champ_bringup/launch/include/laser/sim.launch
[0.403s] -- Up-to-date: /home/darshan/ros2_ws/install/champ_bringup/share/champ_bringup/launch/include/laser/sweep.launch
[0.403s] -- Up-to-date: /home/darshan/ros2_ws/install/champ_bringup/share/champ_bringup/launch/include/laser/xv11.launch
[0.403s] -- Up-to-date: /home/darshan/ros2_ws/install/champ_bringup/share/champ_bringup/environment/pythonpath.sh
[0.403s] -- Up-to-date: /home/darshan/ros2_ws/install/champ_bringup/share/champ_bringup/environment/pythonpath.dsv
[0.404s] -- Up-to-date: /home/darshan/ros2_ws/install/champ_bringup/local/lib/python3.10/dist-packages/champ_bringup-0.1.0-py3.10.egg-info
[0.404s] -- Installing: /home/darshan/ros2_ws/install/champ_bringup/local/lib/python3.10/dist-packages/champ_bringup-0.1.0-py3.10.egg-info/PKG-INFO
[0.404s] -- Installing: /home/darshan/ros2_ws/install/champ_bringup/local/lib/python3.10/dist-packages/champ_bringup-0.1.0-py3.10.egg-info/SOURCES.txt
[0.404s] -- Installing: /home/darshan/ros2_ws/install/champ_bringup/local/lib/python3.10/dist-packages/champ_bringup-0.1.0-py3.10.egg-info/dependency_links.txt
[0.404s] -- Installing: /home/darshan/ros2_ws/install/champ_bringup/local/lib/python3.10/dist-packages/champ_bringup-0.1.0-py3.10.egg-info/top_level.txt
[0.404s] -- Up-to-date: /home/darshan/ros2_ws/install/champ_bringup/local/lib/python3.10/dist-packages/champ_bringup
[0.404s] -- Up-to-date: /home/darshan/ros2_ws/install/champ_bringup/local/lib/python3.10/dist-packages/champ_bringup/__init__.py
[0.404s] -- Up-to-date: /home/darshan/ros2_ws/install/champ_bringup/local/lib/python3.10/dist-packages/champ_bringup/joint_calibrator_relay.py
[0.436s] Listing '/home/darshan/ros2_ws/install/champ_bringup/local/lib/python3.10/dist-packages/champ_bringup'...
[0.441s] -- Up-to-date: /home/darshan/ros2_ws/install/champ_bringup/lib/champ_bringup/joint_calibrator_relay.py
[0.442s] -- Up-to-date: /home/darshan/ros2_ws/install/champ_bringup/share/ament_index/resource_index/package_run_dependencies/champ_bringup
[0.442s] -- Up-to-date: /home/darshan/ros2_ws/install/champ_bringup/share/ament_index/resource_index/parent_prefix_path/champ_bringup
[0.442s] -- Up-to-date: /home/darshan/ros2_ws/install/champ_bringup/share/champ_bringup/environment/ament_prefix_path.sh
[0.442s] -- Up-to-date: /home/darshan/ros2_ws/install/champ_bringup/share/champ_bringup/environment/ament_prefix_path.dsv
[0.442s] -- Up-to-date: /home/darshan/ros2_ws/install/champ_bringup/share/champ_bringup/environment/path.sh
[0.442s] -- Up-to-date: /home/darshan/ros2_ws/install/champ_bringup/share/champ_bringup/environment/path.dsv
[0.442s] -- Up-to-date: /home/darshan/ros2_ws/install/champ_bringup/share/champ_bringup/local_setup.bash
[0.442s] -- Up-to-date: /home/darshan/ros2_ws/install/champ_bringup/share/champ_bringup/local_setup.sh
[0.442s] -- Up-to-date: /home/darshan/ros2_ws/install/champ_bringup/share/champ_bringup/local_setup.zsh
[0.442s] -- Up-to-date: /home/darshan/ros2_ws/install/champ_bringup/share/champ_bringup/local_setup.dsv
[0.443s] -- Up-to-date: /home/darshan/ros2_ws/install/champ_bringup/share/champ_bringup/package.dsv
[0.443s] -- Up-to-date: /home/darshan/ros2_ws/install/champ_bringup/share/ament_index/resource_index/packages/champ_bringup
[0.443s] -- Up-to-date: /home/darshan/ros2_ws/install/champ_bringup/share/champ_bringup/cmake/champ_bringupConfig.cmake
[0.443s] -- Up-to-date: /home/darshan/ros2_ws/install/champ_bringup/share/champ_bringup/cmake/champ_bringupConfig-version.cmake
[0.443s] -- Up-to-date: /home/darshan/ros2_ws/install/champ_bringup/share/champ_bringup/package.xml
[0.445s] Invoked command in '/home/darshan/ros2_ws/build/champ_bringup' returned '0': AMENT_PREFIX_PATH=/home/darshan/ros2_ws/install/champ_base:/home/darshan/ros2_ws/install/champ_msgs:/home/darshan/ros2_ws/install/champ_description:/home/darshan/ros2_ws/install/champ:${AMENT_PREFIX_PATH} CMAKE_PREFIX_PATH=/home/darshan/ros2_ws/install/champ_base:/home/darshan/ros2_ws/install/champ_msgs:/home/darshan/ros2_ws/install/champ_description:/home/darshan/ros2_ws/install/champ:/opt/ros/humble LD_LIBRARY_PATH=/home/darshan/ros2_ws/install/champ_base/lib:/home/darshan/ros2_ws/install/champ_msgs/lib:${LD_LIBRARY_PATH} PATH=/home/darshan/ros2_ws/install/champ_base/bin:${PATH} PYTHONPATH=/home/darshan/ros2_ws/install/champ_msgs/local/lib/python3.10/dist-packages:${PYTHONPATH} /usr/bin/cmake --install /home/darshan/ros2_ws/build/champ_bringup
