[0.017s] Invoking command in '/home/darshan/ros2_ws/build/champ_gazebo': AMENT_PREFIX_PATH=/home/darshan/ros2_ws/install/champ_msgs:/home/darshan/ros2_ws/install/champ:${AMENT_PREFIX_PATH} CMAKE_PREFIX_PATH=/home/darshan/ros2_ws/install/champ_msgs:/home/darshan/ros2_ws/install/champ:/opt/ros/humble LD_LIBRARY_PATH=/home/darshan/ros2_ws/install/champ_msgs/lib:${LD_LIBRARY_PATH} PYTHONPATH=/home/darshan/ros2_ws/install/champ_msgs/local/lib/python3.10/dist-packages:${PYTHONPATH} /usr/bin/cmake --build /home/darshan/ros2_ws/build/champ_gazebo -- -j24 -l24
[0.079s] [35m[1mConsolidate compiler generated dependencies of target contact_sensor[0m
[0.177s] [100%] Built target contact_sensor
[0.190s] Invoked command in '/home/darshan/ros2_ws/build/champ_gazebo' returned '0': AMENT_PREFIX_PATH=/home/darshan/ros2_ws/install/champ_msgs:/home/darshan/ros2_ws/install/champ:${AMENT_PREFIX_PATH} CMAKE_PREFIX_PATH=/home/darshan/ros2_ws/install/champ_msgs:/home/darshan/ros2_ws/install/champ:/opt/ros/humble LD_LIBRARY_PATH=/home/darshan/ros2_ws/install/champ_msgs/lib:${LD_LIBRARY_PATH} PYTHONPATH=/home/darshan/ros2_ws/install/champ_msgs/local/lib/python3.10/dist-packages:${PYTHONPATH} /usr/bin/cmake --build /home/darshan/ros2_ws/build/champ_gazebo -- -j24 -l24
[0.228s] Invoking command in '/home/darshan/ros2_ws/build/champ_gazebo': AMENT_PREFIX_PATH=/home/darshan/ros2_ws/install/champ_msgs:/home/darshan/ros2_ws/install/champ:${AMENT_PREFIX_PATH} CMAKE_PREFIX_PATH=/home/darshan/ros2_ws/install/champ_msgs:/home/darshan/ros2_ws/install/champ:/opt/ros/humble LD_LIBRARY_PATH=/home/darshan/ros2_ws/install/champ_msgs/lib:${LD_LIBRARY_PATH} PYTHONPATH=/home/darshan/ros2_ws/install/champ_msgs/local/lib/python3.10/dist-packages:${PYTHONPATH} /usr/bin/cmake --install /home/darshan/ros2_ws/build/champ_gazebo
[0.235s] -- Install configuration: ""
[0.236s] -- Up-to-date: /home/darshan/ros2_ws/install/champ_gazebo/bin/imu_sensor.py
[0.236s] -- Up-to-date: /home/darshan/ros2_ws/install/champ_gazebo/bin/odometry_tf.py
[0.236s] -- Up-to-date: /home/darshan/ros2_ws/install/champ_gazebo/bin/odometry.py
[0.238s] -- Up-to-date: /home/darshan/ros2_ws/install/champ_gazebo/lib/champ_gazebo/contact_sensor
[0.239s] -- Up-to-date: /home/darshan/ros2_ws/install/champ_gazebo/share/champ_gazebo/launch
[0.240s] -- Up-to-date: /home/darshan/ros2_ws/install/champ_gazebo/share/champ_gazebo/launch/gazebo.launch
[0.240s] -- Up-to-date: /home/darshan/ros2_ws/install/champ_gazebo/share/champ_gazebo/launch/spawn_world.launch
[0.240s] -- Up-to-date: /home/darshan/ros2_ws/install/champ_gazebo/share/champ_gazebo/launch/gazebo.launch.py
[0.240s] -- Up-to-date: /home/darshan/ros2_ws/install/champ_gazebo/share/champ_gazebo/launch/spawn_robot.launch
[0.240s] -- Up-to-date: /home/darshan/ros2_ws/install/champ_gazebo/share/champ_gazebo/config
[0.240s] -- Up-to-date: /home/darshan/ros2_ws/install/champ_gazebo/share/champ_gazebo/config/gazebo.yaml
[0.241s] -- Up-to-date: /home/darshan/ros2_ws/install/champ_gazebo/share/champ_gazebo/config/ros_control.yaml
[0.241s] -- Up-to-date: /home/darshan/ros2_ws/install/champ_gazebo/share/champ_gazebo/worlds
[0.241s] -- Up-to-date: /home/darshan/ros2_ws/install/champ_gazebo/share/champ_gazebo/worlds/playground.world
[0.241s] -- Up-to-date: /home/darshan/ros2_ws/install/champ_gazebo/share/champ_gazebo/worlds/default.world
[0.241s] -- Up-to-date: /home/darshan/ros2_ws/install/champ_gazebo/share/champ_gazebo/worlds/outdoor.world
[0.241s] -- Up-to-date: /home/darshan/ros2_ws/install/champ_gazebo/share/ament_index/resource_index/package_run_dependencies/champ_gazebo
[0.241s] -- Up-to-date: /home/darshan/ros2_ws/install/champ_gazebo/share/ament_index/resource_index/parent_prefix_path/champ_gazebo
[0.242s] -- Up-to-date: /home/darshan/ros2_ws/install/champ_gazebo/share/champ_gazebo/environment/ament_prefix_path.sh
[0.242s] -- Up-to-date: /home/darshan/ros2_ws/install/champ_gazebo/share/champ_gazebo/environment/ament_prefix_path.dsv
[0.242s] -- Up-to-date: /home/darshan/ros2_ws/install/champ_gazebo/share/champ_gazebo/environment/path.sh
[0.242s] -- Up-to-date: /home/darshan/ros2_ws/install/champ_gazebo/share/champ_gazebo/environment/path.dsv
[0.242s] -- Up-to-date: /home/darshan/ros2_ws/install/champ_gazebo/share/champ_gazebo/local_setup.bash
[0.242s] -- Up-to-date: /home/darshan/ros2_ws/install/champ_gazebo/share/champ_gazebo/local_setup.sh
[0.242s] -- Up-to-date: /home/darshan/ros2_ws/install/champ_gazebo/share/champ_gazebo/local_setup.zsh
[0.242s] -- Up-to-date: /home/darshan/ros2_ws/install/champ_gazebo/share/champ_gazebo/local_setup.dsv
[0.243s] -- Installing: /home/darshan/ros2_ws/install/champ_gazebo/share/champ_gazebo/package.dsv
[0.243s] -- Up-to-date: /home/darshan/ros2_ws/install/champ_gazebo/share/ament_index/resource_index/packages/champ_gazebo
[0.243s] -- Up-to-date: /home/darshan/ros2_ws/install/champ_gazebo/share/champ_gazebo/cmake/ament_cmake_export_include_directories-extras.cmake
[0.243s] -- Up-to-date: /home/darshan/ros2_ws/install/champ_gazebo/share/champ_gazebo/cmake/ament_cmake_export_dependencies-extras.cmake
[0.243s] -- Up-to-date: /home/darshan/ros2_ws/install/champ_gazebo/share/champ_gazebo/cmake/champ_gazeboConfig.cmake
[0.243s] -- Up-to-date: /home/darshan/ros2_ws/install/champ_gazebo/share/champ_gazebo/cmake/champ_gazeboConfig-version.cmake
[0.243s] -- Up-to-date: /home/darshan/ros2_ws/install/champ_gazebo/share/champ_gazebo/package.xml
[0.244s] Invoked command in '/home/darshan/ros2_ws/build/champ_gazebo' returned '0': AMENT_PREFIX_PATH=/home/darshan/ros2_ws/install/champ_msgs:/home/darshan/ros2_ws/install/champ:${AMENT_PREFIX_PATH} CMAKE_PREFIX_PATH=/home/darshan/ros2_ws/install/champ_msgs:/home/darshan/ros2_ws/install/champ:/opt/ros/humble LD_LIBRARY_PATH=/home/darshan/ros2_ws/install/champ_msgs/lib:${LD_LIBRARY_PATH} PYTHONPATH=/home/darshan/ros2_ws/install/champ_msgs/local/lib/python3.10/dist-packages:${PYTHONPATH} /usr/bin/cmake --install /home/darshan/ros2_ws/build/champ_gazebo
