/home/darshan/ros2_ws/install/mini_pupper_recognition/lib/python3.10/site-packages/mini_pupper_recognition/normal_line_following_node.py
/home/darshan/ros2_ws/install/mini_pupper_recognition/lib/python3.10/site-packages/mini_pupper_recognition/cloud_line_following_node.py
/home/darshan/ros2_ws/install/mini_pupper_recognition/lib/python3.10/site-packages/mini_pupper_recognition/line_detection_node.py
/home/darshan/ros2_ws/install/mini_pupper_recognition/lib/python3.10/site-packages/mini_pupper_recognition/__init__.py
/home/darshan/ros2_ws/install/mini_pupper_recognition/lib/python3.10/site-packages/mini_pupper_recognition/pid_line_following_node.py
/home/darshan/ros2_ws/install/mini_pupper_recognition/lib/python3.10/site-packages/mini_pupper_recognition/cloud_line_recognition_node.py
/home/darshan/ros2_ws/install/mini_pupper_recognition/lib/python3.10/site-packages/mini_pupper_recognition/__pycache__/normal_line_following_node.cpython-310.pyc
/home/darshan/ros2_ws/install/mini_pupper_recognition/lib/python3.10/site-packages/mini_pupper_recognition/__pycache__/cloud_line_following_node.cpython-310.pyc
/home/darshan/ros2_ws/install/mini_pupper_recognition/lib/python3.10/site-packages/mini_pupper_recognition/__pycache__/line_detection_node.cpython-310.pyc
/home/darshan/ros2_ws/install/mini_pupper_recognition/lib/python3.10/site-packages/mini_pupper_recognition/__pycache__/__init__.cpython-310.pyc
/home/darshan/ros2_ws/install/mini_pupper_recognition/lib/python3.10/site-packages/mini_pupper_recognition/__pycache__/pid_line_following_node.cpython-310.pyc
/home/darshan/ros2_ws/install/mini_pupper_recognition/lib/python3.10/site-packages/mini_pupper_recognition/__pycache__/cloud_line_recognition_node.cpython-310.pyc
/home/darshan/ros2_ws/install/mini_pupper_recognition/share/ament_index/resource_index/packages/mini_pupper_recognition
/home/darshan/ros2_ws/install/mini_pupper_recognition/share/mini_pupper_recognition/package.xml
/home/darshan/ros2_ws/install/mini_pupper_recognition/share/mini_pupper_recognition/launch/cloud_line_demo.launch.py
/home/darshan/ros2_ws/install/mini_pupper_recognition/share/mini_pupper_recognition/launch/recognition.launch.py
/home/darshan/ros2_ws/install/mini_pupper_recognition/lib/python3.10/site-packages/mini_pupper_recognition-1.0.0-py3.10.egg-info/PKG-INFO
/home/darshan/ros2_ws/install/mini_pupper_recognition/lib/python3.10/site-packages/mini_pupper_recognition-1.0.0-py3.10.egg-info/SOURCES.txt
/home/darshan/ros2_ws/install/mini_pupper_recognition/lib/python3.10/site-packages/mini_pupper_recognition-1.0.0-py3.10.egg-info/entry_points.txt
/home/darshan/ros2_ws/install/mini_pupper_recognition/lib/python3.10/site-packages/mini_pupper_recognition-1.0.0-py3.10.egg-info/dependency_links.txt
/home/darshan/ros2_ws/install/mini_pupper_recognition/lib/python3.10/site-packages/mini_pupper_recognition-1.0.0-py3.10.egg-info/zip-safe
/home/darshan/ros2_ws/install/mini_pupper_recognition/lib/python3.10/site-packages/mini_pupper_recognition-1.0.0-py3.10.egg-info/top_level.txt
/home/darshan/ros2_ws/install/mini_pupper_recognition/lib/python3.10/site-packages/mini_pupper_recognition-1.0.0-py3.10.egg-info/requires.txt
/home/darshan/ros2_ws/install/mini_pupper_recognition/lib/mini_pupper_recognition/cloud_line_following_node
/home/darshan/ros2_ws/install/mini_pupper_recognition/lib/mini_pupper_recognition/cloud_line_recognition_node
/home/darshan/ros2_ws/install/mini_pupper_recognition/lib/mini_pupper_recognition/line_detection_node
/home/darshan/ros2_ws/install/mini_pupper_recognition/lib/mini_pupper_recognition/normal_line_following_node
/home/darshan/ros2_ws/install/mini_pupper_recognition/lib/mini_pupper_recognition/pid_line_following_node
