[0.123s] Invoking command in '/home/darshan/ros2_ws/build/champ_description': CMAKE_PREFIX_PATH=${CMAKE_PREFIX_PATH}:/home/darshan/ros2_ws/install/mini_pupper_recognition:/home/darshan/ros2_ws/install/mini_pupper_music:/home/darshan/ros2_ws/install/mini_pupper_dance:/home/darshan/ros2_ws/install/mini_pupper_driver:/opt/ros/humble /usr/bin/cmake --build /home/darshan/ros2_ws/build/champ_description -- -j24 -l24
[1.051s] Invoked command in '/home/darshan/ros2_ws/build/champ_description' returned '0': CMAKE_PREFIX_PATH=${CMAKE_PREFIX_PATH}:/home/darshan/ros2_ws/install/mini_pupper_recognition:/home/darshan/ros2_ws/install/mini_pupper_music:/home/darshan/ros2_ws/install/mini_pupper_dance:/home/darshan/ros2_ws/install/mini_pupper_driver:/opt/ros/humble /usr/bin/cmake --build /home/darshan/ros2_ws/build/champ_description -- -j24 -l24
[1.114s] Invoking command in '/home/darshan/ros2_ws/build/champ_description': CMAKE_PREFIX_PATH=${CMAKE_PREFIX_PATH}:/home/darshan/ros2_ws/install/mini_pupper_recognition:/home/darshan/ros2_ws/install/mini_pupper_music:/home/darshan/ros2_ws/install/mini_pupper_dance:/home/darshan/ros2_ws/install/mini_pupper_driver:/opt/ros/humble /usr/bin/cmake --install /home/darshan/ros2_ws/build/champ_description
[1.139s] -- Install configuration: ""
[1.139s] -- Up-to-date: /home/darshan/ros2_ws/install/champ_description/share/champ_description/launch
[1.139s] -- Up-to-date: /home/darshan/ros2_ws/install/champ_description/share/champ_description/launch/description.launch
[1.139s] -- Up-to-date: /home/darshan/ros2_ws/install/champ_description/share/champ_description/launch/view_urdf.launch
[1.139s] -- Up-to-date: /home/darshan/ros2_ws/install/champ_description/share/champ_description/launch/description.launch.py
[1.139s] -- Up-to-date: /home/darshan/ros2_ws/install/champ_description/share/champ_description/rviz
[1.139s] -- Up-to-date: /home/darshan/ros2_ws/install/champ_description/share/champ_description/rviz/urdf_viewer.rviz
[1.139s] -- Up-to-date: /home/darshan/ros2_ws/install/champ_description/share/champ_description/meshes
[1.140s] -- Up-to-date: /home/darshan/ros2_ws/install/champ_description/share/champ_description/meshes/base_simple.stl
[1.140s] -- Up-to-date: /home/darshan/ros2_ws/install/champ_description/share/champ_description/meshes/arm
[1.140s] -- Up-to-date: /home/darshan/ros2_ws/install/champ_description/share/champ_description/meshes/arm/upper_arm.stl
[1.140s] -- Up-to-date: /home/darshan/ros2_ws/install/champ_description/share/champ_description/meshes/arm/lower_arm.stl
[1.140s] -- Up-to-date: /home/darshan/ros2_ws/install/champ_description/share/champ_description/meshes/arm/wrist2.stl
[1.140s] -- Up-to-date: /home/darshan/ros2_ws/install/champ_description/share/champ_description/meshes/arm/base.stl
[1.140s] -- Up-to-date: /home/darshan/ros2_ws/install/champ_description/share/champ_description/meshes/arm/wrist1.stl
[1.140s] -- Up-to-date: /home/darshan/ros2_ws/install/champ_description/share/champ_description/meshes/base.stl
[1.140s] -- Up-to-date: /home/darshan/ros2_ws/install/champ_description/share/champ_description/meshes/hokuyo_utm_30lx.dae
[1.140s] -- Up-to-date: /home/darshan/ros2_ws/install/champ_description/share/champ_description/meshes/lower_leg_simple.stl
[1.140s] -- Up-to-date: /home/darshan/ros2_ws/install/champ_description/share/champ_description/meshes/hip.stl
[1.140s] -- Up-to-date: /home/darshan/ros2_ws/install/champ_description/share/champ_description/meshes/upper_leg.stl
[1.140s] -- Up-to-date: /home/darshan/ros2_ws/install/champ_description/share/champ_description/meshes/lower_leg.stl
[1.140s] -- Up-to-date: /home/darshan/ros2_ws/install/champ_description/share/champ_description/meshes/upper_leg_simple.stl
[1.141s] -- Up-to-date: /home/darshan/ros2_ws/install/champ_description/share/champ_description/meshes/asus_camera_simple.dae
[1.141s] -- Up-to-date: /home/darshan/ros2_ws/install/champ_description/share/champ_description/urdf
[1.141s] -- Up-to-date: /home/darshan/ros2_ws/install/champ_description/share/champ_description/urdf/properties.urdf.xacro
[1.141s] -- Up-to-date: /home/darshan/ros2_ws/install/champ_description/share/champ_description/urdf/champ.urdf
[1.141s] -- Up-to-date: /home/darshan/ros2_ws/install/champ_description/share/champ_description/urdf/gen_urdf
[1.141s] -- Up-to-date: /home/darshan/ros2_ws/install/champ_description/share/champ_description/urdf/champ_arm.urdf
[1.141s] -- Up-to-date: /home/darshan/ros2_ws/install/champ_description/share/champ_description/urdf/leg.urdf.xacro
[1.141s] -- Up-to-date: /home/darshan/ros2_ws/install/champ_description/share/champ_description/urdf/accessories.urdf.xacro
[1.141s] -- Up-to-date: /home/darshan/ros2_ws/install/champ_description/share/champ_description/urdf/hokuyo_utm30lx.urdf.xacro
[1.141s] -- Up-to-date: /home/darshan/ros2_ws/install/champ_description/share/champ_description/urdf/champ_velodyne.urdf
[1.141s] -- Up-to-date: /home/darshan/ros2_ws/install/champ_description/share/champ_description/urdf/champ.urdf.xacro
[1.141s] -- Up-to-date: /home/darshan/ros2_ws/install/champ_description/share/champ_description/urdf/asus_camera.urdf.xacro
[1.141s] -- Up-to-date: /home/darshan/ros2_ws/install/champ_description/share/ament_index/resource_index/package_run_dependencies/champ_description
[1.141s] -- Up-to-date: /home/darshan/ros2_ws/install/champ_description/share/ament_index/resource_index/parent_prefix_path/champ_description
[1.143s] -- Up-to-date: /home/darshan/ros2_ws/install/champ_description/share/champ_description/environment/ament_prefix_path.sh
[1.143s] -- Up-to-date: /home/darshan/ros2_ws/install/champ_description/share/champ_description/environment/ament_prefix_path.dsv
[1.143s] -- Up-to-date: /home/darshan/ros2_ws/install/champ_description/share/champ_description/environment/path.sh
[1.143s] -- Up-to-date: /home/darshan/ros2_ws/install/champ_description/share/champ_description/environment/path.dsv
[1.143s] -- Up-to-date: /home/darshan/ros2_ws/install/champ_description/share/champ_description/local_setup.bash
[1.143s] -- Up-to-date: /home/darshan/ros2_ws/install/champ_description/share/champ_description/local_setup.sh
[1.143s] -- Up-to-date: /home/darshan/ros2_ws/install/champ_description/share/champ_description/local_setup.zsh
[1.143s] -- Up-to-date: /home/darshan/ros2_ws/install/champ_description/share/champ_description/local_setup.dsv
[1.143s] -- Installing: /home/darshan/ros2_ws/install/champ_description/share/champ_description/package.dsv
[1.144s] -- Up-to-date: /home/darshan/ros2_ws/install/champ_description/share/ament_index/resource_index/packages/champ_description
[1.144s] -- Up-to-date: /home/darshan/ros2_ws/install/champ_description/share/champ_description/cmake/champ_descriptionConfig.cmake
[1.144s] -- Up-to-date: /home/darshan/ros2_ws/install/champ_description/share/champ_description/cmake/champ_descriptionConfig-version.cmake
[1.144s] -- Up-to-date: /home/darshan/ros2_ws/install/champ_description/share/champ_description/package.xml
[1.208s] Invoked command in '/home/darshan/ros2_ws/build/champ_description' returned '0': CMAKE_PREFIX_PATH=${CMAKE_PREFIX_PATH}:/home/darshan/ros2_ws/install/mini_pupper_recognition:/home/darshan/ros2_ws/install/mini_pupper_music:/home/darshan/ros2_ws/install/mini_pupper_dance:/home/darshan/ros2_ws/install/mini_pupper_driver:/opt/ros/humble /usr/bin/cmake --install /home/darshan/ros2_ws/build/champ_description
