running egg_info
writing ../../../build/mini_pupper_recognition/mini_pupper_recognition.egg-info/PKG-INFO
writing dependency_links to ../../../build/mini_pupper_recognition/mini_pupper_recognition.egg-info/dependency_links.txt
writing entry points to ../../../build/mini_pupper_recognition/mini_pupper_recognition.egg-info/entry_points.txt
writing requirements to ../../../build/mini_pupper_recognition/mini_pupper_recognition.egg-info/requires.txt
writing top-level names to ../../../build/mini_pupper_recognition/mini_pupper_recognition.egg-info/top_level.txt
reading manifest file '../../../build/mini_pupper_recognition/mini_pupper_recognition.egg-info/SOURCES.txt'
writing manifest file '../../../build/mini_pupper_recognition/mini_pupper_recognition.egg-info/SOURCES.txt'
running build
running build_py
running install
running install_lib
running install_data
running install_egg_info
removing '/home/darshan/ros2_ws/install/mini_pupper_recognition/lib/python3.10/site-packages/mini_pupper_recognition-1.0.0-py3.10.egg-info' (and everything under it)
Copying ../../../build/mini_pupper_recognition/mini_pupper_recognition.egg-info to /home/darshan/ros2_ws/install/mini_pupper_recognition/lib/python3.10/site-packages/mini_pupper_recognition-1.0.0-py3.10.egg-info
running install_scripts
Installing cloud_line_following_node script to /home/darshan/ros2_ws/install/mini_pupper_recognition/lib/mini_pupper_recognition
Installing cloud_line_recognition_node script to /home/darshan/ros2_ws/install/mini_pupper_recognition/lib/mini_pupper_recognition
Installing line_detection_node script to /home/darshan/ros2_ws/install/mini_pupper_recognition/lib/mini_pupper_recognition
Installing normal_line_following_node script to /home/darshan/ros2_ws/install/mini_pupper_recognition/lib/mini_pupper_recognition
Installing pid_line_following_node script to /home/darshan/ros2_ws/install/mini_pupper_recognition/lib/mini_pupper_recognition
writing list of installed files to '/home/darshan/ros2_ws/build/mini_pupper_recognition/install.log'
