[0.115s] Invoking command in '/home/darshan/ros2_ws/build/champ_msgs': CMAKE_PREFIX_PATH=${CMAKE_PREFIX_PATH}:/home/darshan/ros2_ws/install/mini_pupper_line_follower:/home/darshan/ros2_ws/install/mini_pupper_recognition:/home/darshan/ros2_ws/install/mini_pupper_music:/home/darshan/ros2_ws/install/mini_pupper_dance:/home/darshan/ros2_ws/install/mini_pupper_driver:/opt/ros/humble /usr/bin/cmake --build /home/darshan/ros2_ws/build/champ_msgs -- -j24 -l24
[1.308s] [ 11%] Built target champ_msgs__rosidl_generator_c
[1.308s] [ 12%] Built target champ_msgs__cpp
[1.309s] [ 12%] Built target ament_cmake_python_copy_champ_msgs
[1.309s] [ 33%] Built target champ_msgs__rosidl_typesupport_introspection_c
[1.309s] [ 35%] Built target champ_msgs__rosidl_typesupport_c
[1.309s] [ 47%] Built target champ_msgs__rosidl_typesupport_fastrtps_c
[1.309s] [ 58%] Built target champ_msgs__rosidl_typesupport_fastrtps_cpp
[1.309s] [ 70%] Built target champ_msgs__rosidl_typesupport_introspection_cpp
[1.309s] [ 82%] Built target champ_msgs__rosidl_typesupport_cpp
[1.309s] [ 82%] Built target champ_msgs
[1.309s] [ 83%] Built target champ_msgs__py
[1.309s] [ 93%] Built target champ_msgs__rosidl_generator_py
[1.309s] [ 95%] Built target champ_msgs__rosidl_typesupport_fastrtps_c__pyext
[1.309s] [100%] Built target champ_msgs__rosidl_typesupport_introspection_c__pyext
[1.309s] [100%] Built target champ_msgs__rosidl_typesupport_c__pyext
[1.309s] running egg_info
[1.309s] writing champ_msgs.egg-info/PKG-INFO
[1.310s] writing dependency_links to champ_msgs.egg-info/dependency_links.txt
[1.310s] writing top-level names to champ_msgs.egg-info/top_level.txt
[1.310s] reading manifest file 'champ_msgs.egg-info/SOURCES.txt'
[1.310s] writing manifest file 'champ_msgs.egg-info/SOURCES.txt'
[1.310s] [100%] Built target ament_cmake_python_build_champ_msgs_egg
[1.334s] Invoked command in '/home/darshan/ros2_ws/build/champ_msgs' returned '0': CMAKE_PREFIX_PATH=${CMAKE_PREFIX_PATH}:/home/darshan/ros2_ws/install/mini_pupper_line_follower:/home/darshan/ros2_ws/install/mini_pupper_recognition:/home/darshan/ros2_ws/install/mini_pupper_music:/home/darshan/ros2_ws/install/mini_pupper_dance:/home/darshan/ros2_ws/install/mini_pupper_driver:/opt/ros/humble /usr/bin/cmake --build /home/darshan/ros2_ws/build/champ_msgs -- -j24 -l24
[1.723s] Invoking command in '/home/darshan/ros2_ws/build/champ_msgs': CMAKE_PREFIX_PATH=${CMAKE_PREFIX_PATH}:/home/darshan/ros2_ws/install/mini_pupper_line_follower:/home/darshan/ros2_ws/install/mini_pupper_recognition:/home/darshan/ros2_ws/install/mini_pupper_music:/home/darshan/ros2_ws/install/mini_pupper_dance:/home/darshan/ros2_ws/install/mini_pupper_driver:/opt/ros/humble /usr/bin/cmake --install /home/darshan/ros2_ws/build/champ_msgs
[1.734s] -- Install configuration: ""
[1.734s] -- Up-to-date: /home/darshan/ros2_ws/install/champ_msgs/share/ament_index/resource_index/rosidl_interfaces/champ_msgs
[1.734s] -- Up-to-date: /home/darshan/ros2_ws/install/champ_msgs/include/champ_msgs/champ_msgs
[1.735s] -- Up-to-date: /home/darshan/ros2_ws/install/champ_msgs/include/champ_msgs/champ_msgs/msg
[1.735s] -- Up-to-date: /home/darshan/ros2_ws/install/champ_msgs/include/champ_msgs/champ_msgs/msg/contacts_stamped.h
[1.735s] -- Up-to-date: /home/darshan/ros2_ws/install/champ_msgs/include/champ_msgs/champ_msgs/msg/pose.h
[1.735s] -- Up-to-date: /home/darshan/ros2_ws/install/champ_msgs/include/champ_msgs/champ_msgs/msg/velocities.h
[1.735s] -- Up-to-date: /home/darshan/ros2_ws/install/champ_msgs/include/champ_msgs/champ_msgs/msg/contacts.h
[1.735s] -- Up-to-date: /home/darshan/ros2_ws/install/champ_msgs/include/champ_msgs/champ_msgs/msg/rosidl_generator_c__visibility_control.h
[1.735s] -- Up-to-date: /home/darshan/ros2_ws/install/champ_msgs/include/champ_msgs/champ_msgs/msg/point_array.h
[1.735s] -- Up-to-date: /home/darshan/ros2_ws/install/champ_msgs/include/champ_msgs/champ_msgs/msg/point.h
[1.735s] -- Up-to-date: /home/darshan/ros2_ws/install/champ_msgs/include/champ_msgs/champ_msgs/msg/imu.h
[1.735s] -- Up-to-date: /home/darshan/ros2_ws/install/champ_msgs/include/champ_msgs/champ_msgs/msg/detail
[1.735s] -- Up-to-date: /home/darshan/ros2_ws/install/champ_msgs/include/champ_msgs/champ_msgs/msg/detail/contacts_stamped__struct.h
[1.736s] -- Up-to-date: /home/darshan/ros2_ws/install/champ_msgs/include/champ_msgs/champ_msgs/msg/detail/point__functions.c
[1.736s] -- Up-to-date: /home/darshan/ros2_ws/install/champ_msgs/include/champ_msgs/champ_msgs/msg/detail/contacts__functions.h
[1.736s] -- Up-to-date: /home/darshan/ros2_ws/install/champ_msgs/include/champ_msgs/champ_msgs/msg/detail/pose__functions.h
[1.736s] -- Up-to-date: /home/darshan/ros2_ws/install/champ_msgs/include/champ_msgs/champ_msgs/msg/detail/pose__type_support.h
[1.736s] -- Up-to-date: /home/darshan/ros2_ws/install/champ_msgs/include/champ_msgs/champ_msgs/msg/detail/point_array__functions.c
[1.736s] -- Up-to-date: /home/darshan/ros2_ws/install/champ_msgs/include/champ_msgs/champ_msgs/msg/detail/joints__struct.h
[1.736s] -- Up-to-date: /home/darshan/ros2_ws/install/champ_msgs/include/champ_msgs/champ_msgs/msg/detail/imu__type_support.h
[1.736s] -- Up-to-date: /home/darshan/ros2_ws/install/champ_msgs/include/champ_msgs/champ_msgs/msg/detail/imu__struct.h
[1.736s] -- Up-to-date: /home/darshan/ros2_ws/install/champ_msgs/include/champ_msgs/champ_msgs/msg/detail/point__functions.h
[1.736s] -- Up-to-date: /home/darshan/ros2_ws/install/champ_msgs/include/champ_msgs/champ_msgs/msg/detail/joints__functions.c
[1.736s] -- Up-to-date: /home/darshan/ros2_ws/install/champ_msgs/include/champ_msgs/champ_msgs/msg/detail/pid__type_support.h
[1.736s] -- Up-to-date: /home/darshan/ros2_ws/install/champ_msgs/include/champ_msgs/champ_msgs/msg/detail/imu__functions.h
[1.737s] -- Up-to-date: /home/darshan/ros2_ws/install/champ_msgs/include/champ_msgs/champ_msgs/msg/detail/pid__functions.h
[1.737s] -- Up-to-date: /home/darshan/ros2_ws/install/champ_msgs/include/champ_msgs/champ_msgs/msg/detail/contacts_stamped__type_support.h
[1.737s] -- Up-to-date: /home/darshan/ros2_ws/install/champ_msgs/include/champ_msgs/champ_msgs/msg/detail/point__struct.h
[1.737s] -- Up-to-date: /home/darshan/ros2_ws/install/champ_msgs/include/champ_msgs/champ_msgs/msg/detail/imu__functions.c
[1.737s] -- Up-to-date: /home/darshan/ros2_ws/install/champ_msgs/include/champ_msgs/champ_msgs/msg/detail/velocities__struct.h
[1.737s] -- Up-to-date: /home/darshan/ros2_ws/install/champ_msgs/include/champ_msgs/champ_msgs/msg/detail/point_array__struct.h
[1.737s] -- Up-to-date: /home/darshan/ros2_ws/install/champ_msgs/include/champ_msgs/champ_msgs/msg/detail/point_array__type_support.h
[1.737s] -- Up-to-date: /home/darshan/ros2_ws/install/champ_msgs/include/champ_msgs/champ_msgs/msg/detail/velocities__functions.h
[1.737s] -- Up-to-date: /home/darshan/ros2_ws/install/champ_msgs/include/champ_msgs/champ_msgs/msg/detail/contacts__struct.h
[1.738s] -- Up-to-date: /home/darshan/ros2_ws/install/champ_msgs/include/champ_msgs/champ_msgs/msg/detail/pid__functions.c
[1.738s] -- Up-to-date: /home/darshan/ros2_ws/install/champ_msgs/include/champ_msgs/champ_msgs/msg/detail/joints__functions.h
[1.738s] -- Up-to-date: /home/darshan/ros2_ws/install/champ_msgs/include/champ_msgs/champ_msgs/msg/detail/velocities__type_support.h
[1.738s] -- Up-to-date: /home/darshan/ros2_ws/install/champ_msgs/include/champ_msgs/champ_msgs/msg/detail/pid__struct.h
[1.738s] -- Up-to-date: /home/darshan/ros2_ws/install/champ_msgs/include/champ_msgs/champ_msgs/msg/detail/pose__struct.h
[1.738s] -- Up-to-date: /home/darshan/ros2_ws/install/champ_msgs/include/champ_msgs/champ_msgs/msg/detail/pose__functions.c
[1.738s] -- Up-to-date: /home/darshan/ros2_ws/install/champ_msgs/include/champ_msgs/champ_msgs/msg/detail/velocities__functions.c
[1.738s] -- Up-to-date: /home/darshan/ros2_ws/install/champ_msgs/include/champ_msgs/champ_msgs/msg/detail/contacts_stamped__functions.h
[1.738s] -- Up-to-date: /home/darshan/ros2_ws/install/champ_msgs/include/champ_msgs/champ_msgs/msg/detail/contacts__type_support.h
[1.738s] -- Up-to-date: /home/darshan/ros2_ws/install/champ_msgs/include/champ_msgs/champ_msgs/msg/detail/contacts_stamped__functions.c
[1.738s] -- Up-to-date: /home/darshan/ros2_ws/install/champ_msgs/include/champ_msgs/champ_msgs/msg/detail/joints__type_support.h
[1.738s] -- Up-to-date: /home/darshan/ros2_ws/install/champ_msgs/include/champ_msgs/champ_msgs/msg/detail/contacts__functions.c
[1.738s] -- Up-to-date: /home/darshan/ros2_ws/install/champ_msgs/include/champ_msgs/champ_msgs/msg/detail/point_array__functions.h
[1.738s] -- Up-to-date: /home/darshan/ros2_ws/install/champ_msgs/include/champ_msgs/champ_msgs/msg/detail/point__type_support.h
[1.738s] -- Up-to-date: /home/darshan/ros2_ws/install/champ_msgs/include/champ_msgs/champ_msgs/msg/joints.h
[1.738s] -- Up-to-date: /home/darshan/ros2_ws/install/champ_msgs/include/champ_msgs/champ_msgs/msg/pid.h
[1.738s] -- Up-to-date: /home/darshan/ros2_ws/install/champ_msgs/share/champ_msgs/environment/library_path.sh
[1.739s] -- Up-to-date: /home/darshan/ros2_ws/install/champ_msgs/share/champ_msgs/environment/library_path.dsv
[1.739s] -- Up-to-date: /home/darshan/ros2_ws/install/champ_msgs/lib/libchamp_msgs__rosidl_generator_c.so
[1.739s] -- Up-to-date: /home/darshan/ros2_ws/install/champ_msgs/include/champ_msgs/champ_msgs
[1.739s] -- Up-to-date: /home/darshan/ros2_ws/install/champ_msgs/include/champ_msgs/champ_msgs/msg
[1.739s] -- Up-to-date: /home/darshan/ros2_ws/install/champ_msgs/include/champ_msgs/champ_msgs/msg/rosidl_typesupport_fastrtps_c__visibility_control.h
[1.739s] -- Up-to-date: /home/darshan/ros2_ws/install/champ_msgs/include/champ_msgs/champ_msgs/msg/detail
[1.739s] -- Up-to-date: /home/darshan/ros2_ws/install/champ_msgs/include/champ_msgs/champ_msgs/msg/detail/point__rosidl_typesupport_fastrtps_c.h
[1.739s] -- Up-to-date: /home/darshan/ros2_ws/install/champ_msgs/include/champ_msgs/champ_msgs/msg/detail/imu__rosidl_typesupport_fastrtps_c.h
[1.739s] -- Up-to-date: /home/darshan/ros2_ws/install/champ_msgs/include/champ_msgs/champ_msgs/msg/detail/velocities__rosidl_typesupport_fastrtps_c.h
[1.739s] -- Up-to-date: /home/darshan/ros2_ws/install/champ_msgs/include/champ_msgs/champ_msgs/msg/detail/point_array__rosidl_typesupport_fastrtps_c.h
[1.739s] -- Up-to-date: /home/darshan/ros2_ws/install/champ_msgs/include/champ_msgs/champ_msgs/msg/detail/pid__rosidl_typesupport_fastrtps_c.h
[1.739s] -- Up-to-date: /home/darshan/ros2_ws/install/champ_msgs/include/champ_msgs/champ_msgs/msg/detail/contacts_stamped__rosidl_typesupport_fastrtps_c.h
[1.739s] -- Up-to-date: /home/darshan/ros2_ws/install/champ_msgs/include/champ_msgs/champ_msgs/msg/detail/contacts__rosidl_typesupport_fastrtps_c.h
[1.739s] -- Up-to-date: /home/darshan/ros2_ws/install/champ_msgs/include/champ_msgs/champ_msgs/msg/detail/pose__rosidl_typesupport_fastrtps_c.h
[1.739s] -- Up-to-date: /home/darshan/ros2_ws/install/champ_msgs/include/champ_msgs/champ_msgs/msg/detail/joints__rosidl_typesupport_fastrtps_c.h
[1.739s] -- Up-to-date: /home/darshan/ros2_ws/install/champ_msgs/lib/libchamp_msgs__rosidl_typesupport_fastrtps_c.so
[1.739s] -- Up-to-date: /home/darshan/ros2_ws/install/champ_msgs/include/champ_msgs/champ_msgs
[1.739s] -- Up-to-date: /home/darshan/ros2_ws/install/champ_msgs/include/champ_msgs/champ_msgs/msg
[1.740s] -- Up-to-date: /home/darshan/ros2_ws/install/champ_msgs/include/champ_msgs/champ_msgs/msg/rosidl_typesupport_introspection_c__visibility_control.h
[1.740s] -- Up-to-date: /home/darshan/ros2_ws/install/champ_msgs/include/champ_msgs/champ_msgs/msg/detail
[1.740s] -- Up-to-date: /home/darshan/ros2_ws/install/champ_msgs/include/champ_msgs/champ_msgs/msg/detail/contacts_stamped__type_support.c
[1.740s] -- Up-to-date: /home/darshan/ros2_ws/install/champ_msgs/include/champ_msgs/champ_msgs/msg/detail/pose__type_support.c
[1.740s] -- Up-to-date: /home/darshan/ros2_ws/install/champ_msgs/include/champ_msgs/champ_msgs/msg/detail/contacts__rosidl_typesupport_introspection_c.h
[1.740s] -- Up-to-date: /home/darshan/ros2_ws/install/champ_msgs/include/champ_msgs/champ_msgs/msg/detail/pid__rosidl_typesupport_introspection_c.h
[1.740s] -- Up-to-date: /home/darshan/ros2_ws/install/champ_msgs/include/champ_msgs/champ_msgs/msg/detail/pid__type_support.c
[1.740s] -- Up-to-date: /home/darshan/ros2_ws/install/champ_msgs/include/champ_msgs/champ_msgs/msg/detail/imu__rosidl_typesupport_introspection_c.h
[1.740s] -- Up-to-date: /home/darshan/ros2_ws/install/champ_msgs/include/champ_msgs/champ_msgs/msg/detail/velocities__type_support.c
[1.740s] -- Up-to-date: /home/darshan/ros2_ws/install/champ_msgs/include/champ_msgs/champ_msgs/msg/detail/contacts__type_support.c
[1.740s] -- Up-to-date: /home/darshan/ros2_ws/install/champ_msgs/include/champ_msgs/champ_msgs/msg/detail/joints__type_support.c
[1.740s] -- Up-to-date: /home/darshan/ros2_ws/install/champ_msgs/include/champ_msgs/champ_msgs/msg/detail/point__rosidl_typesupport_introspection_c.h
[1.740s] -- Up-to-date: /home/darshan/ros2_ws/install/champ_msgs/include/champ_msgs/champ_msgs/msg/detail/point_array__type_support.c
[1.740s] -- Up-to-date: /home/darshan/ros2_ws/install/champ_msgs/include/champ_msgs/champ_msgs/msg/detail/imu__type_support.c
[1.741s] -- Up-to-date: /home/darshan/ros2_ws/install/champ_msgs/include/champ_msgs/champ_msgs/msg/detail/pose__rosidl_typesupport_introspection_c.h
[1.741s] -- Up-to-date: /home/darshan/ros2_ws/install/champ_msgs/include/champ_msgs/champ_msgs/msg/detail/contacts_stamped__rosidl_typesupport_introspection_c.h
[1.741s] -- Up-to-date: /home/darshan/ros2_ws/install/champ_msgs/include/champ_msgs/champ_msgs/msg/detail/velocities__rosidl_typesupport_introspection_c.h
[1.741s] -- Up-to-date: /home/darshan/ros2_ws/install/champ_msgs/include/champ_msgs/champ_msgs/msg/detail/point_array__rosidl_typesupport_introspection_c.h
[1.741s] -- Up-to-date: /home/darshan/ros2_ws/install/champ_msgs/include/champ_msgs/champ_msgs/msg/detail/joints__rosidl_typesupport_introspection_c.h
[1.741s] -- Up-to-date: /home/darshan/ros2_ws/install/champ_msgs/include/champ_msgs/champ_msgs/msg/detail/point__type_support.c
[1.741s] -- Up-to-date: /home/darshan/ros2_ws/install/champ_msgs/lib/libchamp_msgs__rosidl_typesupport_introspection_c.so
[1.741s] -- Up-to-date: /home/darshan/ros2_ws/install/champ_msgs/lib/libchamp_msgs__rosidl_typesupport_c.so
[1.741s] -- Up-to-date: /home/darshan/ros2_ws/install/champ_msgs/include/champ_msgs/champ_msgs
[1.741s] -- Up-to-date: /home/darshan/ros2_ws/install/champ_msgs/include/champ_msgs/champ_msgs/msg
[1.741s] -- Up-to-date: /home/darshan/ros2_ws/install/champ_msgs/include/champ_msgs/champ_msgs/msg/point_array.hpp
[1.742s] -- Up-to-date: /home/darshan/ros2_ws/install/champ_msgs/include/champ_msgs/champ_msgs/msg/velocities.hpp
[1.742s] -- Up-to-date: /home/darshan/ros2_ws/install/champ_msgs/include/champ_msgs/champ_msgs/msg/joints.hpp
[1.742s] -- Up-to-date: /home/darshan/ros2_ws/install/champ_msgs/include/champ_msgs/champ_msgs/msg/pose.hpp
[1.742s] -- Up-to-date: /home/darshan/ros2_ws/install/champ_msgs/include/champ_msgs/champ_msgs/msg/contacts_stamped.hpp
[1.742s] -- Up-to-date: /home/darshan/ros2_ws/install/champ_msgs/include/champ_msgs/champ_msgs/msg/detail
[1.742s] -- Up-to-date: /home/darshan/ros2_ws/install/champ_msgs/include/champ_msgs/champ_msgs/msg/detail/contacts_stamped__struct.hpp
[1.742s] -- Up-to-date: /home/darshan/ros2_ws/install/champ_msgs/include/champ_msgs/champ_msgs/msg/detail/point_array__traits.hpp
[1.742s] -- Up-to-date: /home/darshan/ros2_ws/install/champ_msgs/include/champ_msgs/champ_msgs/msg/detail/joints__struct.hpp
[1.742s] -- Up-to-date: /home/darshan/ros2_ws/install/champ_msgs/include/champ_msgs/champ_msgs/msg/detail/contacts__builder.hpp
[1.742s] -- Up-to-date: /home/darshan/ros2_ws/install/champ_msgs/include/champ_msgs/champ_msgs/msg/detail/pose__struct.hpp
[1.742s] -- Up-to-date: /home/darshan/ros2_ws/install/champ_msgs/include/champ_msgs/champ_msgs/msg/detail/point__builder.hpp
[1.742s] -- Up-to-date: /home/darshan/ros2_ws/install/champ_msgs/include/champ_msgs/champ_msgs/msg/detail/point_array__struct.hpp
[1.742s] -- Up-to-date: /home/darshan/ros2_ws/install/champ_msgs/include/champ_msgs/champ_msgs/msg/detail/pid__traits.hpp
[1.742s] -- Up-to-date: /home/darshan/ros2_ws/install/champ_msgs/include/champ_msgs/champ_msgs/msg/detail/joints__traits.hpp
[1.742s] -- Up-to-date: /home/darshan/ros2_ws/install/champ_msgs/include/champ_msgs/champ_msgs/msg/detail/velocities__builder.hpp
[1.742s] -- Up-to-date: /home/darshan/ros2_ws/install/champ_msgs/include/champ_msgs/champ_msgs/msg/detail/pose__builder.hpp
[1.743s] -- Up-to-date: /home/darshan/ros2_ws/install/champ_msgs/include/champ_msgs/champ_msgs/msg/detail/imu__struct.hpp
[1.743s] -- Up-to-date: /home/darshan/ros2_ws/install/champ_msgs/include/champ_msgs/champ_msgs/msg/detail/imu__builder.hpp
[1.743s] -- Up-to-date: /home/darshan/ros2_ws/install/champ_msgs/include/champ_msgs/champ_msgs/msg/detail/contacts_stamped__builder.hpp
[1.743s] -- Up-to-date: /home/darshan/ros2_ws/install/champ_msgs/include/champ_msgs/champ_msgs/msg/detail/imu__traits.hpp
[1.743s] -- Up-to-date: /home/darshan/ros2_ws/install/champ_msgs/include/champ_msgs/champ_msgs/msg/detail/contacts_stamped__traits.hpp
[1.743s] -- Up-to-date: /home/darshan/ros2_ws/install/champ_msgs/include/champ_msgs/champ_msgs/msg/detail/contacts__traits.hpp
[1.743s] -- Up-to-date: /home/darshan/ros2_ws/install/champ_msgs/include/champ_msgs/champ_msgs/msg/detail/point_array__builder.hpp
[1.743s] -- Up-to-date: /home/darshan/ros2_ws/install/champ_msgs/include/champ_msgs/champ_msgs/msg/detail/pose__traits.hpp
[1.743s] -- Up-to-date: /home/darshan/ros2_ws/install/champ_msgs/include/champ_msgs/champ_msgs/msg/detail/pid__struct.hpp
[1.743s] -- Up-to-date: /home/darshan/ros2_ws/install/champ_msgs/include/champ_msgs/champ_msgs/msg/detail/velocities__struct.hpp
[1.743s] -- Up-to-date: /home/darshan/ros2_ws/install/champ_msgs/include/champ_msgs/champ_msgs/msg/detail/joints__builder.hpp
[1.743s] -- Up-to-date: /home/darshan/ros2_ws/install/champ_msgs/include/champ_msgs/champ_msgs/msg/detail/pid__builder.hpp
[1.743s] -- Up-to-date: /home/darshan/ros2_ws/install/champ_msgs/include/champ_msgs/champ_msgs/msg/detail/velocities__traits.hpp
[1.743s] -- Up-to-date: /home/darshan/ros2_ws/install/champ_msgs/include/champ_msgs/champ_msgs/msg/detail/point__traits.hpp
[1.743s] -- Up-to-date: /home/darshan/ros2_ws/install/champ_msgs/include/champ_msgs/champ_msgs/msg/detail/point__struct.hpp
[1.743s] -- Up-to-date: /home/darshan/ros2_ws/install/champ_msgs/include/champ_msgs/champ_msgs/msg/detail/contacts__struct.hpp
[1.743s] -- Up-to-date: /home/darshan/ros2_ws/install/champ_msgs/include/champ_msgs/champ_msgs/msg/point.hpp
[1.744s] -- Up-to-date: /home/darshan/ros2_ws/install/champ_msgs/include/champ_msgs/champ_msgs/msg/pid.hpp
[1.744s] -- Up-to-date: /home/darshan/ros2_ws/install/champ_msgs/include/champ_msgs/champ_msgs/msg/contacts.hpp
[1.744s] -- Up-to-date: /home/darshan/ros2_ws/install/champ_msgs/include/champ_msgs/champ_msgs/msg/imu.hpp
[1.744s] -- Up-to-date: /home/darshan/ros2_ws/install/champ_msgs/include/champ_msgs/champ_msgs
[1.744s] -- Up-to-date: /home/darshan/ros2_ws/install/champ_msgs/include/champ_msgs/champ_msgs/msg
[1.744s] -- Up-to-date: /home/darshan/ros2_ws/install/champ_msgs/include/champ_msgs/champ_msgs/msg/rosidl_typesupport_fastrtps_cpp__visibility_control.h
[1.744s] -- Up-to-date: /home/darshan/ros2_ws/install/champ_msgs/include/champ_msgs/champ_msgs/msg/detail
[1.744s] -- Up-to-date: /home/darshan/ros2_ws/install/champ_msgs/include/champ_msgs/champ_msgs/msg/detail/point__rosidl_typesupport_fastrtps_cpp.hpp
[1.744s] -- Up-to-date: /home/darshan/ros2_ws/install/champ_msgs/include/champ_msgs/champ_msgs/msg/detail/pid__rosidl_typesupport_fastrtps_cpp.hpp
[1.744s] -- Up-to-date: /home/darshan/ros2_ws/install/champ_msgs/include/champ_msgs/champ_msgs/msg/detail/joints__rosidl_typesupport_fastrtps_cpp.hpp
[1.744s] -- Up-to-date: /home/darshan/ros2_ws/install/champ_msgs/include/champ_msgs/champ_msgs/msg/detail/imu__rosidl_typesupport_fastrtps_cpp.hpp
[1.744s] -- Up-to-date: /home/darshan/ros2_ws/install/champ_msgs/include/champ_msgs/champ_msgs/msg/detail/contacts_stamped__rosidl_typesupport_fastrtps_cpp.hpp
[1.744s] -- Up-to-date: /home/darshan/ros2_ws/install/champ_msgs/include/champ_msgs/champ_msgs/msg/detail/velocities__rosidl_typesupport_fastrtps_cpp.hpp
[1.744s] -- Up-to-date: /home/darshan/ros2_ws/install/champ_msgs/include/champ_msgs/champ_msgs/msg/detail/dds_fastrtps
[1.744s] -- Up-to-date: /home/darshan/ros2_ws/install/champ_msgs/include/champ_msgs/champ_msgs/msg/detail/point_array__rosidl_typesupport_fastrtps_cpp.hpp
[1.745s] -- Up-to-date: /home/darshan/ros2_ws/install/champ_msgs/include/champ_msgs/champ_msgs/msg/detail/pose__rosidl_typesupport_fastrtps_cpp.hpp
[1.745s] -- Up-to-date: /home/darshan/ros2_ws/install/champ_msgs/include/champ_msgs/champ_msgs/msg/detail/contacts__rosidl_typesupport_fastrtps_cpp.hpp
[1.745s] -- Up-to-date: /home/darshan/ros2_ws/install/champ_msgs/lib/libchamp_msgs__rosidl_typesupport_fastrtps_cpp.so
[1.745s] -- Up-to-date: /home/darshan/ros2_ws/install/champ_msgs/include/champ_msgs/champ_msgs
[1.745s] -- Up-to-date: /home/darshan/ros2_ws/install/champ_msgs/include/champ_msgs/champ_msgs/msg
[1.745s] -- Up-to-date: /home/darshan/ros2_ws/install/champ_msgs/include/champ_msgs/champ_msgs/msg/detail
[1.745s] -- Up-to-date: /home/darshan/ros2_ws/install/champ_msgs/include/champ_msgs/champ_msgs/msg/detail/contacts_stamped__type_support.cpp
[1.745s] -- Up-to-date: /home/darshan/ros2_ws/install/champ_msgs/include/champ_msgs/champ_msgs/msg/detail/point_array__type_support.cpp
[1.745s] -- Up-to-date: /home/darshan/ros2_ws/install/champ_msgs/include/champ_msgs/champ_msgs/msg/detail/velocities__rosidl_typesupport_introspection_cpp.hpp
[1.745s] -- Up-to-date: /home/darshan/ros2_ws/install/champ_msgs/include/champ_msgs/champ_msgs/msg/detail/pose__rosidl_typesupport_introspection_cpp.hpp
[1.745s] -- Up-to-date: /home/darshan/ros2_ws/install/champ_msgs/include/champ_msgs/champ_msgs/msg/detail/pose__type_support.cpp
[1.745s] -- Up-to-date: /home/darshan/ros2_ws/install/champ_msgs/include/champ_msgs/champ_msgs/msg/detail/contacts__rosidl_typesupport_introspection_cpp.hpp
[1.745s] -- Up-to-date: /home/darshan/ros2_ws/install/champ_msgs/include/champ_msgs/champ_msgs/msg/detail/contacts__type_support.cpp
[1.745s] -- Up-to-date: /home/darshan/ros2_ws/install/champ_msgs/include/champ_msgs/champ_msgs/msg/detail/velocities__type_support.cpp
[1.746s] -- Up-to-date: /home/darshan/ros2_ws/install/champ_msgs/include/champ_msgs/champ_msgs/msg/detail/point__type_support.cpp
[1.746s] -- Up-to-date: /home/darshan/ros2_ws/install/champ_msgs/include/champ_msgs/champ_msgs/msg/detail/imu__type_support.cpp
[1.746s] -- Up-to-date: /home/darshan/ros2_ws/install/champ_msgs/include/champ_msgs/champ_msgs/msg/detail/joints__rosidl_typesupport_introspection_cpp.hpp
[1.746s] -- Up-to-date: /home/darshan/ros2_ws/install/champ_msgs/include/champ_msgs/champ_msgs/msg/detail/contacts_stamped__rosidl_typesupport_introspection_cpp.hpp
[1.746s] -- Up-to-date: /home/darshan/ros2_ws/install/champ_msgs/include/champ_msgs/champ_msgs/msg/detail/point__rosidl_typesupport_introspection_cpp.hpp
[1.746s] -- Up-to-date: /home/darshan/ros2_ws/install/champ_msgs/include/champ_msgs/champ_msgs/msg/detail/point_array__rosidl_typesupport_introspection_cpp.hpp
[1.746s] -- Up-to-date: /home/darshan/ros2_ws/install/champ_msgs/include/champ_msgs/champ_msgs/msg/detail/joints__type_support.cpp
[1.747s] -- Up-to-date: /home/darshan/ros2_ws/install/champ_msgs/include/champ_msgs/champ_msgs/msg/detail/pid__type_support.cpp
[1.747s] -- Up-to-date: /home/darshan/ros2_ws/install/champ_msgs/include/champ_msgs/champ_msgs/msg/detail/pid__rosidl_typesupport_introspection_cpp.hpp
[1.747s] -- Up-to-date: /home/darshan/ros2_ws/install/champ_msgs/include/champ_msgs/champ_msgs/msg/detail/imu__rosidl_typesupport_introspection_cpp.hpp
[1.747s] -- Up-to-date: /home/darshan/ros2_ws/install/champ_msgs/lib/libchamp_msgs__rosidl_typesupport_introspection_cpp.so
[1.747s] -- Up-to-date: /home/darshan/ros2_ws/install/champ_msgs/lib/libchamp_msgs__rosidl_typesupport_cpp.so
[1.747s] -- Up-to-date: /home/darshan/ros2_ws/install/champ_msgs/share/champ_msgs/environment/pythonpath.sh
[1.747s] -- Up-to-date: /home/darshan/ros2_ws/install/champ_msgs/share/champ_msgs/environment/pythonpath.dsv
[1.747s] -- Up-to-date: /home/darshan/ros2_ws/install/champ_msgs/local/lib/python3.10/dist-packages/champ_msgs-0.1.0-py3.10.egg-info
[1.747s] -- Installing: /home/darshan/ros2_ws/install/champ_msgs/local/lib/python3.10/dist-packages/champ_msgs-0.1.0-py3.10.egg-info/PKG-INFO
[1.747s] -- Installing: /home/darshan/ros2_ws/install/champ_msgs/local/lib/python3.10/dist-packages/champ_msgs-0.1.0-py3.10.egg-info/SOURCES.txt
[1.747s] -- Installing: /home/darshan/ros2_ws/install/champ_msgs/local/lib/python3.10/dist-packages/champ_msgs-0.1.0-py3.10.egg-info/dependency_links.txt
[1.747s] -- Installing: /home/darshan/ros2_ws/install/champ_msgs/local/lib/python3.10/dist-packages/champ_msgs-0.1.0-py3.10.egg-info/top_level.txt
[1.747s] -- Up-to-date: /home/darshan/ros2_ws/install/champ_msgs/local/lib/python3.10/dist-packages/champ_msgs
[1.748s] -- Up-to-date: /home/darshan/ros2_ws/install/champ_msgs/local/lib/python3.10/dist-packages/champ_msgs/__init__.py
[1.748s] -- Up-to-date: /home/darshan/ros2_ws/install/champ_msgs/local/lib/python3.10/dist-packages/champ_msgs/_champ_msgs_s.ep.rosidl_typesupport_introspection_c.c
[1.748s] -- Up-to-date: /home/darshan/ros2_ws/install/champ_msgs/local/lib/python3.10/dist-packages/champ_msgs/libchamp_msgs__rosidl_generator_py.so
[1.748s] -- Up-to-date: /home/darshan/ros2_ws/install/champ_msgs/local/lib/python3.10/dist-packages/champ_msgs/_champ_msgs_s.ep.rosidl_typesupport_fastrtps_c.c
[1.748s] -- Up-to-date: /home/darshan/ros2_ws/install/champ_msgs/local/lib/python3.10/dist-packages/champ_msgs/msg
[1.748s] -- Up-to-date: /home/darshan/ros2_ws/install/champ_msgs/local/lib/python3.10/dist-packages/champ_msgs/msg/_point.py
[1.748s] -- Up-to-date: /home/darshan/ros2_ws/install/champ_msgs/local/lib/python3.10/dist-packages/champ_msgs/msg/_pid.py
[1.748s] -- Up-to-date: /home/darshan/ros2_ws/install/champ_msgs/local/lib/python3.10/dist-packages/champ_msgs/msg/_contacts_s.c
[1.748s] -- Up-to-date: /home/darshan/ros2_ws/install/champ_msgs/local/lib/python3.10/dist-packages/champ_msgs/msg/_imu_s.c
[1.748s] -- Up-to-date: /home/darshan/ros2_ws/install/champ_msgs/local/lib/python3.10/dist-packages/champ_msgs/msg/_pose.py
[1.748s] -- Up-to-date: /home/darshan/ros2_ws/install/champ_msgs/local/lib/python3.10/dist-packages/champ_msgs/msg/__init__.py
[1.748s] -- Up-to-date: /home/darshan/ros2_ws/install/champ_msgs/local/lib/python3.10/dist-packages/champ_msgs/msg/_pid_s.c
[1.748s] -- Up-to-date: /home/darshan/ros2_ws/install/champ_msgs/local/lib/python3.10/dist-packages/champ_msgs/msg/_velocities_s.c
[1.748s] -- Up-to-date: /home/darshan/ros2_ws/install/champ_msgs/local/lib/python3.10/dist-packages/champ_msgs/msg/_point_array_s.c
[1.748s] -- Up-to-date: /home/darshan/ros2_ws/install/champ_msgs/local/lib/python3.10/dist-packages/champ_msgs/msg/_joints.py
[1.749s] -- Up-to-date: /home/darshan/ros2_ws/install/champ_msgs/local/lib/python3.10/dist-packages/champ_msgs/msg/_contacts.py
[1.749s] -- Up-to-date: /home/darshan/ros2_ws/install/champ_msgs/local/lib/python3.10/dist-packages/champ_msgs/msg/_contacts_stamped.py
[1.749s] -- Up-to-date: /home/darshan/ros2_ws/install/champ_msgs/local/lib/python3.10/dist-packages/champ_msgs/msg/_pose_s.c
[1.749s] -- Up-to-date: /home/darshan/ros2_ws/install/champ_msgs/local/lib/python3.10/dist-packages/champ_msgs/msg/_contacts_stamped_s.c
[1.749s] -- Up-to-date: /home/darshan/ros2_ws/install/champ_msgs/local/lib/python3.10/dist-packages/champ_msgs/msg/_joints_s.c
[1.749s] -- Up-to-date: /home/darshan/ros2_ws/install/champ_msgs/local/lib/python3.10/dist-packages/champ_msgs/msg/_point_array.py
[1.749s] -- Up-to-date: /home/darshan/ros2_ws/install/champ_msgs/local/lib/python3.10/dist-packages/champ_msgs/msg/_point_s.c
[1.749s] -- Up-to-date: /home/darshan/ros2_ws/install/champ_msgs/local/lib/python3.10/dist-packages/champ_msgs/msg/_velocities.py
[1.749s] -- Up-to-date: /home/darshan/ros2_ws/install/champ_msgs/local/lib/python3.10/dist-packages/champ_msgs/msg/_imu.py
[1.749s] -- Up-to-date: /home/darshan/ros2_ws/install/champ_msgs/local/lib/python3.10/dist-packages/champ_msgs/champ_msgs_s__rosidl_typesupport_c.cpython-310-x86_64-linux-gnu.so
[1.749s] -- Up-to-date: /home/darshan/ros2_ws/install/champ_msgs/local/lib/python3.10/dist-packages/champ_msgs/champ_msgs_s__rosidl_typesupport_fastrtps_c.cpython-310-x86_64-linux-gnu.so
[1.750s] -- Up-to-date: /home/darshan/ros2_ws/install/champ_msgs/local/lib/python3.10/dist-packages/champ_msgs/_champ_msgs_s.ep.rosidl_typesupport_c.c
[1.750s] -- Up-to-date: /home/darshan/ros2_ws/install/champ_msgs/local/lib/python3.10/dist-packages/champ_msgs/champ_msgs_s__rosidl_typesupport_introspection_c.cpython-310-x86_64-linux-gnu.so
[1.820s] Listing '/home/darshan/ros2_ws/install/champ_msgs/local/lib/python3.10/dist-packages/champ_msgs'...
[1.820s] Listing '/home/darshan/ros2_ws/install/champ_msgs/local/lib/python3.10/dist-packages/champ_msgs/msg'...
[1.825s] -- Up-to-date: /home/darshan/ros2_ws/install/champ_msgs/local/lib/python3.10/dist-packages/champ_msgs/champ_msgs_s__rosidl_typesupport_fastrtps_c.cpython-310-x86_64-linux-gnu.so
[1.826s] -- Up-to-date: /home/darshan/ros2_ws/install/champ_msgs/local/lib/python3.10/dist-packages/champ_msgs/champ_msgs_s__rosidl_typesupport_introspection_c.cpython-310-x86_64-linux-gnu.so
[1.826s] -- Up-to-date: /home/darshan/ros2_ws/install/champ_msgs/local/lib/python3.10/dist-packages/champ_msgs/champ_msgs_s__rosidl_typesupport_c.cpython-310-x86_64-linux-gnu.so
[1.827s] -- Up-to-date: /home/darshan/ros2_ws/install/champ_msgs/lib/libchamp_msgs__rosidl_generator_py.so
[1.827s] -- Up-to-date: /home/darshan/ros2_ws/install/champ_msgs/share/champ_msgs/msg/Velocities.idl
[1.828s] -- Up-to-date: /home/darshan/ros2_ws/install/champ_msgs/share/champ_msgs/msg/PID.idl
[1.828s] -- Up-to-date: /home/darshan/ros2_ws/install/champ_msgs/share/champ_msgs/msg/Imu.idl
[1.828s] -- Up-to-date: /home/darshan/ros2_ws/install/champ_msgs/share/champ_msgs/msg/Point.idl
[1.828s] -- Up-to-date: /home/darshan/ros2_ws/install/champ_msgs/share/champ_msgs/msg/PointArray.idl
[1.829s] -- Up-to-date: /home/darshan/ros2_ws/install/champ_msgs/share/champ_msgs/msg/Joints.idl
[1.829s] -- Up-to-date: /home/darshan/ros2_ws/install/champ_msgs/share/champ_msgs/msg/Contacts.idl
[1.829s] -- Up-to-date: /home/darshan/ros2_ws/install/champ_msgs/share/champ_msgs/msg/ContactsStamped.idl
[1.829s] -- Up-to-date: /home/darshan/ros2_ws/install/champ_msgs/share/champ_msgs/msg/Pose.idl
[1.829s] -- Up-to-date: /home/darshan/ros2_ws/install/champ_msgs/share/champ_msgs/msg/Velocities.msg
[1.830s] -- Up-to-date: /home/darshan/ros2_ws/install/champ_msgs/share/champ_msgs/msg/PID.msg
[1.830s] -- Up-to-date: /home/darshan/ros2_ws/install/champ_msgs/share/champ_msgs/msg/Imu.msg
[1.830s] -- Up-to-date: /home/darshan/ros2_ws/install/champ_msgs/share/champ_msgs/msg/Point.msg
[1.830s] -- Up-to-date: /home/darshan/ros2_ws/install/champ_msgs/share/champ_msgs/msg/PointArray.msg
[1.830s] -- Up-to-date: /home/darshan/ros2_ws/install/champ_msgs/share/champ_msgs/msg/Joints.msg
[1.830s] -- Up-to-date: /home/darshan/ros2_ws/install/champ_msgs/share/champ_msgs/msg/Contacts.msg
[1.830s] -- Up-to-date: /home/darshan/ros2_ws/install/champ_msgs/share/champ_msgs/msg/ContactsStamped.msg
[1.830s] -- Up-to-date: /home/darshan/ros2_ws/install/champ_msgs/share/champ_msgs/msg/Pose.msg
[1.830s] -- Up-to-date: /home/darshan/ros2_ws/install/champ_msgs/share/ament_index/resource_index/package_run_dependencies/champ_msgs
[1.830s] -- Up-to-date: /home/darshan/ros2_ws/install/champ_msgs/share/ament_index/resource_index/parent_prefix_path/champ_msgs
[1.830s] -- Up-to-date: /home/darshan/ros2_ws/install/champ_msgs/share/champ_msgs/environment/ament_prefix_path.sh
[1.830s] -- Up-to-date: /home/darshan/ros2_ws/install/champ_msgs/share/champ_msgs/environment/ament_prefix_path.dsv
[1.830s] -- Up-to-date: /home/darshan/ros2_ws/install/champ_msgs/share/champ_msgs/environment/path.sh
[1.830s] -- Up-to-date: /home/darshan/ros2_ws/install/champ_msgs/share/champ_msgs/environment/path.dsv
[1.831s] -- Up-to-date: /home/darshan/ros2_ws/install/champ_msgs/share/champ_msgs/local_setup.bash
[1.831s] -- Up-to-date: /home/darshan/ros2_ws/install/champ_msgs/share/champ_msgs/local_setup.sh
[1.831s] -- Up-to-date: /home/darshan/ros2_ws/install/champ_msgs/share/champ_msgs/local_setup.zsh
[1.831s] -- Up-to-date: /home/darshan/ros2_ws/install/champ_msgs/share/champ_msgs/local_setup.dsv
[1.831s] -- Installing: /home/darshan/ros2_ws/install/champ_msgs/share/champ_msgs/package.dsv
[1.831s] -- Up-to-date: /home/darshan/ros2_ws/install/champ_msgs/share/ament_index/resource_index/packages/champ_msgs
[1.831s] -- Up-to-date: /home/darshan/ros2_ws/install/champ_msgs/share/champ_msgs/cmake/export_champ_msgs__rosidl_generator_cExport.cmake
[1.831s] -- Up-to-date: /home/darshan/ros2_ws/install/champ_msgs/share/champ_msgs/cmake/export_champ_msgs__rosidl_generator_cExport-noconfig.cmake
[1.831s] -- Up-to-date: /home/darshan/ros2_ws/install/champ_msgs/share/champ_msgs/cmake/export_champ_msgs__rosidl_typesupport_fastrtps_cExport.cmake
[1.831s] -- Up-to-date: /home/darshan/ros2_ws/install/champ_msgs/share/champ_msgs/cmake/export_champ_msgs__rosidl_typesupport_fastrtps_cExport-noconfig.cmake
[1.831s] -- Up-to-date: /home/darshan/ros2_ws/install/champ_msgs/share/champ_msgs/cmake/champ_msgs__rosidl_typesupport_introspection_cExport.cmake
[1.831s] -- Up-to-date: /home/darshan/ros2_ws/install/champ_msgs/share/champ_msgs/cmake/champ_msgs__rosidl_typesupport_introspection_cExport-noconfig.cmake
[1.831s] -- Up-to-date: /home/darshan/ros2_ws/install/champ_msgs/share/champ_msgs/cmake/champ_msgs__rosidl_typesupport_cExport.cmake
[1.832s] -- Up-to-date: /home/darshan/ros2_ws/install/champ_msgs/share/champ_msgs/cmake/champ_msgs__rosidl_typesupport_cExport-noconfig.cmake
[1.832s] -- Up-to-date: /home/darshan/ros2_ws/install/champ_msgs/share/champ_msgs/cmake/export_champ_msgs__rosidl_generator_cppExport.cmake
[1.832s] -- Up-to-date: /home/darshan/ros2_ws/install/champ_msgs/share/champ_msgs/cmake/export_champ_msgs__rosidl_typesupport_fastrtps_cppExport.cmake
[1.832s] -- Up-to-date: /home/darshan/ros2_ws/install/champ_msgs/share/champ_msgs/cmake/export_champ_msgs__rosidl_typesupport_fastrtps_cppExport-noconfig.cmake
[1.832s] -- Up-to-date: /home/darshan/ros2_ws/install/champ_msgs/share/champ_msgs/cmake/champ_msgs__rosidl_typesupport_introspection_cppExport.cmake
[1.832s] -- Up-to-date: /home/darshan/ros2_ws/install/champ_msgs/share/champ_msgs/cmake/champ_msgs__rosidl_typesupport_introspection_cppExport-noconfig.cmake
[1.832s] -- Up-to-date: /home/darshan/ros2_ws/install/champ_msgs/share/champ_msgs/cmake/champ_msgs__rosidl_typesupport_cppExport.cmake
[1.832s] -- Up-to-date: /home/darshan/ros2_ws/install/champ_msgs/share/champ_msgs/cmake/champ_msgs__rosidl_typesupport_cppExport-noconfig.cmake
[1.832s] -- Up-to-date: /home/darshan/ros2_ws/install/champ_msgs/share/champ_msgs/cmake/export_champ_msgs__rosidl_generator_pyExport.cmake
[1.832s] -- Up-to-date: /home/darshan/ros2_ws/install/champ_msgs/share/champ_msgs/cmake/export_champ_msgs__rosidl_generator_pyExport-noconfig.cmake
[1.832s] -- Up-to-date: /home/darshan/ros2_ws/install/champ_msgs/share/champ_msgs/cmake/rosidl_cmake-extras.cmake
[1.832s] -- Up-to-date: /home/darshan/ros2_ws/install/champ_msgs/share/champ_msgs/cmake/ament_cmake_export_dependencies-extras.cmake
[1.833s] -- Up-to-date: /home/darshan/ros2_ws/install/champ_msgs/share/champ_msgs/cmake/ament_cmake_export_include_directories-extras.cmake
[1.833s] -- Up-to-date: /home/darshan/ros2_ws/install/champ_msgs/share/champ_msgs/cmake/ament_cmake_export_libraries-extras.cmake
[1.833s] -- Up-to-date: /home/darshan/ros2_ws/install/champ_msgs/share/champ_msgs/cmake/ament_cmake_export_targets-extras.cmake
[1.833s] -- Up-to-date: /home/darshan/ros2_ws/install/champ_msgs/share/champ_msgs/cmake/rosidl_cmake_export_typesupport_targets-extras.cmake
[1.833s] -- Up-to-date: /home/darshan/ros2_ws/install/champ_msgs/share/champ_msgs/cmake/rosidl_cmake_export_typesupport_libraries-extras.cmake
[1.833s] -- Up-to-date: /home/darshan/ros2_ws/install/champ_msgs/share/champ_msgs/cmake/champ_msgsConfig.cmake
[1.833s] -- Up-to-date: /home/darshan/ros2_ws/install/champ_msgs/share/champ_msgs/cmake/champ_msgsConfig-version.cmake
[1.833s] -- Up-to-date: /home/darshan/ros2_ws/install/champ_msgs/share/champ_msgs/package.xml
[1.835s] Invoked command in '/home/darshan/ros2_ws/build/champ_msgs' returned '0': CMAKE_PREFIX_PATH=${CMAKE_PREFIX_PATH}:/home/darshan/ros2_ws/install/mini_pupper_line_follower:/home/darshan/ros2_ws/install/mini_pupper_recognition:/home/darshan/ros2_ws/install/mini_pupper_music:/home/darshan/ros2_ws/install/mini_pupper_dance:/home/darshan/ros2_ws/install/mini_pupper_driver:/opt/ros/humble /usr/bin/cmake --install /home/darshan/ros2_ws/build/champ_msgs
