[0.010s] Invoking command in '/home/darshan/ros2_ws/build/mini_pupper_bringup': AMENT_PREFIX_PATH=/home/darshan/ros2_ws/install/champ_base:/home/darshan/ros2_ws/install/champ_msgs:/home/darshan/ros2_ws/install/champ:${AMENT_PREFIX_PATH} CMAKE_PREFIX_PATH=/home/darshan/ros2_ws/install/champ_base:/home/darshan/ros2_ws/install/champ_msgs:/home/darshan/ros2_ws/install/champ:/opt/ros/humble LD_LIBRARY_PATH=/home/darshan/ros2_ws/install/champ_base/lib:/home/darshan/ros2_ws/install/champ_msgs/lib:${LD_LIBRARY_PATH} PATH=/home/darshan/ros2_ws/install/champ_base/bin:${PATH} PYTHONPATH=/home/darshan/ros2_ws/install/champ_msgs/local/lib/python3.10/dist-packages:${PYTHONPATH} /usr/bin/cmake /home/darshan/ros2_ws/src/mini_pupper_ros/mini_pupper_bringup -DCMAKE_INSTALL_PREFIX=/home/darshan/ros2_ws/install/mini_pupper_bringup
[0.070s] -- The C compiler identification is GNU 11.4.0
[0.128s] -- The CXX compiler identification is GNU 11.4.0
[0.136s] -- Detecting C compiler ABI info
[0.208s] -- Detecting C compiler ABI info - done
[0.216s] -- Check for working C compiler: /usr/bin/cc - skipped
[0.216s] -- Detecting C compile features
[0.216s] -- Detecting C compile features - done
[0.219s] -- Detecting CXX compiler ABI info
[0.301s] -- Detecting CXX compiler ABI info - done
[0.309s] -- Check for working CXX compiler: /usr/bin/c++ - skipped
[0.310s] -- Detecting CXX compile features
[0.310s] -- Detecting CXX compile features - done
[0.313s] -- Found ament_cmake: 1.3.10 (/opt/ros/humble/share/ament_cmake/cmake)
[0.469s] -- Found Python3: /usr/bin/python3 (found version "3.10.12") found components: Interpreter 
[0.561s] -- Found ament_lint_auto: 0.12.11 (/opt/ros/humble/share/ament_lint_auto/cmake)
[0.648s] -- Added test 'copyright' to check source files copyright and LICENSE
[0.649s] -- Added test 'flake8' to check Python code syntax and style conventions
[0.650s] -- Added test 'lint_cmake' to check CMake code style
[0.650s] -- Added test 'pep257' to check Python code against some of the docstring style conventions in PEP 257
[0.651s] -- Added test 'xmllint' to check XML markup files
[0.652s] -- Configuring done
[0.655s] -- Generating done
[0.656s] -- Build files have been written to: /home/darshan/ros2_ws/build/mini_pupper_bringup
[0.660s] Invoked command in '/home/darshan/ros2_ws/build/mini_pupper_bringup' returned '0': AMENT_PREFIX_PATH=/home/darshan/ros2_ws/install/champ_base:/home/darshan/ros2_ws/install/champ_msgs:/home/darshan/ros2_ws/install/champ:${AMENT_PREFIX_PATH} CMAKE_PREFIX_PATH=/home/darshan/ros2_ws/install/champ_base:/home/darshan/ros2_ws/install/champ_msgs:/home/darshan/ros2_ws/install/champ:/opt/ros/humble LD_LIBRARY_PATH=/home/darshan/ros2_ws/install/champ_base/lib:/home/darshan/ros2_ws/install/champ_msgs/lib:${LD_LIBRARY_PATH} PATH=/home/darshan/ros2_ws/install/champ_base/bin:${PATH} PYTHONPATH=/home/darshan/ros2_ws/install/champ_msgs/local/lib/python3.10/dist-packages:${PYTHONPATH} /usr/bin/cmake /home/darshan/ros2_ws/src/mini_pupper_ros/mini_pupper_bringup -DCMAKE_INSTALL_PREFIX=/home/darshan/ros2_ws/install/mini_pupper_bringup
[0.661s] Invoking command in '/home/darshan/ros2_ws/build/mini_pupper_bringup': AMENT_PREFIX_PATH=/home/darshan/ros2_ws/install/champ_base:/home/darshan/ros2_ws/install/champ_msgs:/home/darshan/ros2_ws/install/champ:${AMENT_PREFIX_PATH} CMAKE_PREFIX_PATH=/home/darshan/ros2_ws/install/champ_base:/home/darshan/ros2_ws/install/champ_msgs:/home/darshan/ros2_ws/install/champ:/opt/ros/humble LD_LIBRARY_PATH=/home/darshan/ros2_ws/install/champ_base/lib:/home/darshan/ros2_ws/install/champ_msgs/lib:${LD_LIBRARY_PATH} PATH=/home/darshan/ros2_ws/install/champ_base/bin:${PATH} PYTHONPATH=/home/darshan/ros2_ws/install/champ_msgs/local/lib/python3.10/dist-packages:${PYTHONPATH} /usr/bin/cmake --build /home/darshan/ros2_ws/build/mini_pupper_bringup -- -j24 -l24
[0.696s] Invoked command in '/home/darshan/ros2_ws/build/mini_pupper_bringup' returned '0': AMENT_PREFIX_PATH=/home/darshan/ros2_ws/install/champ_base:/home/darshan/ros2_ws/install/champ_msgs:/home/darshan/ros2_ws/install/champ:${AMENT_PREFIX_PATH} CMAKE_PREFIX_PATH=/home/darshan/ros2_ws/install/champ_base:/home/darshan/ros2_ws/install/champ_msgs:/home/darshan/ros2_ws/install/champ:/opt/ros/humble LD_LIBRARY_PATH=/home/darshan/ros2_ws/install/champ_base/lib:/home/darshan/ros2_ws/install/champ_msgs/lib:${LD_LIBRARY_PATH} PATH=/home/darshan/ros2_ws/install/champ_base/bin:${PATH} PYTHONPATH=/home/darshan/ros2_ws/install/champ_msgs/local/lib/python3.10/dist-packages:${PYTHONPATH} /usr/bin/cmake --build /home/darshan/ros2_ws/build/mini_pupper_bringup -- -j24 -l24
[0.716s] Invoking command in '/home/darshan/ros2_ws/build/mini_pupper_bringup': AMENT_PREFIX_PATH=/home/darshan/ros2_ws/install/champ_base:/home/darshan/ros2_ws/install/champ_msgs:/home/darshan/ros2_ws/install/champ:${AMENT_PREFIX_PATH} CMAKE_PREFIX_PATH=/home/darshan/ros2_ws/install/champ_base:/home/darshan/ros2_ws/install/champ_msgs:/home/darshan/ros2_ws/install/champ:/opt/ros/humble LD_LIBRARY_PATH=/home/darshan/ros2_ws/install/champ_base/lib:/home/darshan/ros2_ws/install/champ_msgs/lib:${LD_LIBRARY_PATH} PATH=/home/darshan/ros2_ws/install/champ_base/bin:${PATH} PYTHONPATH=/home/darshan/ros2_ws/install/champ_msgs/local/lib/python3.10/dist-packages:${PYTHONPATH} /usr/bin/cmake --install /home/darshan/ros2_ws/build/mini_pupper_bringup
[0.723s] -- Install configuration: ""
[0.723s] -- Installing: /home/darshan/ros2_ws/install/mini_pupper_bringup/share/mini_pupper_bringup/launch
[0.723s] -- Installing: /home/darshan/ros2_ws/install/mini_pupper_bringup/share/mini_pupper_bringup/launch/bringup.launch.py
[0.723s] -- Installing: /home/darshan/ros2_ws/install/mini_pupper_bringup/share/mini_pupper_bringup/launch/rviz.launch.py
[0.723s] -- Installing: /home/darshan/ros2_ws/install/mini_pupper_bringup/share/mini_pupper_bringup/launch/hardware_interface.launch.py
[0.723s] -- Installing: /home/darshan/ros2_ws/install/mini_pupper_bringup/share/mini_pupper_bringup/config
[0.723s] -- Installing: /home/darshan/ros2_ws/install/mini_pupper_bringup/share/mini_pupper_bringup/config/mini_pupper_2.yaml
[0.723s] -- Installing: /home/darshan/ros2_ws/install/mini_pupper_bringup/share/mini_pupper_bringup/config/mini_pupper.yaml
[0.723s] -- Installing: /home/darshan/ros2_ws/install/mini_pupper_bringup/share/ament_index/resource_index/package_run_dependencies/mini_pupper_bringup
[0.724s] -- Installing: /home/darshan/ros2_ws/install/mini_pupper_bringup/share/ament_index/resource_index/parent_prefix_path/mini_pupper_bringup
[0.724s] -- Installing: /home/darshan/ros2_ws/install/mini_pupper_bringup/share/mini_pupper_bringup/environment/ament_prefix_path.sh
[0.724s] -- Installing: /home/darshan/ros2_ws/install/mini_pupper_bringup/share/mini_pupper_bringup/environment/ament_prefix_path.dsv
[0.724s] -- Installing: /home/darshan/ros2_ws/install/mini_pupper_bringup/share/mini_pupper_bringup/environment/path.sh
[0.724s] -- Installing: /home/darshan/ros2_ws/install/mini_pupper_bringup/share/mini_pupper_bringup/environment/path.dsv
[0.724s] -- Installing: /home/darshan/ros2_ws/install/mini_pupper_bringup/share/mini_pupper_bringup/local_setup.bash
[0.724s] -- Installing: /home/darshan/ros2_ws/install/mini_pupper_bringup/share/mini_pupper_bringup/local_setup.sh
[0.724s] -- Installing: /home/darshan/ros2_ws/install/mini_pupper_bringup/share/mini_pupper_bringup/local_setup.zsh
[0.725s] -- Installing: /home/darshan/ros2_ws/install/mini_pupper_bringup/share/mini_pupper_bringup/local_setup.dsv
[0.725s] -- Installing: /home/darshan/ros2_ws/install/mini_pupper_bringup/share/mini_pupper_bringup/package.dsv
[0.725s] -- Installing: /home/darshan/ros2_ws/install/mini_pupper_bringup/share/ament_index/resource_index/packages/mini_pupper_bringup
[0.725s] -- Installing: /home/darshan/ros2_ws/install/mini_pupper_bringup/share/mini_pupper_bringup/cmake/mini_pupper_bringupConfig.cmake
[0.725s] -- Installing: /home/darshan/ros2_ws/install/mini_pupper_bringup/share/mini_pupper_bringup/cmake/mini_pupper_bringupConfig-version.cmake
[0.725s] -- Installing: /home/darshan/ros2_ws/install/mini_pupper_bringup/share/mini_pupper_bringup/package.xml
[0.729s] Invoked command in '/home/darshan/ros2_ws/build/mini_pupper_bringup' returned '0': AMENT_PREFIX_PATH=/home/darshan/ros2_ws/install/champ_base:/home/darshan/ros2_ws/install/champ_msgs:/home/darshan/ros2_ws/install/champ:${AMENT_PREFIX_PATH} CMAKE_PREFIX_PATH=/home/darshan/ros2_ws/install/champ_base:/home/darshan/ros2_ws/install/champ_msgs:/home/darshan/ros2_ws/install/champ:/opt/ros/humble LD_LIBRARY_PATH=/home/darshan/ros2_ws/install/champ_base/lib:/home/darshan/ros2_ws/install/champ_msgs/lib:${LD_LIBRARY_PATH} PATH=/home/darshan/ros2_ws/install/champ_base/bin:${PATH} PYTHONPATH=/home/darshan/ros2_ws/install/champ_msgs/local/lib/python3.10/dist-packages:${PYTHONPATH} /usr/bin/cmake --install /home/darshan/ros2_ws/build/mini_pupper_bringup
