[0.008s] Invoking command in '/home/darshan/ros2_ws/build/champ_gazebo': AMENT_PREFIX_PATH=/home/darshan/ros2_ws/install/champ_msgs:/home/darshan/ros2_ws/install/champ:${AMENT_PREFIX_PATH} CMAKE_PREFIX_PATH=/home/darshan/ros2_ws/install/champ_msgs:/home/darshan/ros2_ws/install/champ:/opt/ros/humble LD_LIBRARY_PATH=/home/darshan/ros2_ws/install/champ_msgs/lib:${LD_LIBRARY_PATH} PYTHONPATH=/home/darshan/ros2_ws/install/champ_msgs/local/lib/python3.10/dist-packages:${PYTHONPATH} /usr/bin/cmake /home/darshan/ros2_ws/src/champ/champ/champ_gazebo -DCMAKE_INSTALL_PREFIX=/home/darshan/ros2_ws/install/champ_gazebo
[0.064s] -- The C compiler identification is GNU 11.4.0
[0.122s] -- The CXX compiler identification is GNU 11.4.0
[0.130s] -- Detecting C compiler ABI info
[0.195s] -- Detecting C compiler ABI info - done
[0.202s] -- Check for working C compiler: /usr/bin/cc - skipped
[0.203s] -- Detecting C compile features
[0.203s] -- Detecting C compile features - done
[0.206s] -- Detecting CXX compiler ABI info
[0.286s] -- Detecting CXX compiler ABI info - done
[0.294s] -- Check for working CXX compiler: /usr/bin/c++ - skipped
[0.294s] -- Detecting CXX compile features
[0.294s] -- Detecting CXX compile features - done
[0.297s] -- Found ament_cmake: 1.3.10 (/opt/ros/humble/share/ament_cmake/cmake)
[0.454s] -- Found Python3: /usr/bin/python3 (found version "3.10.12") found components: Interpreter 
[0.547s] -- Found rclcpp: 16.0.10 (/opt/ros/humble/share/rclcpp/cmake)
[0.588s] -- Found rosidl_generator_c: 3.1.5 (/opt/ros/humble/share/rosidl_generator_c/cmake)
[0.593s] -- Found rosidl_adapter: 3.1.5 (/opt/ros/humble/share/rosidl_adapter/cmake)
[0.602s] -- Found rosidl_generator_cpp: 3.1.5 (/opt/ros/humble/share/rosidl_generator_cpp/cmake)
[0.614s] -- Using all available rosidl_typesupport_c: rosidl_typesupport_fastrtps_c;rosidl_typesupport_introspection_c
[0.633s] -- Using all available rosidl_typesupport_cpp: rosidl_typesupport_fastrtps_cpp;rosidl_typesupport_introspection_cpp
[0.677s] -- Found rmw_implementation_cmake: 6.1.2 (/opt/ros/humble/share/rmw_implementation_cmake/cmake)
[0.680s] -- Found rmw_fastrtps_cpp: 6.2.7 (/opt/ros/humble/share/rmw_fastrtps_cpp/cmake)
[0.760s] -- Found OpenSSL: /usr/lib/x86_64-linux-gnu/libcrypto.so (found version "3.0.2")  
[0.786s] -- Found FastRTPS: /opt/ros/humble/include  
[0.828s] -- Using RMW implementation 'rmw_fastrtps_cpp' as default
[0.836s] -- Looking for pthread.h
[0.904s] -- Looking for pthread.h - found
[0.904s] -- Performing Test CMAKE_HAVE_LIBC_PTHREAD
[0.975s] -- Performing Test CMAKE_HAVE_LIBC_PTHREAD - Success
[0.977s] -- Found Threads: TRUE  
[1.032s] -- Found urdf: 2.6.1 (/opt/ros/humble/share/urdf/cmake)
[1.066s] -- Found champ: 0.1.0 (/home/darshan/ros2_ws/install/champ/share/champ/cmake)
[1.067s] -- Found champ_msgs: 0.1.0 (/home/darshan/ros2_ws/install/champ_msgs/share/champ_msgs/cmake)
[1.098s] -- Found gazebo_ros2_control: 0.4.9 (/opt/ros/humble/share/gazebo_ros2_control/cmake)
[1.281s] -- Found PkgConfig: /usr/bin/pkg-config (found version "0.29.2") 
[1.282s] -- Checking for module 'bullet>=2.82'
[1.294s] --   Found bullet, version 3.05
[1.391s] -- Found fcl: /usr/include (found suitable version "0.7.0", minimum required is "0.5.0") 
[1.437s] -- Found assimp: /usr/include (found version "5.2.0") 
[1.457s] -- Found DART: /usr/include (Required is at least version "6.6") found components: dart 
[1.484s] -- Found Boost: /usr/lib/x86_64-linux-gnu/cmake/Boost-1.74.0/BoostConfig.cmake (found suitable version "1.74.0", minimum required is "1.40.0") found components: thread system filesystem program_options regex iostreams date_time 
[1.499s] -- Found Protobuf: /usr/lib/x86_64-linux-gnu/libprotobuf.so (found version "3.12.4") 
[1.504s] -- Looking for ignition-math6 -- found version 6.15.1
[1.510s] -- Searching for dependencies of ignition-math6
[1.512s] -- Looking for OGRE...
[1.512s] -- OGRE_PREFIX_WATCH changed.
[1.518s] -- Checking for module 'OGRE'
[1.531s] --   Found OGRE, version 1.9.0
[1.562s] -- Found Ogre Ghadamon (1.9.0)
[1.568s] -- Found OGRE: optimized;/usr/lib/x86_64-linux-gnu/libOgreMain.so;debug;/usr/lib/x86_64-linux-gnu/libOgreMain.so
[1.579s] -- Looking for OGRE_Paging...
[1.584s] -- Found OGRE_Paging: optimized;/usr/lib/x86_64-linux-gnu/libOgrePaging.so;debug;/usr/lib/x86_64-linux-gnu/libOgrePaging.so
[1.584s] -- Looking for OGRE_Terrain...
[1.589s] -- Found OGRE_Terrain: optimized;/usr/lib/x86_64-linux-gnu/libOgreTerrain.so;debug;/usr/lib/x86_64-linux-gnu/libOgreTerrain.so
[1.589s] -- Looking for OGRE_Property...
[1.594s] -- Found OGRE_Property: optimized;/usr/lib/x86_64-linux-gnu/libOgreProperty.so;debug;/usr/lib/x86_64-linux-gnu/libOgreProperty.so
[1.594s] -- Looking for OGRE_RTShaderSystem...
[1.600s] -- Found OGRE_RTShaderSystem: optimized;/usr/lib/x86_64-linux-gnu/libOgreRTShaderSystem.so;debug;/usr/lib/x86_64-linux-gnu/libOgreRTShaderSystem.so
[1.600s] -- Looking for OGRE_Volume...
[1.605s] -- Found OGRE_Volume: optimized;/usr/lib/x86_64-linux-gnu/libOgreVolume.so;debug;/usr/lib/x86_64-linux-gnu/libOgreVolume.so
[1.605s] -- Looking for OGRE_Overlay...
[1.610s] -- Found OGRE_Overlay: optimized;/usr/lib/x86_64-linux-gnu/libOgreOverlay.so;debug;/usr/lib/x86_64-linux-gnu/libOgreOverlay.so
[1.730s] -- Looking for ignition-math6 -- found version 6.15.1
[1.732s] -- Looking for ignition-transport8 -- found version 8.2.1
[1.733s] -- Searching for dependencies of ignition-transport8
[1.753s] -- Found Protobuf: /usr/lib/x86_64-linux-gnu/libprotobuf.so (found suitable version "3.12.4", minimum required is "3") 
[1.765s] -- Config-file not installed for ZeroMQ -- checking for pkg-config
[1.770s] -- Checking for module 'libzmq >= 4'
[1.783s] --   Found libzmq , version 4.3.4
[1.820s] -- Found ZeroMQ: TRUE (Required is at least version "4") 
[1.828s] -- Checking for module 'uuid'
[1.841s] --   Found uuid, version 2.37.2
[1.874s] -- Found UUID: TRUE  
[1.876s] -- Looking for ignition-msgs5 -- found version 5.8.1
[1.877s] -- Searching for dependencies of ignition-msgs5
[1.897s] -- Looking for ignition-math6 -- found version 6.15.1
[1.903s] -- Checking for module 'tinyxml2'
[1.916s] --   Found tinyxml2, version 9.0.0
[1.951s] -- Looking for ignition-msgs5 -- found version 5.8.1
[1.954s] -- Looking for ignition-common3 -- found version 3.14.0
[1.954s] -- Searching for dependencies of ignition-common3
[1.954s] -- Looking for dlfcn.h - found
[1.955s] -- Looking for libdl - found
[1.957s] -- Found DL: TRUE  
[1.969s] -- Found tinyobjloader: /usr/lib/x86_64-linux-gnu/cmake/tinyobjloader/tinyobjloader-config.cmake (found version "2.0.0") 
[1.969s] -- Searching for <ignition-common3> component [graphics]
[1.972s] -- Looking for ignition-common3-graphics -- found version 3.14.0
[1.972s] -- Searching for dependencies of ignition-common3-graphics
[1.972s] -- Looking for ignition-math6 -- found version 6.15.1
[1.975s] -- Looking for ignition-fuel_tools4 -- found version 4.4.0
[1.976s] -- Searching for dependencies of ignition-fuel_tools4
[2.057s] -- Found CURL: /usr/lib/x86_64-linux-gnu/libcurl.so (found version "7.81.0")  
[2.066s] -- Checking for module 'jsoncpp'
[2.079s] --   Found jsoncpp, version 1.9.5
[2.113s] -- Found JSONCPP: TRUE  
[2.120s] -- Checking for module 'libzip'
[2.134s] --   Found libzip, version 1.7.3
[2.167s] -- Found ZIP: TRUE  
[2.167s] -- Looking for ignition-common3 -- found version 3.14.0
[2.168s] -- Looking for ignition-math6 -- found version 6.15.1
[2.168s] -- Looking for ignition-msgs5 -- found version 5.8.1
[2.172s] -- Gazebo version: 11.10
[2.172s] -- Checking for module 'tbb'
[2.186s] --   Found tbb, version 2021.5.0
[2.346s] -- Configuring done
[2.400s] -- Generating done
[2.403s] -- Build files have been written to: /home/darshan/ros2_ws/build/champ_gazebo
[2.418s] Invoked command in '/home/darshan/ros2_ws/build/champ_gazebo' returned '0': AMENT_PREFIX_PATH=/home/darshan/ros2_ws/install/champ_msgs:/home/darshan/ros2_ws/install/champ:${AMENT_PREFIX_PATH} CMAKE_PREFIX_PATH=/home/darshan/ros2_ws/install/champ_msgs:/home/darshan/ros2_ws/install/champ:/opt/ros/humble LD_LIBRARY_PATH=/home/darshan/ros2_ws/install/champ_msgs/lib:${LD_LIBRARY_PATH} PYTHONPATH=/home/darshan/ros2_ws/install/champ_msgs/local/lib/python3.10/dist-packages:${PYTHONPATH} /usr/bin/cmake /home/darshan/ros2_ws/src/champ/champ/champ_gazebo -DCMAKE_INSTALL_PREFIX=/home/darshan/ros2_ws/install/champ_gazebo
[2.419s] Invoking command in '/home/darshan/ros2_ws/build/champ_gazebo': AMENT_PREFIX_PATH=/home/darshan/ros2_ws/install/champ_msgs:/home/darshan/ros2_ws/install/champ:${AMENT_PREFIX_PATH} CMAKE_PREFIX_PATH=/home/darshan/ros2_ws/install/champ_msgs:/home/darshan/ros2_ws/install/champ:/opt/ros/humble LD_LIBRARY_PATH=/home/darshan/ros2_ws/install/champ_msgs/lib:${LD_LIBRARY_PATH} PYTHONPATH=/home/darshan/ros2_ws/install/champ_msgs/local/lib/python3.10/dist-packages:${PYTHONPATH} /usr/bin/cmake --build /home/darshan/ros2_ws/build/champ_gazebo -- -j24 -l24
[2.476s] [ 50%] [32mBuilding CXX object CMakeFiles/contact_sensor.dir/src/contact_sensor.cpp.o[0m
[16.961s] [100%] [32m[1mLinking CXX executable contact_sensor[0m
[18.973s] [100%] Built target contact_sensor
[18.985s] Invoked command in '/home/darshan/ros2_ws/build/champ_gazebo' returned '0': AMENT_PREFIX_PATH=/home/darshan/ros2_ws/install/champ_msgs:/home/darshan/ros2_ws/install/champ:${AMENT_PREFIX_PATH} CMAKE_PREFIX_PATH=/home/darshan/ros2_ws/install/champ_msgs:/home/darshan/ros2_ws/install/champ:/opt/ros/humble LD_LIBRARY_PATH=/home/darshan/ros2_ws/install/champ_msgs/lib:${LD_LIBRARY_PATH} PYTHONPATH=/home/darshan/ros2_ws/install/champ_msgs/local/lib/python3.10/dist-packages:${PYTHONPATH} /usr/bin/cmake --build /home/darshan/ros2_ws/build/champ_gazebo -- -j24 -l24
[19.012s] Invoking command in '/home/darshan/ros2_ws/build/champ_gazebo': AMENT_PREFIX_PATH=/home/darshan/ros2_ws/install/champ_msgs:/home/darshan/ros2_ws/install/champ:${AMENT_PREFIX_PATH} CMAKE_PREFIX_PATH=/home/darshan/ros2_ws/install/champ_msgs:/home/darshan/ros2_ws/install/champ:/opt/ros/humble LD_LIBRARY_PATH=/home/darshan/ros2_ws/install/champ_msgs/lib:${LD_LIBRARY_PATH} PYTHONPATH=/home/darshan/ros2_ws/install/champ_msgs/local/lib/python3.10/dist-packages:${PYTHONPATH} /usr/bin/cmake --install /home/darshan/ros2_ws/build/champ_gazebo
[19.019s] -- Install configuration: ""
[19.019s] -- Installing: /home/darshan/ros2_ws/install/champ_gazebo/bin/imu_sensor.py
[19.019s] -- Installing: /home/darshan/ros2_ws/install/champ_gazebo/bin/odometry_tf.py
[19.019s] -- Installing: /home/darshan/ros2_ws/install/champ_gazebo/bin/odometry.py
[19.020s] -- Installing: /home/darshan/ros2_ws/install/champ_gazebo/lib/champ_gazebo/contact_sensor
[19.022s] -- Set runtime path of "/home/darshan/ros2_ws/install/champ_gazebo/lib/champ_gazebo/contact_sensor" to ""
[19.022s] -- Installing: /home/darshan/ros2_ws/install/champ_gazebo/share/champ_gazebo/launch
[19.022s] -- Installing: /home/darshan/ros2_ws/install/champ_gazebo/share/champ_gazebo/launch/gazebo.launch
[19.022s] -- Installing: /home/darshan/ros2_ws/install/champ_gazebo/share/champ_gazebo/launch/spawn_world.launch
[19.022s] -- Installing: /home/darshan/ros2_ws/install/champ_gazebo/share/champ_gazebo/launch/gazebo.launch.py
[19.022s] -- Installing: /home/darshan/ros2_ws/install/champ_gazebo/share/champ_gazebo/launch/spawn_robot.launch
[19.022s] -- Installing: /home/darshan/ros2_ws/install/champ_gazebo/share/champ_gazebo/config
[19.022s] -- Installing: /home/darshan/ros2_ws/install/champ_gazebo/share/champ_gazebo/config/gazebo.yaml
[19.022s] -- Installing: /home/darshan/ros2_ws/install/champ_gazebo/share/champ_gazebo/config/ros_control.yaml
[19.022s] -- Installing: /home/darshan/ros2_ws/install/champ_gazebo/share/champ_gazebo/worlds
[19.023s] -- Installing: /home/darshan/ros2_ws/install/champ_gazebo/share/champ_gazebo/worlds/playground.world
[19.023s] -- Installing: /home/darshan/ros2_ws/install/champ_gazebo/share/champ_gazebo/worlds/default.world
[19.023s] -- Installing: /home/darshan/ros2_ws/install/champ_gazebo/share/champ_gazebo/worlds/outdoor.world
[19.023s] -- Installing: /home/darshan/ros2_ws/install/champ_gazebo/share/ament_index/resource_index/package_run_dependencies/champ_gazebo
[19.023s] -- Installing: /home/darshan/ros2_ws/install/champ_gazebo/share/ament_index/resource_index/parent_prefix_path/champ_gazebo
[19.023s] -- Installing: /home/darshan/ros2_ws/install/champ_gazebo/share/champ_gazebo/environment/ament_prefix_path.sh
[19.024s] -- Installing: /home/darshan/ros2_ws/install/champ_gazebo/share/champ_gazebo/environment/ament_prefix_path.dsv
[19.024s] -- Installing: /home/darshan/ros2_ws/install/champ_gazebo/share/champ_gazebo/environment/path.sh
[19.024s] -- Installing: /home/darshan/ros2_ws/install/champ_gazebo/share/champ_gazebo/environment/path.dsv
[19.024s] -- Installing: /home/darshan/ros2_ws/install/champ_gazebo/share/champ_gazebo/local_setup.bash
[19.024s] -- Installing: /home/darshan/ros2_ws/install/champ_gazebo/share/champ_gazebo/local_setup.sh
[19.024s] -- Installing: /home/darshan/ros2_ws/install/champ_gazebo/share/champ_gazebo/local_setup.zsh
[19.025s] -- Installing: /home/darshan/ros2_ws/install/champ_gazebo/share/champ_gazebo/local_setup.dsv
[19.025s] -- Installing: /home/darshan/ros2_ws/install/champ_gazebo/share/champ_gazebo/package.dsv
[19.025s] -- Installing: /home/darshan/ros2_ws/install/champ_gazebo/share/ament_index/resource_index/packages/champ_gazebo
[19.025s] -- Installing: /home/darshan/ros2_ws/install/champ_gazebo/share/champ_gazebo/cmake/ament_cmake_export_include_directories-extras.cmake
[19.025s] -- Installing: /home/darshan/ros2_ws/install/champ_gazebo/share/champ_gazebo/cmake/ament_cmake_export_dependencies-extras.cmake
[19.025s] -- Installing: /home/darshan/ros2_ws/install/champ_gazebo/share/champ_gazebo/cmake/champ_gazeboConfig.cmake
[19.025s] -- Installing: /home/darshan/ros2_ws/install/champ_gazebo/share/champ_gazebo/cmake/champ_gazeboConfig-version.cmake
[19.026s] -- Installing: /home/darshan/ros2_ws/install/champ_gazebo/share/champ_gazebo/package.xml
[19.028s] Invoked command in '/home/darshan/ros2_ws/build/champ_gazebo' returned '0': AMENT_PREFIX_PATH=/home/darshan/ros2_ws/install/champ_msgs:/home/darshan/ros2_ws/install/champ:${AMENT_PREFIX_PATH} CMAKE_PREFIX_PATH=/home/darshan/ros2_ws/install/champ_msgs:/home/darshan/ros2_ws/install/champ:/opt/ros/humble LD_LIBRARY_PATH=/home/darshan/ros2_ws/install/champ_msgs/lib:${LD_LIBRARY_PATH} PYTHONPATH=/home/darshan/ros2_ws/install/champ_msgs/local/lib/python3.10/dist-packages:${PYTHONPATH} /usr/bin/cmake --install /home/darshan/ros2_ws/build/champ_gazebo
