[0.061s] Invoking command in '/home/darshan/ros2_ws/build/champ_description': CMAKE_PREFIX_PATH=/opt/ros/humble /usr/bin/cmake /home/darshan/ros2_ws/src/champ/champ/champ_description -DCMAKE_INSTALL_PREFIX=/home/darshan/ros2_ws/install/champ_description
[1.025s] -- The C compiler identification is GNU 11.4.0
[1.025s] -- The CXX compiler identification is GNU 11.4.0
[1.025s] -- Detecting C compiler ABI info
[1.025s] -- Detecting C compiler ABI info - done
[1.026s] -- Check for working C compiler: /usr/bin/cc - skipped
[1.026s] -- Detecting C compile features
[1.026s] -- Detecting C compile features - done
[1.026s] -- Detecting CXX compiler ABI info
[1.026s] -- Detecting CXX compiler ABI info - done
[1.026s] -- Check for working CXX compiler: /usr/bin/c++ - skipped
[1.027s] -- Detecting CXX compile features
[1.027s] -- Detecting CXX compile features - done
[1.027s] -- Found ament_cmake: 1.3.10 (/opt/ros/humble/share/ament_cmake/cmake)
[1.027s] -- Found Python3: /usr/bin/python3 (found version "3.10.12") found components: Interpreter 
[1.027s] -- Found ament_lint_auto: 0.12.11 (/opt/ros/humble/share/ament_lint_auto/cmake)
[1.027s] -- Configuring done
[1.028s] -- Generating done
[1.030s] -- Build files have been written to: /home/darshan/ros2_ws/build/champ_description
[1.066s] Invoked command in '/home/darshan/ros2_ws/build/champ_description' returned '0': CMAKE_PREFIX_PATH=/opt/ros/humble /usr/bin/cmake /home/darshan/ros2_ws/src/champ/champ/champ_description -DCMAKE_INSTALL_PREFIX=/home/darshan/ros2_ws/install/champ_description
[1.066s] Invoking command in '/home/darshan/ros2_ws/build/champ_description': CMAKE_PREFIX_PATH=/opt/ros/humble /usr/bin/cmake --build /home/darshan/ros2_ws/build/champ_description -- -j24 -l24
[1.089s] Invoked command in '/home/darshan/ros2_ws/build/champ_description' returned '0': CMAKE_PREFIX_PATH=/opt/ros/humble /usr/bin/cmake --build /home/darshan/ros2_ws/build/champ_description -- -j24 -l24
[1.130s] Invoking command in '/home/darshan/ros2_ws/build/champ_description': CMAKE_PREFIX_PATH=/opt/ros/humble /usr/bin/cmake --install /home/darshan/ros2_ws/build/champ_description
[1.149s] -- Install configuration: ""
[1.150s] -- Installing: /home/darshan/ros2_ws/install/champ_description/share/champ_description/launch
[1.151s] -- Installing: /home/darshan/ros2_ws/install/champ_description/share/champ_description/launch/description.launch
[1.151s] -- Installing: /home/darshan/ros2_ws/install/champ_description/share/champ_description/launch/view_urdf.launch
[1.151s] -- Installing: /home/darshan/ros2_ws/install/champ_description/share/champ_description/launch/description.launch.py
[1.151s] -- Installing: /home/darshan/ros2_ws/install/champ_description/share/champ_description/rviz
[1.151s] -- Installing: /home/darshan/ros2_ws/install/champ_description/share/champ_description/rviz/urdf_viewer.rviz
[1.151s] -- Installing: /home/darshan/ros2_ws/install/champ_description/share/champ_description/meshes
[1.152s] -- Installing: /home/darshan/ros2_ws/install/champ_description/share/champ_description/meshes/base_simple.stl
[1.152s] -- Installing: /home/darshan/ros2_ws/install/champ_description/share/champ_description/meshes/arm
[1.152s] -- Installing: /home/darshan/ros2_ws/install/champ_description/share/champ_description/meshes/arm/upper_arm.stl
[1.152s] -- Installing: /home/darshan/ros2_ws/install/champ_description/share/champ_description/meshes/arm/lower_arm.stl
[1.153s] -- Installing: /home/darshan/ros2_ws/install/champ_description/share/champ_description/meshes/arm/wrist2.stl
[1.153s] -- Installing: /home/darshan/ros2_ws/install/champ_description/share/champ_description/meshes/arm/base.stl
[1.153s] -- Installing: /home/darshan/ros2_ws/install/champ_description/share/champ_description/meshes/arm/wrist1.stl
[1.153s] -- Installing: /home/darshan/ros2_ws/install/champ_description/share/champ_description/meshes/base.stl
[1.153s] -- Installing: /home/darshan/ros2_ws/install/champ_description/share/champ_description/meshes/hokuyo_utm_30lx.dae
[1.154s] -- Installing: /home/darshan/ros2_ws/install/champ_description/share/champ_description/meshes/lower_leg_simple.stl
[1.154s] -- Installing: /home/darshan/ros2_ws/install/champ_description/share/champ_description/meshes/hip.stl
[1.154s] -- Installing: /home/darshan/ros2_ws/install/champ_description/share/champ_description/meshes/upper_leg.stl
[1.154s] -- Installing: /home/darshan/ros2_ws/install/champ_description/share/champ_description/meshes/lower_leg.stl
[1.154s] -- Installing: /home/darshan/ros2_ws/install/champ_description/share/champ_description/meshes/upper_leg_simple.stl
[1.154s] -- Installing: /home/darshan/ros2_ws/install/champ_description/share/champ_description/meshes/asus_camera_simple.dae
[1.155s] -- Installing: /home/darshan/ros2_ws/install/champ_description/share/champ_description/urdf
[1.155s] -- Installing: /home/darshan/ros2_ws/install/champ_description/share/champ_description/urdf/properties.urdf.xacro
[1.155s] -- Installing: /home/darshan/ros2_ws/install/champ_description/share/champ_description/urdf/champ.urdf
[1.155s] -- Installing: /home/darshan/ros2_ws/install/champ_description/share/champ_description/urdf/gen_urdf
[1.155s] -- Installing: /home/darshan/ros2_ws/install/champ_description/share/champ_description/urdf/champ_arm.urdf
[1.155s] -- Installing: /home/darshan/ros2_ws/install/champ_description/share/champ_description/urdf/leg.urdf.xacro
[1.155s] -- Installing: /home/darshan/ros2_ws/install/champ_description/share/champ_description/urdf/accessories.urdf.xacro
[1.156s] -- Installing: /home/darshan/ros2_ws/install/champ_description/share/champ_description/urdf/hokuyo_utm30lx.urdf.xacro
[1.161s] -- Installing: /home/darshan/ros2_ws/install/champ_description/share/champ_description/urdf/champ_velodyne.urdf
[1.161s] -- Installing: /home/darshan/ros2_ws/install/champ_description/share/champ_description/urdf/champ.urdf.xacro
[1.161s] -- Installing: /home/darshan/ros2_ws/install/champ_description/share/champ_description/urdf/asus_camera.urdf.xacro
[1.161s] -- Installing: /home/darshan/ros2_ws/install/champ_description/share/ament_index/resource_index/package_run_dependencies/champ_description
[1.161s] -- Installing: /home/darshan/ros2_ws/install/champ_description/share/ament_index/resource_index/parent_prefix_path/champ_description
[1.162s] -- Installing: /home/darshan/ros2_ws/install/champ_description/share/champ_description/environment/ament_prefix_path.sh
[1.162s] -- Installing: /home/darshan/ros2_ws/install/champ_description/share/champ_description/environment/ament_prefix_path.dsv
[1.162s] -- Installing: /home/darshan/ros2_ws/install/champ_description/share/champ_description/environment/path.sh
[1.164s] -- Installing: /home/darshan/ros2_ws/install/champ_description/share/champ_description/environment/path.dsv
[1.164s] -- Installing: /home/darshan/ros2_ws/install/champ_description/share/champ_description/local_setup.bash
[1.164s] -- Installing: /home/darshan/ros2_ws/install/champ_description/share/champ_description/local_setup.sh
[1.165s] -- Installing: /home/darshan/ros2_ws/install/champ_description/share/champ_description/local_setup.zsh
[1.165s] -- Installing: /home/darshan/ros2_ws/install/champ_description/share/champ_description/local_setup.dsv
[1.165s] -- Installing: /home/darshan/ros2_ws/install/champ_description/share/champ_description/package.dsv
[1.165s] -- Installing: /home/darshan/ros2_ws/install/champ_description/share/ament_index/resource_index/packages/champ_description
[1.165s] -- Installing: /home/darshan/ros2_ws/install/champ_description/share/champ_description/cmake/champ_descriptionConfig.cmake
[1.165s] -- Installing: /home/darshan/ros2_ws/install/champ_description/share/champ_description/cmake/champ_descriptionConfig-version.cmake
[1.165s] -- Installing: /home/darshan/ros2_ws/install/champ_description/share/champ_description/package.xml
[1.206s] Invoked command in '/home/darshan/ros2_ws/build/champ_description' returned '0': CMAKE_PREFIX_PATH=/opt/ros/humble /usr/bin/cmake --install /home/darshan/ros2_ws/build/champ_description
