-- Install configuration: ""
-- Up-to-date: /home/darshan/ros2_ws/install/mini_pupper_slam/share/mini_pupper_slam/launch
-- Up-to-date: /home/darshan/ros2_ws/install/mini_pupper_slam/share/mini_pupper_slam/launch/slam.launch.py
-- Up-to-date: /home/darshan/ros2_ws/install/mini_pupper_slam/share/mini_pupper_slam/config
-- Up-to-date: /home/darshan/ros2_ws/install/mini_pupper_slam/share/mini_pupper_slam/config/slam.lua
-- Up-to-date: /home/darshan/ros2_ws/install/mini_pupper_slam/share/mini_pupper_slam/rviz
-- Up-to-date: /home/darshan/ros2_ws/install/mini_pupper_slam/share/mini_pupper_slam/rviz/slam.rviz
-- Up-to-date: /home/darshan/ros2_ws/install/mini_pupper_slam/share/ament_index/resource_index/package_run_dependencies/mini_pupper_slam
-- Up-to-date: /home/darshan/ros2_ws/install/mini_pupper_slam/share/ament_index/resource_index/parent_prefix_path/mini_pupper_slam
-- Up-to-date: /home/darshan/ros2_ws/install/mini_pupper_slam/share/mini_pupper_slam/environment/ament_prefix_path.sh
-- Up-to-date: /home/darshan/ros2_ws/install/mini_pupper_slam/share/mini_pupper_slam/environment/ament_prefix_path.dsv
-- Up-to-date: /home/darshan/ros2_ws/install/mini_pupper_slam/share/mini_pupper_slam/environment/path.sh
-- Up-to-date: /home/darshan/ros2_ws/install/mini_pupper_slam/share/mini_pupper_slam/environment/path.dsv
-- Up-to-date: /home/darshan/ros2_ws/install/mini_pupper_slam/share/mini_pupper_slam/local_setup.bash
-- Up-to-date: /home/darshan/ros2_ws/install/mini_pupper_slam/share/mini_pupper_slam/local_setup.sh
-- Up-to-date: /home/darshan/ros2_ws/install/mini_pupper_slam/share/mini_pupper_slam/local_setup.zsh
-- Up-to-date: /home/darshan/ros2_ws/install/mini_pupper_slam/share/mini_pupper_slam/local_setup.dsv
-- Up-to-date: /home/darshan/ros2_ws/install/mini_pupper_slam/share/mini_pupper_slam/package.dsv
-- Up-to-date: /home/darshan/ros2_ws/install/mini_pupper_slam/share/ament_index/resource_index/packages/mini_pupper_slam
-- Up-to-date: /home/darshan/ros2_ws/install/mini_pupper_slam/share/mini_pupper_slam/cmake/mini_pupper_slamConfig.cmake
-- Up-to-date: /home/darshan/ros2_ws/install/mini_pupper_slam/share/mini_pupper_slam/cmake/mini_pupper_slamConfig-version.cmake
-- Up-to-date: /home/darshan/ros2_ws/install/mini_pupper_slam/share/mini_pupper_slam/package.xml
