[0.855s] Invoking command in '/home/darshan/ros2_ws/build/mini_pupper_slam': CMAKE_PREFIX_PATH=${CMAKE_PREFIX_PATH}:/home/darshan/ros2_ws/install/mini_pupper_recognition:/home/darshan/ros2_ws/install/mini_pupper_music:/home/darshan/ros2_ws/install/mini_pupper_dance:/home/darshan/ros2_ws/install/mini_pupper_driver:/opt/ros/humble /usr/bin/cmake --build /home/darshan/ros2_ws/build/mini_pupper_slam -- -j24 -l24
[0.924s] Invoked command in '/home/darshan/ros2_ws/build/mini_pupper_slam' returned '0': CMAKE_PREFIX_PATH=${CMAKE_PREFIX_PATH}:/home/darshan/ros2_ws/install/mini_pupper_recognition:/home/darshan/ros2_ws/install/mini_pupper_music:/home/darshan/ros2_ws/install/mini_pupper_dance:/home/darshan/ros2_ws/install/mini_pupper_driver:/opt/ros/humble /usr/bin/cmake --build /home/darshan/ros2_ws/build/mini_pupper_slam -- -j24 -l24
[0.980s] Invoking command in '/home/darshan/ros2_ws/build/mini_pupper_slam': CMAKE_PREFIX_PATH=${CMAKE_PREFIX_PATH}:/home/darshan/ros2_ws/install/mini_pupper_recognition:/home/darshan/ros2_ws/install/mini_pupper_music:/home/darshan/ros2_ws/install/mini_pupper_dance:/home/darshan/ros2_ws/install/mini_pupper_driver:/opt/ros/humble /usr/bin/cmake --install /home/darshan/ros2_ws/build/mini_pupper_slam
[0.991s] -- Install configuration: ""
[0.991s] -- Up-to-date: /home/darshan/ros2_ws/install/mini_pupper_slam/share/mini_pupper_slam/launch
[0.992s] -- Up-to-date: /home/darshan/ros2_ws/install/mini_pupper_slam/share/mini_pupper_slam/launch/slam.launch.py
[0.992s] -- Up-to-date: /home/darshan/ros2_ws/install/mini_pupper_slam/share/mini_pupper_slam/config
[0.992s] -- Up-to-date: /home/darshan/ros2_ws/install/mini_pupper_slam/share/mini_pupper_slam/config/slam.lua
[0.992s] -- Up-to-date: /home/darshan/ros2_ws/install/mini_pupper_slam/share/mini_pupper_slam/rviz
[0.992s] -- Up-to-date: /home/darshan/ros2_ws/install/mini_pupper_slam/share/mini_pupper_slam/rviz/slam.rviz
[0.992s] -- Up-to-date: /home/darshan/ros2_ws/install/mini_pupper_slam/share/ament_index/resource_index/package_run_dependencies/mini_pupper_slam
[0.992s] -- Up-to-date: /home/darshan/ros2_ws/install/mini_pupper_slam/share/ament_index/resource_index/parent_prefix_path/mini_pupper_slam
[0.992s] -- Up-to-date: /home/darshan/ros2_ws/install/mini_pupper_slam/share/mini_pupper_slam/environment/ament_prefix_path.sh
[0.992s] -- Up-to-date: /home/darshan/ros2_ws/install/mini_pupper_slam/share/mini_pupper_slam/environment/ament_prefix_path.dsv
[0.992s] -- Up-to-date: /home/darshan/ros2_ws/install/mini_pupper_slam/share/mini_pupper_slam/environment/path.sh
[0.992s] -- Up-to-date: /home/darshan/ros2_ws/install/mini_pupper_slam/share/mini_pupper_slam/environment/path.dsv
[0.992s] -- Up-to-date: /home/darshan/ros2_ws/install/mini_pupper_slam/share/mini_pupper_slam/local_setup.bash
[0.992s] -- Up-to-date: /home/darshan/ros2_ws/install/mini_pupper_slam/share/mini_pupper_slam/local_setup.sh
[0.992s] -- Up-to-date: /home/darshan/ros2_ws/install/mini_pupper_slam/share/mini_pupper_slam/local_setup.zsh
[0.992s] -- Up-to-date: /home/darshan/ros2_ws/install/mini_pupper_slam/share/mini_pupper_slam/local_setup.dsv
[0.992s] -- Installing: /home/darshan/ros2_ws/install/mini_pupper_slam/share/mini_pupper_slam/package.dsv
[0.992s] -- Up-to-date: /home/darshan/ros2_ws/install/mini_pupper_slam/share/ament_index/resource_index/packages/mini_pupper_slam
[0.992s] -- Up-to-date: /home/darshan/ros2_ws/install/mini_pupper_slam/share/mini_pupper_slam/cmake/mini_pupper_slamConfig.cmake
[0.992s] -- Up-to-date: /home/darshan/ros2_ws/install/mini_pupper_slam/share/mini_pupper_slam/cmake/mini_pupper_slamConfig-version.cmake
[0.992s] -- Up-to-date: /home/darshan/ros2_ws/install/mini_pupper_slam/share/mini_pupper_slam/package.xml
[1.004s] Invoked command in '/home/darshan/ros2_ws/build/mini_pupper_slam' returned '0': CMAKE_PREFIX_PATH=${CMAKE_PREFIX_PATH}:/home/darshan/ros2_ws/install/mini_pupper_recognition:/home/darshan/ros2_ws/install/mini_pupper_music:/home/darshan/ros2_ws/install/mini_pupper_dance:/home/darshan/ros2_ws/install/mini_pupper_driver:/opt/ros/humble /usr/bin/cmake --install /home/darshan/ros2_ws/build/mini_pupper_slam
