[0.325s] Invoking command in '/home/darshan/ros2_ws/build/mini_pupper_gazebo': CMAKE_PREFIX_PATH=${CMAKE_PREFIX_PATH}:/home/darshan/ros2_ws/install/mini_pupper_recognition:/home/darshan/ros2_ws/install/mini_pupper_music:/home/darshan/ros2_ws/install/mini_pupper_dance:/home/darshan/ros2_ws/install/mini_pupper_driver:/opt/ros/humble /usr/bin/cmake --build /home/darshan/ros2_ws/build/mini_pupper_gazebo -- -j24 -l24
[0.868s] Invoked command in '/home/darshan/ros2_ws/build/mini_pupper_gazebo' returned '0': CMAKE_PREFIX_PATH=${CMAKE_PREFIX_PATH}:/home/darshan/ros2_ws/install/mini_pupper_recognition:/home/darshan/ros2_ws/install/mini_pupper_music:/home/darshan/ros2_ws/install/mini_pupper_dance:/home/darshan/ros2_ws/install/mini_pupper_driver:/opt/ros/humble /usr/bin/cmake --build /home/darshan/ros2_ws/build/mini_pupper_gazebo -- -j24 -l24
[0.943s] Invoking command in '/home/darshan/ros2_ws/build/mini_pupper_gazebo': CMAKE_PREFIX_PATH=${CMAKE_PREFIX_PATH}:/home/darshan/ros2_ws/install/mini_pupper_recognition:/home/darshan/ros2_ws/install/mini_pupper_music:/home/darshan/ros2_ws/install/mini_pupper_dance:/home/darshan/ros2_ws/install/mini_pupper_driver:/opt/ros/humble /usr/bin/cmake --install /home/darshan/ros2_ws/build/mini_pupper_gazebo
[0.965s] -- Install configuration: ""
[0.965s] -- Up-to-date: /home/darshan/ros2_ws/install/mini_pupper_gazebo/share/mini_pupper_gazebo/launch
[0.965s] -- Up-to-date: /home/darshan/ros2_ws/install/mini_pupper_gazebo/share/mini_pupper_gazebo/launch/gazebo.launch.py
[0.965s] -- Up-to-date: /home/darshan/ros2_ws/install/mini_pupper_gazebo/share/mini_pupper_gazebo/worlds
[0.965s] -- Up-to-date: /home/darshan/ros2_ws/install/mini_pupper_gazebo/share/mini_pupper_gazebo/worlds/mini_pupper_home.world
[0.965s] -- Up-to-date: /home/darshan/ros2_ws/install/mini_pupper_gazebo/share/mini_pupper_gazebo/worlds/empty.world
[0.965s] -- Up-to-date: /home/darshan/ros2_ws/install/mini_pupper_gazebo/share/ament_index/resource_index/package_run_dependencies/mini_pupper_gazebo
[0.965s] -- Up-to-date: /home/darshan/ros2_ws/install/mini_pupper_gazebo/share/ament_index/resource_index/parent_prefix_path/mini_pupper_gazebo
[0.965s] -- Up-to-date: /home/darshan/ros2_ws/install/mini_pupper_gazebo/share/mini_pupper_gazebo/environment/ament_prefix_path.sh
[0.965s] -- Up-to-date: /home/darshan/ros2_ws/install/mini_pupper_gazebo/share/mini_pupper_gazebo/environment/ament_prefix_path.dsv
[0.965s] -- Up-to-date: /home/darshan/ros2_ws/install/mini_pupper_gazebo/share/mini_pupper_gazebo/environment/path.sh
[0.965s] -- Up-to-date: /home/darshan/ros2_ws/install/mini_pupper_gazebo/share/mini_pupper_gazebo/environment/path.dsv
[0.965s] -- Up-to-date: /home/darshan/ros2_ws/install/mini_pupper_gazebo/share/mini_pupper_gazebo/local_setup.bash
[0.965s] -- Up-to-date: /home/darshan/ros2_ws/install/mini_pupper_gazebo/share/mini_pupper_gazebo/local_setup.sh
[0.965s] -- Up-to-date: /home/darshan/ros2_ws/install/mini_pupper_gazebo/share/mini_pupper_gazebo/local_setup.zsh
[0.965s] -- Up-to-date: /home/darshan/ros2_ws/install/mini_pupper_gazebo/share/mini_pupper_gazebo/local_setup.dsv
[0.965s] -- Installing: /home/darshan/ros2_ws/install/mini_pupper_gazebo/share/mini_pupper_gazebo/package.dsv
[0.965s] -- Up-to-date: /home/darshan/ros2_ws/install/mini_pupper_gazebo/share/ament_index/resource_index/packages/mini_pupper_gazebo
[0.965s] -- Up-to-date: /home/darshan/ros2_ws/install/mini_pupper_gazebo/share/mini_pupper_gazebo/cmake/mini_pupper_gazeboConfig.cmake
[0.965s] -- Up-to-date: /home/darshan/ros2_ws/install/mini_pupper_gazebo/share/mini_pupper_gazebo/cmake/mini_pupper_gazeboConfig-version.cmake
[0.965s] -- Up-to-date: /home/darshan/ros2_ws/install/mini_pupper_gazebo/share/mini_pupper_gazebo/package.xml
[1.010s] Invoked command in '/home/darshan/ros2_ws/build/mini_pupper_gazebo' returned '0': CMAKE_PREFIX_PATH=${CMAKE_PREFIX_PATH}:/home/darshan/ros2_ws/install/mini_pupper_recognition:/home/darshan/ros2_ws/install/mini_pupper_music:/home/darshan/ros2_ws/install/mini_pupper_dance:/home/darshan/ros2_ws/install/mini_pupper_driver:/opt/ros/humble /usr/bin/cmake --install /home/darshan/ros2_ws/build/mini_pupper_gazebo
