-- Install configuration: ""
-- Up-to-date: /home/darshan/ros2_ws/install/mini_pupper_bringup/share/mini_pupper_bringup/launch
-- Up-to-date: /home/darshan/ros2_ws/install/mini_pupper_bringup/share/mini_pupper_bringup/launch/bringup.launch.py
-- Up-to-date: /home/darshan/ros2_ws/install/mini_pupper_bringup/share/mini_pupper_bringup/launch/rviz.launch.py
-- Up-to-date: /home/darshan/ros2_ws/install/mini_pupper_bringup/share/mini_pupper_bringup/launch/hardware_interface.launch.py
-- Up-to-date: /home/darshan/ros2_ws/install/mini_pupper_bringup/share/mini_pupper_bringup/config
-- Up-to-date: /home/darshan/ros2_ws/install/mini_pupper_bringup/share/mini_pupper_bringup/config/mini_pupper_2.yaml
-- Up-to-date: /home/darshan/ros2_ws/install/mini_pupper_bringup/share/mini_pupper_bringup/config/mini_pupper.yaml
-- Up-to-date: /home/darshan/ros2_ws/install/mini_pupper_bringup/share/ament_index/resource_index/package_run_dependencies/mini_pupper_bringup
-- Up-to-date: /home/darshan/ros2_ws/install/mini_pupper_bringup/share/ament_index/resource_index/parent_prefix_path/mini_pupper_bringup
-- Up-to-date: /home/darshan/ros2_ws/install/mini_pupper_bringup/share/mini_pupper_bringup/environment/ament_prefix_path.sh
-- Up-to-date: /home/darshan/ros2_ws/install/mini_pupper_bringup/share/mini_pupper_bringup/environment/ament_prefix_path.dsv
-- Up-to-date: /home/darshan/ros2_ws/install/mini_pupper_bringup/share/mini_pupper_bringup/environment/path.sh
-- Up-to-date: /home/darshan/ros2_ws/install/mini_pupper_bringup/share/mini_pupper_bringup/environment/path.dsv
-- Up-to-date: /home/darshan/ros2_ws/install/mini_pupper_bringup/share/mini_pupper_bringup/local_setup.bash
-- Up-to-date: /home/darshan/ros2_ws/install/mini_pupper_bringup/share/mini_pupper_bringup/local_setup.sh
-- Up-to-date: /home/darshan/ros2_ws/install/mini_pupper_bringup/share/mini_pupper_bringup/local_setup.zsh
-- Up-to-date: /home/darshan/ros2_ws/install/mini_pupper_bringup/share/mini_pupper_bringup/local_setup.dsv
-- Up-to-date: /home/darshan/ros2_ws/install/mini_pupper_bringup/share/mini_pupper_bringup/package.dsv
-- Up-to-date: /home/darshan/ros2_ws/install/mini_pupper_bringup/share/ament_index/resource_index/packages/mini_pupper_bringup
-- Up-to-date: /home/darshan/ros2_ws/install/mini_pupper_bringup/share/mini_pupper_bringup/cmake/mini_pupper_bringupConfig.cmake
-- Up-to-date: /home/darshan/ros2_ws/install/mini_pupper_bringup/share/mini_pupper_bringup/cmake/mini_pupper_bringupConfig-version.cmake
-- Up-to-date: /home/darshan/ros2_ws/install/mini_pupper_bringup/share/mini_pupper_bringup/package.xml
