[0.017s] Invoking command in '/home/darshan/ros2_ws/build/mini_pupper_bringup': AMENT_PREFIX_PATH=/home/darshan/ros2_ws/install/champ_base:/home/darshan/ros2_ws/install/champ_msgs:/home/darshan/ros2_ws/install/champ:${AMENT_PREFIX_PATH} CMAKE_PREFIX_PATH=/home/darshan/ros2_ws/install/champ_base:/home/darshan/ros2_ws/install/champ_msgs:/home/darshan/ros2_ws/install/champ:/opt/ros/humble LD_LIBRARY_PATH=/home/darshan/ros2_ws/install/champ_base/lib:/home/darshan/ros2_ws/install/champ_msgs/lib:${LD_LIBRARY_PATH} PATH=/home/darshan/ros2_ws/install/champ_base/bin:${PATH} PYTHONPATH=/home/darshan/ros2_ws/install/champ_msgs/local/lib/python3.10/dist-packages:${PYTHONPATH} /usr/bin/cmake --build /home/darshan/ros2_ws/build/mini_pupper_bringup -- -j24 -l24
[0.058s] Invoked command in '/home/darshan/ros2_ws/build/mini_pupper_bringup' returned '0': AMENT_PREFIX_PATH=/home/darshan/ros2_ws/install/champ_base:/home/darshan/ros2_ws/install/champ_msgs:/home/darshan/ros2_ws/install/champ:${AMENT_PREFIX_PATH} CMAKE_PREFIX_PATH=/home/darshan/ros2_ws/install/champ_base:/home/darshan/ros2_ws/install/champ_msgs:/home/darshan/ros2_ws/install/champ:/opt/ros/humble LD_LIBRARY_PATH=/home/darshan/ros2_ws/install/champ_base/lib:/home/darshan/ros2_ws/install/champ_msgs/lib:${LD_LIBRARY_PATH} PATH=/home/darshan/ros2_ws/install/champ_base/bin:${PATH} PYTHONPATH=/home/darshan/ros2_ws/install/champ_msgs/local/lib/python3.10/dist-packages:${PYTHONPATH} /usr/bin/cmake --build /home/darshan/ros2_ws/build/mini_pupper_bringup -- -j24 -l24
[0.078s] Invoking command in '/home/darshan/ros2_ws/build/mini_pupper_bringup': AMENT_PREFIX_PATH=/home/darshan/ros2_ws/install/champ_base:/home/darshan/ros2_ws/install/champ_msgs:/home/darshan/ros2_ws/install/champ:${AMENT_PREFIX_PATH} CMAKE_PREFIX_PATH=/home/darshan/ros2_ws/install/champ_base:/home/darshan/ros2_ws/install/champ_msgs:/home/darshan/ros2_ws/install/champ:/opt/ros/humble LD_LIBRARY_PATH=/home/darshan/ros2_ws/install/champ_base/lib:/home/darshan/ros2_ws/install/champ_msgs/lib:${LD_LIBRARY_PATH} PATH=/home/darshan/ros2_ws/install/champ_base/bin:${PATH} PYTHONPATH=/home/darshan/ros2_ws/install/champ_msgs/local/lib/python3.10/dist-packages:${PYTHONPATH} /usr/bin/cmake --install /home/darshan/ros2_ws/build/mini_pupper_bringup
[0.087s] -- Install configuration: ""
[0.087s] -- Up-to-date: /home/darshan/ros2_ws/install/mini_pupper_bringup/share/mini_pupper_bringup/launch
[0.088s] -- Up-to-date: /home/darshan/ros2_ws/install/mini_pupper_bringup/share/mini_pupper_bringup/launch/bringup.launch.py
[0.088s] -- Up-to-date: /home/darshan/ros2_ws/install/mini_pupper_bringup/share/mini_pupper_bringup/launch/rviz.launch.py
[0.088s] -- Up-to-date: /home/darshan/ros2_ws/install/mini_pupper_bringup/share/mini_pupper_bringup/launch/hardware_interface.launch.py
[0.088s] -- Up-to-date: /home/darshan/ros2_ws/install/mini_pupper_bringup/share/mini_pupper_bringup/config
[0.088s] -- Up-to-date: /home/darshan/ros2_ws/install/mini_pupper_bringup/share/mini_pupper_bringup/config/mini_pupper_2.yaml
[0.089s] -- Up-to-date: /home/darshan/ros2_ws/install/mini_pupper_bringup/share/mini_pupper_bringup/config/mini_pupper.yaml
[0.089s] -- Up-to-date: /home/darshan/ros2_ws/install/mini_pupper_bringup/share/ament_index/resource_index/package_run_dependencies/mini_pupper_bringup
[0.089s] -- Up-to-date: /home/darshan/ros2_ws/install/mini_pupper_bringup/share/ament_index/resource_index/parent_prefix_path/mini_pupper_bringup
[0.089s] -- Up-to-date: /home/darshan/ros2_ws/install/mini_pupper_bringup/share/mini_pupper_bringup/environment/ament_prefix_path.sh
[0.089s] -- Up-to-date: /home/darshan/ros2_ws/install/mini_pupper_bringup/share/mini_pupper_bringup/environment/ament_prefix_path.dsv
[0.089s] -- Up-to-date: /home/darshan/ros2_ws/install/mini_pupper_bringup/share/mini_pupper_bringup/environment/path.sh
[0.089s] -- Up-to-date: /home/darshan/ros2_ws/install/mini_pupper_bringup/share/mini_pupper_bringup/environment/path.dsv
[0.089s] -- Up-to-date: /home/darshan/ros2_ws/install/mini_pupper_bringup/share/mini_pupper_bringup/local_setup.bash
[0.089s] -- Up-to-date: /home/darshan/ros2_ws/install/mini_pupper_bringup/share/mini_pupper_bringup/local_setup.sh
[0.090s] -- Up-to-date: /home/darshan/ros2_ws/install/mini_pupper_bringup/share/mini_pupper_bringup/local_setup.zsh
[0.090s] -- Up-to-date: /home/darshan/ros2_ws/install/mini_pupper_bringup/share/mini_pupper_bringup/local_setup.dsv
[0.090s] -- Up-to-date: /home/darshan/ros2_ws/install/mini_pupper_bringup/share/mini_pupper_bringup/package.dsv
[0.090s] -- Up-to-date: /home/darshan/ros2_ws/install/mini_pupper_bringup/share/ament_index/resource_index/packages/mini_pupper_bringup
[0.090s] -- Up-to-date: /home/darshan/ros2_ws/install/mini_pupper_bringup/share/mini_pupper_bringup/cmake/mini_pupper_bringupConfig.cmake
[0.090s] -- Up-to-date: /home/darshan/ros2_ws/install/mini_pupper_bringup/share/mini_pupper_bringup/cmake/mini_pupper_bringupConfig-version.cmake
[0.090s] -- Up-to-date: /home/darshan/ros2_ws/install/mini_pupper_bringup/share/mini_pupper_bringup/package.xml
[0.092s] Invoked command in '/home/darshan/ros2_ws/build/mini_pupper_bringup' returned '0': AMENT_PREFIX_PATH=/home/darshan/ros2_ws/install/champ_base:/home/darshan/ros2_ws/install/champ_msgs:/home/darshan/ros2_ws/install/champ:${AMENT_PREFIX_PATH} CMAKE_PREFIX_PATH=/home/darshan/ros2_ws/install/champ_base:/home/darshan/ros2_ws/install/champ_msgs:/home/darshan/ros2_ws/install/champ:/opt/ros/humble LD_LIBRARY_PATH=/home/darshan/ros2_ws/install/champ_base/lib:/home/darshan/ros2_ws/install/champ_msgs/lib:${LD_LIBRARY_PATH} PATH=/home/darshan/ros2_ws/install/champ_base/bin:${PATH} PYTHONPATH=/home/darshan/ros2_ws/install/champ_msgs/local/lib/python3.10/dist-packages:${PYTHONPATH} /usr/bin/cmake --install /home/darshan/ros2_ws/build/mini_pupper_bringup
