[1.747s] Invoking command in '/home/darshan/ros2_ws/src/mini_pupper_ros/mini_pupper_line_follower': PYTHONPATH=/home/darshan/ros2_ws/build/mini_pupper_line_follower/prefix_override:/usr/lib/python3/dist-packages/colcon_core/task/python/colcon_distutils_commands:/home/darshan/ros2_ws/install/mini_pupper_line_follower/lib/python3.10/site-packages:${PYTHONPATH} /usr/bin/python3 -W ignore:setup.py install is deprecated setup.py egg_info --egg-base ../../../build/mini_pupper_line_follower build --build-base /home/darshan/ros2_ws/build/mini_pupper_line_follower/build install --record /home/darshan/ros2_ws/build/mini_pupper_line_follower/install.log --single-version-externally-managed install_data
[2.008s] running egg_info
[2.008s] writing ../../../build/mini_pupper_line_follower/mini_pupper_line_follower.egg-info/PKG-INFO
[2.009s] writing dependency_links to ../../../build/mini_pupper_line_follower/mini_pupper_line_follower.egg-info/dependency_links.txt
[2.009s] writing entry points to ../../../build/mini_pupper_line_follower/mini_pupper_line_follower.egg-info/entry_points.txt
[2.009s] writing requirements to ../../../build/mini_pupper_line_follower/mini_pupper_line_follower.egg-info/requires.txt
[2.009s] writing top-level names to ../../../build/mini_pupper_line_follower/mini_pupper_line_follower.egg-info/top_level.txt
[2.011s] reading manifest file '../../../build/mini_pupper_line_follower/mini_pupper_line_follower.egg-info/SOURCES.txt'
[2.012s] writing manifest file '../../../build/mini_pupper_line_follower/mini_pupper_line_follower.egg-info/SOURCES.txt'
[2.012s] running build
[2.012s] running build_py
[2.012s] copying mini_pupper_line_follower/line_follower.py -> /home/darshan/ros2_ws/build/mini_pupper_line_follower/build/lib/mini_pupper_line_follower
[2.013s] running install
[2.013s] running install_lib
[2.014s] copying /home/darshan/ros2_ws/build/mini_pupper_line_follower/build/lib/mini_pupper_line_follower/line_follower.py -> /home/darshan/ros2_ws/install/mini_pupper_line_follower/lib/python3.10/site-packages/mini_pupper_line_follower
[2.015s] byte-compiling /home/darshan/ros2_ws/install/mini_pupper_line_follower/lib/python3.10/site-packages/mini_pupper_line_follower/line_follower.py to line_follower.cpython-310.pyc
[2.016s] running install_data
[2.016s] running install_egg_info
[2.018s] removing '/home/darshan/ros2_ws/install/mini_pupper_line_follower/lib/python3.10/site-packages/mini_pupper_line_follower-0.0.0-py3.10.egg-info' (and everything under it)
[2.018s] Copying ../../../build/mini_pupper_line_follower/mini_pupper_line_follower.egg-info to /home/darshan/ros2_ws/install/mini_pupper_line_follower/lib/python3.10/site-packages/mini_pupper_line_follower-0.0.0-py3.10.egg-info
[2.019s] running install_scripts
[2.044s] Installing line_follower_node script to /home/darshan/ros2_ws/install/mini_pupper_line_follower/lib/mini_pupper_line_follower
[2.045s] writing list of installed files to '/home/darshan/ros2_ws/build/mini_pupper_line_follower/install.log'
[2.204s] Invoked command in '/home/darshan/ros2_ws/src/mini_pupper_ros/mini_pupper_line_follower' returned '0': PYTHONPATH=/home/darshan/ros2_ws/build/mini_pupper_line_follower/prefix_override:/usr/lib/python3/dist-packages/colcon_core/task/python/colcon_distutils_commands:/home/darshan/ros2_ws/install/mini_pupper_line_follower/lib/python3.10/site-packages:${PYTHONPATH} /usr/bin/python3 -W ignore:setup.py install is deprecated setup.py egg_info --egg-base ../../../build/mini_pupper_line_follower build --build-base /home/darshan/ros2_ws/build/mini_pupper_line_follower/build install --record /home/darshan/ros2_ws/build/mini_pupper_line_follower/install.log --single-version-externally-managed install_data
