[0.962s] Invoking command in '/home/darshan/ros2_ws/build/mini_pupper_slam': CMAKE_PREFIX_PATH=/opt/ros/humble /usr/bin/cmake /home/darshan/ros2_ws/src/mini_pupper_ros/mini_pupper_slam -DCMAKE_INSTALL_PREFIX=/home/darshan/ros2_ws/install/mini_pupper_slam
[1.023s] -- The C compiler identification is GNU 11.4.0
[1.116s] -- The CXX compiler identification is GNU 11.4.0
[1.130s] -- Detecting C compiler ABI info
[1.198s] -- Detecting C compiler ABI info - done
[1.212s] -- Check for working C compiler: /usr/bin/cc - skipped
[1.212s] -- Detecting C compile features
[1.212s] -- Detecting C compile features - done
[1.218s] -- Detecting CXX compiler ABI info
[1.331s] -- Detecting CXX compiler ABI info - done
[1.346s] -- Check for working CXX compiler: /usr/bin/c++ - skipped
[1.347s] -- Detecting CXX compile features
[1.347s] -- Detecting CXX compile features - done
[1.351s] -- Found ament_cmake: 1.3.10 (/opt/ros/humble/share/ament_cmake/cmake)
[1.550s] -- Found Python3: /usr/bin/python3 (found version "3.10.12") found components: Interpreter 
[1.658s] -- Found ament_lint_auto: 0.12.11 (/opt/ros/humble/share/ament_lint_auto/cmake)
[1.746s] -- Added test 'copyright' to check source files copyright and LICENSE
[1.747s] -- Added test 'flake8' to check Python code syntax and style conventions
[1.748s] -- Added test 'lint_cmake' to check CMake code style
[1.748s] -- Added test 'pep257' to check Python code against some of the docstring style conventions in PEP 257
[1.749s] -- Added test 'xmllint' to check XML markup files
[1.749s] -- Configuring done
[1.752s] -- Generating done
[1.752s] -- Build files have been written to: /home/darshan/ros2_ws/build/mini_pupper_slam
[1.756s] Invoked command in '/home/darshan/ros2_ws/build/mini_pupper_slam' returned '0': CMAKE_PREFIX_PATH=/opt/ros/humble /usr/bin/cmake /home/darshan/ros2_ws/src/mini_pupper_ros/mini_pupper_slam -DCMAKE_INSTALL_PREFIX=/home/darshan/ros2_ws/install/mini_pupper_slam
[1.758s] Invoking command in '/home/darshan/ros2_ws/build/mini_pupper_slam': CMAKE_PREFIX_PATH=/opt/ros/humble /usr/bin/cmake --build /home/darshan/ros2_ws/build/mini_pupper_slam -- -j24 -l24
[1.805s] Invoked command in '/home/darshan/ros2_ws/build/mini_pupper_slam' returned '0': CMAKE_PREFIX_PATH=/opt/ros/humble /usr/bin/cmake --build /home/darshan/ros2_ws/build/mini_pupper_slam -- -j24 -l24
[1.831s] Invoking command in '/home/darshan/ros2_ws/build/mini_pupper_slam': CMAKE_PREFIX_PATH=/opt/ros/humble /usr/bin/cmake --install /home/darshan/ros2_ws/build/mini_pupper_slam
[1.839s] -- Install configuration: ""
[1.839s] -- Installing: /home/darshan/ros2_ws/install/mini_pupper_slam/share/mini_pupper_slam/launch
[1.839s] -- Installing: /home/darshan/ros2_ws/install/mini_pupper_slam/share/mini_pupper_slam/launch/slam.launch.py
[1.839s] -- Installing: /home/darshan/ros2_ws/install/mini_pupper_slam/share/mini_pupper_slam/config
[1.840s] -- Installing: /home/darshan/ros2_ws/install/mini_pupper_slam/share/mini_pupper_slam/config/slam.lua
[1.840s] -- Installing: /home/darshan/ros2_ws/install/mini_pupper_slam/share/mini_pupper_slam/rviz
[1.840s] -- Installing: /home/darshan/ros2_ws/install/mini_pupper_slam/share/mini_pupper_slam/rviz/slam.rviz
[1.840s] -- Installing: /home/darshan/ros2_ws/install/mini_pupper_slam/share/ament_index/resource_index/package_run_dependencies/mini_pupper_slam
[1.840s] -- Installing: /home/darshan/ros2_ws/install/mini_pupper_slam/share/ament_index/resource_index/parent_prefix_path/mini_pupper_slam
[1.840s] -- Installing: /home/darshan/ros2_ws/install/mini_pupper_slam/share/mini_pupper_slam/environment/ament_prefix_path.sh
[1.840s] -- Installing: /home/darshan/ros2_ws/install/mini_pupper_slam/share/mini_pupper_slam/environment/ament_prefix_path.dsv
[1.840s] -- Installing: /home/darshan/ros2_ws/install/mini_pupper_slam/share/mini_pupper_slam/environment/path.sh
[1.841s] -- Installing: /home/darshan/ros2_ws/install/mini_pupper_slam/share/mini_pupper_slam/environment/path.dsv
[1.841s] -- Installing: /home/darshan/ros2_ws/install/mini_pupper_slam/share/mini_pupper_slam/local_setup.bash
[1.841s] -- Installing: /home/darshan/ros2_ws/install/mini_pupper_slam/share/mini_pupper_slam/local_setup.sh
[1.841s] -- Installing: /home/darshan/ros2_ws/install/mini_pupper_slam/share/mini_pupper_slam/local_setup.zsh
[1.841s] -- Installing: /home/darshan/ros2_ws/install/mini_pupper_slam/share/mini_pupper_slam/local_setup.dsv
[1.841s] -- Installing: /home/darshan/ros2_ws/install/mini_pupper_slam/share/mini_pupper_slam/package.dsv
[1.841s] -- Installing: /home/darshan/ros2_ws/install/mini_pupper_slam/share/ament_index/resource_index/packages/mini_pupper_slam
[1.842s] -- Installing: /home/darshan/ros2_ws/install/mini_pupper_slam/share/mini_pupper_slam/cmake/mini_pupper_slamConfig.cmake
[1.842s] -- Installing: /home/darshan/ros2_ws/install/mini_pupper_slam/share/mini_pupper_slam/cmake/mini_pupper_slamConfig-version.cmake
[1.842s] -- Installing: /home/darshan/ros2_ws/install/mini_pupper_slam/share/mini_pupper_slam/package.xml
[1.844s] Invoked command in '/home/darshan/ros2_ws/build/mini_pupper_slam' returned '0': CMAKE_PREFIX_PATH=/opt/ros/humble /usr/bin/cmake --install /home/darshan/ros2_ws/build/mini_pupper_slam
