[0.051s] Invoking command in '/home/darshan/ros2_ws/build/champ_description': CMAKE_PREFIX_PATH=/opt/ros/humble /usr/bin/cmake --build /home/darshan/ros2_ws/build/champ_description -- -j24 -l24
[0.899s] Invoked command in '/home/darshan/ros2_ws/build/champ_description' returned '0': CMAKE_PREFIX_PATH=/opt/ros/humble /usr/bin/cmake --build /home/darshan/ros2_ws/build/champ_description -- -j24 -l24
[0.950s] Invoking command in '/home/darshan/ros2_ws/build/champ_description': CMAKE_PREFIX_PATH=/opt/ros/humble /usr/bin/cmake --install /home/darshan/ros2_ws/build/champ_description
[0.970s] -- Install configuration: ""
[0.973s] -- Up-to-date: /home/darshan/ros2_ws/install/champ_description/share/champ_description/launch
[0.975s] -- Up-to-date: /home/darshan/ros2_ws/install/champ_description/share/champ_description/launch/description.launch
[0.976s] -- Up-to-date: /home/darshan/ros2_ws/install/champ_description/share/champ_description/launch/view_urdf.launch
[0.980s] -- Up-to-date: /home/darshan/ros2_ws/install/champ_description/share/champ_description/launch/description.launch.py
[0.982s] -- Up-to-date: /home/darshan/ros2_ws/install/champ_description/share/champ_description/rviz
[0.984s] -- Up-to-date: /home/darshan/ros2_ws/install/champ_description/share/champ_description/rviz/urdf_viewer.rviz
[0.989s] -- Up-to-date: /home/darshan/ros2_ws/install/champ_description/share/champ_description/meshes
[0.991s] -- Up-to-date: /home/darshan/ros2_ws/install/champ_description/share/champ_description/meshes/base_simple.stl
[0.993s] -- Up-to-date: /home/darshan/ros2_ws/install/champ_description/share/champ_description/meshes/arm
[0.993s] -- Up-to-date: /home/darshan/ros2_ws/install/champ_description/share/champ_description/meshes/arm/upper_arm.stl
[0.994s] -- Up-to-date: /home/darshan/ros2_ws/install/champ_description/share/champ_description/meshes/arm/lower_arm.stl
[0.994s] -- Up-to-date: /home/darshan/ros2_ws/install/champ_description/share/champ_description/meshes/arm/wrist2.stl
[0.994s] -- Up-to-date: /home/darshan/ros2_ws/install/champ_description/share/champ_description/meshes/arm/base.stl
[0.995s] -- Up-to-date: /home/darshan/ros2_ws/install/champ_description/share/champ_description/meshes/arm/wrist1.stl
[0.995s] -- Up-to-date: /home/darshan/ros2_ws/install/champ_description/share/champ_description/meshes/base.stl
[0.995s] -- Up-to-date: /home/darshan/ros2_ws/install/champ_description/share/champ_description/meshes/hokuyo_utm_30lx.dae
[0.995s] -- Up-to-date: /home/darshan/ros2_ws/install/champ_description/share/champ_description/meshes/lower_leg_simple.stl
[0.996s] -- Up-to-date: /home/darshan/ros2_ws/install/champ_description/share/champ_description/meshes/hip.stl
[0.996s] -- Up-to-date: /home/darshan/ros2_ws/install/champ_description/share/champ_description/meshes/upper_leg.stl
[0.996s] -- Up-to-date: /home/darshan/ros2_ws/install/champ_description/share/champ_description/meshes/lower_leg.stl
[0.996s] -- Up-to-date: /home/darshan/ros2_ws/install/champ_description/share/champ_description/meshes/upper_leg_simple.stl
[0.996s] -- Up-to-date: /home/darshan/ros2_ws/install/champ_description/share/champ_description/meshes/asus_camera_simple.dae
[0.996s] -- Up-to-date: /home/darshan/ros2_ws/install/champ_description/share/champ_description/urdf
[0.997s] -- Up-to-date: /home/darshan/ros2_ws/install/champ_description/share/champ_description/urdf/properties.urdf.xacro
[0.997s] -- Up-to-date: /home/darshan/ros2_ws/install/champ_description/share/champ_description/urdf/champ.urdf
[0.997s] -- Up-to-date: /home/darshan/ros2_ws/install/champ_description/share/champ_description/urdf/gen_urdf
[0.997s] -- Up-to-date: /home/darshan/ros2_ws/install/champ_description/share/champ_description/urdf/champ_arm.urdf
[0.997s] -- Up-to-date: /home/darshan/ros2_ws/install/champ_description/share/champ_description/urdf/leg.urdf.xacro
[0.997s] -- Up-to-date: /home/darshan/ros2_ws/install/champ_description/share/champ_description/urdf/accessories.urdf.xacro
[0.998s] -- Up-to-date: /home/darshan/ros2_ws/install/champ_description/share/champ_description/urdf/hokuyo_utm30lx.urdf.xacro
[0.998s] -- Up-to-date: /home/darshan/ros2_ws/install/champ_description/share/champ_description/urdf/champ_velodyne.urdf
[0.998s] -- Up-to-date: /home/darshan/ros2_ws/install/champ_description/share/champ_description/urdf/champ.urdf.xacro
[0.998s] -- Up-to-date: /home/darshan/ros2_ws/install/champ_description/share/champ_description/urdf/asus_camera.urdf.xacro
[0.999s] -- Up-to-date: /home/darshan/ros2_ws/install/champ_description/share/ament_index/resource_index/package_run_dependencies/champ_description
[0.999s] -- Up-to-date: /home/darshan/ros2_ws/install/champ_description/share/ament_index/resource_index/parent_prefix_path/champ_description
[0.999s] -- Up-to-date: /home/darshan/ros2_ws/install/champ_description/share/champ_description/environment/ament_prefix_path.sh
[0.999s] -- Up-to-date: /home/darshan/ros2_ws/install/champ_description/share/champ_description/environment/ament_prefix_path.dsv
[0.999s] -- Up-to-date: /home/darshan/ros2_ws/install/champ_description/share/champ_description/environment/path.sh
[0.999s] -- Up-to-date: /home/darshan/ros2_ws/install/champ_description/share/champ_description/environment/path.dsv
[1.000s] -- Up-to-date: /home/darshan/ros2_ws/install/champ_description/share/champ_description/local_setup.bash
[1.000s] -- Up-to-date: /home/darshan/ros2_ws/install/champ_description/share/champ_description/local_setup.sh
[1.000s] -- Up-to-date: /home/darshan/ros2_ws/install/champ_description/share/champ_description/local_setup.zsh
[1.000s] -- Up-to-date: /home/darshan/ros2_ws/install/champ_description/share/champ_description/local_setup.dsv
[1.000s] -- Up-to-date: /home/darshan/ros2_ws/install/champ_description/share/champ_description/package.dsv
[1.000s] -- Up-to-date: /home/darshan/ros2_ws/install/champ_description/share/ament_index/resource_index/packages/champ_description
[1.007s] -- Up-to-date: /home/darshan/ros2_ws/install/champ_description/share/champ_description/cmake/champ_descriptionConfig.cmake
[1.008s] -- Up-to-date: /home/darshan/ros2_ws/install/champ_description/share/champ_description/cmake/champ_descriptionConfig-version.cmake
[1.008s] -- Up-to-date: /home/darshan/ros2_ws/install/champ_description/share/champ_description/package.xml
[1.023s] Invoked command in '/home/darshan/ros2_ws/build/champ_description' returned '0': CMAKE_PREFIX_PATH=/opt/ros/humble /usr/bin/cmake --install /home/darshan/ros2_ws/build/champ_description
