[0.007s] Invoking command in '/home/darshan/ros2_ws/build/champ_base': AMENT_PREFIX_PATH=/home/darshan/ros2_ws/install/champ_msgs:/home/darshan/ros2_ws/install/champ:${AMENT_PREFIX_PATH} CMAKE_PREFIX_PATH=/home/darshan/ros2_ws/install/champ_msgs:/home/darshan/ros2_ws/install/champ:/opt/ros/humble LD_LIBRARY_PATH=/home/darshan/ros2_ws/install/champ_msgs/lib:${LD_LIBRARY_PATH} PYTHONPATH=/home/darshan/ros2_ws/install/champ_msgs/local/lib/python3.10/dist-packages:${PYTHONPATH} /usr/bin/cmake /home/darshan/ros2_ws/src/champ/champ/champ_base -DCMAKE_INSTALL_PREFIX=/home/darshan/ros2_ws/install/champ_base
[0.066s] -- The C compiler identification is GNU 11.4.0
[0.125s] -- The CXX compiler identification is GNU 11.4.0
[0.132s] -- Detecting C compiler ABI info
[0.197s] -- Detecting C compiler ABI info - done
[0.205s] -- Check for working C compiler: /usr/bin/cc - skipped
[0.205s] -- Detecting C compile features
[0.205s] -- Detecting C compile features - done
[0.209s] -- Detecting CXX compiler ABI info
[0.288s] -- Detecting CXX compiler ABI info - done
[0.296s] -- Check for working CXX compiler: /usr/bin/c++ - skipped
[0.296s] -- Detecting CXX compile features
[0.297s] -- Detecting CXX compile features - done
[0.299s] -- Found ament_cmake: 1.3.10 (/opt/ros/humble/share/ament_cmake/cmake)
[0.456s] -- Found Python3: /usr/bin/python3 (found version "3.10.12") found components: Interpreter 
[0.549s] -- Found rclcpp: 16.0.10 (/opt/ros/humble/share/rclcpp/cmake)
[0.598s] -- Found rosidl_generator_c: 3.1.5 (/opt/ros/humble/share/rosidl_generator_c/cmake)
[0.606s] -- Found rosidl_adapter: 3.1.5 (/opt/ros/humble/share/rosidl_adapter/cmake)
[0.614s] -- Found rosidl_generator_cpp: 3.1.5 (/opt/ros/humble/share/rosidl_generator_cpp/cmake)
[0.633s] -- Using all available rosidl_typesupport_c: rosidl_typesupport_fastrtps_c;rosidl_typesupport_introspection_c
[0.654s] -- Using all available rosidl_typesupport_cpp: rosidl_typesupport_fastrtps_cpp;rosidl_typesupport_introspection_cpp
[0.702s] -- Found rmw_implementation_cmake: 6.1.2 (/opt/ros/humble/share/rmw_implementation_cmake/cmake)
[0.705s] -- Found rmw_fastrtps_cpp: 6.2.7 (/opt/ros/humble/share/rmw_fastrtps_cpp/cmake)
[0.787s] -- Found OpenSSL: /usr/lib/x86_64-linux-gnu/libcrypto.so (found version "3.0.2")  
[0.814s] -- Found FastRTPS: /opt/ros/humble/include  
[0.861s] -- Using RMW implementation 'rmw_fastrtps_cpp' as default
[0.870s] -- Looking for pthread.h
[0.940s] -- Looking for pthread.h - found
[0.941s] -- Performing Test CMAKE_HAVE_LIBC_PTHREAD
[1.010s] -- Performing Test CMAKE_HAVE_LIBC_PTHREAD - Success
[1.012s] -- Found Threads: TRUE  
[1.066s] -- Found rclpy: 3.3.14 (/opt/ros/humble/share/rclpy/cmake)
[1.066s] -- Found champ_msgs: 0.1.0 (/home/darshan/ros2_ws/install/champ_msgs/share/champ_msgs/cmake)
[1.097s] -- Found visualization_msgs: 4.2.4 (/opt/ros/humble/share/visualization_msgs/cmake)
[1.139s] -- Found trajectory_msgs: 4.2.4 (/opt/ros/humble/share/trajectory_msgs/cmake)
[1.157s] -- Found nav_msgs: 4.2.4 (/opt/ros/humble/share/nav_msgs/cmake)
[1.175s] -- Found tf2_ros: 0.25.8 (/opt/ros/humble/share/tf2_ros/cmake)
[1.279s] -- Found urdf: 2.6.1 (/opt/ros/humble/share/urdf/cmake)
[1.303s] -- Found champ: 0.1.0 (/home/darshan/ros2_ws/install/champ/share/champ/cmake)
[1.398s] -- Configuring done
[1.440s] -- Generating done
[1.442s] -- Build files have been written to: /home/darshan/ros2_ws/build/champ_base
[1.454s] Invoked command in '/home/darshan/ros2_ws/build/champ_base' returned '0': AMENT_PREFIX_PATH=/home/darshan/ros2_ws/install/champ_msgs:/home/darshan/ros2_ws/install/champ:${AMENT_PREFIX_PATH} CMAKE_PREFIX_PATH=/home/darshan/ros2_ws/install/champ_msgs:/home/darshan/ros2_ws/install/champ:/opt/ros/humble LD_LIBRARY_PATH=/home/darshan/ros2_ws/install/champ_msgs/lib:${LD_LIBRARY_PATH} PYTHONPATH=/home/darshan/ros2_ws/install/champ_msgs/local/lib/python3.10/dist-packages:${PYTHONPATH} /usr/bin/cmake /home/darshan/ros2_ws/src/champ/champ/champ_base -DCMAKE_INSTALL_PREFIX=/home/darshan/ros2_ws/install/champ_base
[1.455s] Invoking command in '/home/darshan/ros2_ws/build/champ_base': AMENT_PREFIX_PATH=/home/darshan/ros2_ws/install/champ_msgs:/home/darshan/ros2_ws/install/champ:${AMENT_PREFIX_PATH} CMAKE_PREFIX_PATH=/home/darshan/ros2_ws/install/champ_msgs:/home/darshan/ros2_ws/install/champ:/opt/ros/humble LD_LIBRARY_PATH=/home/darshan/ros2_ws/install/champ_msgs/lib:${LD_LIBRARY_PATH} PYTHONPATH=/home/darshan/ros2_ws/install/champ_msgs/local/lib/python3.10/dist-packages:${PYTHONPATH} /usr/bin/cmake --build /home/darshan/ros2_ws/build/champ_base -- -j24 -l24
[1.504s] [  8%] [32mBuilding CXX object CMakeFiles/message_relay.dir/src/message_relay.cpp.o[0m
[1.504s] [ 25%] [32mBuilding CXX object CMakeFiles/quadruped_controller.dir/src/quadruped_controller.cpp.o[0m
[1.504s] [ 25%] [32mBuilding CXX object CMakeFiles/state_estimation.dir/src/state_estimation.cpp.o[0m
[11.254s] [ 33%] [32m[1mLinking CXX shared library libquadruped_controller.so[0m
[12.176s] [ 33%] Built target quadruped_controller
[12.199s] [ 41%] [32mBuilding CXX object CMakeFiles/quadruped_controller_node.dir/src/quadruped_controller_node.cpp.o[0m
[15.003s] [ 50%] [32m[1mLinking CXX shared library libstate_estimation.so[0m
[15.842s] [ 50%] Built target state_estimation
[15.864s] [ 58%] [32mBuilding CXX object CMakeFiles/state_estimation_node.dir/src/state_estimation_node.cpp.o[0m
[16.125s] [ 66%] [32m[1mLinking CXX executable quadruped_controller_node[0m
[16.623s] [ 66%] Built target quadruped_controller_node
[19.543s] [ 75%] [32m[1mLinking CXX shared library libmessage_relay.so[0m
[19.920s] [ 83%] [32m[1mLinking CXX executable state_estimation_node[0m
[20.565s] [ 83%] Built target state_estimation_node
[20.653s] [ 83%] Built target message_relay
[20.671s] [ 91%] [32mBuilding CXX object CMakeFiles/message_relay_node.dir/src/message_relay_node.cpp.o[0m
[24.105s] [100%] [32m[1mLinking CXX executable message_relay_node[0m
[24.683s] [100%] Built target message_relay_node
[24.694s] Invoked command in '/home/darshan/ros2_ws/build/champ_base' returned '0': AMENT_PREFIX_PATH=/home/darshan/ros2_ws/install/champ_msgs:/home/darshan/ros2_ws/install/champ:${AMENT_PREFIX_PATH} CMAKE_PREFIX_PATH=/home/darshan/ros2_ws/install/champ_msgs:/home/darshan/ros2_ws/install/champ:/opt/ros/humble LD_LIBRARY_PATH=/home/darshan/ros2_ws/install/champ_msgs/lib:${LD_LIBRARY_PATH} PYTHONPATH=/home/darshan/ros2_ws/install/champ_msgs/local/lib/python3.10/dist-packages:${PYTHONPATH} /usr/bin/cmake --build /home/darshan/ros2_ws/build/champ_base -- -j24 -l24
[24.732s] Invoking command in '/home/darshan/ros2_ws/build/champ_base': AMENT_PREFIX_PATH=/home/darshan/ros2_ws/install/champ_msgs:/home/darshan/ros2_ws/install/champ:${AMENT_PREFIX_PATH} CMAKE_PREFIX_PATH=/home/darshan/ros2_ws/install/champ_msgs:/home/darshan/ros2_ws/install/champ:/opt/ros/humble LD_LIBRARY_PATH=/home/darshan/ros2_ws/install/champ_msgs/lib:${LD_LIBRARY_PATH} PYTHONPATH=/home/darshan/ros2_ws/install/champ_msgs/local/lib/python3.10/dist-packages:${PYTHONPATH} /usr/bin/cmake --install /home/darshan/ros2_ws/build/champ_base
[24.739s] -- Install configuration: ""
[24.739s] -- Installing: /home/darshan/ros2_ws/install/champ_base/share/champ_base/config
[24.739s] -- Installing: /home/darshan/ros2_ws/install/champ_base/share/champ_base/config/ekf
[24.740s] -- Installing: /home/darshan/ros2_ws/install/champ_base/share/champ_base/config/ekf/footprint_to_odom.yaml
[24.740s] -- Installing: /home/darshan/ros2_ws/install/champ_base/share/champ_base/config/ekf/base_to_footprint.yaml
[24.740s] -- Installing: /home/darshan/ros2_ws/install/champ_base/share/champ_base/config/velocity_smoother
[24.740s] -- Installing: /home/darshan/ros2_ws/install/champ_base/share/champ_base/config/velocity_smoother/velocity_smoother.yaml
[24.740s] -- Installing: /home/darshan/ros2_ws/install/champ_base/lib/libquadruped_controller.so
[24.749s] -- Set runtime path of "/home/darshan/ros2_ws/install/champ_base/lib/libquadruped_controller.so" to ""
[24.749s] -- Installing: /home/darshan/ros2_ws/install/champ_base/bin/quadruped_controller_node
[24.749s] -- Set runtime path of "/home/darshan/ros2_ws/install/champ_base/bin/quadruped_controller_node" to ""
[24.750s] -- Installing: /home/darshan/ros2_ws/install/champ_base/lib/libmessage_relay.so
[24.762s] -- Set runtime path of "/home/darshan/ros2_ws/install/champ_base/lib/libmessage_relay.so" to ""
[24.762s] -- Installing: /home/darshan/ros2_ws/install/champ_base/bin/message_relay_node
[24.762s] -- Set runtime path of "/home/darshan/ros2_ws/install/champ_base/bin/message_relay_node" to ""
[24.762s] -- Installing: /home/darshan/ros2_ws/install/champ_base/lib/libstate_estimation.so
[24.775s] -- Set runtime path of "/home/darshan/ros2_ws/install/champ_base/lib/libstate_estimation.so" to ""
[24.775s] -- Installing: /home/darshan/ros2_ws/install/champ_base/bin/state_estimation_node
[24.776s] -- Set runtime path of "/home/darshan/ros2_ws/install/champ_base/bin/state_estimation_node" to ""
[24.776s] -- Installing: /home/darshan/ros2_ws/install/champ_base/lib/champ_base/quadruped_controller_node
[24.776s] -- Set runtime path of "/home/darshan/ros2_ws/install/champ_base/lib/champ_base/quadruped_controller_node" to ""
[24.776s] -- Installing: /home/darshan/ros2_ws/install/champ_base/lib/champ_base/message_relay_node
[24.777s] -- Set runtime path of "/home/darshan/ros2_ws/install/champ_base/lib/champ_base/message_relay_node" to ""
[24.777s] -- Installing: /home/darshan/ros2_ws/install/champ_base/lib/champ_base/state_estimation_node
[24.777s] -- Set runtime path of "/home/darshan/ros2_ws/install/champ_base/lib/champ_base/state_estimation_node" to ""
[24.778s] -- Installing: /home/darshan/ros2_ws/install/champ_base/share/ament_index/resource_index/package_run_dependencies/champ_base
[24.778s] -- Installing: /home/darshan/ros2_ws/install/champ_base/share/ament_index/resource_index/parent_prefix_path/champ_base
[24.778s] -- Installing: /home/darshan/ros2_ws/install/champ_base/share/champ_base/environment/ament_prefix_path.sh
[24.778s] -- Installing: /home/darshan/ros2_ws/install/champ_base/share/champ_base/environment/ament_prefix_path.dsv
[24.778s] -- Installing: /home/darshan/ros2_ws/install/champ_base/share/champ_base/environment/path.sh
[24.778s] -- Installing: /home/darshan/ros2_ws/install/champ_base/share/champ_base/environment/path.dsv
[24.778s] -- Installing: /home/darshan/ros2_ws/install/champ_base/share/champ_base/local_setup.bash
[24.778s] -- Installing: /home/darshan/ros2_ws/install/champ_base/share/champ_base/local_setup.sh
[24.779s] -- Installing: /home/darshan/ros2_ws/install/champ_base/share/champ_base/local_setup.zsh
[24.779s] -- Installing: /home/darshan/ros2_ws/install/champ_base/share/champ_base/local_setup.dsv
[24.779s] -- Installing: /home/darshan/ros2_ws/install/champ_base/share/champ_base/package.dsv
[24.779s] -- Installing: /home/darshan/ros2_ws/install/champ_base/share/ament_index/resource_index/packages/champ_base
[24.779s] -- Installing: /home/darshan/ros2_ws/install/champ_base/share/champ_base/cmake/ament_cmake_export_include_directories-extras.cmake
[24.779s] -- Installing: /home/darshan/ros2_ws/install/champ_base/share/champ_base/cmake/ament_cmake_export_dependencies-extras.cmake
[24.779s] -- Installing: /home/darshan/ros2_ws/install/champ_base/share/champ_base/cmake/champ_baseConfig.cmake
[24.779s] -- Installing: /home/darshan/ros2_ws/install/champ_base/share/champ_base/cmake/champ_baseConfig-version.cmake
[24.779s] -- Installing: /home/darshan/ros2_ws/install/champ_base/share/champ_base/package.xml
[24.782s] Invoked command in '/home/darshan/ros2_ws/build/champ_base' returned '0': AMENT_PREFIX_PATH=/home/darshan/ros2_ws/install/champ_msgs:/home/darshan/ros2_ws/install/champ:${AMENT_PREFIX_PATH} CMAKE_PREFIX_PATH=/home/darshan/ros2_ws/install/champ_msgs:/home/darshan/ros2_ws/install/champ:/opt/ros/humble LD_LIBRARY_PATH=/home/darshan/ros2_ws/install/champ_msgs/lib:${LD_LIBRARY_PATH} PYTHONPATH=/home/darshan/ros2_ws/install/champ_msgs/local/lib/python3.10/dist-packages:${PYTHONPATH} /usr/bin/cmake --install /home/darshan/ros2_ws/build/champ_base
