running egg_info
creating ../../../build/mini_pupper_line_follower/mini_pupper_line_follower.egg-info
writing ../../../build/mini_pupper_line_follower/mini_pupper_line_follower.egg-info/PKG-INFO
writing dependency_links to ../../../build/mini_pupper_line_follower/mini_pupper_line_follower.egg-info/dependency_links.txt
writing entry points to ../../../build/mini_pupper_line_follower/mini_pupper_line_follower.egg-info/entry_points.txt
writing requirements to ../../../build/mini_pupper_line_follower/mini_pupper_line_follower.egg-info/requires.txt
writing top-level names to ../../../build/mini_pupper_line_follower/mini_pupper_line_follower.egg-info/top_level.txt
writing manifest file '../../../build/mini_pupper_line_follower/mini_pupper_line_follower.egg-info/SOURCES.txt'
reading manifest file '../../../build/mini_pupper_line_follower/mini_pupper_line_follower.egg-info/SOURCES.txt'
writing manifest file '../../../build/mini_pupper_line_follower/mini_pupper_line_follower.egg-info/SOURCES.txt'
running build
running build_py
creating /home/darshan/ros2_ws/build/mini_pupper_line_follower/build
creating /home/darshan/ros2_ws/build/mini_pupper_line_follower/build/lib
creating /home/darshan/ros2_ws/build/mini_pupper_line_follower/build/lib/mini_pupper_line_follower
copying mini_pupper_line_follower/__init__.py -> /home/darshan/ros2_ws/build/mini_pupper_line_follower/build/lib/mini_pupper_line_follower
copying mini_pupper_line_follower/line_follower.py -> /home/darshan/ros2_ws/build/mini_pupper_line_follower/build/lib/mini_pupper_line_follower
running install
running install_lib
creating /home/darshan/ros2_ws/install/mini_pupper_line_follower/lib/python3.10/site-packages/mini_pupper_line_follower
copying /home/darshan/ros2_ws/build/mini_pupper_line_follower/build/lib/mini_pupper_line_follower/__init__.py -> /home/darshan/ros2_ws/install/mini_pupper_line_follower/lib/python3.10/site-packages/mini_pupper_line_follower
copying /home/darshan/ros2_ws/build/mini_pupper_line_follower/build/lib/mini_pupper_line_follower/line_follower.py -> /home/darshan/ros2_ws/install/mini_pupper_line_follower/lib/python3.10/site-packages/mini_pupper_line_follower
byte-compiling /home/darshan/ros2_ws/install/mini_pupper_line_follower/lib/python3.10/site-packages/mini_pupper_line_follower/__init__.py to __init__.cpython-310.pyc
byte-compiling /home/darshan/ros2_ws/install/mini_pupper_line_follower/lib/python3.10/site-packages/mini_pupper_line_follower/line_follower.py to line_follower.cpython-310.pyc
running install_data
creating /home/darshan/ros2_ws/install/mini_pupper_line_follower/share/ament_index
creating /home/darshan/ros2_ws/install/mini_pupper_line_follower/share/ament_index/resource_index
creating /home/darshan/ros2_ws/install/mini_pupper_line_follower/share/ament_index/resource_index/packages
copying resource/mini_pupper_line_follower -> /home/darshan/ros2_ws/install/mini_pupper_line_follower/share/ament_index/resource_index/packages
copying package.xml -> /home/darshan/ros2_ws/install/mini_pupper_line_follower/share/mini_pupper_line_follower
running install_egg_info
Copying ../../../build/mini_pupper_line_follower/mini_pupper_line_follower.egg-info to /home/darshan/ros2_ws/install/mini_pupper_line_follower/lib/python3.10/site-packages/mini_pupper_line_follower-0.0.0-py3.10.egg-info
running install_scripts
Installing line_follower_node script to /home/darshan/ros2_ws/install/mini_pupper_line_follower/lib/mini_pupper_line_follower
writing list of installed files to '/home/darshan/ros2_ws/build/mini_pupper_line_follower/install.log'
