[0.027s] Invoking command in '/home/darshan/ros2_ws/build/champ_gazebo': CMAKE_PREFIX_PATH=/home/darshan/ros2_ws/install/champ_msgs:/home/darshan/ros2_ws/install/champ:/home/darshan/ros2_ws/install/mini_pupper_slam:/home/darshan/ros2_ws/install/mini_pupper_navigation:/home/darshan/ros2_ws/install/mini_pupper_interfaces:/home/darshan/ros2_ws/install/mini_pupper_gazebo:/home/darshan/ros2_ws/install/mini_pupper_description:/home/darshan/ros2_ws/install/mini_pupper_bringup:/home/darshan/ros2_ws/install/ldlidar_stl_ros2:/home/darshan/ros2_ws/install/champ_teleop:/home/darshan/ros2_ws/install/champ_navigation:/home/darshan/ros2_ws/install/champ_gazebo:/home/darshan/ros2_ws/install/champ_bringup:/home/darshan/ros2_ws/install/champ_base:/home/darshan/ros2_ws/install/champ_description:/home/darshan/ros2_ws/install/champ_config:/home/darshan/ros2_ws/install/mini_pupper_recognition:/home/darshan/ros2_ws/install/mini_pupper_music:/home/darshan/ros2_ws/install/mini_pupper_dance:/home/darshan/ros2_ws/install/mini_pupper_driver:/opt/ros/humble LD_LIBRARY_PATH=/home/darshan/ros2_ws/install/champ_msgs/lib:/home/darshan/ros2_ws/install/mini_pupper_interfaces/lib:/home/darshan/ros2_ws/install/champ_base/lib:/usr/lib/x86_64-linux-gnu/gazebo-11/plugins:/opt/ros/humble/opt/rviz_ogre_vendor/lib:/opt/ros/humble/lib/x86_64-linux-gnu:/opt/ros/humble/lib /usr/bin/cmake --build /home/darshan/ros2_ws/build/champ_gazebo -- -j24 -l24
[0.075s] -- Found ament_cmake: 1.3.10 (/opt/ros/humble/share/ament_cmake/cmake)
[0.173s] -- Found rclcpp: 16.0.10 (/opt/ros/humble/share/rclcpp/cmake)
[0.209s] -- Found rosidl_generator_c: 3.1.5 (/opt/ros/humble/share/rosidl_generator_c/cmake)
[0.211s] -- Found rosidl_adapter: 3.1.5 (/opt/ros/humble/share/rosidl_adapter/cmake)
[0.218s] -- Found rosidl_generator_cpp: 3.1.5 (/opt/ros/humble/share/rosidl_generator_cpp/cmake)
[0.228s] -- Using all available rosidl_typesupport_c: rosidl_typesupport_fastrtps_c;rosidl_typesupport_introspection_c
[0.240s] -- Using all available rosidl_typesupport_cpp: rosidl_typesupport_fastrtps_cpp;rosidl_typesupport_introspection_cpp
[0.274s] -- Found rmw_implementation_cmake: 6.1.2 (/opt/ros/humble/share/rmw_implementation_cmake/cmake)
[0.277s] -- Found rmw_fastrtps_cpp: 6.2.7 (/opt/ros/humble/share/rmw_fastrtps_cpp/cmake)
[0.388s] -- Using RMW implementation 'rmw_fastrtps_cpp' as default
[0.443s] -- Found urdf: 2.6.1 (/opt/ros/humble/share/urdf/cmake)
[0.462s] -- Found champ: 0.1.0 (/home/darshan/ros2_ws/install/champ/share/champ/cmake)
[0.463s] -- Found champ_msgs: 0.1.0 (/home/darshan/ros2_ws/install/champ_msgs/share/champ_msgs/cmake)
[0.486s] -- Found gazebo_ros2_control: 0.4.10 (/opt/ros/humble/share/gazebo_ros2_control/cmake)
[0.652s] -- Found DART: /usr/include (Required is at least version "6.6") found components: dart 
[0.683s] -- Found Protobuf: /usr/lib/x86_64-linux-gnu/libprotobuf.so (found version "3.12.4") 
[0.685s] -- Looking for ignition-math6 -- found version 6.15.1
[0.693s] -- Searching for dependencies of ignition-math6
[0.699s] -- Looking for OGRE...
[0.709s] -- Found Ogre Ghadamon (1.9.0)
[0.710s] -- Found OGRE: optimized;/usr/lib/x86_64-linux-gnu/libOgreMain.so;debug;/usr/lib/x86_64-linux-gnu/libOgreMain.so
[0.726s] -- Looking for OGRE_Paging...
[0.726s] -- Found OGRE_Paging: optimized;/usr/lib/x86_64-linux-gnu/libOgrePaging.so;debug;/usr/lib/x86_64-linux-gnu/libOgrePaging.so
[0.726s] -- Looking for OGRE_Terrain...
[0.726s] -- Found OGRE_Terrain: optimized;/usr/lib/x86_64-linux-gnu/libOgreTerrain.so;debug;/usr/lib/x86_64-linux-gnu/libOgreTerrain.so
[0.726s] -- Looking for OGRE_Property...
[0.726s] -- Found OGRE_Property: optimized;/usr/lib/x86_64-linux-gnu/libOgreProperty.so;debug;/usr/lib/x86_64-linux-gnu/libOgreProperty.so
[0.726s] -- Looking for OGRE_RTShaderSystem...
[0.726s] -- Found OGRE_RTShaderSystem: optimized;/usr/lib/x86_64-linux-gnu/libOgreRTShaderSystem.so;debug;/usr/lib/x86_64-linux-gnu/libOgreRTShaderSystem.so
[0.726s] -- Looking for OGRE_Volume...
[0.726s] -- Found OGRE_Volume: optimized;/usr/lib/x86_64-linux-gnu/libOgreVolume.so;debug;/usr/lib/x86_64-linux-gnu/libOgreVolume.so
[0.726s] -- Looking for OGRE_Overlay...
[0.726s] -- Found OGRE_Overlay: optimized;/usr/lib/x86_64-linux-gnu/libOgreOverlay.so;debug;/usr/lib/x86_64-linux-gnu/libOgreOverlay.so
[0.856s] -- Looking for ignition-math6 -- found version 6.15.1
[0.858s] -- Looking for ignition-transport8 -- found version 8.2.1
[0.858s] -- Searching for dependencies of ignition-transport8
[0.876s] -- Found Protobuf: /usr/lib/x86_64-linux-gnu/libprotobuf.so (found suitable version "3.12.4", minimum required is "3") 
[0.888s] -- Config-file not installed for ZeroMQ -- checking for pkg-config
[0.893s] -- Checking for module 'libzmq >= 4'
[0.915s] --   Found libzmq , version 4.3.4
[0.982s] -- Checking for module 'uuid'
[1.005s] --   Found uuid, version 2.37.2
[1.051s] -- Looking for ignition-msgs5 -- found version 5.8.1
[1.052s] -- Searching for dependencies of ignition-msgs5
[1.075s] -- Looking for ignition-math6 -- found version 6.15.1
[1.083s] -- Looking for ignition-msgs5 -- found version 5.8.1
[1.084s] -- Looking for ignition-common3 -- found version 3.14.0
[1.085s] -- Searching for dependencies of ignition-common3
[1.085s] -- Looking for dlfcn.h - found
[1.085s] -- Looking for libdl - found
[1.105s] -- Searching for <ignition-common3> component [graphics]
[1.106s] -- Looking for ignition-common3-graphics -- found version 3.14.0
[1.107s] -- Searching for dependencies of ignition-common3-graphics
[1.108s] -- Looking for ignition-math6 -- found version 6.15.1
[1.111s] -- Looking for ignition-fuel_tools4 -- found version 4.4.0
[1.111s] -- Searching for dependencies of ignition-fuel_tools4
[1.159s] -- Checking for module 'jsoncpp'
[1.183s] --   Found jsoncpp, version 1.9.5
[1.250s] -- Checking for module 'libzip'
[1.276s] --   Found libzip, version 1.7.3
[1.329s] -- Looking for ignition-common3 -- found version 3.14.0
[1.330s] -- Looking for ignition-math6 -- found version 6.15.1
[1.331s] -- Looking for ignition-msgs5 -- found version 5.8.1
[1.335s] -- Gazebo version: 11.10
[1.459s] -- Configuring done
[1.664s] -- Generating done
[1.666s] -- Build files have been written to: /home/darshan/ros2_ws/build/champ_gazebo
[1.698s] [35m[1mConsolidate compiler generated dependencies of target contact_sensor[0m
[1.799s] [ 50%] [32m[1mLinking CXX executable contact_sensor[0m
[4.115s] [100%] Built target contact_sensor
[4.124s] Invoked command in '/home/darshan/ros2_ws/build/champ_gazebo' returned '0': CMAKE_PREFIX_PATH=/home/darshan/ros2_ws/install/champ_msgs:/home/darshan/ros2_ws/install/champ:/home/darshan/ros2_ws/install/mini_pupper_slam:/home/darshan/ros2_ws/install/mini_pupper_navigation:/home/darshan/ros2_ws/install/mini_pupper_interfaces:/home/darshan/ros2_ws/install/mini_pupper_gazebo:/home/darshan/ros2_ws/install/mini_pupper_description:/home/darshan/ros2_ws/install/mini_pupper_bringup:/home/darshan/ros2_ws/install/ldlidar_stl_ros2:/home/darshan/ros2_ws/install/champ_teleop:/home/darshan/ros2_ws/install/champ_navigation:/home/darshan/ros2_ws/install/champ_gazebo:/home/darshan/ros2_ws/install/champ_bringup:/home/darshan/ros2_ws/install/champ_base:/home/darshan/ros2_ws/install/champ_description:/home/darshan/ros2_ws/install/champ_config:/home/darshan/ros2_ws/install/mini_pupper_recognition:/home/darshan/ros2_ws/install/mini_pupper_music:/home/darshan/ros2_ws/install/mini_pupper_dance:/home/darshan/ros2_ws/install/mini_pupper_driver:/opt/ros/humble LD_LIBRARY_PATH=/home/darshan/ros2_ws/install/champ_msgs/lib:/home/darshan/ros2_ws/install/mini_pupper_interfaces/lib:/home/darshan/ros2_ws/install/champ_base/lib:/usr/lib/x86_64-linux-gnu/gazebo-11/plugins:/opt/ros/humble/opt/rviz_ogre_vendor/lib:/opt/ros/humble/lib/x86_64-linux-gnu:/opt/ros/humble/lib /usr/bin/cmake --build /home/darshan/ros2_ws/build/champ_gazebo -- -j24 -l24
[4.150s] Invoking command in '/home/darshan/ros2_ws/build/champ_gazebo': CMAKE_PREFIX_PATH=/home/darshan/ros2_ws/install/champ_msgs:/home/darshan/ros2_ws/install/champ:/home/darshan/ros2_ws/install/mini_pupper_slam:/home/darshan/ros2_ws/install/mini_pupper_navigation:/home/darshan/ros2_ws/install/mini_pupper_interfaces:/home/darshan/ros2_ws/install/mini_pupper_gazebo:/home/darshan/ros2_ws/install/mini_pupper_description:/home/darshan/ros2_ws/install/mini_pupper_bringup:/home/darshan/ros2_ws/install/ldlidar_stl_ros2:/home/darshan/ros2_ws/install/champ_teleop:/home/darshan/ros2_ws/install/champ_navigation:/home/darshan/ros2_ws/install/champ_gazebo:/home/darshan/ros2_ws/install/champ_bringup:/home/darshan/ros2_ws/install/champ_base:/home/darshan/ros2_ws/install/champ_description:/home/darshan/ros2_ws/install/champ_config:/home/darshan/ros2_ws/install/mini_pupper_recognition:/home/darshan/ros2_ws/install/mini_pupper_music:/home/darshan/ros2_ws/install/mini_pupper_dance:/home/darshan/ros2_ws/install/mini_pupper_driver:/opt/ros/humble LD_LIBRARY_PATH=/home/darshan/ros2_ws/install/champ_msgs/lib:/home/darshan/ros2_ws/install/mini_pupper_interfaces/lib:/home/darshan/ros2_ws/install/champ_base/lib:/usr/lib/x86_64-linux-gnu/gazebo-11/plugins:/opt/ros/humble/opt/rviz_ogre_vendor/lib:/opt/ros/humble/lib/x86_64-linux-gnu:/opt/ros/humble/lib /usr/bin/cmake --install /home/darshan/ros2_ws/build/champ_gazebo
[4.158s] -- Install configuration: ""
[4.158s] -- Up-to-date: /home/darshan/ros2_ws/install/champ_gazebo/bin/imu_sensor.py
[4.158s] -- Up-to-date: /home/darshan/ros2_ws/install/champ_gazebo/bin/odometry_tf.py
[4.158s] -- Up-to-date: /home/darshan/ros2_ws/install/champ_gazebo/bin/odometry.py
[4.159s] -- Installing: /home/darshan/ros2_ws/install/champ_gazebo/lib/champ_gazebo/contact_sensor
[4.161s] -- Set runtime path of "/home/darshan/ros2_ws/install/champ_gazebo/lib/champ_gazebo/contact_sensor" to ""
[4.161s] -- Up-to-date: /home/darshan/ros2_ws/install/champ_gazebo/share/champ_gazebo/launch
[4.161s] -- Up-to-date: /home/darshan/ros2_ws/install/champ_gazebo/share/champ_gazebo/launch/gazebo.launch
[4.161s] -- Up-to-date: /home/darshan/ros2_ws/install/champ_gazebo/share/champ_gazebo/launch/spawn_world.launch
[4.161s] -- Up-to-date: /home/darshan/ros2_ws/install/champ_gazebo/share/champ_gazebo/launch/gazebo.launch.py
[4.161s] -- Up-to-date: /home/darshan/ros2_ws/install/champ_gazebo/share/champ_gazebo/launch/spawn_robot.launch
[4.161s] -- Up-to-date: /home/darshan/ros2_ws/install/champ_gazebo/share/champ_gazebo/config
[4.161s] -- Up-to-date: /home/darshan/ros2_ws/install/champ_gazebo/share/champ_gazebo/config/gazebo.yaml
[4.161s] -- Up-to-date: /home/darshan/ros2_ws/install/champ_gazebo/share/champ_gazebo/config/ros_control.yaml
[4.161s] -- Up-to-date: /home/darshan/ros2_ws/install/champ_gazebo/share/champ_gazebo/worlds
[4.161s] -- Up-to-date: /home/darshan/ros2_ws/install/champ_gazebo/share/champ_gazebo/worlds/playground.world
[4.161s] -- Up-to-date: /home/darshan/ros2_ws/install/champ_gazebo/share/champ_gazebo/worlds/default.world
[4.162s] -- Up-to-date: /home/darshan/ros2_ws/install/champ_gazebo/share/champ_gazebo/worlds/outdoor.world
[4.162s] -- Up-to-date: /home/darshan/ros2_ws/install/champ_gazebo/share/ament_index/resource_index/package_run_dependencies/champ_gazebo
[4.162s] -- Installing: /home/darshan/ros2_ws/install/champ_gazebo/share/ament_index/resource_index/parent_prefix_path/champ_gazebo
[4.162s] -- Up-to-date: /home/darshan/ros2_ws/install/champ_gazebo/share/champ_gazebo/environment/ament_prefix_path.sh
[4.162s] -- Installing: /home/darshan/ros2_ws/install/champ_gazebo/share/champ_gazebo/environment/ament_prefix_path.dsv
[4.162s] -- Up-to-date: /home/darshan/ros2_ws/install/champ_gazebo/share/champ_gazebo/environment/path.sh
[4.162s] -- Installing: /home/darshan/ros2_ws/install/champ_gazebo/share/champ_gazebo/environment/path.dsv
[4.162s] -- Up-to-date: /home/darshan/ros2_ws/install/champ_gazebo/share/champ_gazebo/local_setup.bash
[4.162s] -- Up-to-date: /home/darshan/ros2_ws/install/champ_gazebo/share/champ_gazebo/local_setup.sh
[4.162s] -- Up-to-date: /home/darshan/ros2_ws/install/champ_gazebo/share/champ_gazebo/local_setup.zsh
[4.162s] -- Installing: /home/darshan/ros2_ws/install/champ_gazebo/share/champ_gazebo/local_setup.dsv
[4.162s] -- Installing: /home/darshan/ros2_ws/install/champ_gazebo/share/champ_gazebo/package.dsv
[4.162s] -- Up-to-date: /home/darshan/ros2_ws/install/champ_gazebo/share/ament_index/resource_index/packages/champ_gazebo
[4.162s] -- Up-to-date: /home/darshan/ros2_ws/install/champ_gazebo/share/champ_gazebo/cmake/ament_cmake_export_include_directories-extras.cmake
[4.162s] -- Up-to-date: /home/darshan/ros2_ws/install/champ_gazebo/share/champ_gazebo/cmake/ament_cmake_export_dependencies-extras.cmake
[4.162s] -- Up-to-date: /home/darshan/ros2_ws/install/champ_gazebo/share/champ_gazebo/cmake/champ_gazeboConfig.cmake
[4.162s] -- Up-to-date: /home/darshan/ros2_ws/install/champ_gazebo/share/champ_gazebo/cmake/champ_gazeboConfig-version.cmake
[4.163s] -- Up-to-date: /home/darshan/ros2_ws/install/champ_gazebo/share/champ_gazebo/package.xml
[4.164s] Invoked command in '/home/darshan/ros2_ws/build/champ_gazebo' returned '0': CMAKE_PREFIX_PATH=/home/darshan/ros2_ws/install/champ_msgs:/home/darshan/ros2_ws/install/champ:/home/darshan/ros2_ws/install/mini_pupper_slam:/home/darshan/ros2_ws/install/mini_pupper_navigation:/home/darshan/ros2_ws/install/mini_pupper_interfaces:/home/darshan/ros2_ws/install/mini_pupper_gazebo:/home/darshan/ros2_ws/install/mini_pupper_description:/home/darshan/ros2_ws/install/mini_pupper_bringup:/home/darshan/ros2_ws/install/ldlidar_stl_ros2:/home/darshan/ros2_ws/install/champ_teleop:/home/darshan/ros2_ws/install/champ_navigation:/home/darshan/ros2_ws/install/champ_gazebo:/home/darshan/ros2_ws/install/champ_bringup:/home/darshan/ros2_ws/install/champ_base:/home/darshan/ros2_ws/install/champ_description:/home/darshan/ros2_ws/install/champ_config:/home/darshan/ros2_ws/install/mini_pupper_recognition:/home/darshan/ros2_ws/install/mini_pupper_music:/home/darshan/ros2_ws/install/mini_pupper_dance:/home/darshan/ros2_ws/install/mini_pupper_driver:/opt/ros/humble LD_LIBRARY_PATH=/home/darshan/ros2_ws/install/champ_msgs/lib:/home/darshan/ros2_ws/install/mini_pupper_interfaces/lib:/home/darshan/ros2_ws/install/champ_base/lib:/usr/lib/x86_64-linux-gnu/gazebo-11/plugins:/opt/ros/humble/opt/rviz_ogre_vendor/lib:/opt/ros/humble/lib/x86_64-linux-gnu:/opt/ros/humble/lib /usr/bin/cmake --install /home/darshan/ros2_ws/build/champ_gazebo
