[0.046s] Invoking command in '/home/darshan/ros2_ws/build/champ_teleop': CMAKE_PREFIX_PATH=${CMAKE_PREFIX_PATH}:/home/darshan/ros2_ws/install/mini_pupper_recognition:/home/darshan/ros2_ws/install/mini_pupper_music:/home/darshan/ros2_ws/install/mini_pupper_dance:/home/darshan/ros2_ws/install/mini_pupper_driver:/opt/ros/humble /usr/bin/cmake --build /home/darshan/ros2_ws/build/champ_teleop -- -j24 -l24
[0.878s] Invoked command in '/home/darshan/ros2_ws/build/champ_teleop' returned '0': CMAKE_PREFIX_PATH=${CMAKE_PREFIX_PATH}:/home/darshan/ros2_ws/install/mini_pupper_recognition:/home/darshan/ros2_ws/install/mini_pupper_music:/home/darshan/ros2_ws/install/mini_pupper_dance:/home/darshan/ros2_ws/install/mini_pupper_driver:/opt/ros/humble /usr/bin/cmake --build /home/darshan/ros2_ws/build/champ_teleop -- -j24 -l24
[0.917s] Invoking command in '/home/darshan/ros2_ws/build/champ_teleop': CMAKE_PREFIX_PATH=${CMAKE_PREFIX_PATH}:/home/darshan/ros2_ws/install/mini_pupper_recognition:/home/darshan/ros2_ws/install/mini_pupper_music:/home/darshan/ros2_ws/install/mini_pupper_dance:/home/darshan/ros2_ws/install/mini_pupper_driver:/opt/ros/humble /usr/bin/cmake --install /home/darshan/ros2_ws/build/champ_teleop
[0.935s] -- Install configuration: ""
[0.935s] -- Up-to-date: /home/darshan/ros2_ws/install/champ_teleop/share/champ_teleop/launch
[0.935s] -- Up-to-date: /home/darshan/ros2_ws/install/champ_teleop/share/champ_teleop/launch/teleop.launch.py
[0.935s] -- Up-to-date: /home/darshan/ros2_ws/install/champ_teleop/lib/champ_teleop/champ_teleop.py
[0.935s] -- Up-to-date: /home/darshan/ros2_ws/install/champ_teleop/share/ament_index/resource_index/package_run_dependencies/champ_teleop
[0.935s] -- Up-to-date: /home/darshan/ros2_ws/install/champ_teleop/share/ament_index/resource_index/parent_prefix_path/champ_teleop
[0.936s] -- Up-to-date: /home/darshan/ros2_ws/install/champ_teleop/share/champ_teleop/environment/ament_prefix_path.sh
[0.936s] -- Up-to-date: /home/darshan/ros2_ws/install/champ_teleop/share/champ_teleop/environment/ament_prefix_path.dsv
[0.936s] -- Up-to-date: /home/darshan/ros2_ws/install/champ_teleop/share/champ_teleop/environment/path.sh
[0.936s] -- Up-to-date: /home/darshan/ros2_ws/install/champ_teleop/share/champ_teleop/environment/path.dsv
[0.936s] -- Up-to-date: /home/darshan/ros2_ws/install/champ_teleop/share/champ_teleop/local_setup.bash
[0.936s] -- Up-to-date: /home/darshan/ros2_ws/install/champ_teleop/share/champ_teleop/local_setup.sh
[0.936s] -- Up-to-date: /home/darshan/ros2_ws/install/champ_teleop/share/champ_teleop/local_setup.zsh
[0.936s] -- Up-to-date: /home/darshan/ros2_ws/install/champ_teleop/share/champ_teleop/local_setup.dsv
[0.936s] -- Installing: /home/darshan/ros2_ws/install/champ_teleop/share/champ_teleop/package.dsv
[0.936s] -- Up-to-date: /home/darshan/ros2_ws/install/champ_teleop/share/ament_index/resource_index/packages/champ_teleop
[0.936s] -- Up-to-date: /home/darshan/ros2_ws/install/champ_teleop/share/champ_teleop/cmake/champ_teleopConfig.cmake
[0.936s] -- Up-to-date: /home/darshan/ros2_ws/install/champ_teleop/share/champ_teleop/cmake/champ_teleopConfig-version.cmake
[0.936s] -- Up-to-date: /home/darshan/ros2_ws/install/champ_teleop/share/champ_teleop/package.xml
[0.947s] Invoked command in '/home/darshan/ros2_ws/build/champ_teleop' returned '0': CMAKE_PREFIX_PATH=${CMAKE_PREFIX_PATH}:/home/darshan/ros2_ws/install/mini_pupper_recognition:/home/darshan/ros2_ws/install/mini_pupper_music:/home/darshan/ros2_ws/install/mini_pupper_dance:/home/darshan/ros2_ws/install/mini_pupper_driver:/opt/ros/humble /usr/bin/cmake --install /home/darshan/ros2_ws/build/champ_teleop
