[0.016s] Invoking command in '/home/darshan/ros2_ws/build/champ_base': AMENT_PREFIX_PATH=/home/darshan/ros2_ws/install/champ_msgs:/home/darshan/ros2_ws/install/champ:${AMENT_PREFIX_PATH} CMAKE_PREFIX_PATH=/home/darshan/ros2_ws/install/champ_msgs:/home/darshan/ros2_ws/install/champ:/opt/ros/humble LD_LIBRARY_PATH=/home/darshan/ros2_ws/install/champ_msgs/lib:${LD_LIBRARY_PATH} PYTHONPATH=/home/darshan/ros2_ws/install/champ_msgs/local/lib/python3.10/dist-packages:${PYTHONPATH} /usr/bin/cmake --build /home/darshan/ros2_ws/build/champ_base -- -j24 -l24
[0.074s] [35m[1mConsolidate compiler generated dependencies of target message_relay[0m
[0.074s] [35m[1mConsolidate compiler generated dependencies of target state_estimation[0m
[0.078s] [35m[1mConsolidate compiler generated dependencies of target quadruped_controller[0m
[0.098s] [ 33%] Built target message_relay
[0.098s] [ 33%] Built target state_estimation
[0.102s] [ 50%] Built target quadruped_controller
[0.112s] [35m[1mConsolidate compiler generated dependencies of target state_estimation_node[0m
[0.115s] [35m[1mConsolidate compiler generated dependencies of target quadruped_controller_node[0m
[0.116s] [35m[1mConsolidate compiler generated dependencies of target message_relay_node[0m
[0.130s] [ 66%] Built target state_estimation_node
[0.135s] [ 83%] Built target quadruped_controller_node
[0.137s] [100%] Built target message_relay_node
[0.150s] Invoked command in '/home/darshan/ros2_ws/build/champ_base' returned '0': AMENT_PREFIX_PATH=/home/darshan/ros2_ws/install/champ_msgs:/home/darshan/ros2_ws/install/champ:${AMENT_PREFIX_PATH} CMAKE_PREFIX_PATH=/home/darshan/ros2_ws/install/champ_msgs:/home/darshan/ros2_ws/install/champ:/opt/ros/humble LD_LIBRARY_PATH=/home/darshan/ros2_ws/install/champ_msgs/lib:${LD_LIBRARY_PATH} PYTHONPATH=/home/darshan/ros2_ws/install/champ_msgs/local/lib/python3.10/dist-packages:${PYTHONPATH} /usr/bin/cmake --build /home/darshan/ros2_ws/build/champ_base -- -j24 -l24
[0.191s] Invoking command in '/home/darshan/ros2_ws/build/champ_base': AMENT_PREFIX_PATH=/home/darshan/ros2_ws/install/champ_msgs:/home/darshan/ros2_ws/install/champ:${AMENT_PREFIX_PATH} CMAKE_PREFIX_PATH=/home/darshan/ros2_ws/install/champ_msgs:/home/darshan/ros2_ws/install/champ:/opt/ros/humble LD_LIBRARY_PATH=/home/darshan/ros2_ws/install/champ_msgs/lib:${LD_LIBRARY_PATH} PYTHONPATH=/home/darshan/ros2_ws/install/champ_msgs/local/lib/python3.10/dist-packages:${PYTHONPATH} /usr/bin/cmake --install /home/darshan/ros2_ws/build/champ_base
[0.200s] -- Install configuration: ""
[0.201s] -- Up-to-date: /home/darshan/ros2_ws/install/champ_base/share/champ_base/config
[0.201s] -- Up-to-date: /home/darshan/ros2_ws/install/champ_base/share/champ_base/config/ekf
[0.202s] -- Up-to-date: /home/darshan/ros2_ws/install/champ_base/share/champ_base/config/ekf/footprint_to_odom.yaml
[0.202s] -- Up-to-date: /home/darshan/ros2_ws/install/champ_base/share/champ_base/config/ekf/base_to_footprint.yaml
[0.202s] -- Up-to-date: /home/darshan/ros2_ws/install/champ_base/share/champ_base/config/velocity_smoother
[0.202s] -- Up-to-date: /home/darshan/ros2_ws/install/champ_base/share/champ_base/config/velocity_smoother/velocity_smoother.yaml
[0.204s] -- Up-to-date: /home/darshan/ros2_ws/install/champ_base/lib/libquadruped_controller.so
[0.206s] -- Up-to-date: /home/darshan/ros2_ws/install/champ_base/bin/quadruped_controller_node
[0.208s] -- Up-to-date: /home/darshan/ros2_ws/install/champ_base/lib/libmessage_relay.so
[0.210s] -- Up-to-date: /home/darshan/ros2_ws/install/champ_base/bin/message_relay_node
[0.211s] -- Up-to-date: /home/darshan/ros2_ws/install/champ_base/lib/libstate_estimation.so
[0.212s] -- Up-to-date: /home/darshan/ros2_ws/install/champ_base/bin/state_estimation_node
[0.213s] -- Up-to-date: /home/darshan/ros2_ws/install/champ_base/lib/champ_base/quadruped_controller_node
[0.214s] -- Up-to-date: /home/darshan/ros2_ws/install/champ_base/lib/champ_base/message_relay_node
[0.215s] -- Up-to-date: /home/darshan/ros2_ws/install/champ_base/lib/champ_base/state_estimation_node
[0.216s] -- Up-to-date: /home/darshan/ros2_ws/install/champ_base/share/ament_index/resource_index/package_run_dependencies/champ_base
[0.216s] -- Up-to-date: /home/darshan/ros2_ws/install/champ_base/share/ament_index/resource_index/parent_prefix_path/champ_base
[0.216s] -- Up-to-date: /home/darshan/ros2_ws/install/champ_base/share/champ_base/environment/ament_prefix_path.sh
[0.216s] -- Up-to-date: /home/darshan/ros2_ws/install/champ_base/share/champ_base/environment/ament_prefix_path.dsv
[0.216s] -- Up-to-date: /home/darshan/ros2_ws/install/champ_base/share/champ_base/environment/path.sh
[0.216s] -- Up-to-date: /home/darshan/ros2_ws/install/champ_base/share/champ_base/environment/path.dsv
[0.217s] -- Up-to-date: /home/darshan/ros2_ws/install/champ_base/share/champ_base/local_setup.bash
[0.217s] -- Up-to-date: /home/darshan/ros2_ws/install/champ_base/share/champ_base/local_setup.sh
[0.217s] -- Up-to-date: /home/darshan/ros2_ws/install/champ_base/share/champ_base/local_setup.zsh
[0.217s] -- Up-to-date: /home/darshan/ros2_ws/install/champ_base/share/champ_base/local_setup.dsv
[0.217s] -- Installing: /home/darshan/ros2_ws/install/champ_base/share/champ_base/package.dsv
[0.217s] -- Up-to-date: /home/darshan/ros2_ws/install/champ_base/share/ament_index/resource_index/packages/champ_base
[0.218s] -- Up-to-date: /home/darshan/ros2_ws/install/champ_base/share/champ_base/cmake/ament_cmake_export_include_directories-extras.cmake
[0.218s] -- Up-to-date: /home/darshan/ros2_ws/install/champ_base/share/champ_base/cmake/ament_cmake_export_dependencies-extras.cmake
[0.218s] -- Up-to-date: /home/darshan/ros2_ws/install/champ_base/share/champ_base/cmake/champ_baseConfig.cmake
[0.218s] -- Up-to-date: /home/darshan/ros2_ws/install/champ_base/share/champ_base/cmake/champ_baseConfig-version.cmake
[0.218s] -- Up-to-date: /home/darshan/ros2_ws/install/champ_base/share/champ_base/package.xml
[0.220s] Invoked command in '/home/darshan/ros2_ws/build/champ_base' returned '0': AMENT_PREFIX_PATH=/home/darshan/ros2_ws/install/champ_msgs:/home/darshan/ros2_ws/install/champ:${AMENT_PREFIX_PATH} CMAKE_PREFIX_PATH=/home/darshan/ros2_ws/install/champ_msgs:/home/darshan/ros2_ws/install/champ:/opt/ros/humble LD_LIBRARY_PATH=/home/darshan/ros2_ws/install/champ_msgs/lib:${LD_LIBRARY_PATH} PYTHONPATH=/home/darshan/ros2_ws/install/champ_msgs/local/lib/python3.10/dist-packages:${PYTHONPATH} /usr/bin/cmake --install /home/darshan/ros2_ws/build/champ_base
