[0.526s] Invoking command in '/home/darshan/ros2_ws/src/mini_pupper_ros/mini_pupper_dance': AMENT_PREFIX_PATH=/home/darshan/ros2_ws/install/mini_pupper_interfaces:${AMENT_PREFIX_PATH} CMAKE_PREFIX_PATH=/home/darshan/ros2_ws/install/mini_pupper_interfaces LD_LIBRARY_PATH=/home/darshan/ros2_ws/install/mini_pupper_interfaces/lib:${LD_LIBRARY_PATH} PYTHONPATH=/home/darshan/ros2_ws/build/mini_pupper_dance/prefix_override:/usr/lib/python3/dist-packages/colcon_core/task/python/colcon_distutils_commands:/home/darshan/ros2_ws/install/mini_pupper_dance/lib/python3.10/site-packages:/home/darshan/ros2_ws/install/mini_pupper_interfaces/local/lib/python3.10/dist-packages:${PYTHONPATH} /usr/bin/python3 -W ignore:setup.py install is deprecated setup.py egg_info --egg-base ../../../build/mini_pupper_dance build --build-base /home/darshan/ros2_ws/build/mini_pupper_dance/build install --record /home/darshan/ros2_ws/build/mini_pupper_dance/install.log --single-version-externally-managed install_data
[0.779s] running egg_info
[0.780s] writing ../../../build/mini_pupper_dance/mini_pupper_dance.egg-info/PKG-INFO
[0.781s] writing dependency_links to ../../../build/mini_pupper_dance/mini_pupper_dance.egg-info/dependency_links.txt
[0.781s] writing entry points to ../../../build/mini_pupper_dance/mini_pupper_dance.egg-info/entry_points.txt
[0.781s] writing requirements to ../../../build/mini_pupper_dance/mini_pupper_dance.egg-info/requires.txt
[0.781s] writing top-level names to ../../../build/mini_pupper_dance/mini_pupper_dance.egg-info/top_level.txt
[0.784s] reading manifest file '../../../build/mini_pupper_dance/mini_pupper_dance.egg-info/SOURCES.txt'
[0.785s] writing manifest file '../../../build/mini_pupper_dance/mini_pupper_dance.egg-info/SOURCES.txt'
[0.785s] running build
[0.785s] running build_py
[0.786s] running install
[0.786s] running install_lib
[0.788s] running install_data
[0.788s] running install_egg_info
[0.790s] removing '/home/darshan/ros2_ws/install/mini_pupper_dance/lib/python3.10/site-packages/mini_pupper_dance-0.0.0-py3.10.egg-info' (and everything under it)
[0.790s] Copying ../../../build/mini_pupper_dance/mini_pupper_dance.egg-info to /home/darshan/ros2_ws/install/mini_pupper_dance/lib/python3.10/site-packages/mini_pupper_dance-0.0.0-py3.10.egg-info
[0.792s] running install_scripts
[0.813s] Installing client script to /home/darshan/ros2_ws/install/mini_pupper_dance/lib/mini_pupper_dance
[0.813s] Installing pose_controller script to /home/darshan/ros2_ws/install/mini_pupper_dance/lib/mini_pupper_dance
[0.813s] Installing service script to /home/darshan/ros2_ws/install/mini_pupper_dance/lib/mini_pupper_dance
[0.814s] writing list of installed files to '/home/darshan/ros2_ws/build/mini_pupper_dance/install.log'
[0.837s] Invoked command in '/home/darshan/ros2_ws/src/mini_pupper_ros/mini_pupper_dance' returned '0': AMENT_PREFIX_PATH=/home/darshan/ros2_ws/install/mini_pupper_interfaces:${AMENT_PREFIX_PATH} CMAKE_PREFIX_PATH=/home/darshan/ros2_ws/install/mini_pupper_interfaces LD_LIBRARY_PATH=/home/darshan/ros2_ws/install/mini_pupper_interfaces/lib:${LD_LIBRARY_PATH} PYTHONPATH=/home/darshan/ros2_ws/build/mini_pupper_dance/prefix_override:/usr/lib/python3/dist-packages/colcon_core/task/python/colcon_distutils_commands:/home/darshan/ros2_ws/install/mini_pupper_dance/lib/python3.10/site-packages:/home/darshan/ros2_ws/install/mini_pupper_interfaces/local/lib/python3.10/dist-packages:${PYTHONPATH} /usr/bin/python3 -W ignore:setup.py install is deprecated setup.py egg_info --egg-base ../../../build/mini_pupper_dance build --build-base /home/darshan/ros2_ws/build/mini_pupper_dance/build install --record /home/darshan/ros2_ws/build/mini_pupper_dance/install.log --single-version-externally-managed install_data
