[0.065s] Invoking command in '/home/darshan/ros2_ws/build/champ': CMAKE_PREFIX_PATH=/opt/ros/humble /usr/bin/cmake /home/darshan/ros2_ws/src/champ/champ/champ -DCMAKE_INSTALL_PREFIX=/home/darshan/ros2_ws/install/champ
[1.018s] -- The C compiler identification is GNU 11.4.0
[1.018s] -- The CXX compiler identification is GNU 11.4.0
[1.018s] -- Detecting C compiler ABI info
[1.018s] -- Detecting C compiler ABI info - done
[1.018s] -- Check for working C compiler: /usr/bin/cc - skipped
[1.019s] -- Detecting C compile features
[1.019s] -- Detecting C compile features - done
[1.019s] -- Detecting CXX compiler ABI info
[1.019s] -- Detecting CXX compiler ABI info - done
[1.019s] -- Check for working CXX compiler: /usr/bin/c++ - skipped
[1.019s] -- Detecting CXX compile features
[1.020s] -- Detecting CXX compile features - done
[1.020s] -- Found ament_cmake: 1.3.10 (/opt/ros/humble/share/ament_cmake/cmake)
[1.020s] -- Found Python3: /usr/bin/python3 (found version "3.10.12") found components: Interpreter 
[1.020s] -- Found rclcpp: 16.0.10 (/opt/ros/humble/share/rclcpp/cmake)
[1.020s] -- Found rosidl_generator_c: 3.1.5 (/opt/ros/humble/share/rosidl_generator_c/cmake)
[1.020s] -- Found rosidl_adapter: 3.1.5 (/opt/ros/humble/share/rosidl_adapter/cmake)
[1.021s] -- Found rosidl_generator_cpp: 3.1.5 (/opt/ros/humble/share/rosidl_generator_cpp/cmake)
[1.021s] -- Using all available rosidl_typesupport_c: rosidl_typesupport_fastrtps_c;rosidl_typesupport_introspection_c
[1.021s] -- Using all available rosidl_typesupport_cpp: rosidl_typesupport_fastrtps_cpp;rosidl_typesupport_introspection_cpp
[1.022s] -- Found rmw_implementation_cmake: 6.1.2 (/opt/ros/humble/share/rmw_implementation_cmake/cmake)
[1.023s] -- Found rmw_fastrtps_cpp: 6.2.7 (/opt/ros/humble/share/rmw_fastrtps_cpp/cmake)
[1.024s] -- Found OpenSSL: /usr/lib/x86_64-linux-gnu/libcrypto.so (found version "3.0.2")  
[1.024s] -- Found FastRTPS: /opt/ros/humble/include  
[1.067s] -- Using RMW implementation 'rmw_fastrtps_cpp' as default
[1.072s] -- Looking for pthread.h
[1.141s] -- Looking for pthread.h - found
[1.142s] -- Performing Test CMAKE_HAVE_LIBC_PTHREAD
[1.258s] -- Performing Test CMAKE_HAVE_LIBC_PTHREAD - Success
[1.259s] -- Found Threads: TRUE  
[1.364s] -- Found ament_lint_auto: 0.12.11 (/opt/ros/humble/share/ament_lint_auto/cmake)
[1.455s] -- Configuring done
[1.461s] -- Generating done
[1.463s] -- Build files have been written to: /home/darshan/ros2_ws/build/champ
[1.485s] Invoked command in '/home/darshan/ros2_ws/build/champ' returned '0': CMAKE_PREFIX_PATH=/opt/ros/humble /usr/bin/cmake /home/darshan/ros2_ws/src/champ/champ/champ -DCMAKE_INSTALL_PREFIX=/home/darshan/ros2_ws/install/champ
[1.486s] Invoking command in '/home/darshan/ros2_ws/build/champ': CMAKE_PREFIX_PATH=/opt/ros/humble /usr/bin/cmake --build /home/darshan/ros2_ws/build/champ -- -j24 -l24
[1.543s] Invoked command in '/home/darshan/ros2_ws/build/champ' returned '0': CMAKE_PREFIX_PATH=/opt/ros/humble /usr/bin/cmake --build /home/darshan/ros2_ws/build/champ -- -j24 -l24
[1.576s] Invoking command in '/home/darshan/ros2_ws/build/champ': CMAKE_PREFIX_PATH=/opt/ros/humble /usr/bin/cmake --install /home/darshan/ros2_ws/build/champ
[1.586s] -- Install configuration: ""
[1.587s] -- Installing: /home/darshan/ros2_ws/install/champ/include
[1.587s] -- Installing: /home/darshan/ros2_ws/install/champ/include/champ
[1.587s] -- Installing: /home/darshan/ros2_ws/install/champ/include/champ/macros
[1.587s] -- Installing: /home/darshan/ros2_ws/install/champ/include/champ/macros/macros.h
[1.587s] -- Installing: /home/darshan/ros2_ws/install/champ/include/champ/body_controller
[1.587s] -- Installing: /home/darshan/ros2_ws/install/champ/include/champ/body_controller/body_controller.h
[1.588s] -- Installing: /home/darshan/ros2_ws/install/champ/include/champ/.git
[1.588s] -- Installing: /home/darshan/ros2_ws/install/champ/include/champ/LICENSE
[1.588s] -- Installing: /home/darshan/ros2_ws/install/champ/include/champ/bla
[1.588s] -- Installing: /home/darshan/ros2_ws/install/champ/include/champ/bla/basic_linear_algebra.h
[1.589s] -- Installing: /home/darshan/ros2_ws/install/champ/include/champ/bla/memory_delegate.h
[1.589s] -- Installing: /home/darshan/ros2_ws/install/champ/include/champ/odometry
[1.589s] -- Installing: /home/darshan/ros2_ws/install/champ/include/champ/odometry/odometry.h
[1.589s] -- Installing: /home/darshan/ros2_ws/install/champ/include/champ/geometry
[1.589s] -- Installing: /home/darshan/ros2_ws/install/champ/include/champ/geometry/geometry.h
[1.589s] -- Installing: /home/darshan/ros2_ws/install/champ/include/champ/leg_controller
[1.589s] -- Installing: /home/darshan/ros2_ws/install/champ/include/champ/leg_controller/trajectory_planner.h
[1.589s] -- Installing: /home/darshan/ros2_ws/install/champ/include/champ/leg_controller/phase_generator.h
[1.590s] -- Installing: /home/darshan/ros2_ws/install/champ/include/champ/leg_controller/leg_controller.h
[1.590s] -- Installing: /home/darshan/ros2_ws/install/champ/include/champ/README.md
[1.590s] -- Installing: /home/darshan/ros2_ws/install/champ/include/champ/kinematics
[1.590s] -- Installing: /home/darshan/ros2_ws/install/champ/include/champ/kinematics/kinematics.h
[1.590s] -- Installing: /home/darshan/ros2_ws/install/champ/include/champ/utils
[1.590s] -- Installing: /home/darshan/ros2_ws/install/champ/include/champ/utils/xmlrpc_helpers.h
[1.590s] -- Installing: /home/darshan/ros2_ws/install/champ/include/champ/utils/urdf_loader.h
[1.591s] -- Installing: /home/darshan/ros2_ws/install/champ/include/champ/quadruped_base
[1.591s] -- Installing: /home/darshan/ros2_ws/install/champ/include/champ/quadruped_base/quadruped_joint.h
[1.591s] -- Installing: /home/darshan/ros2_ws/install/champ/include/champ/quadruped_base/quadruped_base.h
[1.591s] -- Installing: /home/darshan/ros2_ws/install/champ/include/champ/quadruped_base/quadruped_leg.h
[1.591s] -- Installing: /home/darshan/ros2_ws/install/champ/include/champ/quadruped_base/quadruped_components.h
[1.591s] -- Installing: /home/darshan/ros2_ws/install/champ/share/ament_index/resource_index/package_run_dependencies/champ
[1.591s] -- Installing: /home/darshan/ros2_ws/install/champ/share/ament_index/resource_index/parent_prefix_path/champ
[1.592s] -- Installing: /home/darshan/ros2_ws/install/champ/share/champ/environment/ament_prefix_path.sh
[1.592s] -- Installing: /home/darshan/ros2_ws/install/champ/share/champ/environment/ament_prefix_path.dsv
[1.592s] -- Installing: /home/darshan/ros2_ws/install/champ/share/champ/environment/path.sh
[1.592s] -- Installing: /home/darshan/ros2_ws/install/champ/share/champ/environment/path.dsv
[1.592s] -- Installing: /home/darshan/ros2_ws/install/champ/share/champ/local_setup.bash
[1.592s] -- Installing: /home/darshan/ros2_ws/install/champ/share/champ/local_setup.sh
[1.592s] -- Installing: /home/darshan/ros2_ws/install/champ/share/champ/local_setup.zsh
[1.593s] -- Installing: /home/darshan/ros2_ws/install/champ/share/champ/local_setup.dsv
[1.593s] -- Installing: /home/darshan/ros2_ws/install/champ/share/champ/package.dsv
[1.593s] -- Installing: /home/darshan/ros2_ws/install/champ/share/ament_index/resource_index/packages/champ
[1.593s] -- Installing: /home/darshan/ros2_ws/install/champ/share/champ/cmake/ament_cmake_export_include_directories-extras.cmake
[1.594s] -- Installing: /home/darshan/ros2_ws/install/champ/share/champ/cmake/champConfig.cmake
[1.594s] -- Installing: /home/darshan/ros2_ws/install/champ/share/champ/cmake/champConfig-version.cmake
[1.594s] -- Installing: /home/darshan/ros2_ws/install/champ/share/champ/package.xml
[1.597s] Invoked command in '/home/darshan/ros2_ws/build/champ' returned '0': CMAKE_PREFIX_PATH=/opt/ros/humble /usr/bin/cmake --install /home/darshan/ros2_ws/build/champ
