[0.120s] Invoking command in '/home/darshan/ros2_ws/build/champ_config': CMAKE_PREFIX_PATH=${CMAKE_PREFIX_PATH}:/home/darshan/ros2_ws/install/mini_pupper_recognition:/home/darshan/ros2_ws/install/mini_pupper_music:/home/darshan/ros2_ws/install/mini_pupper_dance:/home/darshan/ros2_ws/install/mini_pupper_driver:/opt/ros/humble /usr/bin/cmake --build /home/darshan/ros2_ws/build/champ_config -- -j24 -l24
[1.037s] Invoked command in '/home/darshan/ros2_ws/build/champ_config' returned '0': CMAKE_PREFIX_PATH=${CMAKE_PREFIX_PATH}:/home/darshan/ros2_ws/install/mini_pupper_recognition:/home/darshan/ros2_ws/install/mini_pupper_music:/home/darshan/ros2_ws/install/mini_pupper_dance:/home/darshan/ros2_ws/install/mini_pupper_driver:/opt/ros/humble /usr/bin/cmake --build /home/darshan/ros2_ws/build/champ_config -- -j24 -l24
[1.098s] Invoking command in '/home/darshan/ros2_ws/build/champ_config': CMAKE_PREFIX_PATH=${CMAKE_PREFIX_PATH}:/home/darshan/ros2_ws/install/mini_pupper_recognition:/home/darshan/ros2_ws/install/mini_pupper_music:/home/darshan/ros2_ws/install/mini_pupper_dance:/home/darshan/ros2_ws/install/mini_pupper_driver:/opt/ros/humble /usr/bin/cmake --install /home/darshan/ros2_ws/build/champ_config
[1.124s] -- Install configuration: ""
[1.124s] -- Up-to-date: /home/darshan/ros2_ws/install/champ_config/share/champ_config/launch
[1.130s] -- Up-to-date: /home/darshan/ros2_ws/install/champ_config/share/champ_config/launch/gazebo.launch.py
[1.131s] -- Up-to-date: /home/darshan/ros2_ws/install/champ_config/share/champ_config/launch/bringup.launch.py
[1.131s] -- Up-to-date: /home/darshan/ros2_ws/install/champ_config/share/champ_config/launch/slam.launch.py
[1.131s] -- Up-to-date: /home/darshan/ros2_ws/install/champ_config/share/champ_config/launch/navigate.launch.py
[1.131s] -- Up-to-date: /home/darshan/ros2_ws/install/champ_config/share/champ_config/config
[1.131s] -- Up-to-date: /home/darshan/ros2_ws/install/champ_config/share/champ_config/config/joints
[1.131s] -- Up-to-date: /home/darshan/ros2_ws/install/champ_config/share/champ_config/config/joints/joints.yaml
[1.131s] -- Up-to-date: /home/darshan/ros2_ws/install/champ_config/share/champ_config/config/autonomy
[1.131s] -- Up-to-date: /home/darshan/ros2_ws/install/champ_config/share/champ_config/config/autonomy/slam.yaml
[1.131s] -- Up-to-date: /home/darshan/ros2_ws/install/champ_config/share/champ_config/config/autonomy/navigation.yaml
[1.131s] -- Up-to-date: /home/darshan/ros2_ws/install/champ_config/share/champ_config/config/links
[1.131s] -- Up-to-date: /home/darshan/ros2_ws/install/champ_config/share/champ_config/config/links/links.yaml
[1.131s] -- Up-to-date: /home/darshan/ros2_ws/install/champ_config/share/champ_config/config/gait
[1.131s] -- Up-to-date: /home/darshan/ros2_ws/install/champ_config/share/champ_config/config/gait/gait.yaml
[1.131s] -- Up-to-date: /home/darshan/ros2_ws/install/champ_config/share/champ_config/maps
[1.132s] -- Up-to-date: /home/darshan/ros2_ws/install/champ_config/share/champ_config/maps/playground.yaml
[1.132s] -- Up-to-date: /home/darshan/ros2_ws/install/champ_config/share/champ_config/maps/map.pgm
[1.132s] -- Up-to-date: /home/darshan/ros2_ws/install/champ_config/share/champ_config/maps/playground.pgm
[1.132s] -- Up-to-date: /home/darshan/ros2_ws/install/champ_config/share/champ_config/maps/map.yaml
[1.132s] -- Up-to-date: /home/darshan/ros2_ws/install/champ_config/share/champ_config/worlds
[1.132s] -- Up-to-date: /home/darshan/ros2_ws/install/champ_config/share/champ_config/worlds/playground.world
[1.132s] -- Up-to-date: /home/darshan/ros2_ws/install/champ_config/share/champ_config/worlds/default.world
[1.132s] -- Up-to-date: /home/darshan/ros2_ws/install/champ_config/share/champ_config/worlds/outdoor.world
[1.132s] -- Up-to-date: /home/darshan/ros2_ws/install/champ_config/share/ament_index/resource_index/package_run_dependencies/champ_config
[1.132s] -- Up-to-date: /home/darshan/ros2_ws/install/champ_config/share/ament_index/resource_index/parent_prefix_path/champ_config
[1.133s] -- Up-to-date: /home/darshan/ros2_ws/install/champ_config/share/champ_config/environment/ament_prefix_path.sh
[1.133s] -- Up-to-date: /home/darshan/ros2_ws/install/champ_config/share/champ_config/environment/ament_prefix_path.dsv
[1.134s] -- Up-to-date: /home/darshan/ros2_ws/install/champ_config/share/champ_config/environment/path.sh
[1.134s] -- Up-to-date: /home/darshan/ros2_ws/install/champ_config/share/champ_config/environment/path.dsv
[1.134s] -- Up-to-date: /home/darshan/ros2_ws/install/champ_config/share/champ_config/local_setup.bash
[1.134s] -- Up-to-date: /home/darshan/ros2_ws/install/champ_config/share/champ_config/local_setup.sh
[1.135s] -- Up-to-date: /home/darshan/ros2_ws/install/champ_config/share/champ_config/local_setup.zsh
[1.135s] -- Up-to-date: /home/darshan/ros2_ws/install/champ_config/share/champ_config/local_setup.dsv
[1.135s] -- Installing: /home/darshan/ros2_ws/install/champ_config/share/champ_config/package.dsv
[1.135s] -- Up-to-date: /home/darshan/ros2_ws/install/champ_config/share/ament_index/resource_index/packages/champ_config
[1.135s] -- Up-to-date: /home/darshan/ros2_ws/install/champ_config/share/champ_config/cmake/champ_configConfig.cmake
[1.135s] -- Up-to-date: /home/darshan/ros2_ws/install/champ_config/share/champ_config/cmake/champ_configConfig-version.cmake
[1.138s] -- Up-to-date: /home/darshan/ros2_ws/install/champ_config/share/champ_config/package.xml
[1.213s] Invoked command in '/home/darshan/ros2_ws/build/champ_config' returned '0': CMAKE_PREFIX_PATH=${CMAKE_PREFIX_PATH}:/home/darshan/ros2_ws/install/mini_pupper_recognition:/home/darshan/ros2_ws/install/mini_pupper_music:/home/darshan/ros2_ws/install/mini_pupper_dance:/home/darshan/ros2_ws/install/mini_pupper_driver:/opt/ros/humble /usr/bin/cmake --install /home/darshan/ros2_ws/build/champ_config
