[0.059s] Invoking command in '/home/darshan/ros2_ws/build/champ_config': CMAKE_PREFIX_PATH=/opt/ros/humble /usr/bin/cmake /home/darshan/ros2_ws/src/champ/champ/champ_config -DCMAKE_INSTALL_PREFIX=/home/darshan/ros2_ws/install/champ_config
[1.029s] -- The C compiler identification is GNU 11.4.0
[1.029s] -- The CXX compiler identification is GNU 11.4.0
[1.030s] -- Detecting C compiler ABI info
[1.032s] -- Detecting C compiler ABI info - done
[1.032s] -- Check for working C compiler: /usr/bin/cc - skipped
[1.032s] -- Detecting C compile features
[1.032s] -- Detecting C compile features - done
[1.032s] -- Detecting CXX compiler ABI info
[1.033s] -- Detecting CXX compiler ABI info - done
[1.033s] -- Check for working CXX compiler: /usr/bin/c++ - skipped
[1.033s] -- Detecting CXX compile features
[1.033s] -- Detecting CXX compile features - done
[1.033s] -- Found ament_cmake: 1.3.10 (/opt/ros/humble/share/ament_cmake/cmake)
[1.034s] -- Found Python3: /usr/bin/python3 (found version "3.10.12") found components: Interpreter 
[1.034s] -- Configuring done
[1.034s] -- Generating done
[1.034s] -- Build files have been written to: /home/darshan/ros2_ws/build/champ_config
[1.061s] Invoked command in '/home/darshan/ros2_ws/build/champ_config' returned '0': CMAKE_PREFIX_PATH=/opt/ros/humble /usr/bin/cmake /home/darshan/ros2_ws/src/champ/champ/champ_config -DCMAKE_INSTALL_PREFIX=/home/darshan/ros2_ws/install/champ_config
[1.061s] Invoking command in '/home/darshan/ros2_ws/build/champ_config': CMAKE_PREFIX_PATH=/opt/ros/humble /usr/bin/cmake --build /home/darshan/ros2_ws/build/champ_config -- -j24 -l24
[1.095s] Invoked command in '/home/darshan/ros2_ws/build/champ_config' returned '0': CMAKE_PREFIX_PATH=/opt/ros/humble /usr/bin/cmake --build /home/darshan/ros2_ws/build/champ_config -- -j24 -l24
[1.141s] Invoking command in '/home/darshan/ros2_ws/build/champ_config': CMAKE_PREFIX_PATH=/opt/ros/humble /usr/bin/cmake --install /home/darshan/ros2_ws/build/champ_config
[1.160s] -- Install configuration: ""
[1.161s] -- Installing: /home/darshan/ros2_ws/install/champ_config/share/champ_config/launch
[1.161s] -- Installing: /home/darshan/ros2_ws/install/champ_config/share/champ_config/launch/gazebo.launch.py
[1.162s] -- Installing: /home/darshan/ros2_ws/install/champ_config/share/champ_config/launch/bringup.launch.py
[1.162s] -- Installing: /home/darshan/ros2_ws/install/champ_config/share/champ_config/launch/slam.launch.py
[1.162s] -- Installing: /home/darshan/ros2_ws/install/champ_config/share/champ_config/launch/navigate.launch.py
[1.162s] -- Installing: /home/darshan/ros2_ws/install/champ_config/share/champ_config/config
[1.163s] -- Installing: /home/darshan/ros2_ws/install/champ_config/share/champ_config/config/joints
[1.163s] -- Installing: /home/darshan/ros2_ws/install/champ_config/share/champ_config/config/joints/joints.yaml
[1.163s] -- Installing: /home/darshan/ros2_ws/install/champ_config/share/champ_config/config/autonomy
[1.163s] -- Installing: /home/darshan/ros2_ws/install/champ_config/share/champ_config/config/autonomy/slam.yaml
[1.163s] -- Installing: /home/darshan/ros2_ws/install/champ_config/share/champ_config/config/autonomy/navigation.yaml
[1.163s] -- Installing: /home/darshan/ros2_ws/install/champ_config/share/champ_config/config/links
[1.163s] -- Installing: /home/darshan/ros2_ws/install/champ_config/share/champ_config/config/links/links.yaml
[1.163s] -- Installing: /home/darshan/ros2_ws/install/champ_config/share/champ_config/config/gait
[1.164s] -- Installing: /home/darshan/ros2_ws/install/champ_config/share/champ_config/config/gait/gait.yaml
[1.164s] -- Installing: /home/darshan/ros2_ws/install/champ_config/share/champ_config/maps
[1.164s] -- Installing: /home/darshan/ros2_ws/install/champ_config/share/champ_config/maps/playground.yaml
[1.164s] -- Installing: /home/darshan/ros2_ws/install/champ_config/share/champ_config/maps/map.pgm
[1.165s] -- Installing: /home/darshan/ros2_ws/install/champ_config/share/champ_config/maps/playground.pgm
[1.165s] -- Installing: /home/darshan/ros2_ws/install/champ_config/share/champ_config/maps/map.yaml
[1.166s] -- Installing: /home/darshan/ros2_ws/install/champ_config/share/champ_config/worlds
[1.166s] -- Installing: /home/darshan/ros2_ws/install/champ_config/share/champ_config/worlds/playground.world
[1.166s] -- Installing: /home/darshan/ros2_ws/install/champ_config/share/champ_config/worlds/default.world
[1.166s] -- Installing: /home/darshan/ros2_ws/install/champ_config/share/champ_config/worlds/outdoor.world
[1.166s] -- Installing: /home/darshan/ros2_ws/install/champ_config/share/ament_index/resource_index/package_run_dependencies/champ_config
[1.166s] -- Installing: /home/darshan/ros2_ws/install/champ_config/share/ament_index/resource_index/parent_prefix_path/champ_config
[1.166s] -- Installing: /home/darshan/ros2_ws/install/champ_config/share/champ_config/environment/ament_prefix_path.sh
[1.167s] -- Installing: /home/darshan/ros2_ws/install/champ_config/share/champ_config/environment/ament_prefix_path.dsv
[1.167s] -- Installing: /home/darshan/ros2_ws/install/champ_config/share/champ_config/environment/path.sh
[1.167s] -- Installing: /home/darshan/ros2_ws/install/champ_config/share/champ_config/environment/path.dsv
[1.167s] -- Installing: /home/darshan/ros2_ws/install/champ_config/share/champ_config/local_setup.bash
[1.167s] -- Installing: /home/darshan/ros2_ws/install/champ_config/share/champ_config/local_setup.sh
[1.167s] -- Installing: /home/darshan/ros2_ws/install/champ_config/share/champ_config/local_setup.zsh
[1.168s] -- Installing: /home/darshan/ros2_ws/install/champ_config/share/champ_config/local_setup.dsv
[1.168s] -- Installing: /home/darshan/ros2_ws/install/champ_config/share/champ_config/package.dsv
[1.168s] -- Installing: /home/darshan/ros2_ws/install/champ_config/share/ament_index/resource_index/packages/champ_config
[1.168s] -- Installing: /home/darshan/ros2_ws/install/champ_config/share/champ_config/cmake/champ_configConfig.cmake
[1.168s] -- Installing: /home/darshan/ros2_ws/install/champ_config/share/champ_config/cmake/champ_configConfig-version.cmake
[1.169s] -- Installing: /home/darshan/ros2_ws/install/champ_config/share/champ_config/package.xml
[1.188s] Invoked command in '/home/darshan/ros2_ws/build/champ_config' returned '0': CMAKE_PREFIX_PATH=/opt/ros/humble /usr/bin/cmake --install /home/darshan/ros2_ws/build/champ_config
