[1.346s] Invoking command in '/home/darshan/ros2_ws/src/mini_pupper_ros/mini_pupper_driver': PYTHONPATH=/home/darshan/ros2_ws/build/mini_pupper_driver/prefix_override:/usr/lib/python3/dist-packages/colcon_core/task/python/colcon_distutils_commands:/home/darshan/ros2_ws/install/mini_pupper_driver/lib/python3.10/site-packages:${PYTHONPATH} /usr/bin/python3 -W ignore:setup.py install is deprecated setup.py egg_info --egg-base ../../../build/mini_pupper_driver build --build-base /home/darshan/ros2_ws/build/mini_pupper_driver/build install --record /home/darshan/ros2_ws/build/mini_pupper_driver/install.log --single-version-externally-managed install_data
[1.615s] running egg_info
[1.615s] writing ../../../build/mini_pupper_driver/mini_pupper_driver.egg-info/PKG-INFO
[1.615s] writing dependency_links to ../../../build/mini_pupper_driver/mini_pupper_driver.egg-info/dependency_links.txt
[1.616s] writing entry points to ../../../build/mini_pupper_driver/mini_pupper_driver.egg-info/entry_points.txt
[1.616s] writing requirements to ../../../build/mini_pupper_driver/mini_pupper_driver.egg-info/requires.txt
[1.616s] writing top-level names to ../../../build/mini_pupper_driver/mini_pupper_driver.egg-info/top_level.txt
[1.618s] reading manifest file '../../../build/mini_pupper_driver/mini_pupper_driver.egg-info/SOURCES.txt'
[1.619s] writing manifest file '../../../build/mini_pupper_driver/mini_pupper_driver.egg-info/SOURCES.txt'
[1.619s] running build
[1.619s] running build_py
[1.620s] running install
[1.620s] running install_lib
[1.622s] running install_data
[1.622s] running install_egg_info
[1.624s] removing '/home/darshan/ros2_ws/install/mini_pupper_driver/lib/python3.10/site-packages/mini_pupper_driver-0.0.1-py3.10.egg-info' (and everything under it)
[1.625s] Copying ../../../build/mini_pupper_driver/mini_pupper_driver.egg-info to /home/darshan/ros2_ws/install/mini_pupper_driver/lib/python3.10/site-packages/mini_pupper_driver-0.0.1-py3.10.egg-info
[1.625s] running install_scripts
[1.649s] Installing display_interface script to /home/darshan/ros2_ws/install/mini_pupper_driver/lib/mini_pupper_driver
[1.649s] Installing imu_interface script to /home/darshan/ros2_ws/install/mini_pupper_driver/lib/mini_pupper_driver
[1.649s] Installing servo_interface script to /home/darshan/ros2_ws/install/mini_pupper_driver/lib/mini_pupper_driver
[1.649s] writing list of installed files to '/home/darshan/ros2_ws/build/mini_pupper_driver/install.log'
[1.672s] Invoked command in '/home/darshan/ros2_ws/src/mini_pupper_ros/mini_pupper_driver' returned '0': PYTHONPATH=/home/darshan/ros2_ws/build/mini_pupper_driver/prefix_override:/usr/lib/python3/dist-packages/colcon_core/task/python/colcon_distutils_commands:/home/darshan/ros2_ws/install/mini_pupper_driver/lib/python3.10/site-packages:${PYTHONPATH} /usr/bin/python3 -W ignore:setup.py install is deprecated setup.py egg_info --egg-base ../../../build/mini_pupper_driver build --build-base /home/darshan/ros2_ws/build/mini_pupper_driver/build install --record /home/darshan/ros2_ws/build/mini_pupper_driver/install.log --single-version-externally-managed install_data
