[0.036s] Invoking command in '/home/darshan/ros2_ws/build/champ_gazebo': CMAKE_PREFIX_PATH=/home/darshan/ros2_ws/install/champ_msgs:/home/darshan/ros2_ws/install/champ:/home/darshan/ros2_ws/install/mini_pupper_slam:/home/darshan/ros2_ws/install/mini_pupper_navigation:/home/darshan/ros2_ws/install/mini_pupper_interfaces:/home/darshan/ros2_ws/install/mini_pupper_gazebo:/home/darshan/ros2_ws/install/mini_pupper_description:/home/darshan/ros2_ws/install/mini_pupper_bringup:/home/darshan/ros2_ws/install/ldlidar_stl_ros2:/home/darshan/ros2_ws/install/champ_teleop:/home/darshan/ros2_ws/install/champ_navigation:/home/darshan/ros2_ws/install/champ_gazebo:/home/darshan/ros2_ws/install/champ_bringup:/home/darshan/ros2_ws/install/champ_base:/home/darshan/ros2_ws/install/champ_description:/home/darshan/ros2_ws/install/champ_config:/home/darshan/ros2_ws/install/mini_pupper_line_follower:/home/darshan/ros2_ws/install/mini_pupper_recognition:/home/darshan/ros2_ws/install/mini_pupper_music:/home/darshan/ros2_ws/install/mini_pupper_dance:/home/darshan/ros2_ws/install/mini_pupper_driver:/opt/ros/humble LD_LIBRARY_PATH=/home/darshan/ros2_ws/install/champ_msgs/lib:/home/darshan/ros2_ws/install/mini_pupper_interfaces/lib:/home/darshan/ros2_ws/install/champ_base/lib:/usr/lib/x86_64-linux-gnu/gazebo-11/plugins:/opt/ros/humble/opt/rviz_ogre_vendor/lib:/opt/ros/humble/lib/x86_64-linux-gnu:/opt/ros/humble/lib /usr/bin/cmake --build /home/darshan/ros2_ws/build/champ_gazebo -- -j24 -l24
[0.141s] [100%] Built target contact_sensor
[0.157s] Invoked command in '/home/darshan/ros2_ws/build/champ_gazebo' returned '0': CMAKE_PREFIX_PATH=/home/darshan/ros2_ws/install/champ_msgs:/home/darshan/ros2_ws/install/champ:/home/darshan/ros2_ws/install/mini_pupper_slam:/home/darshan/ros2_ws/install/mini_pupper_navigation:/home/darshan/ros2_ws/install/mini_pupper_interfaces:/home/darshan/ros2_ws/install/mini_pupper_gazebo:/home/darshan/ros2_ws/install/mini_pupper_description:/home/darshan/ros2_ws/install/mini_pupper_bringup:/home/darshan/ros2_ws/install/ldlidar_stl_ros2:/home/darshan/ros2_ws/install/champ_teleop:/home/darshan/ros2_ws/install/champ_navigation:/home/darshan/ros2_ws/install/champ_gazebo:/home/darshan/ros2_ws/install/champ_bringup:/home/darshan/ros2_ws/install/champ_base:/home/darshan/ros2_ws/install/champ_description:/home/darshan/ros2_ws/install/champ_config:/home/darshan/ros2_ws/install/mini_pupper_line_follower:/home/darshan/ros2_ws/install/mini_pupper_recognition:/home/darshan/ros2_ws/install/mini_pupper_music:/home/darshan/ros2_ws/install/mini_pupper_dance:/home/darshan/ros2_ws/install/mini_pupper_driver:/opt/ros/humble LD_LIBRARY_PATH=/home/darshan/ros2_ws/install/champ_msgs/lib:/home/darshan/ros2_ws/install/mini_pupper_interfaces/lib:/home/darshan/ros2_ws/install/champ_base/lib:/usr/lib/x86_64-linux-gnu/gazebo-11/plugins:/opt/ros/humble/opt/rviz_ogre_vendor/lib:/opt/ros/humble/lib/x86_64-linux-gnu:/opt/ros/humble/lib /usr/bin/cmake --build /home/darshan/ros2_ws/build/champ_gazebo -- -j24 -l24
[0.192s] Invoking command in '/home/darshan/ros2_ws/build/champ_gazebo': CMAKE_PREFIX_PATH=/home/darshan/ros2_ws/install/champ_msgs:/home/darshan/ros2_ws/install/champ:/home/darshan/ros2_ws/install/mini_pupper_slam:/home/darshan/ros2_ws/install/mini_pupper_navigation:/home/darshan/ros2_ws/install/mini_pupper_interfaces:/home/darshan/ros2_ws/install/mini_pupper_gazebo:/home/darshan/ros2_ws/install/mini_pupper_description:/home/darshan/ros2_ws/install/mini_pupper_bringup:/home/darshan/ros2_ws/install/ldlidar_stl_ros2:/home/darshan/ros2_ws/install/champ_teleop:/home/darshan/ros2_ws/install/champ_navigation:/home/darshan/ros2_ws/install/champ_gazebo:/home/darshan/ros2_ws/install/champ_bringup:/home/darshan/ros2_ws/install/champ_base:/home/darshan/ros2_ws/install/champ_description:/home/darshan/ros2_ws/install/champ_config:/home/darshan/ros2_ws/install/mini_pupper_line_follower:/home/darshan/ros2_ws/install/mini_pupper_recognition:/home/darshan/ros2_ws/install/mini_pupper_music:/home/darshan/ros2_ws/install/mini_pupper_dance:/home/darshan/ros2_ws/install/mini_pupper_driver:/opt/ros/humble LD_LIBRARY_PATH=/home/darshan/ros2_ws/install/champ_msgs/lib:/home/darshan/ros2_ws/install/mini_pupper_interfaces/lib:/home/darshan/ros2_ws/install/champ_base/lib:/usr/lib/x86_64-linux-gnu/gazebo-11/plugins:/opt/ros/humble/opt/rviz_ogre_vendor/lib:/opt/ros/humble/lib/x86_64-linux-gnu:/opt/ros/humble/lib /usr/bin/cmake --install /home/darshan/ros2_ws/build/champ_gazebo
[0.201s] -- Install configuration: ""
[0.202s] -- Up-to-date: /home/darshan/ros2_ws/install/champ_gazebo/bin/imu_sensor.py
[0.202s] -- Up-to-date: /home/darshan/ros2_ws/install/champ_gazebo/bin/odometry_tf.py
[0.202s] -- Up-to-date: /home/darshan/ros2_ws/install/champ_gazebo/bin/odometry.py
[0.202s] -- Up-to-date: /home/darshan/ros2_ws/install/champ_gazebo/lib/champ_gazebo/contact_sensor
[0.202s] -- Up-to-date: /home/darshan/ros2_ws/install/champ_gazebo/share/champ_gazebo/launch
[0.202s] -- Up-to-date: /home/darshan/ros2_ws/install/champ_gazebo/share/champ_gazebo/launch/gazebo.launch
[0.203s] -- Up-to-date: /home/darshan/ros2_ws/install/champ_gazebo/share/champ_gazebo/launch/spawn_world.launch
[0.203s] -- Up-to-date: /home/darshan/ros2_ws/install/champ_gazebo/share/champ_gazebo/launch/gazebo.launch.py
[0.203s] -- Up-to-date: /home/darshan/ros2_ws/install/champ_gazebo/share/champ_gazebo/launch/spawn_robot.launch
[0.203s] -- Up-to-date: /home/darshan/ros2_ws/install/champ_gazebo/share/champ_gazebo/config
[0.203s] -- Up-to-date: /home/darshan/ros2_ws/install/champ_gazebo/share/champ_gazebo/config/gazebo.yaml
[0.203s] -- Up-to-date: /home/darshan/ros2_ws/install/champ_gazebo/share/champ_gazebo/config/ros_control.yaml
[0.203s] -- Up-to-date: /home/darshan/ros2_ws/install/champ_gazebo/share/champ_gazebo/worlds
[0.203s] -- Up-to-date: /home/darshan/ros2_ws/install/champ_gazebo/share/champ_gazebo/worlds/playground.world
[0.203s] -- Up-to-date: /home/darshan/ros2_ws/install/champ_gazebo/share/champ_gazebo/worlds/default.world
[0.203s] -- Up-to-date: /home/darshan/ros2_ws/install/champ_gazebo/share/champ_gazebo/worlds/outdoor.world
[0.204s] -- Up-to-date: /home/darshan/ros2_ws/install/champ_gazebo/share/ament_index/resource_index/package_run_dependencies/champ_gazebo
[0.204s] -- Up-to-date: /home/darshan/ros2_ws/install/champ_gazebo/share/ament_index/resource_index/parent_prefix_path/champ_gazebo
[0.204s] -- Up-to-date: /home/darshan/ros2_ws/install/champ_gazebo/share/champ_gazebo/environment/ament_prefix_path.sh
[0.204s] -- Up-to-date: /home/darshan/ros2_ws/install/champ_gazebo/share/champ_gazebo/environment/ament_prefix_path.dsv
[0.204s] -- Up-to-date: /home/darshan/ros2_ws/install/champ_gazebo/share/champ_gazebo/environment/path.sh
[0.204s] -- Up-to-date: /home/darshan/ros2_ws/install/champ_gazebo/share/champ_gazebo/environment/path.dsv
[0.204s] -- Up-to-date: /home/darshan/ros2_ws/install/champ_gazebo/share/champ_gazebo/local_setup.bash
[0.204s] -- Up-to-date: /home/darshan/ros2_ws/install/champ_gazebo/share/champ_gazebo/local_setup.sh
[0.204s] -- Up-to-date: /home/darshan/ros2_ws/install/champ_gazebo/share/champ_gazebo/local_setup.zsh
[0.205s] -- Up-to-date: /home/darshan/ros2_ws/install/champ_gazebo/share/champ_gazebo/local_setup.dsv
[0.205s] -- Installing: /home/darshan/ros2_ws/install/champ_gazebo/share/champ_gazebo/package.dsv
[0.205s] -- Up-to-date: /home/darshan/ros2_ws/install/champ_gazebo/share/ament_index/resource_index/packages/champ_gazebo
[0.205s] -- Up-to-date: /home/darshan/ros2_ws/install/champ_gazebo/share/champ_gazebo/cmake/ament_cmake_export_include_directories-extras.cmake
[0.205s] -- Up-to-date: /home/darshan/ros2_ws/install/champ_gazebo/share/champ_gazebo/cmake/ament_cmake_export_dependencies-extras.cmake
[0.205s] -- Up-to-date: /home/darshan/ros2_ws/install/champ_gazebo/share/champ_gazebo/cmake/champ_gazeboConfig.cmake
[0.205s] -- Up-to-date: /home/darshan/ros2_ws/install/champ_gazebo/share/champ_gazebo/cmake/champ_gazeboConfig-version.cmake
[0.205s] -- Up-to-date: /home/darshan/ros2_ws/install/champ_gazebo/share/champ_gazebo/package.xml
[0.207s] Invoked command in '/home/darshan/ros2_ws/build/champ_gazebo' returned '0': CMAKE_PREFIX_PATH=/home/darshan/ros2_ws/install/champ_msgs:/home/darshan/ros2_ws/install/champ:/home/darshan/ros2_ws/install/mini_pupper_slam:/home/darshan/ros2_ws/install/mini_pupper_navigation:/home/darshan/ros2_ws/install/mini_pupper_interfaces:/home/darshan/ros2_ws/install/mini_pupper_gazebo:/home/darshan/ros2_ws/install/mini_pupper_description:/home/darshan/ros2_ws/install/mini_pupper_bringup:/home/darshan/ros2_ws/install/ldlidar_stl_ros2:/home/darshan/ros2_ws/install/champ_teleop:/home/darshan/ros2_ws/install/champ_navigation:/home/darshan/ros2_ws/install/champ_gazebo:/home/darshan/ros2_ws/install/champ_bringup:/home/darshan/ros2_ws/install/champ_base:/home/darshan/ros2_ws/install/champ_description:/home/darshan/ros2_ws/install/champ_config:/home/darshan/ros2_ws/install/mini_pupper_line_follower:/home/darshan/ros2_ws/install/mini_pupper_recognition:/home/darshan/ros2_ws/install/mini_pupper_music:/home/darshan/ros2_ws/install/mini_pupper_dance:/home/darshan/ros2_ws/install/mini_pupper_driver:/opt/ros/humble LD_LIBRARY_PATH=/home/darshan/ros2_ws/install/champ_msgs/lib:/home/darshan/ros2_ws/install/mini_pupper_interfaces/lib:/home/darshan/ros2_ws/install/champ_base/lib:/usr/lib/x86_64-linux-gnu/gazebo-11/plugins:/opt/ros/humble/opt/rviz_ogre_vendor/lib:/opt/ros/humble/lib/x86_64-linux-gnu:/opt/ros/humble/lib /usr/bin/cmake --install /home/darshan/ros2_ws/build/champ_gazebo
