[0.582s] Invoking command in '/home/darshan/ros2_ws/build/mini_pupper_navigation': CMAKE_PREFIX_PATH=${CMAKE_PREFIX_PATH}:/home/darshan/ros2_ws/install/mini_pupper_recognition:/home/darshan/ros2_ws/install/mini_pupper_music:/home/darshan/ros2_ws/install/mini_pupper_dance:/home/darshan/ros2_ws/install/mini_pupper_driver:/opt/ros/humble /usr/bin/cmake --build /home/darshan/ros2_ws/build/mini_pupper_navigation -- -j24 -l24
[0.864s] Invoked command in '/home/darshan/ros2_ws/build/mini_pupper_navigation' returned '0': CMAKE_PREFIX_PATH=${CMAKE_PREFIX_PATH}:/home/darshan/ros2_ws/install/mini_pupper_recognition:/home/darshan/ros2_ws/install/mini_pupper_music:/home/darshan/ros2_ws/install/mini_pupper_dance:/home/darshan/ros2_ws/install/mini_pupper_driver:/opt/ros/humble /usr/bin/cmake --build /home/darshan/ros2_ws/build/mini_pupper_navigation -- -j24 -l24
[0.942s] Invoking command in '/home/darshan/ros2_ws/build/mini_pupper_navigation': CMAKE_PREFIX_PATH=${CMAKE_PREFIX_PATH}:/home/darshan/ros2_ws/install/mini_pupper_recognition:/home/darshan/ros2_ws/install/mini_pupper_music:/home/darshan/ros2_ws/install/mini_pupper_dance:/home/darshan/ros2_ws/install/mini_pupper_driver:/opt/ros/humble /usr/bin/cmake --install /home/darshan/ros2_ws/build/mini_pupper_navigation
[0.961s] -- Install configuration: ""
[0.961s] -- Up-to-date: /home/darshan/ros2_ws/install/mini_pupper_navigation/share/mini_pupper_navigation/launch
[0.961s] -- Up-to-date: /home/darshan/ros2_ws/install/mini_pupper_navigation/share/mini_pupper_navigation/launch/navigation.launch.py
[0.961s] -- Up-to-date: /home/darshan/ros2_ws/install/mini_pupper_navigation/share/mini_pupper_navigation/maps
[0.961s] -- Up-to-date: /home/darshan/ros2_ws/install/mini_pupper_navigation/share/mini_pupper_navigation/maps/map.pgm
[0.961s] -- Up-to-date: /home/darshan/ros2_ws/install/mini_pupper_navigation/share/mini_pupper_navigation/maps/map.yaml
[0.961s] -- Up-to-date: /home/darshan/ros2_ws/install/mini_pupper_navigation/share/mini_pupper_navigation/param
[0.961s] -- Up-to-date: /home/darshan/ros2_ws/install/mini_pupper_navigation/share/mini_pupper_navigation/param/mini_pupper.yaml
[0.961s] -- Up-to-date: /home/darshan/ros2_ws/install/mini_pupper_navigation/share/mini_pupper_navigation/rviz
[0.961s] -- Up-to-date: /home/darshan/ros2_ws/install/mini_pupper_navigation/share/mini_pupper_navigation/rviz/navigation.rviz
[0.961s] -- Up-to-date: /home/darshan/ros2_ws/install/mini_pupper_navigation/share/ament_index/resource_index/package_run_dependencies/mini_pupper_navigation
[0.961s] -- Up-to-date: /home/darshan/ros2_ws/install/mini_pupper_navigation/share/ament_index/resource_index/parent_prefix_path/mini_pupper_navigation
[0.961s] -- Up-to-date: /home/darshan/ros2_ws/install/mini_pupper_navigation/share/mini_pupper_navigation/environment/ament_prefix_path.sh
[0.961s] -- Up-to-date: /home/darshan/ros2_ws/install/mini_pupper_navigation/share/mini_pupper_navigation/environment/ament_prefix_path.dsv
[0.961s] -- Up-to-date: /home/darshan/ros2_ws/install/mini_pupper_navigation/share/mini_pupper_navigation/environment/path.sh
[0.961s] -- Up-to-date: /home/darshan/ros2_ws/install/mini_pupper_navigation/share/mini_pupper_navigation/environment/path.dsv
[0.961s] -- Up-to-date: /home/darshan/ros2_ws/install/mini_pupper_navigation/share/mini_pupper_navigation/local_setup.bash
[0.961s] -- Up-to-date: /home/darshan/ros2_ws/install/mini_pupper_navigation/share/mini_pupper_navigation/local_setup.sh
[0.961s] -- Up-to-date: /home/darshan/ros2_ws/install/mini_pupper_navigation/share/mini_pupper_navigation/local_setup.zsh
[0.961s] -- Up-to-date: /home/darshan/ros2_ws/install/mini_pupper_navigation/share/mini_pupper_navigation/local_setup.dsv
[0.961s] -- Installing: /home/darshan/ros2_ws/install/mini_pupper_navigation/share/mini_pupper_navigation/package.dsv
[0.961s] -- Up-to-date: /home/darshan/ros2_ws/install/mini_pupper_navigation/share/ament_index/resource_index/packages/mini_pupper_navigation
[0.961s] -- Up-to-date: /home/darshan/ros2_ws/install/mini_pupper_navigation/share/mini_pupper_navigation/cmake/mini_pupper_navigationConfig.cmake
[0.962s] -- Up-to-date: /home/darshan/ros2_ws/install/mini_pupper_navigation/share/mini_pupper_navigation/cmake/mini_pupper_navigationConfig-version.cmake
[0.962s] -- Up-to-date: /home/darshan/ros2_ws/install/mini_pupper_navigation/share/mini_pupper_navigation/package.xml
[1.012s] Invoked command in '/home/darshan/ros2_ws/build/mini_pupper_navigation' returned '0': CMAKE_PREFIX_PATH=${CMAKE_PREFIX_PATH}:/home/darshan/ros2_ws/install/mini_pupper_recognition:/home/darshan/ros2_ws/install/mini_pupper_music:/home/darshan/ros2_ws/install/mini_pupper_dance:/home/darshan/ros2_ws/install/mini_pupper_driver:/opt/ros/humble /usr/bin/cmake --install /home/darshan/ros2_ws/build/mini_pupper_navigation
