-- The C compiler identification is GNU 11.4.0
-- The CXX compiler identification is GNU 11.4.0
-- Detecting C compiler ABI info
-- Detecting C compiler ABI info - done
-- Check for working C compiler: /usr/bin/cc - skipped
-- Detecting C compile features
-- Detecting C compile features - done
-- Detecting CXX compiler ABI info
-- Detecting CXX compiler ABI info - done
-- Check for working CXX compiler: /usr/bin/c++ - skipped
-- Detecting CXX compile features
-- Detecting CXX compile features - done
-- Found ament_cmake: 1.3.10 (/opt/ros/humble/share/ament_cmake/cmake)
-- Found Python3: /usr/bin/python3 (found version "3.10.12") found components: Interpreter 
-- Found std_msgs: 4.2.4 (/opt/ros/humble/share/std_msgs/cmake)
-- Found rosidl_generator_c: 3.1.5 (/opt/ros/humble/share/rosidl_generator_c/cmake)
-- Found rosidl_adapter: 3.1.5 (/opt/ros/humble/share/rosidl_adapter/cmake)
-- Found rosidl_generator_cpp: 3.1.5 (/opt/ros/humble/share/rosidl_generator_cpp/cmake)
-- Using all available rosidl_typesupport_c: rosidl_typesupport_fastrtps_c;rosidl_typesupport_introspection_c
-- Using all available rosidl_typesupport_cpp: rosidl_typesupport_fastrtps_cpp;rosidl_typesupport_introspection_cpp
-- Found rosidl_default_generators: 1.2.0 (/opt/ros/humble/share/rosidl_default_generators/cmake)
-- Found ament_cmake_ros: 0.10.0 (/opt/ros/humble/share/ament_cmake_ros/cmake)
-- Using all available rosidl_typesupport_c: rosidl_typesupport_fastrtps_c;rosidl_typesupport_introspection_c
-- Using all available rosidl_typesupport_cpp: rosidl_typesupport_fastrtps_cpp;rosidl_typesupport_introspection_cpp
-- Found PythonInterp: /usr/bin/python3 (found suitable version "3.10.12", minimum required is "3.6") 
-- Found python_cmake_module: 0.10.0 (/opt/ros/humble/share/python_cmake_module/cmake)
-- Found PythonLibs: /usr/lib/x86_64-linux-gnu/libpython3.10.so (found suitable version "3.10.12", minimum required is "3.5") 
-- Using PYTHON_EXECUTABLE: /usr/bin/python3
-- Using PYTHON_INCLUDE_DIRS: /usr/include/python3.10
-- Using PYTHON_LIBRARIES: /usr/lib/x86_64-linux-gnu/libpython3.10.so
-- Found PythonExtra: .so  
-- Found ament_lint_auto: 0.12.11 (/opt/ros/humble/share/ament_lint_auto/cmake)
-- Added test 'lint_cmake' to check CMake code style
-- Added test 'xmllint' to check XML markup files
-- Configuring done
-- Generating done
-- Build files have been written to: /home/darshan/ros2_ws/build/mini_pupper_interfaces
[  1%] [34m[1mGenerating C code for ROS interfaces[0m
[  3%] [34m[1mGenerating C++ code for ROS interfaces[0m
[  3%] Built target ament_cmake_python_copy_mini_pupper_interfaces
running egg_info
creating mini_pupper_interfaces.egg-info
writing mini_pupper_interfaces.egg-info/PKG-INFO
writing dependency_links to mini_pupper_interfaces.egg-info/dependency_links.txt
writing top-level names to mini_pupper_interfaces.egg-info/top_level.txt
writing manifest file 'mini_pupper_interfaces.egg-info/SOURCES.txt'
reading manifest file 'mini_pupper_interfaces.egg-info/SOURCES.txt'
writing manifest file 'mini_pupper_interfaces.egg-info/SOURCES.txt'
[  3%] Built target ament_cmake_python_build_mini_pupper_interfaces_egg
[  4%] [32mBuilding C object CMakeFiles/mini_pupper_interfaces__rosidl_generator_c.dir/rosidl_generator_c/mini_pupper_interfaces/srv/detail/play_music__functions.c.o[0m
[  6%] [32mBuilding C object CMakeFiles/mini_pupper_interfaces__rosidl_generator_c.dir/rosidl_generator_c/mini_pupper_interfaces/srv/detail/stop_music__functions.c.o[0m
[  7%] [32mBuilding C object CMakeFiles/mini_pupper_interfaces__rosidl_generator_c.dir/rosidl_generator_c/mini_pupper_interfaces/msg/detail/ai_line_recognition_result__functions.c.o[0m
[  9%] [32mBuilding C object CMakeFiles/mini_pupper_interfaces__rosidl_generator_c.dir/rosidl_generator_c/mini_pupper_interfaces/srv/detail/dance_command__functions.c.o[0m
[ 11%] [32mBuilding C object CMakeFiles/mini_pupper_interfaces__rosidl_generator_c.dir/rosidl_generator_c/mini_pupper_interfaces/msg/detail/line_detection_result__functions.c.o[0m
[ 12%] [32m[1mLinking C shared library libmini_pupper_interfaces__rosidl_generator_c.so[0m
[ 12%] Built target mini_pupper_interfaces__rosidl_generator_c
[ 14%] [34m[1mGenerating C type support dispatch for ROS interfaces[0m
[ 15%] [34m[1mGenerating C type support for eProsima Fast-RTPS[0m
[ 17%] [34m[1mGenerating C introspection for ROS interfaces[0m
[ 17%] Built target mini_pupper_interfaces__cpp
[ 22%] [34m[1mGenerating C++ type support for eProsima Fast-RTPS[0m
[ 22%] [34m[1mGenerating C++ type support dispatch for ROS interfaces[0m
[ 22%] [34m[1mGenerating C++ introspection for ROS interfaces[0m
[ 23%] [32mBuilding CXX object CMakeFiles/mini_pupper_interfaces__rosidl_typesupport_c.dir/rosidl_typesupport_c/mini_pupper_interfaces/srv/dance_command__type_support.cpp.o[0m
[ 25%] [32mBuilding CXX object CMakeFiles/mini_pupper_interfaces__rosidl_typesupport_c.dir/rosidl_typesupport_c/mini_pupper_interfaces/srv/play_music__type_support.cpp.o[0m
[ 26%] [32mBuilding CXX object CMakeFiles/mini_pupper_interfaces__rosidl_typesupport_c.dir/rosidl_typesupport_c/mini_pupper_interfaces/srv/stop_music__type_support.cpp.o[0m
[ 28%] [32mBuilding CXX object CMakeFiles/mini_pupper_interfaces__rosidl_typesupport_c.dir/rosidl_typesupport_c/mini_pupper_interfaces/msg/ai_line_recognition_result__type_support.cpp.o[0m
[ 30%] [32mBuilding CXX object CMakeFiles/mini_pupper_interfaces__rosidl_typesupport_c.dir/rosidl_typesupport_c/mini_pupper_interfaces/msg/line_detection_result__type_support.cpp.o[0m
[ 31%] [32m[1mLinking CXX shared library libmini_pupper_interfaces__rosidl_typesupport_c.so[0m
[ 31%] Built target mini_pupper_interfaces__rosidl_typesupport_c
[ 33%] [32mBuilding CXX object CMakeFiles/mini_pupper_interfaces__rosidl_typesupport_cpp.dir/rosidl_typesupport_cpp/mini_pupper_interfaces/srv/stop_music__type_support.cpp.o[0m
[ 34%] [32mBuilding CXX object CMakeFiles/mini_pupper_interfaces__rosidl_typesupport_cpp.dir/rosidl_typesupport_cpp/mini_pupper_interfaces/srv/dance_command__type_support.cpp.o[0m
[ 36%] [32mBuilding CXX object CMakeFiles/mini_pupper_interfaces__rosidl_typesupport_cpp.dir/rosidl_typesupport_cpp/mini_pupper_interfaces/srv/play_music__type_support.cpp.o[0m
[ 38%] [32mBuilding CXX object CMakeFiles/mini_pupper_interfaces__rosidl_typesupport_cpp.dir/rosidl_typesupport_cpp/mini_pupper_interfaces/msg/line_detection_result__type_support.cpp.o[0m
[ 39%] [32mBuilding CXX object CMakeFiles/mini_pupper_interfaces__rosidl_typesupport_cpp.dir/rosidl_typesupport_cpp/mini_pupper_interfaces/msg/ai_line_recognition_result__type_support.cpp.o[0m
[ 44%] [32mBuilding CXX object CMakeFiles/mini_pupper_interfaces__rosidl_typesupport_fastrtps_c.dir/rosidl_typesupport_fastrtps_c/mini_pupper_interfaces/srv/detail/stop_music__type_support_c.cpp.o[0m
[ 44%] [32mBuilding CXX object CMakeFiles/mini_pupper_interfaces__rosidl_typesupport_fastrtps_c.dir/rosidl_typesupport_fastrtps_c/mini_pupper_interfaces/msg/detail/line_detection_result__type_support_c.cpp.o[0m
[ 44%] [32mBuilding CXX object CMakeFiles/mini_pupper_interfaces__rosidl_typesupport_fastrtps_c.dir/rosidl_typesupport_fastrtps_c/mini_pupper_interfaces/srv/detail/dance_command__type_support_c.cpp.o[0m
[ 46%] [32mBuilding CXX object CMakeFiles/mini_pupper_interfaces__rosidl_typesupport_fastrtps_c.dir/rosidl_typesupport_fastrtps_c/mini_pupper_interfaces/srv/detail/play_music__type_support_c.cpp.o[0m
[ 47%] [32mBuilding CXX object CMakeFiles/mini_pupper_interfaces__rosidl_typesupport_fastrtps_c.dir/rosidl_typesupport_fastrtps_c/mini_pupper_interfaces/msg/detail/ai_line_recognition_result__type_support_c.cpp.o[0m
[ 49%] [32mBuilding CXX object CMakeFiles/mini_pupper_interfaces__rosidl_typesupport_introspection_cpp.dir/rosidl_typesupport_introspection_cpp/mini_pupper_interfaces/srv/detail/dance_command__type_support.cpp.o[0m
[ 50%] [32mBuilding CXX object CMakeFiles/mini_pupper_interfaces__rosidl_typesupport_introspection_cpp.dir/rosidl_typesupport_introspection_cpp/mini_pupper_interfaces/srv/detail/play_music__type_support.cpp.o[0m
[ 52%] [32mBuilding CXX object CMakeFiles/mini_pupper_interfaces__rosidl_typesupport_introspection_cpp.dir/rosidl_typesupport_introspection_cpp/mini_pupper_interfaces/msg/detail/line_detection_result__type_support.cpp.o[0m
[ 53%] [32mBuilding CXX object CMakeFiles/mini_pupper_interfaces__rosidl_typesupport_introspection_cpp.dir/rosidl_typesupport_introspection_cpp/mini_pupper_interfaces/srv/detail/stop_music__type_support.cpp.o[0m
[ 55%] [32mBuilding CXX object CMakeFiles/mini_pupper_interfaces__rosidl_typesupport_introspection_cpp.dir/rosidl_typesupport_introspection_cpp/mini_pupper_interfaces/msg/detail/ai_line_recognition_result__type_support.cpp.o[0m
[ 57%] [32mBuilding CXX object CMakeFiles/mini_pupper_interfaces__rosidl_typesupport_fastrtps_cpp.dir/rosidl_typesupport_fastrtps_cpp/mini_pupper_interfaces/srv/detail/dds_fastrtps/dance_command__type_support.cpp.o[0m
[ 58%] [32mBuilding CXX object CMakeFiles/mini_pupper_interfaces__rosidl_typesupport_fastrtps_cpp.dir/rosidl_typesupport_fastrtps_cpp/mini_pupper_interfaces/srv/detail/dds_fastrtps/stop_music__type_support.cpp.o[0m
[ 60%] [32mBuilding CXX object CMakeFiles/mini_pupper_interfaces__rosidl_typesupport_fastrtps_cpp.dir/rosidl_typesupport_fastrtps_cpp/mini_pupper_interfaces/msg/detail/dds_fastrtps/line_detection_result__type_support.cpp.o[0m
[ 61%] [32mBuilding CXX object CMakeFiles/mini_pupper_interfaces__rosidl_typesupport_fastrtps_cpp.dir/rosidl_typesupport_fastrtps_cpp/mini_pupper_interfaces/msg/detail/dds_fastrtps/ai_line_recognition_result__type_support.cpp.o[0m
[ 63%] [32mBuilding CXX object CMakeFiles/mini_pupper_interfaces__rosidl_typesupport_fastrtps_cpp.dir/rosidl_typesupport_fastrtps_cpp/mini_pupper_interfaces/srv/detail/dds_fastrtps/play_music__type_support.cpp.o[0m
[ 65%] [32mBuilding C object CMakeFiles/mini_pupper_interfaces__rosidl_typesupport_introspection_c.dir/rosidl_typesupport_introspection_c/mini_pupper_interfaces/srv/detail/play_music__type_support.c.o[0m
[ 66%] [32mBuilding C object CMakeFiles/mini_pupper_interfaces__rosidl_typesupport_introspection_c.dir/rosidl_typesupport_introspection_c/mini_pupper_interfaces/srv/detail/dance_command__type_support.c.o[0m
[ 68%] [32mBuilding C object CMakeFiles/mini_pupper_interfaces__rosidl_typesupport_introspection_c.dir/rosidl_typesupport_introspection_c/mini_pupper_interfaces/srv/detail/stop_music__type_support.c.o[0m
[ 69%] [32mBuilding C object CMakeFiles/mini_pupper_interfaces__rosidl_typesupport_introspection_c.dir/rosidl_typesupport_introspection_c/mini_pupper_interfaces/msg/detail/line_detection_result__type_support.c.o[0m
[ 71%] [32mBuilding C object CMakeFiles/mini_pupper_interfaces__rosidl_typesupport_introspection_c.dir/rosidl_typesupport_introspection_c/mini_pupper_interfaces/msg/detail/ai_line_recognition_result__type_support.c.o[0m
[ 73%] [32m[1mLinking C shared library libmini_pupper_interfaces__rosidl_typesupport_introspection_c.so[0m
[ 74%] [32m[1mLinking CXX shared library libmini_pupper_interfaces__rosidl_typesupport_cpp.so[0m
[ 74%] Built target mini_pupper_interfaces__rosidl_typesupport_introspection_c
[ 74%] Built target mini_pupper_interfaces__rosidl_typesupport_cpp
[ 76%] [32m[1mLinking CXX shared library libmini_pupper_interfaces__rosidl_typesupport_fastrtps_c.so[0m
[ 77%] [32m[1mLinking CXX shared library libmini_pupper_interfaces__rosidl_typesupport_introspection_cpp.so[0m
[ 77%] Built target mini_pupper_interfaces__rosidl_typesupport_fastrtps_c
[ 77%] Built target mini_pupper_interfaces__rosidl_typesupport_introspection_cpp
[ 79%] [32m[1mLinking CXX shared library libmini_pupper_interfaces__rosidl_typesupport_fastrtps_cpp.so[0m
[ 79%] Built target mini_pupper_interfaces__rosidl_typesupport_fastrtps_cpp
[ 79%] Built target mini_pupper_interfaces
[ 80%] [34m[1mGenerating Python code for ROS interfaces[0m
[ 80%] Built target mini_pupper_interfaces__py
[ 82%] [32mBuilding C object CMakeFiles/mini_pupper_interfaces__rosidl_generator_py.dir/rosidl_generator_py/mini_pupper_interfaces/msg/_line_detection_result_s.c.o[0m
[ 84%] [32mBuilding C object CMakeFiles/mini_pupper_interfaces__rosidl_generator_py.dir/rosidl_generator_py/mini_pupper_interfaces/msg/_ai_line_recognition_result_s.c.o[0m
[ 85%] [32mBuilding C object CMakeFiles/mini_pupper_interfaces__rosidl_generator_py.dir/rosidl_generator_py/mini_pupper_interfaces/srv/_dance_command_s.c.o[0m
[ 87%] [32mBuilding C object CMakeFiles/mini_pupper_interfaces__rosidl_generator_py.dir/rosidl_generator_py/mini_pupper_interfaces/srv/_play_music_s.c.o[0m
[ 88%] [32mBuilding C object CMakeFiles/mini_pupper_interfaces__rosidl_generator_py.dir/rosidl_generator_py/mini_pupper_interfaces/srv/_stop_music_s.c.o[0m
[ 90%] [32m[1mLinking C shared library rosidl_generator_py/mini_pupper_interfaces/libmini_pupper_interfaces__rosidl_generator_py.so[0m
[ 90%] Built target mini_pupper_interfaces__rosidl_generator_py
[ 95%] [32mBuilding C object CMakeFiles/mini_pupper_interfaces__rosidl_typesupport_fastrtps_c__pyext.dir/rosidl_generator_py/mini_pupper_interfaces/_mini_pupper_interfaces_s.ep.rosidl_typesupport_fastrtps_c.c.o[0m
[ 95%] [32mBuilding C object CMakeFiles/mini_pupper_interfaces__rosidl_typesupport_introspection_c__pyext.dir/rosidl_generator_py/mini_pupper_interfaces/_mini_pupper_interfaces_s.ep.rosidl_typesupport_introspection_c.c.o[0m
[ 95%] [32mBuilding C object CMakeFiles/mini_pupper_interfaces__rosidl_typesupport_c__pyext.dir/rosidl_generator_py/mini_pupper_interfaces/_mini_pupper_interfaces_s.ep.rosidl_typesupport_c.c.o[0m
[100%] [32m[1mLinking C shared library rosidl_generator_py/mini_pupper_interfaces/mini_pupper_interfaces_s__rosidl_typesupport_c.cpython-310-x86_64-linux-gnu.so[0m
[100%] [32m[1mLinking C shared library rosidl_generator_py/mini_pupper_interfaces/mini_pupper_interfaces_s__rosidl_typesupport_fastrtps_c.cpython-310-x86_64-linux-gnu.so[0m
[100%] [32m[1mLinking C shared library rosidl_generator_py/mini_pupper_interfaces/mini_pupper_interfaces_s__rosidl_typesupport_introspection_c.cpython-310-x86_64-linux-gnu.so[0m
[100%] Built target mini_pupper_interfaces__rosidl_typesupport_introspection_c__pyext
[100%] Built target mini_pupper_interfaces__rosidl_typesupport_c__pyext
[100%] Built target mini_pupper_interfaces__rosidl_typesupport_fastrtps_c__pyext
-- Install configuration: ""
-- Installing: /home/darshan/ros2_ws/install/mini_pupper_interfaces/share/ament_index/resource_index/rosidl_interfaces/mini_pupper_interfaces
-- Installing: /home/darshan/ros2_ws/install/mini_pupper_interfaces/include/mini_pupper_interfaces/mini_pupper_interfaces
-- Installing: /home/darshan/ros2_ws/install/mini_pupper_interfaces/include/mini_pupper_interfaces/mini_pupper_interfaces/msg
-- Installing: /home/darshan/ros2_ws/install/mini_pupper_interfaces/include/mini_pupper_interfaces/mini_pupper_interfaces/msg/line_detection_result.h
-- Installing: /home/darshan/ros2_ws/install/mini_pupper_interfaces/include/mini_pupper_interfaces/mini_pupper_interfaces/msg/ai_line_recognition_result.h
-- Installing: /home/darshan/ros2_ws/install/mini_pupper_interfaces/include/mini_pupper_interfaces/mini_pupper_interfaces/msg/rosidl_generator_c__visibility_control.h
-- Installing: /home/darshan/ros2_ws/install/mini_pupper_interfaces/include/mini_pupper_interfaces/mini_pupper_interfaces/msg/detail
-- Installing: /home/darshan/ros2_ws/install/mini_pupper_interfaces/include/mini_pupper_interfaces/mini_pupper_interfaces/msg/detail/line_detection_result__functions.h
-- Installing: /home/darshan/ros2_ws/install/mini_pupper_interfaces/include/mini_pupper_interfaces/mini_pupper_interfaces/msg/detail/line_detection_result__type_support.h
-- Installing: /home/darshan/ros2_ws/install/mini_pupper_interfaces/include/mini_pupper_interfaces/mini_pupper_interfaces/msg/detail/ai_line_recognition_result__functions.c
-- Installing: /home/darshan/ros2_ws/install/mini_pupper_interfaces/include/mini_pupper_interfaces/mini_pupper_interfaces/msg/detail/line_detection_result__struct.h
-- Installing: /home/darshan/ros2_ws/install/mini_pupper_interfaces/include/mini_pupper_interfaces/mini_pupper_interfaces/msg/detail/ai_line_recognition_result__struct.h
-- Installing: /home/darshan/ros2_ws/install/mini_pupper_interfaces/include/mini_pupper_interfaces/mini_pupper_interfaces/msg/detail/ai_line_recognition_result__type_support.h
-- Installing: /home/darshan/ros2_ws/install/mini_pupper_interfaces/include/mini_pupper_interfaces/mini_pupper_interfaces/msg/detail/ai_line_recognition_result__functions.h
-- Installing: /home/darshan/ros2_ws/install/mini_pupper_interfaces/include/mini_pupper_interfaces/mini_pupper_interfaces/msg/detail/line_detection_result__functions.c
-- Installing: /home/darshan/ros2_ws/install/mini_pupper_interfaces/include/mini_pupper_interfaces/mini_pupper_interfaces/srv
-- Installing: /home/darshan/ros2_ws/install/mini_pupper_interfaces/include/mini_pupper_interfaces/mini_pupper_interfaces/srv/dance_command.h
-- Installing: /home/darshan/ros2_ws/install/mini_pupper_interfaces/include/mini_pupper_interfaces/mini_pupper_interfaces/srv/play_music.h
-- Installing: /home/darshan/ros2_ws/install/mini_pupper_interfaces/include/mini_pupper_interfaces/mini_pupper_interfaces/srv/stop_music.h
-- Installing: /home/darshan/ros2_ws/install/mini_pupper_interfaces/include/mini_pupper_interfaces/mini_pupper_interfaces/srv/detail
-- Installing: /home/darshan/ros2_ws/install/mini_pupper_interfaces/include/mini_pupper_interfaces/mini_pupper_interfaces/srv/detail/play_music__type_support.h
-- Installing: /home/darshan/ros2_ws/install/mini_pupper_interfaces/include/mini_pupper_interfaces/mini_pupper_interfaces/srv/detail/stop_music__functions.c
-- Installing: /home/darshan/ros2_ws/install/mini_pupper_interfaces/include/mini_pupper_interfaces/mini_pupper_interfaces/srv/detail/play_music__struct.h
-- Installing: /home/darshan/ros2_ws/install/mini_pupper_interfaces/include/mini_pupper_interfaces/mini_pupper_interfaces/srv/detail/play_music__functions.c
-- Installing: /home/darshan/ros2_ws/install/mini_pupper_interfaces/include/mini_pupper_interfaces/mini_pupper_interfaces/srv/detail/play_music__functions.h
-- Installing: /home/darshan/ros2_ws/install/mini_pupper_interfaces/include/mini_pupper_interfaces/mini_pupper_interfaces/srv/detail/dance_command__struct.h
-- Installing: /home/darshan/ros2_ws/install/mini_pupper_interfaces/include/mini_pupper_interfaces/mini_pupper_interfaces/srv/detail/dance_command__type_support.h
-- Installing: /home/darshan/ros2_ws/install/mini_pupper_interfaces/include/mini_pupper_interfaces/mini_pupper_interfaces/srv/detail/stop_music__functions.h
-- Installing: /home/darshan/ros2_ws/install/mini_pupper_interfaces/include/mini_pupper_interfaces/mini_pupper_interfaces/srv/detail/stop_music__struct.h
-- Installing: /home/darshan/ros2_ws/install/mini_pupper_interfaces/include/mini_pupper_interfaces/mini_pupper_interfaces/srv/detail/dance_command__functions.c
-- Installing: /home/darshan/ros2_ws/install/mini_pupper_interfaces/include/mini_pupper_interfaces/mini_pupper_interfaces/srv/detail/dance_command__functions.h
-- Installing: /home/darshan/ros2_ws/install/mini_pupper_interfaces/include/mini_pupper_interfaces/mini_pupper_interfaces/srv/detail/stop_music__type_support.h
-- Installing: /home/darshan/ros2_ws/install/mini_pupper_interfaces/share/mini_pupper_interfaces/environment/library_path.sh
-- Installing: /home/darshan/ros2_ws/install/mini_pupper_interfaces/share/mini_pupper_interfaces/environment/library_path.dsv
-- Installing: /home/darshan/ros2_ws/install/mini_pupper_interfaces/lib/libmini_pupper_interfaces__rosidl_generator_c.so
-- Set runtime path of "/home/darshan/ros2_ws/install/mini_pupper_interfaces/lib/libmini_pupper_interfaces__rosidl_generator_c.so" to ""
-- Up-to-date: /home/darshan/ros2_ws/install/mini_pupper_interfaces/include/mini_pupper_interfaces/mini_pupper_interfaces
-- Up-to-date: /home/darshan/ros2_ws/install/mini_pupper_interfaces/include/mini_pupper_interfaces/mini_pupper_interfaces/msg
-- Installing: /home/darshan/ros2_ws/install/mini_pupper_interfaces/include/mini_pupper_interfaces/mini_pupper_interfaces/msg/rosidl_typesupport_fastrtps_c__visibility_control.h
-- Up-to-date: /home/darshan/ros2_ws/install/mini_pupper_interfaces/include/mini_pupper_interfaces/mini_pupper_interfaces/msg/detail
-- Installing: /home/darshan/ros2_ws/install/mini_pupper_interfaces/include/mini_pupper_interfaces/mini_pupper_interfaces/msg/detail/line_detection_result__rosidl_typesupport_fastrtps_c.h
-- Installing: /home/darshan/ros2_ws/install/mini_pupper_interfaces/include/mini_pupper_interfaces/mini_pupper_interfaces/msg/detail/ai_line_recognition_result__rosidl_typesupport_fastrtps_c.h
-- Up-to-date: /home/darshan/ros2_ws/install/mini_pupper_interfaces/include/mini_pupper_interfaces/mini_pupper_interfaces/srv
-- Up-to-date: /home/darshan/ros2_ws/install/mini_pupper_interfaces/include/mini_pupper_interfaces/mini_pupper_interfaces/srv/detail
-- Installing: /home/darshan/ros2_ws/install/mini_pupper_interfaces/include/mini_pupper_interfaces/mini_pupper_interfaces/srv/detail/play_music__rosidl_typesupport_fastrtps_c.h
-- Installing: /home/darshan/ros2_ws/install/mini_pupper_interfaces/include/mini_pupper_interfaces/mini_pupper_interfaces/srv/detail/stop_music__rosidl_typesupport_fastrtps_c.h
-- Installing: /home/darshan/ros2_ws/install/mini_pupper_interfaces/include/mini_pupper_interfaces/mini_pupper_interfaces/srv/detail/dance_command__rosidl_typesupport_fastrtps_c.h
-- Installing: /home/darshan/ros2_ws/install/mini_pupper_interfaces/lib/libmini_pupper_interfaces__rosidl_typesupport_fastrtps_c.so
-- Set runtime path of "/home/darshan/ros2_ws/install/mini_pupper_interfaces/lib/libmini_pupper_interfaces__rosidl_typesupport_fastrtps_c.so" to ""
-- Up-to-date: /home/darshan/ros2_ws/install/mini_pupper_interfaces/include/mini_pupper_interfaces/mini_pupper_interfaces
-- Up-to-date: /home/darshan/ros2_ws/install/mini_pupper_interfaces/include/mini_pupper_interfaces/mini_pupper_interfaces/msg
-- Installing: /home/darshan/ros2_ws/install/mini_pupper_interfaces/include/mini_pupper_interfaces/mini_pupper_interfaces/msg/ai_line_recognition_result.hpp
-- Up-to-date: /home/darshan/ros2_ws/install/mini_pupper_interfaces/include/mini_pupper_interfaces/mini_pupper_interfaces/msg/detail
-- Installing: /home/darshan/ros2_ws/install/mini_pupper_interfaces/include/mini_pupper_interfaces/mini_pupper_interfaces/msg/detail/ai_line_recognition_result__builder.hpp
-- Installing: /home/darshan/ros2_ws/install/mini_pupper_interfaces/include/mini_pupper_interfaces/mini_pupper_interfaces/msg/detail/ai_line_recognition_result__struct.hpp
-- Installing: /home/darshan/ros2_ws/install/mini_pupper_interfaces/include/mini_pupper_interfaces/mini_pupper_interfaces/msg/detail/line_detection_result__traits.hpp
-- Installing: /home/darshan/ros2_ws/install/mini_pupper_interfaces/include/mini_pupper_interfaces/mini_pupper_interfaces/msg/detail/line_detection_result__struct.hpp
-- Installing: /home/darshan/ros2_ws/install/mini_pupper_interfaces/include/mini_pupper_interfaces/mini_pupper_interfaces/msg/detail/ai_line_recognition_result__traits.hpp
-- Installing: /home/darshan/ros2_ws/install/mini_pupper_interfaces/include/mini_pupper_interfaces/mini_pupper_interfaces/msg/detail/line_detection_result__builder.hpp
-- Installing: /home/darshan/ros2_ws/install/mini_pupper_interfaces/include/mini_pupper_interfaces/mini_pupper_interfaces/msg/line_detection_result.hpp
-- Up-to-date: /home/darshan/ros2_ws/install/mini_pupper_interfaces/include/mini_pupper_interfaces/mini_pupper_interfaces/srv
-- Installing: /home/darshan/ros2_ws/install/mini_pupper_interfaces/include/mini_pupper_interfaces/mini_pupper_interfaces/srv/dance_command.hpp
-- Installing: /home/darshan/ros2_ws/install/mini_pupper_interfaces/include/mini_pupper_interfaces/mini_pupper_interfaces/srv/stop_music.hpp
-- Up-to-date: /home/darshan/ros2_ws/install/mini_pupper_interfaces/include/mini_pupper_interfaces/mini_pupper_interfaces/srv/detail
-- Installing: /home/darshan/ros2_ws/install/mini_pupper_interfaces/include/mini_pupper_interfaces/mini_pupper_interfaces/srv/detail/stop_music__builder.hpp
-- Installing: /home/darshan/ros2_ws/install/mini_pupper_interfaces/include/mini_pupper_interfaces/mini_pupper_interfaces/srv/detail/play_music__traits.hpp
-- Installing: /home/darshan/ros2_ws/install/mini_pupper_interfaces/include/mini_pupper_interfaces/mini_pupper_interfaces/srv/detail/stop_music__struct.hpp
-- Installing: /home/darshan/ros2_ws/install/mini_pupper_interfaces/include/mini_pupper_interfaces/mini_pupper_interfaces/srv/detail/stop_music__traits.hpp
-- Installing: /home/darshan/ros2_ws/install/mini_pupper_interfaces/include/mini_pupper_interfaces/mini_pupper_interfaces/srv/detail/play_music__builder.hpp
-- Installing: /home/darshan/ros2_ws/install/mini_pupper_interfaces/include/mini_pupper_interfaces/mini_pupper_interfaces/srv/detail/play_music__struct.hpp
-- Installing: /home/darshan/ros2_ws/install/mini_pupper_interfaces/include/mini_pupper_interfaces/mini_pupper_interfaces/srv/detail/dance_command__traits.hpp
-- Installing: /home/darshan/ros2_ws/install/mini_pupper_interfaces/include/mini_pupper_interfaces/mini_pupper_interfaces/srv/detail/dance_command__builder.hpp
-- Installing: /home/darshan/ros2_ws/install/mini_pupper_interfaces/include/mini_pupper_interfaces/mini_pupper_interfaces/srv/detail/dance_command__struct.hpp
-- Installing: /home/darshan/ros2_ws/install/mini_pupper_interfaces/include/mini_pupper_interfaces/mini_pupper_interfaces/srv/play_music.hpp
-- Up-to-date: /home/darshan/ros2_ws/install/mini_pupper_interfaces/include/mini_pupper_interfaces/mini_pupper_interfaces
-- Up-to-date: /home/darshan/ros2_ws/install/mini_pupper_interfaces/include/mini_pupper_interfaces/mini_pupper_interfaces/msg
-- Installing: /home/darshan/ros2_ws/install/mini_pupper_interfaces/include/mini_pupper_interfaces/mini_pupper_interfaces/msg/rosidl_typesupport_fastrtps_cpp__visibility_control.h
-- Up-to-date: /home/darshan/ros2_ws/install/mini_pupper_interfaces/include/mini_pupper_interfaces/mini_pupper_interfaces/msg/detail
-- Installing: /home/darshan/ros2_ws/install/mini_pupper_interfaces/include/mini_pupper_interfaces/mini_pupper_interfaces/msg/detail/line_detection_result__rosidl_typesupport_fastrtps_cpp.hpp
-- Installing: /home/darshan/ros2_ws/install/mini_pupper_interfaces/include/mini_pupper_interfaces/mini_pupper_interfaces/msg/detail/ai_line_recognition_result__rosidl_typesupport_fastrtps_cpp.hpp
-- Installing: /home/darshan/ros2_ws/install/mini_pupper_interfaces/include/mini_pupper_interfaces/mini_pupper_interfaces/msg/detail/dds_fastrtps
-- Up-to-date: /home/darshan/ros2_ws/install/mini_pupper_interfaces/include/mini_pupper_interfaces/mini_pupper_interfaces/srv
-- Up-to-date: /home/darshan/ros2_ws/install/mini_pupper_interfaces/include/mini_pupper_interfaces/mini_pupper_interfaces/srv/detail
-- Installing: /home/darshan/ros2_ws/install/mini_pupper_interfaces/include/mini_pupper_interfaces/mini_pupper_interfaces/srv/detail/play_music__rosidl_typesupport_fastrtps_cpp.hpp
-- Installing: /home/darshan/ros2_ws/install/mini_pupper_interfaces/include/mini_pupper_interfaces/mini_pupper_interfaces/srv/detail/stop_music__rosidl_typesupport_fastrtps_cpp.hpp
-- Installing: /home/darshan/ros2_ws/install/mini_pupper_interfaces/include/mini_pupper_interfaces/mini_pupper_interfaces/srv/detail/dance_command__rosidl_typesupport_fastrtps_cpp.hpp
-- Installing: /home/darshan/ros2_ws/install/mini_pupper_interfaces/include/mini_pupper_interfaces/mini_pupper_interfaces/srv/detail/dds_fastrtps
-- Installing: /home/darshan/ros2_ws/install/mini_pupper_interfaces/lib/libmini_pupper_interfaces__rosidl_typesupport_fastrtps_cpp.so
-- Set runtime path of "/home/darshan/ros2_ws/install/mini_pupper_interfaces/lib/libmini_pupper_interfaces__rosidl_typesupport_fastrtps_cpp.so" to ""
-- Up-to-date: /home/darshan/ros2_ws/install/mini_pupper_interfaces/include/mini_pupper_interfaces/mini_pupper_interfaces
-- Up-to-date: /home/darshan/ros2_ws/install/mini_pupper_interfaces/include/mini_pupper_interfaces/mini_pupper_interfaces/msg
-- Installing: /home/darshan/ros2_ws/install/mini_pupper_interfaces/include/mini_pupper_interfaces/mini_pupper_interfaces/msg/rosidl_typesupport_introspection_c__visibility_control.h
-- Up-to-date: /home/darshan/ros2_ws/install/mini_pupper_interfaces/include/mini_pupper_interfaces/mini_pupper_interfaces/msg/detail
-- Installing: /home/darshan/ros2_ws/install/mini_pupper_interfaces/include/mini_pupper_interfaces/mini_pupper_interfaces/msg/detail/ai_line_recognition_result__type_support.c
-- Installing: /home/darshan/ros2_ws/install/mini_pupper_interfaces/include/mini_pupper_interfaces/mini_pupper_interfaces/msg/detail/line_detection_result__rosidl_typesupport_introspection_c.h
-- Installing: /home/darshan/ros2_ws/install/mini_pupper_interfaces/include/mini_pupper_interfaces/mini_pupper_interfaces/msg/detail/line_detection_result__type_support.c
-- Installing: /home/darshan/ros2_ws/install/mini_pupper_interfaces/include/mini_pupper_interfaces/mini_pupper_interfaces/msg/detail/ai_line_recognition_result__rosidl_typesupport_introspection_c.h
-- Up-to-date: /home/darshan/ros2_ws/install/mini_pupper_interfaces/include/mini_pupper_interfaces/mini_pupper_interfaces/srv
-- Up-to-date: /home/darshan/ros2_ws/install/mini_pupper_interfaces/include/mini_pupper_interfaces/mini_pupper_interfaces/srv/detail
-- Installing: /home/darshan/ros2_ws/install/mini_pupper_interfaces/include/mini_pupper_interfaces/mini_pupper_interfaces/srv/detail/dance_command__type_support.c
-- Installing: /home/darshan/ros2_ws/install/mini_pupper_interfaces/include/mini_pupper_interfaces/mini_pupper_interfaces/srv/detail/play_music__rosidl_typesupport_introspection_c.h
-- Installing: /home/darshan/ros2_ws/install/mini_pupper_interfaces/include/mini_pupper_interfaces/mini_pupper_interfaces/srv/detail/dance_command__rosidl_typesupport_introspection_c.h
-- Installing: /home/darshan/ros2_ws/install/mini_pupper_interfaces/include/mini_pupper_interfaces/mini_pupper_interfaces/srv/detail/stop_music__type_support.c
-- Installing: /home/darshan/ros2_ws/install/mini_pupper_interfaces/include/mini_pupper_interfaces/mini_pupper_interfaces/srv/detail/play_music__type_support.c
-- Installing: /home/darshan/ros2_ws/install/mini_pupper_interfaces/include/mini_pupper_interfaces/mini_pupper_interfaces/srv/detail/stop_music__rosidl_typesupport_introspection_c.h
-- Installing: /home/darshan/ros2_ws/install/mini_pupper_interfaces/lib/libmini_pupper_interfaces__rosidl_typesupport_introspection_c.so
-- Set runtime path of "/home/darshan/ros2_ws/install/mini_pupper_interfaces/lib/libmini_pupper_interfaces__rosidl_typesupport_introspection_c.so" to ""
-- Installing: /home/darshan/ros2_ws/install/mini_pupper_interfaces/lib/libmini_pupper_interfaces__rosidl_typesupport_c.so
-- Set runtime path of "/home/darshan/ros2_ws/install/mini_pupper_interfaces/lib/libmini_pupper_interfaces__rosidl_typesupport_c.so" to ""
-- Up-to-date: /home/darshan/ros2_ws/install/mini_pupper_interfaces/include/mini_pupper_interfaces/mini_pupper_interfaces
-- Up-to-date: /home/darshan/ros2_ws/install/mini_pupper_interfaces/include/mini_pupper_interfaces/mini_pupper_interfaces/msg
-- Up-to-date: /home/darshan/ros2_ws/install/mini_pupper_interfaces/include/mini_pupper_interfaces/mini_pupper_interfaces/msg/detail
-- Installing: /home/darshan/ros2_ws/install/mini_pupper_interfaces/include/mini_pupper_interfaces/mini_pupper_interfaces/msg/detail/line_detection_result__type_support.cpp
-- Installing: /home/darshan/ros2_ws/install/mini_pupper_interfaces/include/mini_pupper_interfaces/mini_pupper_interfaces/msg/detail/ai_line_recognition_result__rosidl_typesupport_introspection_cpp.hpp
-- Installing: /home/darshan/ros2_ws/install/mini_pupper_interfaces/include/mini_pupper_interfaces/mini_pupper_interfaces/msg/detail/line_detection_result__rosidl_typesupport_introspection_cpp.hpp
-- Installing: /home/darshan/ros2_ws/install/mini_pupper_interfaces/include/mini_pupper_interfaces/mini_pupper_interfaces/msg/detail/ai_line_recognition_result__type_support.cpp
-- Up-to-date: /home/darshan/ros2_ws/install/mini_pupper_interfaces/include/mini_pupper_interfaces/mini_pupper_interfaces/srv
-- Up-to-date: /home/darshan/ros2_ws/install/mini_pupper_interfaces/include/mini_pupper_interfaces/mini_pupper_interfaces/srv/detail
-- Installing: /home/darshan/ros2_ws/install/mini_pupper_interfaces/include/mini_pupper_interfaces/mini_pupper_interfaces/srv/detail/dance_command__rosidl_typesupport_introspection_cpp.hpp
-- Installing: /home/darshan/ros2_ws/install/mini_pupper_interfaces/include/mini_pupper_interfaces/mini_pupper_interfaces/srv/detail/stop_music__rosidl_typesupport_introspection_cpp.hpp
-- Installing: /home/darshan/ros2_ws/install/mini_pupper_interfaces/include/mini_pupper_interfaces/mini_pupper_interfaces/srv/detail/stop_music__type_support.cpp
-- Installing: /home/darshan/ros2_ws/install/mini_pupper_interfaces/include/mini_pupper_interfaces/mini_pupper_interfaces/srv/detail/play_music__rosidl_typesupport_introspection_cpp.hpp
-- Installing: /home/darshan/ros2_ws/install/mini_pupper_interfaces/include/mini_pupper_interfaces/mini_pupper_interfaces/srv/detail/dance_command__type_support.cpp
-- Installing: /home/darshan/ros2_ws/install/mini_pupper_interfaces/include/mini_pupper_interfaces/mini_pupper_interfaces/srv/detail/play_music__type_support.cpp
-- Installing: /home/darshan/ros2_ws/install/mini_pupper_interfaces/lib/libmini_pupper_interfaces__rosidl_typesupport_introspection_cpp.so
-- Set runtime path of "/home/darshan/ros2_ws/install/mini_pupper_interfaces/lib/libmini_pupper_interfaces__rosidl_typesupport_introspection_cpp.so" to ""
-- Installing: /home/darshan/ros2_ws/install/mini_pupper_interfaces/lib/libmini_pupper_interfaces__rosidl_typesupport_cpp.so
-- Set runtime path of "/home/darshan/ros2_ws/install/mini_pupper_interfaces/lib/libmini_pupper_interfaces__rosidl_typesupport_cpp.so" to ""
-- Installing: /home/darshan/ros2_ws/install/mini_pupper_interfaces/share/mini_pupper_interfaces/environment/pythonpath.sh
-- Installing: /home/darshan/ros2_ws/install/mini_pupper_interfaces/share/mini_pupper_interfaces/environment/pythonpath.dsv
-- Installing: /home/darshan/ros2_ws/install/mini_pupper_interfaces/local/lib/python3.10/dist-packages/mini_pupper_interfaces-0.0.0-py3.10.egg-info
-- Installing: /home/darshan/ros2_ws/install/mini_pupper_interfaces/local/lib/python3.10/dist-packages/mini_pupper_interfaces-0.0.0-py3.10.egg-info/PKG-INFO
-- Installing: /home/darshan/ros2_ws/install/mini_pupper_interfaces/local/lib/python3.10/dist-packages/mini_pupper_interfaces-0.0.0-py3.10.egg-info/SOURCES.txt
-- Installing: /home/darshan/ros2_ws/install/mini_pupper_interfaces/local/lib/python3.10/dist-packages/mini_pupper_interfaces-0.0.0-py3.10.egg-info/dependency_links.txt
-- Installing: /home/darshan/ros2_ws/install/mini_pupper_interfaces/local/lib/python3.10/dist-packages/mini_pupper_interfaces-0.0.0-py3.10.egg-info/top_level.txt
-- Installing: /home/darshan/ros2_ws/install/mini_pupper_interfaces/local/lib/python3.10/dist-packages/mini_pupper_interfaces
-- Installing: /home/darshan/ros2_ws/install/mini_pupper_interfaces/local/lib/python3.10/dist-packages/mini_pupper_interfaces/libmini_pupper_interfaces__rosidl_generator_py.so
-- Installing: /home/darshan/ros2_ws/install/mini_pupper_interfaces/local/lib/python3.10/dist-packages/mini_pupper_interfaces/__init__.py
-- Installing: /home/darshan/ros2_ws/install/mini_pupper_interfaces/local/lib/python3.10/dist-packages/mini_pupper_interfaces/msg
-- Installing: /home/darshan/ros2_ws/install/mini_pupper_interfaces/local/lib/python3.10/dist-packages/mini_pupper_interfaces/msg/__init__.py
-- Installing: /home/darshan/ros2_ws/install/mini_pupper_interfaces/local/lib/python3.10/dist-packages/mini_pupper_interfaces/msg/_ai_line_recognition_result_s.c
-- Installing: /home/darshan/ros2_ws/install/mini_pupper_interfaces/local/lib/python3.10/dist-packages/mini_pupper_interfaces/msg/_line_detection_result.py
-- Installing: /home/darshan/ros2_ws/install/mini_pupper_interfaces/local/lib/python3.10/dist-packages/mini_pupper_interfaces/msg/_line_detection_result_s.c
-- Installing: /home/darshan/ros2_ws/install/mini_pupper_interfaces/local/lib/python3.10/dist-packages/mini_pupper_interfaces/msg/_ai_line_recognition_result.py
-- Installing: /home/darshan/ros2_ws/install/mini_pupper_interfaces/local/lib/python3.10/dist-packages/mini_pupper_interfaces/srv
-- Installing: /home/darshan/ros2_ws/install/mini_pupper_interfaces/local/lib/python3.10/dist-packages/mini_pupper_interfaces/srv/_dance_command.py
-- Installing: /home/darshan/ros2_ws/install/mini_pupper_interfaces/local/lib/python3.10/dist-packages/mini_pupper_interfaces/srv/__init__.py
-- Installing: /home/darshan/ros2_ws/install/mini_pupper_interfaces/local/lib/python3.10/dist-packages/mini_pupper_interfaces/srv/_stop_music.py
-- Installing: /home/darshan/ros2_ws/install/mini_pupper_interfaces/local/lib/python3.10/dist-packages/mini_pupper_interfaces/srv/_dance_command_s.c
-- Installing: /home/darshan/ros2_ws/install/mini_pupper_interfaces/local/lib/python3.10/dist-packages/mini_pupper_interfaces/srv/_play_music.py
-- Installing: /home/darshan/ros2_ws/install/mini_pupper_interfaces/local/lib/python3.10/dist-packages/mini_pupper_interfaces/srv/_play_music_s.c
-- Installing: /home/darshan/ros2_ws/install/mini_pupper_interfaces/local/lib/python3.10/dist-packages/mini_pupper_interfaces/srv/_stop_music_s.c
-- Installing: /home/darshan/ros2_ws/install/mini_pupper_interfaces/local/lib/python3.10/dist-packages/mini_pupper_interfaces/_mini_pupper_interfaces_s.ep.rosidl_typesupport_c.c
-- Installing: /home/darshan/ros2_ws/install/mini_pupper_interfaces/local/lib/python3.10/dist-packages/mini_pupper_interfaces/_mini_pupper_interfaces_s.ep.rosidl_typesupport_fastrtps_c.c
-- Installing: /home/darshan/ros2_ws/install/mini_pupper_interfaces/local/lib/python3.10/dist-packages/mini_pupper_interfaces/mini_pupper_interfaces_s__rosidl_typesupport_fastrtps_c.cpython-310-x86_64-linux-gnu.so
-- Installing: /home/darshan/ros2_ws/install/mini_pupper_interfaces/local/lib/python3.10/dist-packages/mini_pupper_interfaces/_mini_pupper_interfaces_s.ep.rosidl_typesupport_introspection_c.c
-- Installing: /home/darshan/ros2_ws/install/mini_pupper_interfaces/local/lib/python3.10/dist-packages/mini_pupper_interfaces/mini_pupper_interfaces_s__rosidl_typesupport_c.cpython-310-x86_64-linux-gnu.so
-- Installing: /home/darshan/ros2_ws/install/mini_pupper_interfaces/local/lib/python3.10/dist-packages/mini_pupper_interfaces/mini_pupper_interfaces_s__rosidl_typesupport_introspection_c.cpython-310-x86_64-linux-gnu.so
Listing '/home/darshan/ros2_ws/install/mini_pupper_interfaces/local/lib/python3.10/dist-packages/mini_pupper_interfaces'...
Compiling '/home/darshan/ros2_ws/install/mini_pupper_interfaces/local/lib/python3.10/dist-packages/mini_pupper_interfaces/__init__.py'...
Listing '/home/darshan/ros2_ws/install/mini_pupper_interfaces/local/lib/python3.10/dist-packages/mini_pupper_interfaces/msg'...
Compiling '/home/darshan/ros2_ws/install/mini_pupper_interfaces/local/lib/python3.10/dist-packages/mini_pupper_interfaces/msg/__init__.py'...
Compiling '/home/darshan/ros2_ws/install/mini_pupper_interfaces/local/lib/python3.10/dist-packages/mini_pupper_interfaces/msg/_ai_line_recognition_result.py'...
Compiling '/home/darshan/ros2_ws/install/mini_pupper_interfaces/local/lib/python3.10/dist-packages/mini_pupper_interfaces/msg/_line_detection_result.py'...
Listing '/home/darshan/ros2_ws/install/mini_pupper_interfaces/local/lib/python3.10/dist-packages/mini_pupper_interfaces/srv'...
Compiling '/home/darshan/ros2_ws/install/mini_pupper_interfaces/local/lib/python3.10/dist-packages/mini_pupper_interfaces/srv/__init__.py'...
Compiling '/home/darshan/ros2_ws/install/mini_pupper_interfaces/local/lib/python3.10/dist-packages/mini_pupper_interfaces/srv/_dance_command.py'...
Compiling '/home/darshan/ros2_ws/install/mini_pupper_interfaces/local/lib/python3.10/dist-packages/mini_pupper_interfaces/srv/_play_music.py'...
Compiling '/home/darshan/ros2_ws/install/mini_pupper_interfaces/local/lib/python3.10/dist-packages/mini_pupper_interfaces/srv/_stop_music.py'...
-- Installing: /home/darshan/ros2_ws/install/mini_pupper_interfaces/local/lib/python3.10/dist-packages/mini_pupper_interfaces/mini_pupper_interfaces_s__rosidl_typesupport_fastrtps_c.cpython-310-x86_64-linux-gnu.so
-- Set runtime path of "/home/darshan/ros2_ws/install/mini_pupper_interfaces/local/lib/python3.10/dist-packages/mini_pupper_interfaces/mini_pupper_interfaces_s__rosidl_typesupport_fastrtps_c.cpython-310-x86_64-linux-gnu.so" to ""
-- Installing: /home/darshan/ros2_ws/install/mini_pupper_interfaces/local/lib/python3.10/dist-packages/mini_pupper_interfaces/mini_pupper_interfaces_s__rosidl_typesupport_introspection_c.cpython-310-x86_64-linux-gnu.so
-- Set runtime path of "/home/darshan/ros2_ws/install/mini_pupper_interfaces/local/lib/python3.10/dist-packages/mini_pupper_interfaces/mini_pupper_interfaces_s__rosidl_typesupport_introspection_c.cpython-310-x86_64-linux-gnu.so" to ""
-- Installing: /home/darshan/ros2_ws/install/mini_pupper_interfaces/local/lib/python3.10/dist-packages/mini_pupper_interfaces/mini_pupper_interfaces_s__rosidl_typesupport_c.cpython-310-x86_64-linux-gnu.so
-- Set runtime path of "/home/darshan/ros2_ws/install/mini_pupper_interfaces/local/lib/python3.10/dist-packages/mini_pupper_interfaces/mini_pupper_interfaces_s__rosidl_typesupport_c.cpython-310-x86_64-linux-gnu.so" to ""
-- Installing: /home/darshan/ros2_ws/install/mini_pupper_interfaces/lib/libmini_pupper_interfaces__rosidl_generator_py.so
-- Set runtime path of "/home/darshan/ros2_ws/install/mini_pupper_interfaces/lib/libmini_pupper_interfaces__rosidl_generator_py.so" to ""
-- Installing: /home/darshan/ros2_ws/install/mini_pupper_interfaces/share/mini_pupper_interfaces/srv/DanceCommand.idl
-- Installing: /home/darshan/ros2_ws/install/mini_pupper_interfaces/share/mini_pupper_interfaces/srv/PlayMusic.idl
-- Installing: /home/darshan/ros2_ws/install/mini_pupper_interfaces/share/mini_pupper_interfaces/srv/StopMusic.idl
-- Installing: /home/darshan/ros2_ws/install/mini_pupper_interfaces/share/mini_pupper_interfaces/msg/LineDetectionResult.idl
-- Installing: /home/darshan/ros2_ws/install/mini_pupper_interfaces/share/mini_pupper_interfaces/msg/AiLineRecognitionResult.idl
-- Installing: /home/darshan/ros2_ws/install/mini_pupper_interfaces/share/mini_pupper_interfaces/srv/DanceCommand.srv
-- Installing: /home/darshan/ros2_ws/install/mini_pupper_interfaces/share/mini_pupper_interfaces/srv/DanceCommand_Request.msg
-- Installing: /home/darshan/ros2_ws/install/mini_pupper_interfaces/share/mini_pupper_interfaces/srv/DanceCommand_Response.msg
-- Installing: /home/darshan/ros2_ws/install/mini_pupper_interfaces/share/mini_pupper_interfaces/srv/PlayMusic.srv
-- Installing: /home/darshan/ros2_ws/install/mini_pupper_interfaces/share/mini_pupper_interfaces/srv/PlayMusic_Request.msg
-- Installing: /home/darshan/ros2_ws/install/mini_pupper_interfaces/share/mini_pupper_interfaces/srv/PlayMusic_Response.msg
-- Installing: /home/darshan/ros2_ws/install/mini_pupper_interfaces/share/mini_pupper_interfaces/srv/StopMusic.srv
-- Installing: /home/darshan/ros2_ws/install/mini_pupper_interfaces/share/mini_pupper_interfaces/srv/StopMusic_Request.msg
-- Installing: /home/darshan/ros2_ws/install/mini_pupper_interfaces/share/mini_pupper_interfaces/srv/StopMusic_Response.msg
-- Installing: /home/darshan/ros2_ws/install/mini_pupper_interfaces/share/mini_pupper_interfaces/msg/LineDetectionResult.msg
-- Installing: /home/darshan/ros2_ws/install/mini_pupper_interfaces/share/mini_pupper_interfaces/msg/AiLineRecognitionResult.msg
-- Installing: /home/darshan/ros2_ws/install/mini_pupper_interfaces/share/ament_index/resource_index/package_run_dependencies/mini_pupper_interfaces
-- Installing: /home/darshan/ros2_ws/install/mini_pupper_interfaces/share/ament_index/resource_index/parent_prefix_path/mini_pupper_interfaces
-- Installing: /home/darshan/ros2_ws/install/mini_pupper_interfaces/share/mini_pupper_interfaces/environment/ament_prefix_path.sh
-- Installing: /home/darshan/ros2_ws/install/mini_pupper_interfaces/share/mini_pupper_interfaces/environment/ament_prefix_path.dsv
-- Installing: /home/darshan/ros2_ws/install/mini_pupper_interfaces/share/mini_pupper_interfaces/environment/path.sh
-- Installing: /home/darshan/ros2_ws/install/mini_pupper_interfaces/share/mini_pupper_interfaces/environment/path.dsv
-- Installing: /home/darshan/ros2_ws/install/mini_pupper_interfaces/share/mini_pupper_interfaces/local_setup.bash
-- Installing: /home/darshan/ros2_ws/install/mini_pupper_interfaces/share/mini_pupper_interfaces/local_setup.sh
-- Installing: /home/darshan/ros2_ws/install/mini_pupper_interfaces/share/mini_pupper_interfaces/local_setup.zsh
-- Installing: /home/darshan/ros2_ws/install/mini_pupper_interfaces/share/mini_pupper_interfaces/local_setup.dsv
-- Installing: /home/darshan/ros2_ws/install/mini_pupper_interfaces/share/mini_pupper_interfaces/package.dsv
-- Installing: /home/darshan/ros2_ws/install/mini_pupper_interfaces/share/ament_index/resource_index/packages/mini_pupper_interfaces
-- Installing: /home/darshan/ros2_ws/install/mini_pupper_interfaces/share/mini_pupper_interfaces/cmake/export_mini_pupper_interfaces__rosidl_generator_cExport.cmake
-- Installing: /home/darshan/ros2_ws/install/mini_pupper_interfaces/share/mini_pupper_interfaces/cmake/export_mini_pupper_interfaces__rosidl_generator_cExport-noconfig.cmake
-- Installing: /home/darshan/ros2_ws/install/mini_pupper_interfaces/share/mini_pupper_interfaces/cmake/export_mini_pupper_interfaces__rosidl_typesupport_fastrtps_cExport.cmake
-- Installing: /home/darshan/ros2_ws/install/mini_pupper_interfaces/share/mini_pupper_interfaces/cmake/export_mini_pupper_interfaces__rosidl_typesupport_fastrtps_cExport-noconfig.cmake
-- Installing: /home/darshan/ros2_ws/install/mini_pupper_interfaces/share/mini_pupper_interfaces/cmake/export_mini_pupper_interfaces__rosidl_generator_cppExport.cmake
-- Installing: /home/darshan/ros2_ws/install/mini_pupper_interfaces/share/mini_pupper_interfaces/cmake/export_mini_pupper_interfaces__rosidl_typesupport_fastrtps_cppExport.cmake
-- Installing: /home/darshan/ros2_ws/install/mini_pupper_interfaces/share/mini_pupper_interfaces/cmake/export_mini_pupper_interfaces__rosidl_typesupport_fastrtps_cppExport-noconfig.cmake
-- Installing: /home/darshan/ros2_ws/install/mini_pupper_interfaces/share/mini_pupper_interfaces/cmake/mini_pupper_interfaces__rosidl_typesupport_introspection_cExport.cmake
-- Installing: /home/darshan/ros2_ws/install/mini_pupper_interfaces/share/mini_pupper_interfaces/cmake/mini_pupper_interfaces__rosidl_typesupport_introspection_cExport-noconfig.cmake
-- Installing: /home/darshan/ros2_ws/install/mini_pupper_interfaces/share/mini_pupper_interfaces/cmake/mini_pupper_interfaces__rosidl_typesupport_cExport.cmake
-- Installing: /home/darshan/ros2_ws/install/mini_pupper_interfaces/share/mini_pupper_interfaces/cmake/mini_pupper_interfaces__rosidl_typesupport_cExport-noconfig.cmake
-- Installing: /home/darshan/ros2_ws/install/mini_pupper_interfaces/share/mini_pupper_interfaces/cmake/mini_pupper_interfaces__rosidl_typesupport_introspection_cppExport.cmake
-- Installing: /home/darshan/ros2_ws/install/mini_pupper_interfaces/share/mini_pupper_interfaces/cmake/mini_pupper_interfaces__rosidl_typesupport_introspection_cppExport-noconfig.cmake
-- Installing: /home/darshan/ros2_ws/install/mini_pupper_interfaces/share/mini_pupper_interfaces/cmake/mini_pupper_interfaces__rosidl_typesupport_cppExport.cmake
-- Installing: /home/darshan/ros2_ws/install/mini_pupper_interfaces/share/mini_pupper_interfaces/cmake/mini_pupper_interfaces__rosidl_typesupport_cppExport-noconfig.cmake
-- Installing: /home/darshan/ros2_ws/install/mini_pupper_interfaces/share/mini_pupper_interfaces/cmake/export_mini_pupper_interfaces__rosidl_generator_pyExport.cmake
-- Installing: /home/darshan/ros2_ws/install/mini_pupper_interfaces/share/mini_pupper_interfaces/cmake/export_mini_pupper_interfaces__rosidl_generator_pyExport-noconfig.cmake
-- Installing: /home/darshan/ros2_ws/install/mini_pupper_interfaces/share/mini_pupper_interfaces/cmake/rosidl_cmake-extras.cmake
-- Installing: /home/darshan/ros2_ws/install/mini_pupper_interfaces/share/mini_pupper_interfaces/cmake/ament_cmake_export_dependencies-extras.cmake
-- Installing: /home/darshan/ros2_ws/install/mini_pupper_interfaces/share/mini_pupper_interfaces/cmake/ament_cmake_export_include_directories-extras.cmake
-- Installing: /home/darshan/ros2_ws/install/mini_pupper_interfaces/share/mini_pupper_interfaces/cmake/ament_cmake_export_libraries-extras.cmake
-- Installing: /home/darshan/ros2_ws/install/mini_pupper_interfaces/share/mini_pupper_interfaces/cmake/ament_cmake_export_targets-extras.cmake
-- Installing: /home/darshan/ros2_ws/install/mini_pupper_interfaces/share/mini_pupper_interfaces/cmake/rosidl_cmake_export_typesupport_targets-extras.cmake
-- Installing: /home/darshan/ros2_ws/install/mini_pupper_interfaces/share/mini_pupper_interfaces/cmake/rosidl_cmake_export_typesupport_libraries-extras.cmake
-- Installing: /home/darshan/ros2_ws/install/mini_pupper_interfaces/share/mini_pupper_interfaces/cmake/mini_pupper_interfacesConfig.cmake
-- Installing: /home/darshan/ros2_ws/install/mini_pupper_interfaces/share/mini_pupper_interfaces/cmake/mini_pupper_interfacesConfig-version.cmake
-- Installing: /home/darshan/ros2_ws/install/mini_pupper_interfaces/share/mini_pupper_interfaces/package.xml
