[0.060s] Invoking command in '/home/darshan/ros2_ws/build/ldlidar_stl_ros2': CMAKE_PREFIX_PATH=/opt/ros/humble /usr/bin/cmake /home/darshan/ros2_ws/src/ldlidar_stl_ros -DCMAKE_INSTALL_PREFIX=/home/darshan/ros2_ws/install/ldlidar_stl_ros2
[1.028s] -- The C compiler identification is GNU 11.4.0
[1.028s] -- The CXX compiler identification is GNU 11.4.0
[1.029s] -- Detecting C compiler ABI info
[1.029s] -- Detecting C compiler ABI info - done
[1.029s] -- Check for working C compiler: /usr/bin/cc - skipped
[1.029s] -- Detecting C compile features
[1.029s] -- Detecting C compile features - done
[1.029s] -- Detecting CXX compiler ABI info
[1.029s] -- Detecting CXX compiler ABI info - done
[1.030s] -- Check for working CXX compiler: /usr/bin/c++ - skipped
[1.030s] -- Detecting CXX compile features
[1.030s] -- Detecting CXX compile features - done
[1.030s] -- Found ament_cmake: 1.3.10 (/opt/ros/humble/share/ament_cmake/cmake)
[1.030s] -- Found Python3: /usr/bin/python3 (found version "3.10.12") found components: Interpreter 
[1.030s] -- Found rclcpp: 16.0.10 (/opt/ros/humble/share/rclcpp/cmake)
[1.030s] -- Found rosidl_generator_c: 3.1.5 (/opt/ros/humble/share/rosidl_generator_c/cmake)
[1.031s] -- Found rosidl_adapter: 3.1.5 (/opt/ros/humble/share/rosidl_adapter/cmake)
[1.031s] -- Found rosidl_generator_cpp: 3.1.5 (/opt/ros/humble/share/rosidl_generator_cpp/cmake)
[1.031s] -- Using all available rosidl_typesupport_c: rosidl_typesupport_fastrtps_c;rosidl_typesupport_introspection_c
[1.031s] -- Using all available rosidl_typesupport_cpp: rosidl_typesupport_fastrtps_cpp;rosidl_typesupport_introspection_cpp
[1.031s] -- Found rmw_implementation_cmake: 6.1.2 (/opt/ros/humble/share/rmw_implementation_cmake/cmake)
[1.031s] -- Found rmw_fastrtps_cpp: 6.2.7 (/opt/ros/humble/share/rmw_fastrtps_cpp/cmake)
[1.068s] -- Found OpenSSL: /usr/lib/x86_64-linux-gnu/libcrypto.so (found version "3.0.2")  
[1.131s] -- Found FastRTPS: /opt/ros/humble/include  
[1.199s] -- Using RMW implementation 'rmw_fastrtps_cpp' as default
[1.216s] -- Looking for pthread.h
[1.315s] -- Looking for pthread.h - found
[1.315s] -- Performing Test CMAKE_HAVE_LIBC_PTHREAD
[1.438s] -- Performing Test CMAKE_HAVE_LIBC_PTHREAD - Success
[1.441s] -- Found Threads: TRUE  
[1.537s] -- Found sensor_msgs: 4.2.4 (/opt/ros/humble/share/sensor_msgs/cmake)
[1.588s] -- Found ament_lint_auto: 0.12.11 (/opt/ros/humble/share/ament_lint_auto/cmake)
[1.716s] -- Added test 'copyright' to check source files copyright and LICENSE
[1.720s] -- Added test 'cppcheck' to perform static code analysis on C / C++ code
[1.721s] -- Configured cppcheck include dirs: /home/darshan/ros2_ws/src/ldlidar_stl_ros/include;/home/darshan/ros2_ws/src/ldlidar_stl_ros/ldlidar_driver/include/core;/home/darshan/ros2_ws/src/ldlidar_stl_ros/ldlidar_driver/include/dataprocess;/home/darshan/ros2_ws/src/ldlidar_stl_ros/ldlidar_driver/include/filter;/home/darshan/ros2_ws/src/ldlidar_stl_ros/ldlidar_driver/include/logger;/home/darshan/ros2_ws/src/ldlidar_stl_ros/ldlidar_driver/include/networkcom;/home/darshan/ros2_ws/src/ldlidar_stl_ros/ldlidar_driver/include/serialcom
[1.721s] -- Configured cppcheck exclude dirs and/or files: 
[1.725s] -- Added test 'cpplint' to check C / C++ code against the Google style
[1.725s] -- Configured cpplint exclude dirs and/or files: 
[1.726s] -- Added test 'flake8' to check Python code syntax and style conventions
[1.727s] -- Added test 'lint_cmake' to check CMake code style
[1.728s] -- Added test 'pep257' to check Python code against some of the docstring style conventions in PEP 257
[1.731s] -- Added test 'uncrustify' to check C / C++ code style
[1.731s] -- Configured uncrustify additional arguments: 
[1.732s] -- Added test 'xmllint' to check XML markup files
[1.733s] -- Configuring done
[1.742s] -- Generating done
[1.744s] -- Build files have been written to: /home/darshan/ros2_ws/build/ldlidar_stl_ros2
[1.754s] Invoked command in '/home/darshan/ros2_ws/build/ldlidar_stl_ros2' returned '0': CMAKE_PREFIX_PATH=/opt/ros/humble /usr/bin/cmake /home/darshan/ros2_ws/src/ldlidar_stl_ros -DCMAKE_INSTALL_PREFIX=/home/darshan/ros2_ws/install/ldlidar_stl_ros2
[1.756s] Invoking command in '/home/darshan/ros2_ws/build/ldlidar_stl_ros2': CMAKE_PREFIX_PATH=/opt/ros/humble /usr/bin/cmake --build /home/darshan/ros2_ws/build/ldlidar_stl_ros2 -- -j24 -l24
[1.821s] [ 12%] [32mBuilding CXX object CMakeFiles/ldlidar_stl_ros2_node.dir/ldlidar_driver/src/dataprocess/lipkg.cpp.o[0m
[1.821s] [ 25%] [32mBuilding CXX object CMakeFiles/ldlidar_stl_ros2_node.dir/ldlidar_driver/src/filter/tofbf.cpp.o[0m
[1.821s] [ 37%] [32mBuilding CXX object CMakeFiles/ldlidar_stl_ros2_node.dir/ldlidar_driver/src/logger/log_module.cpp.o[0m
[1.822s] [ 50%] [32mBuilding CXX object CMakeFiles/ldlidar_stl_ros2_node.dir/ldlidar_driver/src/networkcom/network_socket_interface_linux.cpp.o[0m
[1.822s] [ 62%] [32mBuilding CXX object CMakeFiles/ldlidar_stl_ros2_node.dir/ldlidar_driver/src/serialcom/serial_interface_linux.cpp.o[0m
[1.824s] [ 75%] [32mBuilding CXX object CMakeFiles/ldlidar_stl_ros2_node.dir/src/demo.cpp.o[0m
[1.824s] [ 87%] [32mBuilding CXX object CMakeFiles/ldlidar_stl_ros2_node.dir/ldlidar_driver/src/core/ldlidar_driver.cpp.o[0m
[7.240s] [100%] [32m[1mLinking CXX executable ldlidar_stl_ros2_node[0m
[7.518s] [100%] Built target ldlidar_stl_ros2_node
[7.530s] Invoked command in '/home/darshan/ros2_ws/build/ldlidar_stl_ros2' returned '0': CMAKE_PREFIX_PATH=/opt/ros/humble /usr/bin/cmake --build /home/darshan/ros2_ws/build/ldlidar_stl_ros2 -- -j24 -l24
[7.572s] Invoking command in '/home/darshan/ros2_ws/build/ldlidar_stl_ros2': CMAKE_PREFIX_PATH=/opt/ros/humble /usr/bin/cmake --install /home/darshan/ros2_ws/build/ldlidar_stl_ros2
[7.581s] -- Install configuration: ""
[7.581s] -- Installing: /home/darshan/ros2_ws/install/ldlidar_stl_ros2/lib/ldlidar_stl_ros2/ldlidar_stl_ros2_node
[7.583s] -- Set runtime path of "/home/darshan/ros2_ws/install/ldlidar_stl_ros2/lib/ldlidar_stl_ros2/ldlidar_stl_ros2_node" to ""
[7.583s] -- Installing: /home/darshan/ros2_ws/install/ldlidar_stl_ros2/share/ldlidar_stl_ros2//launch
[7.583s] -- Installing: /home/darshan/ros2_ws/install/ldlidar_stl_ros2/share/ldlidar_stl_ros2//launch/stl27l.launch.py
[7.583s] -- Installing: /home/darshan/ros2_ws/install/ldlidar_stl_ros2/share/ldlidar_stl_ros2//launch/viewer_ld19.launch.py
[7.583s] -- Installing: /home/darshan/ros2_ws/install/ldlidar_stl_ros2/share/ldlidar_stl_ros2//launch/ld06.launch.py
[7.583s] -- Installing: /home/darshan/ros2_ws/install/ldlidar_stl_ros2/share/ldlidar_stl_ros2//launch/ld19.launch.py
[7.583s] -- Installing: /home/darshan/ros2_ws/install/ldlidar_stl_ros2/share/ldlidar_stl_ros2//launch/viewer_ld06.launch.py
[7.584s] -- Installing: /home/darshan/ros2_ws/install/ldlidar_stl_ros2/share/ldlidar_stl_ros2//launch/viewer_stl27l.launch.py
[7.584s] -- Installing: /home/darshan/ros2_ws/install/ldlidar_stl_ros2/share/ldlidar_stl_ros2//rviz2
[7.584s] -- Installing: /home/darshan/ros2_ws/install/ldlidar_stl_ros2/share/ldlidar_stl_ros2//rviz2/ldlidar.rviz
[7.584s] -- Installing: /home/darshan/ros2_ws/install/ldlidar_stl_ros2/share/ament_index/resource_index/package_run_dependencies/ldlidar_stl_ros2
[7.584s] -- Installing: /home/darshan/ros2_ws/install/ldlidar_stl_ros2/share/ament_index/resource_index/parent_prefix_path/ldlidar_stl_ros2
[7.584s] -- Installing: /home/darshan/ros2_ws/install/ldlidar_stl_ros2/share/ldlidar_stl_ros2/environment/ament_prefix_path.sh
[7.584s] -- Installing: /home/darshan/ros2_ws/install/ldlidar_stl_ros2/share/ldlidar_stl_ros2/environment/ament_prefix_path.dsv
[7.584s] -- Installing: /home/darshan/ros2_ws/install/ldlidar_stl_ros2/share/ldlidar_stl_ros2/environment/path.sh
[7.585s] -- Installing: /home/darshan/ros2_ws/install/ldlidar_stl_ros2/share/ldlidar_stl_ros2/environment/path.dsv
[7.585s] -- Installing: /home/darshan/ros2_ws/install/ldlidar_stl_ros2/share/ldlidar_stl_ros2/local_setup.bash
[7.585s] -- Installing: /home/darshan/ros2_ws/install/ldlidar_stl_ros2/share/ldlidar_stl_ros2/local_setup.sh
[7.585s] -- Installing: /home/darshan/ros2_ws/install/ldlidar_stl_ros2/share/ldlidar_stl_ros2/local_setup.zsh
[7.585s] -- Installing: /home/darshan/ros2_ws/install/ldlidar_stl_ros2/share/ldlidar_stl_ros2/local_setup.dsv
[7.585s] -- Installing: /home/darshan/ros2_ws/install/ldlidar_stl_ros2/share/ldlidar_stl_ros2/package.dsv
[7.586s] -- Installing: /home/darshan/ros2_ws/install/ldlidar_stl_ros2/share/ament_index/resource_index/packages/ldlidar_stl_ros2
[7.586s] -- Installing: /home/darshan/ros2_ws/install/ldlidar_stl_ros2/share/ldlidar_stl_ros2/cmake/ldlidar_stl_ros2Config.cmake
[7.586s] -- Installing: /home/darshan/ros2_ws/install/ldlidar_stl_ros2/share/ldlidar_stl_ros2/cmake/ldlidar_stl_ros2Config-version.cmake
[7.586s] -- Installing: /home/darshan/ros2_ws/install/ldlidar_stl_ros2/share/ldlidar_stl_ros2/package.xml
[7.588s] Invoked command in '/home/darshan/ros2_ws/build/ldlidar_stl_ros2' returned '0': CMAKE_PREFIX_PATH=/opt/ros/humble /usr/bin/cmake --install /home/darshan/ros2_ws/build/ldlidar_stl_ros2
