running egg_info
writing ../../../build/mini_pupper_line_follower/mini_pupper_line_follower.egg-info/PKG-INFO
writing dependency_links to ../../../build/mini_pupper_line_follower/mini_pupper_line_follower.egg-info/dependency_links.txt
writing entry points to ../../../build/mini_pupper_line_follower/mini_pupper_line_follower.egg-info/entry_points.txt
writing requirements to ../../../build/mini_pupper_line_follower/mini_pupper_line_follower.egg-info/requires.txt
writing top-level names to ../../../build/mini_pupper_line_follower/mini_pupper_line_follower.egg-info/top_level.txt
reading manifest file '../../../build/mini_pupper_line_follower/mini_pupper_line_follower.egg-info/SOURCES.txt'
writing manifest file '../../../build/mini_pupper_line_follower/mini_pupper_line_follower.egg-info/SOURCES.txt'
running build
running build_py
copying mini_pupper_line_follower/line_followerv2.py -> /home/darshan/ros2_ws/build/mini_pupper_line_follower/build/lib/mini_pupper_line_follower
running install
running install_lib
copying /home/darshan/ros2_ws/build/mini_pupper_line_follower/build/lib/mini_pupper_line_follower/line_followerv2.py -> /home/darshan/ros2_ws/install/mini_pupper_line_follower/lib/python3.10/site-packages/mini_pupper_line_follower
byte-compiling /home/darshan/ros2_ws/install/mini_pupper_line_follower/lib/python3.10/site-packages/mini_pupper_line_follower/line_followerv2.py to line_followerv2.cpython-310.pyc
running install_data
running install_egg_info
removing '/home/darshan/ros2_ws/install/mini_pupper_line_follower/lib/python3.10/site-packages/mini_pupper_line_follower-0.0.0-py3.10.egg-info' (and everything under it)
Copying ../../../build/mini_pupper_line_follower/mini_pupper_line_follower.egg-info to /home/darshan/ros2_ws/install/mini_pupper_line_follower/lib/python3.10/site-packages/mini_pupper_line_follower-0.0.0-py3.10.egg-info
running install_scripts
Installing line_follower script to /home/darshan/ros2_ws/install/mini_pupper_line_follower/lib/mini_pupper_line_follower
Installing line_followerv2 script to /home/darshan/ros2_ws/install/mini_pupper_line_follower/lib/mini_pupper_line_follower
writing list of installed files to '/home/darshan/ros2_ws/build/mini_pupper_line_follower/install.log'
