[0.047s] Invoking command in '/home/darshan/ros2_ws/build/mini_pupper_description': CMAKE_PREFIX_PATH=${CMAKE_PREFIX_PATH}:/home/darshan/ros2_ws/install/mini_pupper_recognition:/home/darshan/ros2_ws/install/mini_pupper_music:/home/darshan/ros2_ws/install/mini_pupper_dance:/home/darshan/ros2_ws/install/mini_pupper_driver:/opt/ros/humble /usr/bin/cmake --build /home/darshan/ros2_ws/build/mini_pupper_description -- -j24 -l24
[0.878s] Invoked command in '/home/darshan/ros2_ws/build/mini_pupper_description' returned '0': CMAKE_PREFIX_PATH=${CMAKE_PREFIX_PATH}:/home/darshan/ros2_ws/install/mini_pupper_recognition:/home/darshan/ros2_ws/install/mini_pupper_music:/home/darshan/ros2_ws/install/mini_pupper_dance:/home/darshan/ros2_ws/install/mini_pupper_driver:/opt/ros/humble /usr/bin/cmake --build /home/darshan/ros2_ws/build/mini_pupper_description -- -j24 -l24
[0.911s] Invoking command in '/home/darshan/ros2_ws/build/mini_pupper_description': CMAKE_PREFIX_PATH=${CMAKE_PREFIX_PATH}:/home/darshan/ros2_ws/install/mini_pupper_recognition:/home/darshan/ros2_ws/install/mini_pupper_music:/home/darshan/ros2_ws/install/mini_pupper_dance:/home/darshan/ros2_ws/install/mini_pupper_driver:/opt/ros/humble /usr/bin/cmake --install /home/darshan/ros2_ws/build/mini_pupper_description
[0.921s] -- Install configuration: ""
[0.921s] -- Up-to-date: /home/darshan/ros2_ws/install/mini_pupper_description/share/mini_pupper_description/launch
[0.921s] -- Up-to-date: /home/darshan/ros2_ws/install/mini_pupper_description/share/mini_pupper_description/launch/mini_pupper_description.launch.py
[0.921s] -- Up-to-date: /home/darshan/ros2_ws/install/mini_pupper_description/share/mini_pupper_description/config
[0.921s] -- Up-to-date: /home/darshan/ros2_ws/install/mini_pupper_description/share/mini_pupper_description/config/ros_control
[0.921s] -- Up-to-date: /home/darshan/ros2_ws/install/mini_pupper_description/share/mini_pupper_description/config/ros_control/mini_pupper_controller.yaml
[0.921s] -- Up-to-date: /home/darshan/ros2_ws/install/mini_pupper_description/share/mini_pupper_description/config/ros_control/mini_pupper_2_controller.yaml
[0.923s] -- Up-to-date: /home/darshan/ros2_ws/install/mini_pupper_description/share/mini_pupper_description/config/champ
[0.923s] -- Up-to-date: /home/darshan/ros2_ws/install/mini_pupper_description/share/mini_pupper_description/config/champ/mini_pupper
[0.924s] -- Up-to-date: /home/darshan/ros2_ws/install/mini_pupper_description/share/mini_pupper_description/config/champ/mini_pupper/joints.yaml
[0.924s] -- Up-to-date: /home/darshan/ros2_ws/install/mini_pupper_description/share/mini_pupper_description/config/champ/mini_pupper/links.yaml
[0.924s] -- Up-to-date: /home/darshan/ros2_ws/install/mini_pupper_description/share/mini_pupper_description/config/champ/mini_pupper/gait.yaml
[0.924s] -- Up-to-date: /home/darshan/ros2_ws/install/mini_pupper_description/share/mini_pupper_description/config/champ/mini_pupper_2
[0.924s] -- Up-to-date: /home/darshan/ros2_ws/install/mini_pupper_description/share/mini_pupper_description/config/champ/mini_pupper_2/joints.yaml
[0.924s] -- Up-to-date: /home/darshan/ros2_ws/install/mini_pupper_description/share/mini_pupper_description/config/champ/mini_pupper_2/links.yaml
[0.924s] -- Up-to-date: /home/darshan/ros2_ws/install/mini_pupper_description/share/mini_pupper_description/config/champ/mini_pupper_2/gait.yaml
[0.924s] -- Up-to-date: /home/darshan/ros2_ws/install/mini_pupper_description/share/mini_pupper_description/rviz
[0.924s] -- Up-to-date: /home/darshan/ros2_ws/install/mini_pupper_description/share/mini_pupper_description/rviz/urdf_viewer.rviz
[0.924s] -- Up-to-date: /home/darshan/ros2_ws/install/mini_pupper_description/share/mini_pupper_description/urdf
[0.924s] -- Up-to-date: /home/darshan/ros2_ws/install/mini_pupper_description/share/mini_pupper_description/urdf/mini_pupper
[0.924s] -- Up-to-date: /home/darshan/ros2_ws/install/mini_pupper_description/share/mini_pupper_description/urdf/mini_pupper/mini_pupper_description.urdf.xacro
[0.925s] -- Up-to-date: /home/darshan/ros2_ws/install/mini_pupper_description/share/mini_pupper_description/urdf/mini_pupper/usb_plug.urdf.xacro
[0.925s] -- Up-to-date: /home/darshan/ros2_ws/install/mini_pupper_description/share/mini_pupper_description/urdf/mini_pupper/d435.urdf.xacro
[0.925s] -- Up-to-date: /home/darshan/ros2_ws/install/mini_pupper_description/share/mini_pupper_description/urdf/mini_pupper/materials.urdf.xacro
[0.925s] -- Up-to-date: /home/darshan/ros2_ws/install/mini_pupper_description/share/mini_pupper_description/urdf/mini_pupper_2
[0.925s] -- Up-to-date: /home/darshan/ros2_ws/install/mini_pupper_description/share/mini_pupper_description/urdf/mini_pupper_2/mini_pupper_description.urdf.xacro
[0.925s] -- Up-to-date: /home/darshan/ros2_ws/install/mini_pupper_description/share/mini_pupper_description/urdf/mini_pupper_2/mini_pupper_description.trans
[0.925s] -- Up-to-date: /home/darshan/ros2_ws/install/mini_pupper_description/share/mini_pupper_description/urdf/mini_pupper_2/materials.xacro
[0.925s] -- Up-to-date: /home/darshan/ros2_ws/install/mini_pupper_description/share/mini_pupper_description/meshes
[0.926s] -- Up-to-date: /home/darshan/ros2_ws/install/mini_pupper_description/share/mini_pupper_description/meshes/mini_pupper
[0.926s] -- Up-to-date: /home/darshan/ros2_ws/install/mini_pupper_description/share/mini_pupper_description/meshes/mini_pupper/rb2.STL
[0.926s] -- Up-to-date: /home/darshan/ros2_ws/install/mini_pupper_description/share/mini_pupper_description/meshes/mini_pupper/rpf2.STL
[0.927s] -- Up-to-date: /home/darshan/ros2_ws/install/mini_pupper_description/share/mini_pupper_description/meshes/mini_pupper/rb1.STL
[0.927s] -- Up-to-date: /home/darshan/ros2_ws/install/mini_pupper_description/share/mini_pupper_description/meshes/mini_pupper/lpb1.STL
[0.927s] -- Up-to-date: /home/darshan/ros2_ws/install/mini_pupper_description/share/mini_pupper_description/meshes/mini_pupper/plug_collision.stl
[0.928s] -- Up-to-date: /home/darshan/ros2_ws/install/mini_pupper_description/share/mini_pupper_description/meshes/mini_pupper/lb3.STL
[0.928s] -- Up-to-date: /home/darshan/ros2_ws/install/mini_pupper_description/share/mini_pupper_description/meshes/mini_pupper/base_link.STL
[0.928s] -- Up-to-date: /home/darshan/ros2_ws/install/mini_pupper_description/share/mini_pupper_description/meshes/mini_pupper/lf2.STL
[0.928s] -- Up-to-date: /home/darshan/ros2_ws/install/mini_pupper_description/share/mini_pupper_description/meshes/mini_pupper/rpb2.STL
[0.928s] -- Up-to-date: /home/darshan/ros2_ws/install/mini_pupper_description/share/mini_pupper_description/meshes/mini_pupper/rf1.STL
[0.928s] -- Up-to-date: /home/darshan/ros2_ws/install/mini_pupper_description/share/mini_pupper_description/meshes/mini_pupper/plug.stl
[0.928s] -- Up-to-date: /home/darshan/ros2_ws/install/mini_pupper_description/share/mini_pupper_description/meshes/mini_pupper/rf3.STL
[0.928s] -- Up-to-date: /home/darshan/ros2_ws/install/mini_pupper_description/share/mini_pupper_description/meshes/mini_pupper/lpf2.STL
[0.928s] -- Up-to-date: /home/darshan/ros2_ws/install/mini_pupper_description/share/mini_pupper_description/meshes/mini_pupper/lf1.STL
[0.928s] -- Up-to-date: /home/darshan/ros2_ws/install/mini_pupper_description/share/mini_pupper_description/meshes/mini_pupper/lpf1.STL
[0.928s] -- Up-to-date: /home/darshan/ros2_ws/install/mini_pupper_description/share/mini_pupper_description/meshes/mini_pupper/lidar.STL
[0.928s] -- Up-to-date: /home/darshan/ros2_ws/install/mini_pupper_description/share/mini_pupper_description/meshes/mini_pupper/rpf1.STL
[0.928s] -- Up-to-date: /home/darshan/ros2_ws/install/mini_pupper_description/share/mini_pupper_description/meshes/mini_pupper/lbfoot.STL
[0.928s] -- Up-to-date: /home/darshan/ros2_ws/install/mini_pupper_description/share/mini_pupper_description/meshes/mini_pupper/lf3.STL
[0.928s] -- Up-to-date: /home/darshan/ros2_ws/install/mini_pupper_description/share/mini_pupper_description/meshes/mini_pupper/rpb1.STL
[0.929s] -- Up-to-date: /home/darshan/ros2_ws/install/mini_pupper_description/share/mini_pupper_description/meshes/mini_pupper/rbfoot.STL
[0.935s] -- Up-to-date: /home/darshan/ros2_ws/install/mini_pupper_description/share/mini_pupper_description/meshes/mini_pupper/lb1.STL
[0.935s] -- Up-to-date: /home/darshan/ros2_ws/install/mini_pupper_description/share/mini_pupper_description/meshes/mini_pupper/yellow_plate.STL
[0.935s] -- Up-to-date: /home/darshan/ros2_ws/install/mini_pupper_description/share/mini_pupper_description/meshes/mini_pupper/rf2.STL
[0.936s] -- Up-to-date: /home/darshan/ros2_ws/install/mini_pupper_description/share/mini_pupper_description/meshes/mini_pupper/lb2.STL
[0.936s] -- Up-to-date: /home/darshan/ros2_ws/install/mini_pupper_description/share/mini_pupper_description/meshes/mini_pupper/d435.dae
[0.936s] -- Up-to-date: /home/darshan/ros2_ws/install/mini_pupper_description/share/mini_pupper_description/meshes/mini_pupper/lpb2.STL
[0.936s] -- Up-to-date: /home/darshan/ros2_ws/install/mini_pupper_description/share/mini_pupper_description/meshes/mini_pupper/rffoot.STL
[0.936s] -- Up-to-date: /home/darshan/ros2_ws/install/mini_pupper_description/share/mini_pupper_description/meshes/mini_pupper/lffoot.STL
[0.936s] -- Up-to-date: /home/darshan/ros2_ws/install/mini_pupper_description/share/mini_pupper_description/meshes/mini_pupper/rb3.STL
[0.936s] -- Up-to-date: /home/darshan/ros2_ws/install/mini_pupper_description/share/mini_pupper_description/meshes/mini_pupper_2
[0.936s] -- Up-to-date: /home/darshan/ros2_ws/install/mini_pupper_description/share/mini_pupper_description/meshes/mini_pupper_2/base_link.stl
[0.936s] -- Up-to-date: /home/darshan/ros2_ws/install/mini_pupper_description/share/mini_pupper_description/meshes/mini_pupper_2/lf2.stl
[0.936s] -- Up-to-date: /home/darshan/ros2_ws/install/mini_pupper_description/share/mini_pupper_description/meshes/mini_pupper_2/rf2.stl
[0.936s] -- Up-to-date: /home/darshan/ros2_ws/install/mini_pupper_description/share/mini_pupper_description/meshes/mini_pupper_2/rpf1.stl
[0.936s] -- Up-to-date: /home/darshan/ros2_ws/install/mini_pupper_description/share/mini_pupper_description/meshes/mini_pupper_2/rf1.stl
[0.936s] -- Up-to-date: /home/darshan/ros2_ws/install/mini_pupper_description/share/mini_pupper_description/meshes/mini_pupper_2/rb1.stl
[0.936s] -- Up-to-date: /home/darshan/ros2_ws/install/mini_pupper_description/share/mini_pupper_description/meshes/mini_pupper_2/rb3.stl
[0.936s] -- Up-to-date: /home/darshan/ros2_ws/install/mini_pupper_description/share/mini_pupper_description/meshes/mini_pupper_2/lb2.stl
[0.936s] -- Up-to-date: /home/darshan/ros2_ws/install/mini_pupper_description/share/mini_pupper_description/meshes/mini_pupper_2/Board_connectors_2.stl
[0.936s] -- Up-to-date: /home/darshan/ros2_ws/install/mini_pupper_description/share/mini_pupper_description/meshes/mini_pupper_2/lb3.stl
[0.936s] -- Up-to-date: /home/darshan/ros2_ws/install/mini_pupper_description/share/mini_pupper_description/meshes/mini_pupper_2/Body_front.stl
[0.936s] -- Up-to-date: /home/darshan/ros2_ws/install/mini_pupper_description/share/mini_pupper_description/meshes/mini_pupper_2/rpb1.stl
[0.936s] -- Up-to-date: /home/darshan/ros2_ws/install/mini_pupper_description/share/mini_pupper_description/meshes/mini_pupper_2/rb2.stl
[0.936s] -- Up-to-date: /home/darshan/ros2_ws/install/mini_pupper_description/share/mini_pupper_description/meshes/mini_pupper_2/lpb2.stl
[0.936s] -- Up-to-date: /home/darshan/ros2_ws/install/mini_pupper_description/share/mini_pupper_description/meshes/mini_pupper_2/lf3.stl
[0.937s] -- Up-to-date: /home/darshan/ros2_ws/install/mini_pupper_description/share/mini_pupper_description/meshes/mini_pupper_2/lffoot.stl
[0.937s] -- Up-to-date: /home/darshan/ros2_ws/install/mini_pupper_description/share/mini_pupper_description/meshes/mini_pupper_2/rffoot.stl
[0.937s] -- Up-to-date: /home/darshan/ros2_ws/install/mini_pupper_description/share/mini_pupper_description/meshes/mini_pupper_2/lidar.stl
[0.937s] -- Up-to-date: /home/darshan/ros2_ws/install/mini_pupper_description/share/mini_pupper_description/meshes/mini_pupper_2/lf1.stl
[0.937s] -- Up-to-date: /home/darshan/ros2_ws/install/mini_pupper_description/share/mini_pupper_description/meshes/mini_pupper_2/lb1.stl
[0.937s] -- Up-to-date: /home/darshan/ros2_ws/install/mini_pupper_description/share/mini_pupper_description/meshes/mini_pupper_2/Shell_Side.stl
[0.937s] -- Up-to-date: /home/darshan/ros2_ws/install/mini_pupper_description/share/mini_pupper_description/meshes/mini_pupper_2/Board_connectors_1.stl
[0.939s] -- Up-to-date: /home/darshan/ros2_ws/install/mini_pupper_description/share/mini_pupper_description/meshes/mini_pupper_2/lpf2.stl
[0.939s] -- Up-to-date: /home/darshan/ros2_ws/install/mini_pupper_description/share/mini_pupper_description/meshes/mini_pupper_2/lpf1.stl
[0.939s] -- Up-to-date: /home/darshan/ros2_ws/install/mini_pupper_description/share/mini_pupper_description/meshes/mini_pupper_2/Board_PCB.stl
[0.939s] -- Up-to-date: /home/darshan/ros2_ws/install/mini_pupper_description/share/mini_pupper_description/meshes/mini_pupper_2/rbfoot.stl
[0.939s] -- Up-to-date: /home/darshan/ros2_ws/install/mini_pupper_description/share/mini_pupper_description/meshes/mini_pupper_2/rpf2.stl
[0.939s] -- Up-to-date: /home/darshan/ros2_ws/install/mini_pupper_description/share/mini_pupper_description/meshes/mini_pupper_2/rf3.stl
[0.939s] -- Up-to-date: /home/darshan/ros2_ws/install/mini_pupper_description/share/mini_pupper_description/meshes/mini_pupper_2/lpb1.stl
[0.939s] -- Up-to-date: /home/darshan/ros2_ws/install/mini_pupper_description/share/mini_pupper_description/meshes/mini_pupper_2/rpb2.stl
[0.939s] -- Up-to-date: /home/darshan/ros2_ws/install/mini_pupper_description/share/mini_pupper_description/meshes/mini_pupper_2/lbfoot.stl
[0.939s] -- Up-to-date: /home/darshan/ros2_ws/install/mini_pupper_description/share/ament_index/resource_index/package_run_dependencies/mini_pupper_description
[0.939s] -- Up-to-date: /home/darshan/ros2_ws/install/mini_pupper_description/share/ament_index/resource_index/parent_prefix_path/mini_pupper_description
[0.939s] -- Up-to-date: /home/darshan/ros2_ws/install/mini_pupper_description/share/mini_pupper_description/environment/ament_prefix_path.sh
[0.939s] -- Up-to-date: /home/darshan/ros2_ws/install/mini_pupper_description/share/mini_pupper_description/environment/ament_prefix_path.dsv
[0.939s] -- Up-to-date: /home/darshan/ros2_ws/install/mini_pupper_description/share/mini_pupper_description/environment/path.sh
[0.939s] -- Up-to-date: /home/darshan/ros2_ws/install/mini_pupper_description/share/mini_pupper_description/environment/path.dsv
[0.939s] -- Up-to-date: /home/darshan/ros2_ws/install/mini_pupper_description/share/mini_pupper_description/local_setup.bash
[0.939s] -- Up-to-date: /home/darshan/ros2_ws/install/mini_pupper_description/share/mini_pupper_description/local_setup.sh
[0.940s] -- Up-to-date: /home/darshan/ros2_ws/install/mini_pupper_description/share/mini_pupper_description/local_setup.zsh
[0.940s] -- Up-to-date: /home/darshan/ros2_ws/install/mini_pupper_description/share/mini_pupper_description/local_setup.dsv
[0.940s] -- Installing: /home/darshan/ros2_ws/install/mini_pupper_description/share/mini_pupper_description/package.dsv
[0.940s] -- Up-to-date: /home/darshan/ros2_ws/install/mini_pupper_description/share/ament_index/resource_index/packages/mini_pupper_description
[0.940s] -- Up-to-date: /home/darshan/ros2_ws/install/mini_pupper_description/share/mini_pupper_description/cmake/mini_pupper_descriptionConfig.cmake
[0.940s] -- Up-to-date: /home/darshan/ros2_ws/install/mini_pupper_description/share/mini_pupper_description/cmake/mini_pupper_descriptionConfig-version.cmake
[0.940s] -- Up-to-date: /home/darshan/ros2_ws/install/mini_pupper_description/share/mini_pupper_description/package.xml
[0.964s] Invoked command in '/home/darshan/ros2_ws/build/mini_pupper_description' returned '0': CMAKE_PREFIX_PATH=${CMAKE_PREFIX_PATH}:/home/darshan/ros2_ws/install/mini_pupper_recognition:/home/darshan/ros2_ws/install/mini_pupper_music:/home/darshan/ros2_ws/install/mini_pupper_dance:/home/darshan/ros2_ws/install/mini_pupper_driver:/opt/ros/humble /usr/bin/cmake --install /home/darshan/ros2_ws/build/mini_pupper_description
