[  1%] Built target mini_pupper_interfaces__cpp
[  1%] Built target ament_cmake_python_copy_mini_pupper_interfaces
[ 12%] Built target mini_pupper_interfaces__rosidl_generator_c
[ 23%] Built target mini_pupper_interfaces__rosidl_typesupport_introspection_cpp
[ 34%] Built target mini_pupper_interfaces__rosidl_typesupport_cpp
[ 46%] Built target mini_pupper_interfaces__rosidl_typesupport_fastrtps_cpp
[ 68%] Built target mini_pupper_interfaces__rosidl_typesupport_c
[ 68%] Built target mini_pupper_interfaces__rosidl_typesupport_introspection_c
[ 79%] Built target mini_pupper_interfaces__rosidl_typesupport_fastrtps_c
[ 79%] Built target mini_pupper_interfaces
[ 80%] Built target mini_pupper_interfaces__py
[ 90%] Built target mini_pupper_interfaces__rosidl_generator_py
[ 93%] Built target mini_pupper_interfaces__rosidl_typesupport_fastrtps_c__pyext
[ 96%] Built target mini_pupper_interfaces__rosidl_typesupport_introspection_c__pyext
[100%] Built target mini_pupper_interfaces__rosidl_typesupport_c__pyext
running egg_info
writing mini_pupper_interfaces.egg-info/PKG-INFO
writing dependency_links to mini_pupper_interfaces.egg-info/dependency_links.txt
writing top-level names to mini_pupper_interfaces.egg-info/top_level.txt
reading manifest file 'mini_pupper_interfaces.egg-info/SOURCES.txt'
writing manifest file 'mini_pupper_interfaces.egg-info/SOURCES.txt'
[100%] Built target ament_cmake_python_build_mini_pupper_interfaces_egg
-- Install configuration: ""
-- Up-to-date: /home/darshan/ros2_ws/install/mini_pupper_interfaces/share/ament_index/resource_index/rosidl_interfaces/mini_pupper_interfaces
-- Up-to-date: /home/darshan/ros2_ws/install/mini_pupper_interfaces/include/mini_pupper_interfaces/mini_pupper_interfaces
-- Up-to-date: /home/darshan/ros2_ws/install/mini_pupper_interfaces/include/mini_pupper_interfaces/mini_pupper_interfaces/msg
-- Up-to-date: /home/darshan/ros2_ws/install/mini_pupper_interfaces/include/mini_pupper_interfaces/mini_pupper_interfaces/msg/line_detection_result.h
-- Up-to-date: /home/darshan/ros2_ws/install/mini_pupper_interfaces/include/mini_pupper_interfaces/mini_pupper_interfaces/msg/ai_line_recognition_result.h
-- Up-to-date: /home/darshan/ros2_ws/install/mini_pupper_interfaces/include/mini_pupper_interfaces/mini_pupper_interfaces/msg/rosidl_generator_c__visibility_control.h
-- Up-to-date: /home/darshan/ros2_ws/install/mini_pupper_interfaces/include/mini_pupper_interfaces/mini_pupper_interfaces/msg/detail
-- Up-to-date: /home/darshan/ros2_ws/install/mini_pupper_interfaces/include/mini_pupper_interfaces/mini_pupper_interfaces/msg/detail/line_detection_result__functions.h
-- Up-to-date: /home/darshan/ros2_ws/install/mini_pupper_interfaces/include/mini_pupper_interfaces/mini_pupper_interfaces/msg/detail/line_detection_result__type_support.h
-- Up-to-date: /home/darshan/ros2_ws/install/mini_pupper_interfaces/include/mini_pupper_interfaces/mini_pupper_interfaces/msg/detail/ai_line_recognition_result__functions.c
-- Up-to-date: /home/darshan/ros2_ws/install/mini_pupper_interfaces/include/mini_pupper_interfaces/mini_pupper_interfaces/msg/detail/line_detection_result__struct.h
-- Up-to-date: /home/darshan/ros2_ws/install/mini_pupper_interfaces/include/mini_pupper_interfaces/mini_pupper_interfaces/msg/detail/ai_line_recognition_result__struct.h
-- Up-to-date: /home/darshan/ros2_ws/install/mini_pupper_interfaces/include/mini_pupper_interfaces/mini_pupper_interfaces/msg/detail/ai_line_recognition_result__type_support.h
-- Up-to-date: /home/darshan/ros2_ws/install/mini_pupper_interfaces/include/mini_pupper_interfaces/mini_pupper_interfaces/msg/detail/ai_line_recognition_result__functions.h
-- Up-to-date: /home/darshan/ros2_ws/install/mini_pupper_interfaces/include/mini_pupper_interfaces/mini_pupper_interfaces/msg/detail/line_detection_result__functions.c
-- Up-to-date: /home/darshan/ros2_ws/install/mini_pupper_interfaces/include/mini_pupper_interfaces/mini_pupper_interfaces/srv
-- Up-to-date: /home/darshan/ros2_ws/install/mini_pupper_interfaces/include/mini_pupper_interfaces/mini_pupper_interfaces/srv/dance_command.h
-- Up-to-date: /home/darshan/ros2_ws/install/mini_pupper_interfaces/include/mini_pupper_interfaces/mini_pupper_interfaces/srv/play_music.h
-- Up-to-date: /home/darshan/ros2_ws/install/mini_pupper_interfaces/include/mini_pupper_interfaces/mini_pupper_interfaces/srv/stop_music.h
-- Up-to-date: /home/darshan/ros2_ws/install/mini_pupper_interfaces/include/mini_pupper_interfaces/mini_pupper_interfaces/srv/detail
-- Up-to-date: /home/darshan/ros2_ws/install/mini_pupper_interfaces/include/mini_pupper_interfaces/mini_pupper_interfaces/srv/detail/play_music__type_support.h
-- Up-to-date: /home/darshan/ros2_ws/install/mini_pupper_interfaces/include/mini_pupper_interfaces/mini_pupper_interfaces/srv/detail/stop_music__functions.c
-- Up-to-date: /home/darshan/ros2_ws/install/mini_pupper_interfaces/include/mini_pupper_interfaces/mini_pupper_interfaces/srv/detail/play_music__struct.h
-- Up-to-date: /home/darshan/ros2_ws/install/mini_pupper_interfaces/include/mini_pupper_interfaces/mini_pupper_interfaces/srv/detail/play_music__functions.c
-- Up-to-date: /home/darshan/ros2_ws/install/mini_pupper_interfaces/include/mini_pupper_interfaces/mini_pupper_interfaces/srv/detail/play_music__functions.h
-- Up-to-date: /home/darshan/ros2_ws/install/mini_pupper_interfaces/include/mini_pupper_interfaces/mini_pupper_interfaces/srv/detail/dance_command__struct.h
-- Up-to-date: /home/darshan/ros2_ws/install/mini_pupper_interfaces/include/mini_pupper_interfaces/mini_pupper_interfaces/srv/detail/dance_command__type_support.h
-- Up-to-date: /home/darshan/ros2_ws/install/mini_pupper_interfaces/include/mini_pupper_interfaces/mini_pupper_interfaces/srv/detail/stop_music__functions.h
-- Up-to-date: /home/darshan/ros2_ws/install/mini_pupper_interfaces/include/mini_pupper_interfaces/mini_pupper_interfaces/srv/detail/stop_music__struct.h
-- Up-to-date: /home/darshan/ros2_ws/install/mini_pupper_interfaces/include/mini_pupper_interfaces/mini_pupper_interfaces/srv/detail/dance_command__functions.c
-- Up-to-date: /home/darshan/ros2_ws/install/mini_pupper_interfaces/include/mini_pupper_interfaces/mini_pupper_interfaces/srv/detail/dance_command__functions.h
-- Up-to-date: /home/darshan/ros2_ws/install/mini_pupper_interfaces/include/mini_pupper_interfaces/mini_pupper_interfaces/srv/detail/stop_music__type_support.h
-- Up-to-date: /home/darshan/ros2_ws/install/mini_pupper_interfaces/share/mini_pupper_interfaces/environment/library_path.sh
-- Up-to-date: /home/darshan/ros2_ws/install/mini_pupper_interfaces/share/mini_pupper_interfaces/environment/library_path.dsv
-- Up-to-date: /home/darshan/ros2_ws/install/mini_pupper_interfaces/lib/libmini_pupper_interfaces__rosidl_generator_c.so
-- Up-to-date: /home/darshan/ros2_ws/install/mini_pupper_interfaces/include/mini_pupper_interfaces/mini_pupper_interfaces
-- Up-to-date: /home/darshan/ros2_ws/install/mini_pupper_interfaces/include/mini_pupper_interfaces/mini_pupper_interfaces/msg
-- Up-to-date: /home/darshan/ros2_ws/install/mini_pupper_interfaces/include/mini_pupper_interfaces/mini_pupper_interfaces/msg/rosidl_typesupport_fastrtps_c__visibility_control.h
-- Up-to-date: /home/darshan/ros2_ws/install/mini_pupper_interfaces/include/mini_pupper_interfaces/mini_pupper_interfaces/msg/detail
-- Up-to-date: /home/darshan/ros2_ws/install/mini_pupper_interfaces/include/mini_pupper_interfaces/mini_pupper_interfaces/msg/detail/line_detection_result__rosidl_typesupport_fastrtps_c.h
-- Up-to-date: /home/darshan/ros2_ws/install/mini_pupper_interfaces/include/mini_pupper_interfaces/mini_pupper_interfaces/msg/detail/ai_line_recognition_result__rosidl_typesupport_fastrtps_c.h
-- Up-to-date: /home/darshan/ros2_ws/install/mini_pupper_interfaces/include/mini_pupper_interfaces/mini_pupper_interfaces/srv
-- Up-to-date: /home/darshan/ros2_ws/install/mini_pupper_interfaces/include/mini_pupper_interfaces/mini_pupper_interfaces/srv/detail
-- Up-to-date: /home/darshan/ros2_ws/install/mini_pupper_interfaces/include/mini_pupper_interfaces/mini_pupper_interfaces/srv/detail/play_music__rosidl_typesupport_fastrtps_c.h
-- Up-to-date: /home/darshan/ros2_ws/install/mini_pupper_interfaces/include/mini_pupper_interfaces/mini_pupper_interfaces/srv/detail/stop_music__rosidl_typesupport_fastrtps_c.h
-- Up-to-date: /home/darshan/ros2_ws/install/mini_pupper_interfaces/include/mini_pupper_interfaces/mini_pupper_interfaces/srv/detail/dance_command__rosidl_typesupport_fastrtps_c.h
-- Up-to-date: /home/darshan/ros2_ws/install/mini_pupper_interfaces/lib/libmini_pupper_interfaces__rosidl_typesupport_fastrtps_c.so
-- Up-to-date: /home/darshan/ros2_ws/install/mini_pupper_interfaces/include/mini_pupper_interfaces/mini_pupper_interfaces
-- Up-to-date: /home/darshan/ros2_ws/install/mini_pupper_interfaces/include/mini_pupper_interfaces/mini_pupper_interfaces/msg
-- Up-to-date: /home/darshan/ros2_ws/install/mini_pupper_interfaces/include/mini_pupper_interfaces/mini_pupper_interfaces/msg/ai_line_recognition_result.hpp
-- Up-to-date: /home/darshan/ros2_ws/install/mini_pupper_interfaces/include/mini_pupper_interfaces/mini_pupper_interfaces/msg/detail
-- Up-to-date: /home/darshan/ros2_ws/install/mini_pupper_interfaces/include/mini_pupper_interfaces/mini_pupper_interfaces/msg/detail/ai_line_recognition_result__builder.hpp
-- Up-to-date: /home/darshan/ros2_ws/install/mini_pupper_interfaces/include/mini_pupper_interfaces/mini_pupper_interfaces/msg/detail/ai_line_recognition_result__struct.hpp
-- Up-to-date: /home/darshan/ros2_ws/install/mini_pupper_interfaces/include/mini_pupper_interfaces/mini_pupper_interfaces/msg/detail/line_detection_result__traits.hpp
-- Up-to-date: /home/darshan/ros2_ws/install/mini_pupper_interfaces/include/mini_pupper_interfaces/mini_pupper_interfaces/msg/detail/line_detection_result__struct.hpp
-- Up-to-date: /home/darshan/ros2_ws/install/mini_pupper_interfaces/include/mini_pupper_interfaces/mini_pupper_interfaces/msg/detail/ai_line_recognition_result__traits.hpp
-- Up-to-date: /home/darshan/ros2_ws/install/mini_pupper_interfaces/include/mini_pupper_interfaces/mini_pupper_interfaces/msg/detail/line_detection_result__builder.hpp
-- Up-to-date: /home/darshan/ros2_ws/install/mini_pupper_interfaces/include/mini_pupper_interfaces/mini_pupper_interfaces/msg/line_detection_result.hpp
-- Up-to-date: /home/darshan/ros2_ws/install/mini_pupper_interfaces/include/mini_pupper_interfaces/mini_pupper_interfaces/srv
-- Up-to-date: /home/darshan/ros2_ws/install/mini_pupper_interfaces/include/mini_pupper_interfaces/mini_pupper_interfaces/srv/dance_command.hpp
-- Up-to-date: /home/darshan/ros2_ws/install/mini_pupper_interfaces/include/mini_pupper_interfaces/mini_pupper_interfaces/srv/stop_music.hpp
-- Up-to-date: /home/darshan/ros2_ws/install/mini_pupper_interfaces/include/mini_pupper_interfaces/mini_pupper_interfaces/srv/detail
-- Up-to-date: /home/darshan/ros2_ws/install/mini_pupper_interfaces/include/mini_pupper_interfaces/mini_pupper_interfaces/srv/detail/stop_music__builder.hpp
-- Up-to-date: /home/darshan/ros2_ws/install/mini_pupper_interfaces/include/mini_pupper_interfaces/mini_pupper_interfaces/srv/detail/play_music__traits.hpp
-- Up-to-date: /home/darshan/ros2_ws/install/mini_pupper_interfaces/include/mini_pupper_interfaces/mini_pupper_interfaces/srv/detail/stop_music__struct.hpp
-- Up-to-date: /home/darshan/ros2_ws/install/mini_pupper_interfaces/include/mini_pupper_interfaces/mini_pupper_interfaces/srv/detail/stop_music__traits.hpp
-- Up-to-date: /home/darshan/ros2_ws/install/mini_pupper_interfaces/include/mini_pupper_interfaces/mini_pupper_interfaces/srv/detail/play_music__builder.hpp
-- Up-to-date: /home/darshan/ros2_ws/install/mini_pupper_interfaces/include/mini_pupper_interfaces/mini_pupper_interfaces/srv/detail/play_music__struct.hpp
-- Up-to-date: /home/darshan/ros2_ws/install/mini_pupper_interfaces/include/mini_pupper_interfaces/mini_pupper_interfaces/srv/detail/dance_command__traits.hpp
-- Up-to-date: /home/darshan/ros2_ws/install/mini_pupper_interfaces/include/mini_pupper_interfaces/mini_pupper_interfaces/srv/detail/dance_command__builder.hpp
-- Up-to-date: /home/darshan/ros2_ws/install/mini_pupper_interfaces/include/mini_pupper_interfaces/mini_pupper_interfaces/srv/detail/dance_command__struct.hpp
-- Up-to-date: /home/darshan/ros2_ws/install/mini_pupper_interfaces/include/mini_pupper_interfaces/mini_pupper_interfaces/srv/play_music.hpp
-- Up-to-date: /home/darshan/ros2_ws/install/mini_pupper_interfaces/include/mini_pupper_interfaces/mini_pupper_interfaces
-- Up-to-date: /home/darshan/ros2_ws/install/mini_pupper_interfaces/include/mini_pupper_interfaces/mini_pupper_interfaces/msg
-- Up-to-date: /home/darshan/ros2_ws/install/mini_pupper_interfaces/include/mini_pupper_interfaces/mini_pupper_interfaces/msg/rosidl_typesupport_fastrtps_cpp__visibility_control.h
-- Up-to-date: /home/darshan/ros2_ws/install/mini_pupper_interfaces/include/mini_pupper_interfaces/mini_pupper_interfaces/msg/detail
-- Up-to-date: /home/darshan/ros2_ws/install/mini_pupper_interfaces/include/mini_pupper_interfaces/mini_pupper_interfaces/msg/detail/line_detection_result__rosidl_typesupport_fastrtps_cpp.hpp
-- Up-to-date: /home/darshan/ros2_ws/install/mini_pupper_interfaces/include/mini_pupper_interfaces/mini_pupper_interfaces/msg/detail/ai_line_recognition_result__rosidl_typesupport_fastrtps_cpp.hpp
-- Up-to-date: /home/darshan/ros2_ws/install/mini_pupper_interfaces/include/mini_pupper_interfaces/mini_pupper_interfaces/msg/detail/dds_fastrtps
-- Up-to-date: /home/darshan/ros2_ws/install/mini_pupper_interfaces/include/mini_pupper_interfaces/mini_pupper_interfaces/srv
-- Up-to-date: /home/darshan/ros2_ws/install/mini_pupper_interfaces/include/mini_pupper_interfaces/mini_pupper_interfaces/srv/detail
-- Up-to-date: /home/darshan/ros2_ws/install/mini_pupper_interfaces/include/mini_pupper_interfaces/mini_pupper_interfaces/srv/detail/play_music__rosidl_typesupport_fastrtps_cpp.hpp
-- Up-to-date: /home/darshan/ros2_ws/install/mini_pupper_interfaces/include/mini_pupper_interfaces/mini_pupper_interfaces/srv/detail/stop_music__rosidl_typesupport_fastrtps_cpp.hpp
-- Up-to-date: /home/darshan/ros2_ws/install/mini_pupper_interfaces/include/mini_pupper_interfaces/mini_pupper_interfaces/srv/detail/dance_command__rosidl_typesupport_fastrtps_cpp.hpp
-- Up-to-date: /home/darshan/ros2_ws/install/mini_pupper_interfaces/include/mini_pupper_interfaces/mini_pupper_interfaces/srv/detail/dds_fastrtps
-- Up-to-date: /home/darshan/ros2_ws/install/mini_pupper_interfaces/lib/libmini_pupper_interfaces__rosidl_typesupport_fastrtps_cpp.so
-- Up-to-date: /home/darshan/ros2_ws/install/mini_pupper_interfaces/include/mini_pupper_interfaces/mini_pupper_interfaces
-- Up-to-date: /home/darshan/ros2_ws/install/mini_pupper_interfaces/include/mini_pupper_interfaces/mini_pupper_interfaces/msg
-- Up-to-date: /home/darshan/ros2_ws/install/mini_pupper_interfaces/include/mini_pupper_interfaces/mini_pupper_interfaces/msg/rosidl_typesupport_introspection_c__visibility_control.h
-- Up-to-date: /home/darshan/ros2_ws/install/mini_pupper_interfaces/include/mini_pupper_interfaces/mini_pupper_interfaces/msg/detail
-- Up-to-date: /home/darshan/ros2_ws/install/mini_pupper_interfaces/include/mini_pupper_interfaces/mini_pupper_interfaces/msg/detail/ai_line_recognition_result__type_support.c
-- Up-to-date: /home/darshan/ros2_ws/install/mini_pupper_interfaces/include/mini_pupper_interfaces/mini_pupper_interfaces/msg/detail/line_detection_result__rosidl_typesupport_introspection_c.h
-- Up-to-date: /home/darshan/ros2_ws/install/mini_pupper_interfaces/include/mini_pupper_interfaces/mini_pupper_interfaces/msg/detail/line_detection_result__type_support.c
-- Up-to-date: /home/darshan/ros2_ws/install/mini_pupper_interfaces/include/mini_pupper_interfaces/mini_pupper_interfaces/msg/detail/ai_line_recognition_result__rosidl_typesupport_introspection_c.h
-- Up-to-date: /home/darshan/ros2_ws/install/mini_pupper_interfaces/include/mini_pupper_interfaces/mini_pupper_interfaces/srv
-- Up-to-date: /home/darshan/ros2_ws/install/mini_pupper_interfaces/include/mini_pupper_interfaces/mini_pupper_interfaces/srv/detail
-- Up-to-date: /home/darshan/ros2_ws/install/mini_pupper_interfaces/include/mini_pupper_interfaces/mini_pupper_interfaces/srv/detail/dance_command__type_support.c
-- Up-to-date: /home/darshan/ros2_ws/install/mini_pupper_interfaces/include/mini_pupper_interfaces/mini_pupper_interfaces/srv/detail/play_music__rosidl_typesupport_introspection_c.h
-- Up-to-date: /home/darshan/ros2_ws/install/mini_pupper_interfaces/include/mini_pupper_interfaces/mini_pupper_interfaces/srv/detail/dance_command__rosidl_typesupport_introspection_c.h
-- Up-to-date: /home/darshan/ros2_ws/install/mini_pupper_interfaces/include/mini_pupper_interfaces/mini_pupper_interfaces/srv/detail/stop_music__type_support.c
-- Up-to-date: /home/darshan/ros2_ws/install/mini_pupper_interfaces/include/mini_pupper_interfaces/mini_pupper_interfaces/srv/detail/play_music__type_support.c
-- Up-to-date: /home/darshan/ros2_ws/install/mini_pupper_interfaces/include/mini_pupper_interfaces/mini_pupper_interfaces/srv/detail/stop_music__rosidl_typesupport_introspection_c.h
-- Up-to-date: /home/darshan/ros2_ws/install/mini_pupper_interfaces/lib/libmini_pupper_interfaces__rosidl_typesupport_introspection_c.so
-- Up-to-date: /home/darshan/ros2_ws/install/mini_pupper_interfaces/lib/libmini_pupper_interfaces__rosidl_typesupport_c.so
-- Up-to-date: /home/darshan/ros2_ws/install/mini_pupper_interfaces/include/mini_pupper_interfaces/mini_pupper_interfaces
-- Up-to-date: /home/darshan/ros2_ws/install/mini_pupper_interfaces/include/mini_pupper_interfaces/mini_pupper_interfaces/msg
-- Up-to-date: /home/darshan/ros2_ws/install/mini_pupper_interfaces/include/mini_pupper_interfaces/mini_pupper_interfaces/msg/detail
-- Up-to-date: /home/darshan/ros2_ws/install/mini_pupper_interfaces/include/mini_pupper_interfaces/mini_pupper_interfaces/msg/detail/line_detection_result__type_support.cpp
-- Up-to-date: /home/darshan/ros2_ws/install/mini_pupper_interfaces/include/mini_pupper_interfaces/mini_pupper_interfaces/msg/detail/ai_line_recognition_result__rosidl_typesupport_introspection_cpp.hpp
-- Up-to-date: /home/darshan/ros2_ws/install/mini_pupper_interfaces/include/mini_pupper_interfaces/mini_pupper_interfaces/msg/detail/line_detection_result__rosidl_typesupport_introspection_cpp.hpp
-- Up-to-date: /home/darshan/ros2_ws/install/mini_pupper_interfaces/include/mini_pupper_interfaces/mini_pupper_interfaces/msg/detail/ai_line_recognition_result__type_support.cpp
-- Up-to-date: /home/darshan/ros2_ws/install/mini_pupper_interfaces/include/mini_pupper_interfaces/mini_pupper_interfaces/srv
-- Up-to-date: /home/darshan/ros2_ws/install/mini_pupper_interfaces/include/mini_pupper_interfaces/mini_pupper_interfaces/srv/detail
-- Up-to-date: /home/darshan/ros2_ws/install/mini_pupper_interfaces/include/mini_pupper_interfaces/mini_pupper_interfaces/srv/detail/dance_command__rosidl_typesupport_introspection_cpp.hpp
-- Up-to-date: /home/darshan/ros2_ws/install/mini_pupper_interfaces/include/mini_pupper_interfaces/mini_pupper_interfaces/srv/detail/stop_music__rosidl_typesupport_introspection_cpp.hpp
-- Up-to-date: /home/darshan/ros2_ws/install/mini_pupper_interfaces/include/mini_pupper_interfaces/mini_pupper_interfaces/srv/detail/stop_music__type_support.cpp
-- Up-to-date: /home/darshan/ros2_ws/install/mini_pupper_interfaces/include/mini_pupper_interfaces/mini_pupper_interfaces/srv/detail/play_music__rosidl_typesupport_introspection_cpp.hpp
-- Up-to-date: /home/darshan/ros2_ws/install/mini_pupper_interfaces/include/mini_pupper_interfaces/mini_pupper_interfaces/srv/detail/dance_command__type_support.cpp
-- Up-to-date: /home/darshan/ros2_ws/install/mini_pupper_interfaces/include/mini_pupper_interfaces/mini_pupper_interfaces/srv/detail/play_music__type_support.cpp
-- Up-to-date: /home/darshan/ros2_ws/install/mini_pupper_interfaces/lib/libmini_pupper_interfaces__rosidl_typesupport_introspection_cpp.so
-- Up-to-date: /home/darshan/ros2_ws/install/mini_pupper_interfaces/lib/libmini_pupper_interfaces__rosidl_typesupport_cpp.so
-- Up-to-date: /home/darshan/ros2_ws/install/mini_pupper_interfaces/share/mini_pupper_interfaces/environment/pythonpath.sh
-- Up-to-date: /home/darshan/ros2_ws/install/mini_pupper_interfaces/share/mini_pupper_interfaces/environment/pythonpath.dsv
-- Up-to-date: /home/darshan/ros2_ws/install/mini_pupper_interfaces/local/lib/python3.10/dist-packages/mini_pupper_interfaces-0.0.0-py3.10.egg-info
-- Installing: /home/darshan/ros2_ws/install/mini_pupper_interfaces/local/lib/python3.10/dist-packages/mini_pupper_interfaces-0.0.0-py3.10.egg-info/PKG-INFO
-- Installing: /home/darshan/ros2_ws/install/mini_pupper_interfaces/local/lib/python3.10/dist-packages/mini_pupper_interfaces-0.0.0-py3.10.egg-info/SOURCES.txt
-- Installing: /home/darshan/ros2_ws/install/mini_pupper_interfaces/local/lib/python3.10/dist-packages/mini_pupper_interfaces-0.0.0-py3.10.egg-info/dependency_links.txt
-- Installing: /home/darshan/ros2_ws/install/mini_pupper_interfaces/local/lib/python3.10/dist-packages/mini_pupper_interfaces-0.0.0-py3.10.egg-info/top_level.txt
-- Up-to-date: /home/darshan/ros2_ws/install/mini_pupper_interfaces/local/lib/python3.10/dist-packages/mini_pupper_interfaces
-- Up-to-date: /home/darshan/ros2_ws/install/mini_pupper_interfaces/local/lib/python3.10/dist-packages/mini_pupper_interfaces/libmini_pupper_interfaces__rosidl_generator_py.so
-- Up-to-date: /home/darshan/ros2_ws/install/mini_pupper_interfaces/local/lib/python3.10/dist-packages/mini_pupper_interfaces/__init__.py
-- Up-to-date: /home/darshan/ros2_ws/install/mini_pupper_interfaces/local/lib/python3.10/dist-packages/mini_pupper_interfaces/msg
-- Up-to-date: /home/darshan/ros2_ws/install/mini_pupper_interfaces/local/lib/python3.10/dist-packages/mini_pupper_interfaces/msg/__init__.py
-- Up-to-date: /home/darshan/ros2_ws/install/mini_pupper_interfaces/local/lib/python3.10/dist-packages/mini_pupper_interfaces/msg/_ai_line_recognition_result_s.c
-- Up-to-date: /home/darshan/ros2_ws/install/mini_pupper_interfaces/local/lib/python3.10/dist-packages/mini_pupper_interfaces/msg/_line_detection_result.py
-- Up-to-date: /home/darshan/ros2_ws/install/mini_pupper_interfaces/local/lib/python3.10/dist-packages/mini_pupper_interfaces/msg/_line_detection_result_s.c
-- Up-to-date: /home/darshan/ros2_ws/install/mini_pupper_interfaces/local/lib/python3.10/dist-packages/mini_pupper_interfaces/msg/_ai_line_recognition_result.py
-- Up-to-date: /home/darshan/ros2_ws/install/mini_pupper_interfaces/local/lib/python3.10/dist-packages/mini_pupper_interfaces/srv
-- Up-to-date: /home/darshan/ros2_ws/install/mini_pupper_interfaces/local/lib/python3.10/dist-packages/mini_pupper_interfaces/srv/_dance_command.py
-- Up-to-date: /home/darshan/ros2_ws/install/mini_pupper_interfaces/local/lib/python3.10/dist-packages/mini_pupper_interfaces/srv/__init__.py
-- Up-to-date: /home/darshan/ros2_ws/install/mini_pupper_interfaces/local/lib/python3.10/dist-packages/mini_pupper_interfaces/srv/_stop_music.py
-- Up-to-date: /home/darshan/ros2_ws/install/mini_pupper_interfaces/local/lib/python3.10/dist-packages/mini_pupper_interfaces/srv/_dance_command_s.c
-- Up-to-date: /home/darshan/ros2_ws/install/mini_pupper_interfaces/local/lib/python3.10/dist-packages/mini_pupper_interfaces/srv/_play_music.py
-- Up-to-date: /home/darshan/ros2_ws/install/mini_pupper_interfaces/local/lib/python3.10/dist-packages/mini_pupper_interfaces/srv/_play_music_s.c
-- Up-to-date: /home/darshan/ros2_ws/install/mini_pupper_interfaces/local/lib/python3.10/dist-packages/mini_pupper_interfaces/srv/_stop_music_s.c
-- Up-to-date: /home/darshan/ros2_ws/install/mini_pupper_interfaces/local/lib/python3.10/dist-packages/mini_pupper_interfaces/_mini_pupper_interfaces_s.ep.rosidl_typesupport_c.c
-- Up-to-date: /home/darshan/ros2_ws/install/mini_pupper_interfaces/local/lib/python3.10/dist-packages/mini_pupper_interfaces/_mini_pupper_interfaces_s.ep.rosidl_typesupport_fastrtps_c.c
-- Up-to-date: /home/darshan/ros2_ws/install/mini_pupper_interfaces/local/lib/python3.10/dist-packages/mini_pupper_interfaces/mini_pupper_interfaces_s__rosidl_typesupport_fastrtps_c.cpython-310-x86_64-linux-gnu.so
-- Up-to-date: /home/darshan/ros2_ws/install/mini_pupper_interfaces/local/lib/python3.10/dist-packages/mini_pupper_interfaces/_mini_pupper_interfaces_s.ep.rosidl_typesupport_introspection_c.c
-- Up-to-date: /home/darshan/ros2_ws/install/mini_pupper_interfaces/local/lib/python3.10/dist-packages/mini_pupper_interfaces/mini_pupper_interfaces_s__rosidl_typesupport_c.cpython-310-x86_64-linux-gnu.so
-- Up-to-date: /home/darshan/ros2_ws/install/mini_pupper_interfaces/local/lib/python3.10/dist-packages/mini_pupper_interfaces/mini_pupper_interfaces_s__rosidl_typesupport_introspection_c.cpython-310-x86_64-linux-gnu.so
Listing '/home/darshan/ros2_ws/install/mini_pupper_interfaces/local/lib/python3.10/dist-packages/mini_pupper_interfaces'...
Listing '/home/darshan/ros2_ws/install/mini_pupper_interfaces/local/lib/python3.10/dist-packages/mini_pupper_interfaces/msg'...
Listing '/home/darshan/ros2_ws/install/mini_pupper_interfaces/local/lib/python3.10/dist-packages/mini_pupper_interfaces/srv'...
-- Up-to-date: /home/darshan/ros2_ws/install/mini_pupper_interfaces/local/lib/python3.10/dist-packages/mini_pupper_interfaces/mini_pupper_interfaces_s__rosidl_typesupport_fastrtps_c.cpython-310-x86_64-linux-gnu.so
-- Up-to-date: /home/darshan/ros2_ws/install/mini_pupper_interfaces/local/lib/python3.10/dist-packages/mini_pupper_interfaces/mini_pupper_interfaces_s__rosidl_typesupport_introspection_c.cpython-310-x86_64-linux-gnu.so
-- Up-to-date: /home/darshan/ros2_ws/install/mini_pupper_interfaces/local/lib/python3.10/dist-packages/mini_pupper_interfaces/mini_pupper_interfaces_s__rosidl_typesupport_c.cpython-310-x86_64-linux-gnu.so
-- Up-to-date: /home/darshan/ros2_ws/install/mini_pupper_interfaces/lib/libmini_pupper_interfaces__rosidl_generator_py.so
-- Up-to-date: /home/darshan/ros2_ws/install/mini_pupper_interfaces/share/mini_pupper_interfaces/srv/DanceCommand.idl
-- Up-to-date: /home/darshan/ros2_ws/install/mini_pupper_interfaces/share/mini_pupper_interfaces/srv/PlayMusic.idl
-- Up-to-date: /home/darshan/ros2_ws/install/mini_pupper_interfaces/share/mini_pupper_interfaces/srv/StopMusic.idl
-- Up-to-date: /home/darshan/ros2_ws/install/mini_pupper_interfaces/share/mini_pupper_interfaces/msg/LineDetectionResult.idl
-- Up-to-date: /home/darshan/ros2_ws/install/mini_pupper_interfaces/share/mini_pupper_interfaces/msg/AiLineRecognitionResult.idl
-- Up-to-date: /home/darshan/ros2_ws/install/mini_pupper_interfaces/share/mini_pupper_interfaces/srv/DanceCommand.srv
-- Up-to-date: /home/darshan/ros2_ws/install/mini_pupper_interfaces/share/mini_pupper_interfaces/srv/DanceCommand_Request.msg
-- Up-to-date: /home/darshan/ros2_ws/install/mini_pupper_interfaces/share/mini_pupper_interfaces/srv/DanceCommand_Response.msg
-- Up-to-date: /home/darshan/ros2_ws/install/mini_pupper_interfaces/share/mini_pupper_interfaces/srv/PlayMusic.srv
-- Up-to-date: /home/darshan/ros2_ws/install/mini_pupper_interfaces/share/mini_pupper_interfaces/srv/PlayMusic_Request.msg
-- Up-to-date: /home/darshan/ros2_ws/install/mini_pupper_interfaces/share/mini_pupper_interfaces/srv/PlayMusic_Response.msg
-- Up-to-date: /home/darshan/ros2_ws/install/mini_pupper_interfaces/share/mini_pupper_interfaces/srv/StopMusic.srv
-- Up-to-date: /home/darshan/ros2_ws/install/mini_pupper_interfaces/share/mini_pupper_interfaces/srv/StopMusic_Request.msg
-- Up-to-date: /home/darshan/ros2_ws/install/mini_pupper_interfaces/share/mini_pupper_interfaces/srv/StopMusic_Response.msg
-- Up-to-date: /home/darshan/ros2_ws/install/mini_pupper_interfaces/share/mini_pupper_interfaces/msg/LineDetectionResult.msg
-- Up-to-date: /home/darshan/ros2_ws/install/mini_pupper_interfaces/share/mini_pupper_interfaces/msg/AiLineRecognitionResult.msg
-- Up-to-date: /home/darshan/ros2_ws/install/mini_pupper_interfaces/share/ament_index/resource_index/package_run_dependencies/mini_pupper_interfaces
-- Up-to-date: /home/darshan/ros2_ws/install/mini_pupper_interfaces/share/ament_index/resource_index/parent_prefix_path/mini_pupper_interfaces
-- Up-to-date: /home/darshan/ros2_ws/install/mini_pupper_interfaces/share/mini_pupper_interfaces/environment/ament_prefix_path.sh
-- Up-to-date: /home/darshan/ros2_ws/install/mini_pupper_interfaces/share/mini_pupper_interfaces/environment/ament_prefix_path.dsv
-- Up-to-date: /home/darshan/ros2_ws/install/mini_pupper_interfaces/share/mini_pupper_interfaces/environment/path.sh
-- Up-to-date: /home/darshan/ros2_ws/install/mini_pupper_interfaces/share/mini_pupper_interfaces/environment/path.dsv
-- Up-to-date: /home/darshan/ros2_ws/install/mini_pupper_interfaces/share/mini_pupper_interfaces/local_setup.bash
-- Up-to-date: /home/darshan/ros2_ws/install/mini_pupper_interfaces/share/mini_pupper_interfaces/local_setup.sh
-- Up-to-date: /home/darshan/ros2_ws/install/mini_pupper_interfaces/share/mini_pupper_interfaces/local_setup.zsh
-- Up-to-date: /home/darshan/ros2_ws/install/mini_pupper_interfaces/share/mini_pupper_interfaces/local_setup.dsv
-- Installing: /home/darshan/ros2_ws/install/mini_pupper_interfaces/share/mini_pupper_interfaces/package.dsv
-- Up-to-date: /home/darshan/ros2_ws/install/mini_pupper_interfaces/share/ament_index/resource_index/packages/mini_pupper_interfaces
-- Up-to-date: /home/darshan/ros2_ws/install/mini_pupper_interfaces/share/mini_pupper_interfaces/cmake/export_mini_pupper_interfaces__rosidl_generator_cExport.cmake
-- Up-to-date: /home/darshan/ros2_ws/install/mini_pupper_interfaces/share/mini_pupper_interfaces/cmake/export_mini_pupper_interfaces__rosidl_generator_cExport-noconfig.cmake
-- Up-to-date: /home/darshan/ros2_ws/install/mini_pupper_interfaces/share/mini_pupper_interfaces/cmake/export_mini_pupper_interfaces__rosidl_typesupport_fastrtps_cExport.cmake
-- Up-to-date: /home/darshan/ros2_ws/install/mini_pupper_interfaces/share/mini_pupper_interfaces/cmake/export_mini_pupper_interfaces__rosidl_typesupport_fastrtps_cExport-noconfig.cmake
-- Up-to-date: /home/darshan/ros2_ws/install/mini_pupper_interfaces/share/mini_pupper_interfaces/cmake/export_mini_pupper_interfaces__rosidl_generator_cppExport.cmake
-- Up-to-date: /home/darshan/ros2_ws/install/mini_pupper_interfaces/share/mini_pupper_interfaces/cmake/export_mini_pupper_interfaces__rosidl_typesupport_fastrtps_cppExport.cmake
-- Up-to-date: /home/darshan/ros2_ws/install/mini_pupper_interfaces/share/mini_pupper_interfaces/cmake/export_mini_pupper_interfaces__rosidl_typesupport_fastrtps_cppExport-noconfig.cmake
-- Up-to-date: /home/darshan/ros2_ws/install/mini_pupper_interfaces/share/mini_pupper_interfaces/cmake/mini_pupper_interfaces__rosidl_typesupport_introspection_cExport.cmake
-- Up-to-date: /home/darshan/ros2_ws/install/mini_pupper_interfaces/share/mini_pupper_interfaces/cmake/mini_pupper_interfaces__rosidl_typesupport_introspection_cExport-noconfig.cmake
-- Up-to-date: /home/darshan/ros2_ws/install/mini_pupper_interfaces/share/mini_pupper_interfaces/cmake/mini_pupper_interfaces__rosidl_typesupport_cExport.cmake
-- Up-to-date: /home/darshan/ros2_ws/install/mini_pupper_interfaces/share/mini_pupper_interfaces/cmake/mini_pupper_interfaces__rosidl_typesupport_cExport-noconfig.cmake
-- Up-to-date: /home/darshan/ros2_ws/install/mini_pupper_interfaces/share/mini_pupper_interfaces/cmake/mini_pupper_interfaces__rosidl_typesupport_introspection_cppExport.cmake
-- Up-to-date: /home/darshan/ros2_ws/install/mini_pupper_interfaces/share/mini_pupper_interfaces/cmake/mini_pupper_interfaces__rosidl_typesupport_introspection_cppExport-noconfig.cmake
-- Up-to-date: /home/darshan/ros2_ws/install/mini_pupper_interfaces/share/mini_pupper_interfaces/cmake/mini_pupper_interfaces__rosidl_typesupport_cppExport.cmake
-- Up-to-date: /home/darshan/ros2_ws/install/mini_pupper_interfaces/share/mini_pupper_interfaces/cmake/mini_pupper_interfaces__rosidl_typesupport_cppExport-noconfig.cmake
-- Up-to-date: /home/darshan/ros2_ws/install/mini_pupper_interfaces/share/mini_pupper_interfaces/cmake/export_mini_pupper_interfaces__rosidl_generator_pyExport.cmake
-- Up-to-date: /home/darshan/ros2_ws/install/mini_pupper_interfaces/share/mini_pupper_interfaces/cmake/export_mini_pupper_interfaces__rosidl_generator_pyExport-noconfig.cmake
-- Up-to-date: /home/darshan/ros2_ws/install/mini_pupper_interfaces/share/mini_pupper_interfaces/cmake/rosidl_cmake-extras.cmake
-- Up-to-date: /home/darshan/ros2_ws/install/mini_pupper_interfaces/share/mini_pupper_interfaces/cmake/ament_cmake_export_dependencies-extras.cmake
-- Up-to-date: /home/darshan/ros2_ws/install/mini_pupper_interfaces/share/mini_pupper_interfaces/cmake/ament_cmake_export_include_directories-extras.cmake
-- Up-to-date: /home/darshan/ros2_ws/install/mini_pupper_interfaces/share/mini_pupper_interfaces/cmake/ament_cmake_export_libraries-extras.cmake
-- Up-to-date: /home/darshan/ros2_ws/install/mini_pupper_interfaces/share/mini_pupper_interfaces/cmake/ament_cmake_export_targets-extras.cmake
-- Up-to-date: /home/darshan/ros2_ws/install/mini_pupper_interfaces/share/mini_pupper_interfaces/cmake/rosidl_cmake_export_typesupport_targets-extras.cmake
-- Up-to-date: /home/darshan/ros2_ws/install/mini_pupper_interfaces/share/mini_pupper_interfaces/cmake/rosidl_cmake_export_typesupport_libraries-extras.cmake
-- Up-to-date: /home/darshan/ros2_ws/install/mini_pupper_interfaces/share/mini_pupper_interfaces/cmake/mini_pupper_interfacesConfig.cmake
-- Up-to-date: /home/darshan/ros2_ws/install/mini_pupper_interfaces/share/mini_pupper_interfaces/cmake/mini_pupper_interfacesConfig-version.cmake
-- Up-to-date: /home/darshan/ros2_ws/install/mini_pupper_interfaces/share/mini_pupper_interfaces/package.xml
