[0.010s] Invoking command in '/home/darshan/ros2_ws/build/champ_bringup': AMENT_PREFIX_PATH=/home/darshan/ros2_ws/install/champ_base:/home/darshan/ros2_ws/install/champ_msgs:/home/darshan/ros2_ws/install/champ_description:/home/darshan/ros2_ws/install/champ:${AMENT_PREFIX_PATH} CMAKE_PREFIX_PATH=/home/darshan/ros2_ws/install/champ_base:/home/darshan/ros2_ws/install/champ_msgs:/home/darshan/ros2_ws/install/champ_description:/home/darshan/ros2_ws/install/champ:/opt/ros/humble LD_LIBRARY_PATH=/home/darshan/ros2_ws/install/champ_base/lib:/home/darshan/ros2_ws/install/champ_msgs/lib:${LD_LIBRARY_PATH} PATH=/home/darshan/ros2_ws/install/champ_base/bin:${PATH} PYTHONPATH=/home/darshan/ros2_ws/install/champ_msgs/local/lib/python3.10/dist-packages:${PYTHONPATH} /usr/bin/cmake /home/darshan/ros2_ws/src/champ/champ/champ_bringup -DCMAKE_INSTALL_PREFIX=/home/darshan/ros2_ws/install/champ_bringup
[0.071s] -- The C compiler identification is GNU 11.4.0
[0.131s] -- The CXX compiler identification is GNU 11.4.0
[0.138s] -- Detecting C compiler ABI info
[0.211s] -- Detecting C compiler ABI info - done
[0.219s] -- Check for working C compiler: /usr/bin/cc - skipped
[0.219s] -- Detecting C compile features
[0.219s] -- Detecting C compile features - done
[0.222s] -- Detecting CXX compiler ABI info
[0.304s] -- Detecting CXX compiler ABI info - done
[0.312s] -- Check for working CXX compiler: /usr/bin/c++ - skipped
[0.312s] -- Detecting CXX compile features
[0.313s] -- Detecting CXX compile features - done
[0.316s] -- Found ament_cmake: 1.3.10 (/opt/ros/humble/share/ament_cmake/cmake)
[0.472s] -- Found Python3: /usr/bin/python3 (found version "3.10.12") found components: Interpreter 
[0.721s] -- Configuring done
[0.724s] -- Generating done
[0.725s] -- Build files have been written to: /home/darshan/ros2_ws/build/champ_bringup
[0.729s] Invoked command in '/home/darshan/ros2_ws/build/champ_bringup' returned '0': AMENT_PREFIX_PATH=/home/darshan/ros2_ws/install/champ_base:/home/darshan/ros2_ws/install/champ_msgs:/home/darshan/ros2_ws/install/champ_description:/home/darshan/ros2_ws/install/champ:${AMENT_PREFIX_PATH} CMAKE_PREFIX_PATH=/home/darshan/ros2_ws/install/champ_base:/home/darshan/ros2_ws/install/champ_msgs:/home/darshan/ros2_ws/install/champ_description:/home/darshan/ros2_ws/install/champ:/opt/ros/humble LD_LIBRARY_PATH=/home/darshan/ros2_ws/install/champ_base/lib:/home/darshan/ros2_ws/install/champ_msgs/lib:${LD_LIBRARY_PATH} PATH=/home/darshan/ros2_ws/install/champ_base/bin:${PATH} PYTHONPATH=/home/darshan/ros2_ws/install/champ_msgs/local/lib/python3.10/dist-packages:${PYTHONPATH} /usr/bin/cmake /home/darshan/ros2_ws/src/champ/champ/champ_bringup -DCMAKE_INSTALL_PREFIX=/home/darshan/ros2_ws/install/champ_bringup
[0.730s] Invoking command in '/home/darshan/ros2_ws/build/champ_bringup': AMENT_PREFIX_PATH=/home/darshan/ros2_ws/install/champ_base:/home/darshan/ros2_ws/install/champ_msgs:/home/darshan/ros2_ws/install/champ_description:/home/darshan/ros2_ws/install/champ:${AMENT_PREFIX_PATH} CMAKE_PREFIX_PATH=/home/darshan/ros2_ws/install/champ_base:/home/darshan/ros2_ws/install/champ_msgs:/home/darshan/ros2_ws/install/champ_description:/home/darshan/ros2_ws/install/champ:/opt/ros/humble LD_LIBRARY_PATH=/home/darshan/ros2_ws/install/champ_base/lib:/home/darshan/ros2_ws/install/champ_msgs/lib:${LD_LIBRARY_PATH} PATH=/home/darshan/ros2_ws/install/champ_base/bin:${PATH} PYTHONPATH=/home/darshan/ros2_ws/install/champ_msgs/local/lib/python3.10/dist-packages:${PYTHONPATH} /usr/bin/cmake --build /home/darshan/ros2_ws/build/champ_bringup -- -j24 -l24
[0.795s] Built target ament_cmake_python_copy_champ_bringup
[1.047s] running egg_info
[1.047s] creating champ_bringup.egg-info
[1.048s] writing champ_bringup.egg-info/PKG-INFO
[1.048s] writing dependency_links to champ_bringup.egg-info/dependency_links.txt
[1.048s] writing top-level names to champ_bringup.egg-info/top_level.txt
[1.048s] writing manifest file 'champ_bringup.egg-info/SOURCES.txt'
[1.050s] reading manifest file 'champ_bringup.egg-info/SOURCES.txt'
[1.050s] writing manifest file 'champ_bringup.egg-info/SOURCES.txt'
[1.078s] Built target ament_cmake_python_build_champ_bringup_egg
[1.089s] Invoked command in '/home/darshan/ros2_ws/build/champ_bringup' returned '0': AMENT_PREFIX_PATH=/home/darshan/ros2_ws/install/champ_base:/home/darshan/ros2_ws/install/champ_msgs:/home/darshan/ros2_ws/install/champ_description:/home/darshan/ros2_ws/install/champ:${AMENT_PREFIX_PATH} CMAKE_PREFIX_PATH=/home/darshan/ros2_ws/install/champ_base:/home/darshan/ros2_ws/install/champ_msgs:/home/darshan/ros2_ws/install/champ_description:/home/darshan/ros2_ws/install/champ:/opt/ros/humble LD_LIBRARY_PATH=/home/darshan/ros2_ws/install/champ_base/lib:/home/darshan/ros2_ws/install/champ_msgs/lib:${LD_LIBRARY_PATH} PATH=/home/darshan/ros2_ws/install/champ_base/bin:${PATH} PYTHONPATH=/home/darshan/ros2_ws/install/champ_msgs/local/lib/python3.10/dist-packages:${PYTHONPATH} /usr/bin/cmake --build /home/darshan/ros2_ws/build/champ_bringup -- -j24 -l24
[1.109s] Invoking command in '/home/darshan/ros2_ws/build/champ_bringup': AMENT_PREFIX_PATH=/home/darshan/ros2_ws/install/champ_base:/home/darshan/ros2_ws/install/champ_msgs:/home/darshan/ros2_ws/install/champ_description:/home/darshan/ros2_ws/install/champ:${AMENT_PREFIX_PATH} CMAKE_PREFIX_PATH=/home/darshan/ros2_ws/install/champ_base:/home/darshan/ros2_ws/install/champ_msgs:/home/darshan/ros2_ws/install/champ_description:/home/darshan/ros2_ws/install/champ:/opt/ros/humble LD_LIBRARY_PATH=/home/darshan/ros2_ws/install/champ_base/lib:/home/darshan/ros2_ws/install/champ_msgs/lib:${LD_LIBRARY_PATH} PATH=/home/darshan/ros2_ws/install/champ_base/bin:${PATH} PYTHONPATH=/home/darshan/ros2_ws/install/champ_msgs/local/lib/python3.10/dist-packages:${PYTHONPATH} /usr/bin/cmake --install /home/darshan/ros2_ws/build/champ_bringup
[1.116s] -- Install configuration: ""
[1.116s] -- Installing: /home/darshan/ros2_ws/install/champ_bringup/share/champ_bringup/launch
[1.116s] -- Installing: /home/darshan/ros2_ws/install/champ_bringup/share/champ_bringup/launch/joints_gui.launch.py
[1.117s] -- Installing: /home/darshan/ros2_ws/install/champ_bringup/share/champ_bringup/launch/bringup.launch
[1.117s] -- Installing: /home/darshan/ros2_ws/install/champ_bringup/share/champ_bringup/launch/joints_gui.launch
[1.117s] -- Installing: /home/darshan/ros2_ws/install/champ_bringup/share/champ_bringup/launch/bringup.launch.py
[1.117s] -- Installing: /home/darshan/ros2_ws/install/champ_bringup/share/champ_bringup/launch/include
[1.117s] -- Installing: /home/darshan/ros2_ws/install/champ_bringup/share/champ_bringup/launch/include/velocity_smoother.launch
[1.117s] -- Installing: /home/darshan/ros2_ws/install/champ_bringup/share/champ_bringup/launch/include/laser
[1.117s] -- Installing: /home/darshan/ros2_ws/install/champ_bringup/share/champ_bringup/launch/include/laser/d435.launch
[1.117s] -- Installing: /home/darshan/ros2_ws/install/champ_bringup/share/champ_bringup/launch/include/laser/kinect.launch
[1.117s] -- Installing: /home/darshan/ros2_ws/install/champ_bringup/share/champ_bringup/launch/include/laser/realsense.launch
[1.117s] -- Installing: /home/darshan/ros2_ws/install/champ_bringup/share/champ_bringup/launch/include/laser/hokuyo.launch
[1.117s] -- Installing: /home/darshan/ros2_ws/install/champ_bringup/share/champ_bringup/launch/include/laser/rplidar.launch
[1.118s] -- Installing: /home/darshan/ros2_ws/install/champ_bringup/share/champ_bringup/launch/include/laser/ydlidar.launch
[1.118s] -- Installing: /home/darshan/ros2_ws/install/champ_bringup/share/champ_bringup/launch/include/laser/lms1xx.launch
[1.118s] -- Installing: /home/darshan/ros2_ws/install/champ_bringup/share/champ_bringup/launch/include/laser/sim.launch
[1.118s] -- Installing: /home/darshan/ros2_ws/install/champ_bringup/share/champ_bringup/launch/include/laser/sweep.launch
[1.118s] -- Installing: /home/darshan/ros2_ws/install/champ_bringup/share/champ_bringup/launch/include/laser/xv11.launch
[1.118s] -- Installing: /home/darshan/ros2_ws/install/champ_bringup/share/champ_bringup/environment/pythonpath.sh
[1.118s] -- Installing: /home/darshan/ros2_ws/install/champ_bringup/share/champ_bringup/environment/pythonpath.dsv
[1.118s] -- Installing: /home/darshan/ros2_ws/install/champ_bringup/local/lib/python3.10/dist-packages/champ_bringup-0.1.0-py3.10.egg-info
[1.118s] -- Installing: /home/darshan/ros2_ws/install/champ_bringup/local/lib/python3.10/dist-packages/champ_bringup-0.1.0-py3.10.egg-info/PKG-INFO
[1.118s] -- Installing: /home/darshan/ros2_ws/install/champ_bringup/local/lib/python3.10/dist-packages/champ_bringup-0.1.0-py3.10.egg-info/SOURCES.txt
[1.118s] -- Installing: /home/darshan/ros2_ws/install/champ_bringup/local/lib/python3.10/dist-packages/champ_bringup-0.1.0-py3.10.egg-info/dependency_links.txt
[1.118s] -- Installing: /home/darshan/ros2_ws/install/champ_bringup/local/lib/python3.10/dist-packages/champ_bringup-0.1.0-py3.10.egg-info/top_level.txt
[1.119s] -- Installing: /home/darshan/ros2_ws/install/champ_bringup/local/lib/python3.10/dist-packages/champ_bringup
[1.119s] -- Installing: /home/darshan/ros2_ws/install/champ_bringup/local/lib/python3.10/dist-packages/champ_bringup/__init__.py
[1.119s] -- Installing: /home/darshan/ros2_ws/install/champ_bringup/local/lib/python3.10/dist-packages/champ_bringup/joint_calibrator_relay.py
[1.152s] Listing '/home/darshan/ros2_ws/install/champ_bringup/local/lib/python3.10/dist-packages/champ_bringup'...
[1.152s] Compiling '/home/darshan/ros2_ws/install/champ_bringup/local/lib/python3.10/dist-packages/champ_bringup/__init__.py'...
[1.152s] Compiling '/home/darshan/ros2_ws/install/champ_bringup/local/lib/python3.10/dist-packages/champ_bringup/joint_calibrator_relay.py'...
[1.157s] -- Installing: /home/darshan/ros2_ws/install/champ_bringup/lib/champ_bringup/joint_calibrator_relay.py
[1.157s] -- Installing: /home/darshan/ros2_ws/install/champ_bringup/share/ament_index/resource_index/package_run_dependencies/champ_bringup
[1.157s] -- Installing: /home/darshan/ros2_ws/install/champ_bringup/share/ament_index/resource_index/parent_prefix_path/champ_bringup
[1.157s] -- Installing: /home/darshan/ros2_ws/install/champ_bringup/share/champ_bringup/environment/ament_prefix_path.sh
[1.158s] -- Installing: /home/darshan/ros2_ws/install/champ_bringup/share/champ_bringup/environment/ament_prefix_path.dsv
[1.158s] -- Installing: /home/darshan/ros2_ws/install/champ_bringup/share/champ_bringup/environment/path.sh
[1.158s] -- Installing: /home/darshan/ros2_ws/install/champ_bringup/share/champ_bringup/environment/path.dsv
[1.158s] -- Installing: /home/darshan/ros2_ws/install/champ_bringup/share/champ_bringup/local_setup.bash
[1.158s] -- Installing: /home/darshan/ros2_ws/install/champ_bringup/share/champ_bringup/local_setup.sh
[1.158s] -- Installing: /home/darshan/ros2_ws/install/champ_bringup/share/champ_bringup/local_setup.zsh
[1.158s] -- Installing: /home/darshan/ros2_ws/install/champ_bringup/share/champ_bringup/local_setup.dsv
[1.158s] -- Installing: /home/darshan/ros2_ws/install/champ_bringup/share/champ_bringup/package.dsv
[1.159s] -- Installing: /home/darshan/ros2_ws/install/champ_bringup/share/ament_index/resource_index/packages/champ_bringup
[1.159s] -- Installing: /home/darshan/ros2_ws/install/champ_bringup/share/champ_bringup/cmake/champ_bringupConfig.cmake
[1.159s] -- Installing: /home/darshan/ros2_ws/install/champ_bringup/share/champ_bringup/cmake/champ_bringupConfig-version.cmake
[1.159s] -- Installing: /home/darshan/ros2_ws/install/champ_bringup/share/champ_bringup/package.xml
[1.161s] Invoked command in '/home/darshan/ros2_ws/build/champ_bringup' returned '0': AMENT_PREFIX_PATH=/home/darshan/ros2_ws/install/champ_base:/home/darshan/ros2_ws/install/champ_msgs:/home/darshan/ros2_ws/install/champ_description:/home/darshan/ros2_ws/install/champ:${AMENT_PREFIX_PATH} CMAKE_PREFIX_PATH=/home/darshan/ros2_ws/install/champ_base:/home/darshan/ros2_ws/install/champ_msgs:/home/darshan/ros2_ws/install/champ_description:/home/darshan/ros2_ws/install/champ:/opt/ros/humble LD_LIBRARY_PATH=/home/darshan/ros2_ws/install/champ_base/lib:/home/darshan/ros2_ws/install/champ_msgs/lib:${LD_LIBRARY_PATH} PATH=/home/darshan/ros2_ws/install/champ_base/bin:${PATH} PYTHONPATH=/home/darshan/ros2_ws/install/champ_msgs/local/lib/python3.10/dist-packages:${PYTHONPATH} /usr/bin/cmake --install /home/darshan/ros2_ws/build/champ_bringup
