[0.062s] Invoking command in '/home/darshan/ros2_ws/build/champ_msgs': CMAKE_PREFIX_PATH=/opt/ros/humble /usr/bin/cmake /home/darshan/ros2_ws/src/champ/champ/champ_msgs -DCMAKE_INSTALL_PREFIX=/home/darshan/ros2_ws/install/champ_msgs
[1.019s] -- The C compiler identification is GNU 11.4.0
[1.021s] -- The CXX compiler identification is GNU 11.4.0
[1.022s] -- Detecting C compiler ABI info
[1.023s] -- Detecting C compiler ABI info - done
[1.023s] -- Check for working C compiler: /usr/bin/cc - skipped
[1.023s] -- Detecting C compile features
[1.024s] -- Detecting C compile features - done
[1.025s] -- Detecting CXX compiler ABI info
[1.026s] -- Detecting CXX compiler ABI info - done
[1.026s] -- Check for working CXX compiler: /usr/bin/c++ - skipped
[1.027s] -- Detecting CXX compile features
[1.027s] -- Detecting CXX compile features - done
[1.027s] -- Found ament_cmake: 1.3.10 (/opt/ros/humble/share/ament_cmake/cmake)
[1.027s] -- Found Python3: /usr/bin/python3 (found version "3.10.12") found components: Interpreter 
[1.027s] -- Found rosidl_default_generators: 1.2.0 (/opt/ros/humble/share/rosidl_default_generators/cmake)
[1.027s] -- Using all available rosidl_typesupport_c: rosidl_typesupport_fastrtps_c;rosidl_typesupport_introspection_c
[1.027s] -- Found rosidl_adapter: 3.1.5 (/opt/ros/humble/share/rosidl_adapter/cmake)
[1.027s] -- Using all available rosidl_typesupport_cpp: rosidl_typesupport_fastrtps_cpp;rosidl_typesupport_introspection_cpp
[1.028s] -- Found std_msgs: 4.2.4 (/opt/ros/humble/share/std_msgs/cmake)
[1.043s] -- Found geometry_msgs: 4.2.4 (/opt/ros/humble/share/geometry_msgs/cmake)
[1.498s] -- Found ament_cmake_ros: 0.10.0 (/opt/ros/humble/share/ament_cmake_ros/cmake)
[1.818s] -- Using all available rosidl_typesupport_c: rosidl_typesupport_fastrtps_c;rosidl_typesupport_introspection_c
[2.244s] -- Using all available rosidl_typesupport_cpp: rosidl_typesupport_fastrtps_cpp;rosidl_typesupport_introspection_cpp
[2.280s] -- Found PythonInterp: /usr/bin/python3 (found suitable version "3.10.12", minimum required is "3.6") 
[2.282s] -- Found python_cmake_module: 0.10.0 (/opt/ros/humble/share/python_cmake_module/cmake)
[2.324s] -- Found PythonLibs: /usr/lib/x86_64-linux-gnu/libpython3.10.so (found suitable version "3.10.12", minimum required is "3.5") 
[2.324s] -- Using PYTHON_EXECUTABLE: /usr/bin/python3
[2.324s] -- Using PYTHON_INCLUDE_DIRS: /usr/include/python3.10
[2.324s] -- Using PYTHON_LIBRARIES: /usr/lib/x86_64-linux-gnu/libpython3.10.so
[2.358s] -- Found PythonExtra: .so  
[2.469s] -- Found ament_lint_auto: 0.12.11 (/opt/ros/humble/share/ament_lint_auto/cmake)
[2.480s] -- Configuring done
[2.558s] -- Generating done
[2.561s] -- Build files have been written to: /home/darshan/ros2_ws/build/champ_msgs
[2.570s] Invoked command in '/home/darshan/ros2_ws/build/champ_msgs' returned '0': CMAKE_PREFIX_PATH=/opt/ros/humble /usr/bin/cmake /home/darshan/ros2_ws/src/champ/champ/champ_msgs -DCMAKE_INSTALL_PREFIX=/home/darshan/ros2_ws/install/champ_msgs
[2.571s] Invoking command in '/home/darshan/ros2_ws/build/champ_msgs': CMAKE_PREFIX_PATH=/opt/ros/humble /usr/bin/cmake --build /home/darshan/ros2_ws/build/champ_msgs -- -j24 -l24
[2.625s] [  1%] [34m[1mGenerating C code for ROS interfaces[0m
[2.637s] [  1%] Built target ament_cmake_python_copy_champ_msgs
[2.640s] [  2%] [34m[1mGenerating C++ code for ROS interfaces[0m
[2.862s] running egg_info
[2.863s] creating champ_msgs.egg-info
[2.863s] writing champ_msgs.egg-info/PKG-INFO
[2.863s] writing dependency_links to champ_msgs.egg-info/dependency_links.txt
[2.863s] writing top-level names to champ_msgs.egg-info/top_level.txt
[2.864s] writing manifest file 'champ_msgs.egg-info/SOURCES.txt'
[2.865s] reading manifest file 'champ_msgs.egg-info/SOURCES.txt'
[2.865s] writing manifest file 'champ_msgs.egg-info/SOURCES.txt'
[2.891s] [  2%] Built target ament_cmake_python_build_champ_msgs_egg
[3.234s] [  3%] [32mBuilding C object CMakeFiles/champ_msgs__rosidl_generator_c.dir/rosidl_generator_c/champ_msgs/msg/detail/velocities__functions.c.o[0m
[3.234s] [  4%] [32mBuilding C object CMakeFiles/champ_msgs__rosidl_generator_c.dir/rosidl_generator_c/champ_msgs/msg/detail/pid__functions.c.o[0m
[3.234s] [  5%] [32mBuilding C object CMakeFiles/champ_msgs__rosidl_generator_c.dir/rosidl_generator_c/champ_msgs/msg/detail/contacts_stamped__functions.c.o[0m
[3.236s] [  6%] [32mBuilding C object CMakeFiles/champ_msgs__rosidl_generator_c.dir/rosidl_generator_c/champ_msgs/msg/detail/imu__functions.c.o[0m
[3.237s] [  7%] [32mBuilding C object CMakeFiles/champ_msgs__rosidl_generator_c.dir/rosidl_generator_c/champ_msgs/msg/detail/point__functions.c.o[0m
[3.237s] [  8%] [32mBuilding C object CMakeFiles/champ_msgs__rosidl_generator_c.dir/rosidl_generator_c/champ_msgs/msg/detail/point_array__functions.c.o[0m
[3.238s] [  9%] [32mBuilding C object CMakeFiles/champ_msgs__rosidl_generator_c.dir/rosidl_generator_c/champ_msgs/msg/detail/joints__functions.c.o[0m
[3.238s] [ 10%] [32mBuilding C object CMakeFiles/champ_msgs__rosidl_generator_c.dir/rosidl_generator_c/champ_msgs/msg/detail/contacts__functions.c.o[0m
[3.238s] [ 11%] [32mBuilding C object CMakeFiles/champ_msgs__rosidl_generator_c.dir/rosidl_generator_c/champ_msgs/msg/detail/pose__functions.c.o[0m
[3.320s] [ 12%] [32m[1mLinking C shared library libchamp_msgs__rosidl_generator_c.so[0m
[3.381s] [ 12%] Built target champ_msgs__rosidl_generator_c
[3.392s] [ 13%] [34m[1mGenerating C type support dispatch for ROS interfaces[0m
[3.397s] [ 14%] [34m[1mGenerating C type support for eProsima Fast-RTPS[0m
[3.397s] [ 15%] [34m[1mGenerating C introspection for ROS interfaces[0m
[3.602s] [ 15%] Built target champ_msgs__cpp
[3.615s] [ 16%] [34m[1mGenerating C++ type support dispatch for ROS interfaces[0m
[3.619s] [ 17%] [34m[1mGenerating C++ type support for eProsima Fast-RTPS[0m
[3.620s] [ 18%] [34m[1mGenerating C++ introspection for ROS interfaces[0m
[3.927s] [ 21%] [32mBuilding CXX object CMakeFiles/champ_msgs__rosidl_typesupport_c.dir/rosidl_typesupport_c/champ_msgs/msg/pid__type_support.cpp.o[0m
[3.927s] [ 21%] [32mBuilding CXX object CMakeFiles/champ_msgs__rosidl_typesupport_c.dir/rosidl_typesupport_c/champ_msgs/msg/velocities__type_support.cpp.o[0m
[3.935s] [ 22%] [32mBuilding CXX object CMakeFiles/champ_msgs__rosidl_typesupport_c.dir/rosidl_typesupport_c/champ_msgs/msg/imu__type_support.cpp.o[0m
[3.942s] [ 24%] [32mBuilding CXX object CMakeFiles/champ_msgs__rosidl_typesupport_c.dir/rosidl_typesupport_c/champ_msgs/msg/point_array__type_support.cpp.o[0m
[3.942s] [ 24%] [32mBuilding CXX object CMakeFiles/champ_msgs__rosidl_typesupport_c.dir/rosidl_typesupport_c/champ_msgs/msg/point__type_support.cpp.o[0m
[3.944s] [ 25%] [32mBuilding CXX object CMakeFiles/champ_msgs__rosidl_typesupport_c.dir/rosidl_typesupport_c/champ_msgs/msg/contacts__type_support.cpp.o[0m
[3.951s] [ 26%] [32mBuilding CXX object CMakeFiles/champ_msgs__rosidl_typesupport_c.dir/rosidl_typesupport_c/champ_msgs/msg/joints__type_support.cpp.o[0m
[3.951s] [ 27%] [32mBuilding CXX object CMakeFiles/champ_msgs__rosidl_typesupport_c.dir/rosidl_typesupport_c/champ_msgs/msg/contacts_stamped__type_support.cpp.o[0m
[3.961s] [ 28%] [32mBuilding CXX object CMakeFiles/champ_msgs__rosidl_typesupport_c.dir/rosidl_typesupport_c/champ_msgs/msg/pose__type_support.cpp.o[0m
[4.104s] [ 29%] [32m[1mLinking CXX shared library libchamp_msgs__rosidl_typesupport_c.so[0m
[4.211s] [ 29%] Built target champ_msgs__rosidl_typesupport_c
[4.273s] [ 30%] [32mBuilding C object CMakeFiles/champ_msgs__rosidl_typesupport_introspection_c.dir/rosidl_typesupport_introspection_c/champ_msgs/msg/detail/velocities__type_support.c.o[0m
[4.277s] [ 31%] [32mBuilding C object CMakeFiles/champ_msgs__rosidl_typesupport_introspection_c.dir/rosidl_typesupport_introspection_c/champ_msgs/msg/detail/pid__type_support.c.o[0m
[4.284s] [ 32%] [32mBuilding C object CMakeFiles/champ_msgs__rosidl_typesupport_introspection_c.dir/rosidl_typesupport_introspection_c/champ_msgs/msg/detail/imu__type_support.c.o[0m
[4.284s] [ 34%] [32mBuilding C object CMakeFiles/champ_msgs__rosidl_typesupport_introspection_c.dir/rosidl_typesupport_introspection_c/champ_msgs/msg/detail/joints__type_support.c.o[0m
[4.286s] [ 33%] [32mBuilding C object CMakeFiles/champ_msgs__rosidl_typesupport_introspection_c.dir/rosidl_typesupport_introspection_c/champ_msgs/msg/detail/point_array__type_support.c.o[0m
[4.286s] [ 35%] [32mBuilding C object CMakeFiles/champ_msgs__rosidl_typesupport_introspection_c.dir/rosidl_typesupport_introspection_c/champ_msgs/msg/detail/point__type_support.c.o[0m
[4.296s] [ 36%] [32mBuilding C object CMakeFiles/champ_msgs__rosidl_typesupport_introspection_c.dir/rosidl_typesupport_introspection_c/champ_msgs/msg/detail/contacts__type_support.c.o[0m
[4.322s] [ 37%] [32mBuilding C object CMakeFiles/champ_msgs__rosidl_typesupport_introspection_c.dir/rosidl_typesupport_introspection_c/champ_msgs/msg/detail/contacts_stamped__type_support.c.o[0m
[4.326s] [ 38%] [32mBuilding C object CMakeFiles/champ_msgs__rosidl_typesupport_introspection_c.dir/rosidl_typesupport_introspection_c/champ_msgs/msg/detail/pose__type_support.c.o[0m
[4.406s] [ 40%] [32mBuilding CXX object CMakeFiles/champ_msgs__rosidl_typesupport_cpp.dir/rosidl_typesupport_cpp/champ_msgs/msg/velocities__type_support.cpp.o[0m
[4.409s] [ 41%] [32mBuilding CXX object CMakeFiles/champ_msgs__rosidl_typesupport_cpp.dir/rosidl_typesupport_cpp/champ_msgs/msg/joints__type_support.cpp.o[0m
[4.411s] [ 42%] [32mBuilding CXX object CMakeFiles/champ_msgs__rosidl_typesupport_cpp.dir/rosidl_typesupport_cpp/champ_msgs/msg/point_array__type_support.cpp.o[0m
[4.412s] [ 43%] [32mBuilding CXX object CMakeFiles/champ_msgs__rosidl_typesupport_cpp.dir/rosidl_typesupport_cpp/champ_msgs/msg/point__type_support.cpp.o[0m
[4.414s] [ 44%] [32mBuilding CXX object CMakeFiles/champ_msgs__rosidl_typesupport_cpp.dir/rosidl_typesupport_cpp/champ_msgs/msg/pid__type_support.cpp.o[0m
[4.417s] [ 45%] [32mBuilding CXX object CMakeFiles/champ_msgs__rosidl_typesupport_cpp.dir/rosidl_typesupport_cpp/champ_msgs/msg/imu__type_support.cpp.o[0m
[4.418s] [ 46%] [32mBuilding CXX object CMakeFiles/champ_msgs__rosidl_typesupport_cpp.dir/rosidl_typesupport_cpp/champ_msgs/msg/contacts__type_support.cpp.o[0m
[4.423s] [ 47%] [32m[1mLinking C shared library libchamp_msgs__rosidl_typesupport_introspection_c.so[0m
[4.423s] [ 48%] [32mBuilding CXX object CMakeFiles/champ_msgs__rosidl_typesupport_cpp.dir/rosidl_typesupport_cpp/champ_msgs/msg/contacts_stamped__type_support.cpp.o[0m
[4.425s] [ 49%] [32mBuilding CXX object CMakeFiles/champ_msgs__rosidl_typesupport_cpp.dir/rosidl_typesupport_cpp/champ_msgs/msg/pose__type_support.cpp.o[0m
[4.550s] [ 49%] Built target champ_msgs__rosidl_typesupport_introspection_c
[4.632s] [ 50%] [32mBuilding CXX object CMakeFiles/champ_msgs__rosidl_typesupport_fastrtps_c.dir/rosidl_typesupport_fastrtps_c/champ_msgs/msg/detail/imu__type_support_c.cpp.o[0m
[4.633s] [ 51%] [32mBuilding CXX object CMakeFiles/champ_msgs__rosidl_typesupport_fastrtps_c.dir/rosidl_typesupport_fastrtps_c/champ_msgs/msg/detail/pid__type_support_c.cpp.o[0m
[4.637s] [ 52%] [32mBuilding CXX object CMakeFiles/champ_msgs__rosidl_typesupport_fastrtps_c.dir/rosidl_typesupport_fastrtps_c/champ_msgs/msg/detail/point__type_support_c.cpp.o[0m
[4.639s] [ 53%] [32mBuilding CXX object CMakeFiles/champ_msgs__rosidl_typesupport_fastrtps_c.dir/rosidl_typesupport_fastrtps_c/champ_msgs/msg/detail/point_array__type_support_c.cpp.o[0m
[4.644s] [ 55%] [32mBuilding CXX object CMakeFiles/champ_msgs__rosidl_typesupport_fastrtps_c.dir/rosidl_typesupport_fastrtps_c/champ_msgs/msg/detail/velocities__type_support_c.cpp.o[0m
[4.652s] [ 55%] [32mBuilding CXX object CMakeFiles/champ_msgs__rosidl_typesupport_fastrtps_c.dir/rosidl_typesupport_fastrtps_c/champ_msgs/msg/detail/joints__type_support_c.cpp.o[0m
[4.652s] [ 56%] [32mBuilding CXX object CMakeFiles/champ_msgs__rosidl_typesupport_fastrtps_c.dir/rosidl_typesupport_fastrtps_c/champ_msgs/msg/detail/contacts_stamped__type_support_c.cpp.o[0m
[4.652s] [ 57%] [32mBuilding CXX object CMakeFiles/champ_msgs__rosidl_typesupport_fastrtps_c.dir/rosidl_typesupport_fastrtps_c/champ_msgs/msg/detail/contacts__type_support_c.cpp.o[0m
[4.657s] [ 58%] [32mBuilding CXX object CMakeFiles/champ_msgs__rosidl_typesupport_fastrtps_c.dir/rosidl_typesupport_fastrtps_c/champ_msgs/msg/detail/pose__type_support_c.cpp.o[0m
[4.719s] [ 60%] [32mBuilding CXX object CMakeFiles/champ_msgs__rosidl_typesupport_introspection_cpp.dir/rosidl_typesupport_introspection_cpp/champ_msgs/msg/detail/pid__type_support.cpp.o[0m
[4.720s] [ 61%] [32mBuilding CXX object CMakeFiles/champ_msgs__rosidl_typesupport_introspection_cpp.dir/rosidl_typesupport_introspection_cpp/champ_msgs/msg/detail/velocities__type_support.cpp.o[0m
[4.723s] [ 62%] [32mBuilding CXX object CMakeFiles/champ_msgs__rosidl_typesupport_introspection_cpp.dir/rosidl_typesupport_introspection_cpp/champ_msgs/msg/detail/point__type_support.cpp.o[0m
[4.729s] [ 63%] [32mBuilding CXX object CMakeFiles/champ_msgs__rosidl_typesupport_introspection_cpp.dir/rosidl_typesupport_introspection_cpp/champ_msgs/msg/detail/imu__type_support.cpp.o[0m
[4.744s] [ 64%] [32mBuilding CXX object CMakeFiles/champ_msgs__rosidl_typesupport_introspection_cpp.dir/rosidl_typesupport_introspection_cpp/champ_msgs/msg/detail/point_array__type_support.cpp.o[0m
[5.066s] [ 65%] [32mBuilding CXX object CMakeFiles/champ_msgs__rosidl_typesupport_introspection_cpp.dir/rosidl_typesupport_introspection_cpp/champ_msgs/msg/detail/joints__type_support.cpp.o[0m
[5.104s] [ 66%] [32mBuilding CXX object CMakeFiles/champ_msgs__rosidl_typesupport_introspection_cpp.dir/rosidl_typesupport_introspection_cpp/champ_msgs/msg/detail/contacts__type_support.cpp.o[0m
[5.118s] [ 67%] [32mBuilding CXX object CMakeFiles/champ_msgs__rosidl_typesupport_introspection_cpp.dir/rosidl_typesupport_introspection_cpp/champ_msgs/msg/detail/contacts_stamped__type_support.cpp.o[0m
[5.121s] [ 68%] [32mBuilding CXX object CMakeFiles/champ_msgs__rosidl_typesupport_introspection_cpp.dir/rosidl_typesupport_introspection_cpp/champ_msgs/msg/detail/pose__type_support.cpp.o[0m
[5.151s] [ 69%] [32mBuilding CXX object CMakeFiles/champ_msgs__rosidl_typesupport_fastrtps_cpp.dir/rosidl_typesupport_fastrtps_cpp/champ_msgs/msg/detail/dds_fastrtps/velocities__type_support.cpp.o[0m
[5.151s] [ 70%] [32mBuilding CXX object CMakeFiles/champ_msgs__rosidl_typesupport_fastrtps_cpp.dir/rosidl_typesupport_fastrtps_cpp/champ_msgs/msg/detail/dds_fastrtps/imu__type_support.cpp.o[0m
[5.162s] [ 71%] [32mBuilding CXX object CMakeFiles/champ_msgs__rosidl_typesupport_fastrtps_cpp.dir/rosidl_typesupport_fastrtps_cpp/champ_msgs/msg/detail/dds_fastrtps/pid__type_support.cpp.o[0m
[5.164s] [ 72%] [32mBuilding CXX object CMakeFiles/champ_msgs__rosidl_typesupport_fastrtps_cpp.dir/rosidl_typesupport_fastrtps_cpp/champ_msgs/msg/detail/dds_fastrtps/point__type_support.cpp.o[0m
[5.206s] [ 73%] [32mBuilding CXX object CMakeFiles/champ_msgs__rosidl_typesupport_fastrtps_cpp.dir/rosidl_typesupport_fastrtps_cpp/champ_msgs/msg/detail/dds_fastrtps/point_array__type_support.cpp.o[0m
[5.296s] [ 74%] [32m[1mLinking CXX shared library libchamp_msgs__rosidl_typesupport_cpp.so[0m
[5.391s] [ 75%] [32mBuilding CXX object CMakeFiles/champ_msgs__rosidl_typesupport_fastrtps_cpp.dir/rosidl_typesupport_fastrtps_cpp/champ_msgs/msg/detail/dds_fastrtps/joints__type_support.cpp.o[0m
[5.397s] [ 76%] [32mBuilding CXX object CMakeFiles/champ_msgs__rosidl_typesupport_fastrtps_cpp.dir/rosidl_typesupport_fastrtps_cpp/champ_msgs/msg/detail/dds_fastrtps/contacts__type_support.cpp.o[0m
[5.444s] [ 76%] Built target champ_msgs__rosidl_typesupport_cpp
[5.471s] [ 77%] [32mBuilding CXX object CMakeFiles/champ_msgs__rosidl_typesupport_fastrtps_cpp.dir/rosidl_typesupport_fastrtps_cpp/champ_msgs/msg/detail/dds_fastrtps/contacts_stamped__type_support.cpp.o[0m
[5.471s] [ 78%] [32mBuilding CXX object CMakeFiles/champ_msgs__rosidl_typesupport_fastrtps_cpp.dir/rosidl_typesupport_fastrtps_cpp/champ_msgs/msg/detail/dds_fastrtps/pose__type_support.cpp.o[0m
[5.577s] [ 80%] [32m[1mLinking CXX shared library libchamp_msgs__rosidl_typesupport_fastrtps_c.so[0m
[5.764s] [ 80%] Built target champ_msgs__rosidl_typesupport_fastrtps_c
[5.997s] [ 81%] [32m[1mLinking CXX shared library libchamp_msgs__rosidl_typesupport_introspection_cpp.so[0m
[6.100s] [ 81%] Built target champ_msgs__rosidl_typesupport_introspection_cpp
[6.144s] [ 82%] [32m[1mLinking CXX shared library libchamp_msgs__rosidl_typesupport_fastrtps_cpp.so[0m
[6.232s] [ 82%] Built target champ_msgs__rosidl_typesupport_fastrtps_cpp
[6.253s] [ 82%] Built target champ_msgs
[6.275s] [ 83%] [34m[1mGenerating Python code for ROS interfaces[0m
[7.075s] [ 83%] Built target champ_msgs__py
[7.095s] [ 84%] [32mBuilding C object CMakeFiles/champ_msgs__rosidl_generator_py.dir/rosidl_generator_py/champ_msgs/msg/_velocities_s.c.o[0m
[7.096s] [ 85%] [32mBuilding C object CMakeFiles/champ_msgs__rosidl_generator_py.dir/rosidl_generator_py/champ_msgs/msg/_pid_s.c.o[0m
[7.096s] [ 86%] [32mBuilding C object CMakeFiles/champ_msgs__rosidl_generator_py.dir/rosidl_generator_py/champ_msgs/msg/_imu_s.c.o[0m
[7.096s] [ 87%] [32mBuilding C object CMakeFiles/champ_msgs__rosidl_generator_py.dir/rosidl_generator_py/champ_msgs/msg/_point_array_s.c.o[0m
[7.097s] [ 88%] [32mBuilding C object CMakeFiles/champ_msgs__rosidl_generator_py.dir/rosidl_generator_py/champ_msgs/msg/_joints_s.c.o[0m
[7.097s] [ 89%] [32mBuilding C object CMakeFiles/champ_msgs__rosidl_generator_py.dir/rosidl_generator_py/champ_msgs/msg/_contacts_s.c.o[0m
[7.100s] [ 90%] [32mBuilding C object CMakeFiles/champ_msgs__rosidl_generator_py.dir/rosidl_generator_py/champ_msgs/msg/_point_s.c.o[0m
[7.101s] [ 91%] [32mBuilding C object CMakeFiles/champ_msgs__rosidl_generator_py.dir/rosidl_generator_py/champ_msgs/msg/_contacts_stamped_s.c.o[0m
[7.102s] [ 92%] [32mBuilding C object CMakeFiles/champ_msgs__rosidl_generator_py.dir/rosidl_generator_py/champ_msgs/msg/_pose_s.c.o[0m
[7.262s] [ 93%] [32m[1mLinking C shared library rosidl_generator_py/champ_msgs/libchamp_msgs__rosidl_generator_py.so[0m
[7.310s] [ 93%] Built target champ_msgs__rosidl_generator_py
[7.333s] [ 95%] [32mBuilding C object CMakeFiles/champ_msgs__rosidl_typesupport_introspection_c__pyext.dir/rosidl_generator_py/champ_msgs/_champ_msgs_s.ep.rosidl_typesupport_introspection_c.c.o[0m
[7.333s] [ 95%] [32mBuilding C object CMakeFiles/champ_msgs__rosidl_typesupport_fastrtps_c__pyext.dir/rosidl_generator_py/champ_msgs/_champ_msgs_s.ep.rosidl_typesupport_fastrtps_c.c.o[0m
[7.334s] [ 96%] [32mBuilding C object CMakeFiles/champ_msgs__rosidl_typesupport_c__pyext.dir/rosidl_generator_py/champ_msgs/_champ_msgs_s.ep.rosidl_typesupport_c.c.o[0m
[7.447s] [ 97%] [32m[1mLinking C shared library rosidl_generator_py/champ_msgs/champ_msgs_s__rosidl_typesupport_c.cpython-310-x86_64-linux-gnu.so[0m
[7.466s] [ 98%] [32m[1mLinking C shared library rosidl_generator_py/champ_msgs/champ_msgs_s__rosidl_typesupport_introspection_c.cpython-310-x86_64-linux-gnu.so[0m
[7.486s] [100%] [32m[1mLinking C shared library rosidl_generator_py/champ_msgs/champ_msgs_s__rosidl_typesupport_fastrtps_c.cpython-310-x86_64-linux-gnu.so[0m
[7.498s] [100%] Built target champ_msgs__rosidl_typesupport_introspection_c__pyext
[7.499s] [100%] Built target champ_msgs__rosidl_typesupport_c__pyext
[7.532s] [100%] Built target champ_msgs__rosidl_typesupport_fastrtps_c__pyext
[7.545s] Invoked command in '/home/darshan/ros2_ws/build/champ_msgs' returned '0': CMAKE_PREFIX_PATH=/opt/ros/humble /usr/bin/cmake --build /home/darshan/ros2_ws/build/champ_msgs -- -j24 -l24
[7.748s] Invoking command in '/home/darshan/ros2_ws/build/champ_msgs': CMAKE_PREFIX_PATH=/opt/ros/humble /usr/bin/cmake --install /home/darshan/ros2_ws/build/champ_msgs
[7.757s] -- Install configuration: ""
[7.757s] -- Installing: /home/darshan/ros2_ws/install/champ_msgs/share/ament_index/resource_index/rosidl_interfaces/champ_msgs
[7.757s] -- Installing: /home/darshan/ros2_ws/install/champ_msgs/include/champ_msgs/champ_msgs
[7.757s] -- Installing: /home/darshan/ros2_ws/install/champ_msgs/include/champ_msgs/champ_msgs/msg
[7.757s] -- Installing: /home/darshan/ros2_ws/install/champ_msgs/include/champ_msgs/champ_msgs/msg/contacts_stamped.h
[7.757s] -- Installing: /home/darshan/ros2_ws/install/champ_msgs/include/champ_msgs/champ_msgs/msg/pose.h
[7.758s] -- Installing: /home/darshan/ros2_ws/install/champ_msgs/include/champ_msgs/champ_msgs/msg/velocities.h
[7.758s] -- Installing: /home/darshan/ros2_ws/install/champ_msgs/include/champ_msgs/champ_msgs/msg/contacts.h
[7.758s] -- Installing: /home/darshan/ros2_ws/install/champ_msgs/include/champ_msgs/champ_msgs/msg/rosidl_generator_c__visibility_control.h
[7.758s] -- Installing: /home/darshan/ros2_ws/install/champ_msgs/include/champ_msgs/champ_msgs/msg/point_array.h
[7.758s] -- Installing: /home/darshan/ros2_ws/install/champ_msgs/include/champ_msgs/champ_msgs/msg/point.h
[7.758s] -- Installing: /home/darshan/ros2_ws/install/champ_msgs/include/champ_msgs/champ_msgs/msg/imu.h
[7.758s] -- Installing: /home/darshan/ros2_ws/install/champ_msgs/include/champ_msgs/champ_msgs/msg/detail
[7.758s] -- Installing: /home/darshan/ros2_ws/install/champ_msgs/include/champ_msgs/champ_msgs/msg/detail/contacts_stamped__struct.h
[7.759s] -- Installing: /home/darshan/ros2_ws/install/champ_msgs/include/champ_msgs/champ_msgs/msg/detail/point__functions.c
[7.759s] -- Installing: /home/darshan/ros2_ws/install/champ_msgs/include/champ_msgs/champ_msgs/msg/detail/contacts__functions.h
[7.759s] -- Installing: /home/darshan/ros2_ws/install/champ_msgs/include/champ_msgs/champ_msgs/msg/detail/pose__functions.h
[7.759s] -- Installing: /home/darshan/ros2_ws/install/champ_msgs/include/champ_msgs/champ_msgs/msg/detail/pose__type_support.h
[7.759s] -- Installing: /home/darshan/ros2_ws/install/champ_msgs/include/champ_msgs/champ_msgs/msg/detail/point_array__functions.c
[7.759s] -- Installing: /home/darshan/ros2_ws/install/champ_msgs/include/champ_msgs/champ_msgs/msg/detail/joints__struct.h
[7.759s] -- Installing: /home/darshan/ros2_ws/install/champ_msgs/include/champ_msgs/champ_msgs/msg/detail/imu__type_support.h
[7.759s] -- Installing: /home/darshan/ros2_ws/install/champ_msgs/include/champ_msgs/champ_msgs/msg/detail/imu__struct.h
[7.759s] -- Installing: /home/darshan/ros2_ws/install/champ_msgs/include/champ_msgs/champ_msgs/msg/detail/point__functions.h
[7.759s] -- Installing: /home/darshan/ros2_ws/install/champ_msgs/include/champ_msgs/champ_msgs/msg/detail/joints__functions.c
[7.760s] -- Installing: /home/darshan/ros2_ws/install/champ_msgs/include/champ_msgs/champ_msgs/msg/detail/pid__type_support.h
[7.760s] -- Installing: /home/darshan/ros2_ws/install/champ_msgs/include/champ_msgs/champ_msgs/msg/detail/imu__functions.h
[7.760s] -- Installing: /home/darshan/ros2_ws/install/champ_msgs/include/champ_msgs/champ_msgs/msg/detail/pid__functions.h
[7.760s] -- Installing: /home/darshan/ros2_ws/install/champ_msgs/include/champ_msgs/champ_msgs/msg/detail/contacts_stamped__type_support.h
[7.760s] -- Installing: /home/darshan/ros2_ws/install/champ_msgs/include/champ_msgs/champ_msgs/msg/detail/point__struct.h
[7.760s] -- Installing: /home/darshan/ros2_ws/install/champ_msgs/include/champ_msgs/champ_msgs/msg/detail/imu__functions.c
[7.760s] -- Installing: /home/darshan/ros2_ws/install/champ_msgs/include/champ_msgs/champ_msgs/msg/detail/velocities__struct.h
[7.760s] -- Installing: /home/darshan/ros2_ws/install/champ_msgs/include/champ_msgs/champ_msgs/msg/detail/point_array__struct.h
[7.760s] -- Installing: /home/darshan/ros2_ws/install/champ_msgs/include/champ_msgs/champ_msgs/msg/detail/point_array__type_support.h
[7.760s] -- Installing: /home/darshan/ros2_ws/install/champ_msgs/include/champ_msgs/champ_msgs/msg/detail/velocities__functions.h
[7.761s] -- Installing: /home/darshan/ros2_ws/install/champ_msgs/include/champ_msgs/champ_msgs/msg/detail/contacts__struct.h
[7.761s] -- Installing: /home/darshan/ros2_ws/install/champ_msgs/include/champ_msgs/champ_msgs/msg/detail/pid__functions.c
[7.761s] -- Installing: /home/darshan/ros2_ws/install/champ_msgs/include/champ_msgs/champ_msgs/msg/detail/joints__functions.h
[7.761s] -- Installing: /home/darshan/ros2_ws/install/champ_msgs/include/champ_msgs/champ_msgs/msg/detail/velocities__type_support.h
[7.761s] -- Installing: /home/darshan/ros2_ws/install/champ_msgs/include/champ_msgs/champ_msgs/msg/detail/pid__struct.h
[7.761s] -- Installing: /home/darshan/ros2_ws/install/champ_msgs/include/champ_msgs/champ_msgs/msg/detail/pose__struct.h
[7.761s] -- Installing: /home/darshan/ros2_ws/install/champ_msgs/include/champ_msgs/champ_msgs/msg/detail/pose__functions.c
[7.761s] -- Installing: /home/darshan/ros2_ws/install/champ_msgs/include/champ_msgs/champ_msgs/msg/detail/velocities__functions.c
[7.761s] -- Installing: /home/darshan/ros2_ws/install/champ_msgs/include/champ_msgs/champ_msgs/msg/detail/contacts_stamped__functions.h
[7.762s] -- Installing: /home/darshan/ros2_ws/install/champ_msgs/include/champ_msgs/champ_msgs/msg/detail/contacts__type_support.h
[7.762s] -- Installing: /home/darshan/ros2_ws/install/champ_msgs/include/champ_msgs/champ_msgs/msg/detail/contacts_stamped__functions.c
[7.762s] -- Installing: /home/darshan/ros2_ws/install/champ_msgs/include/champ_msgs/champ_msgs/msg/detail/joints__type_support.h
[7.762s] -- Installing: /home/darshan/ros2_ws/install/champ_msgs/include/champ_msgs/champ_msgs/msg/detail/contacts__functions.c
[7.762s] -- Installing: /home/darshan/ros2_ws/install/champ_msgs/include/champ_msgs/champ_msgs/msg/detail/point_array__functions.h
[7.762s] -- Installing: /home/darshan/ros2_ws/install/champ_msgs/include/champ_msgs/champ_msgs/msg/detail/point__type_support.h
[7.762s] -- Installing: /home/darshan/ros2_ws/install/champ_msgs/include/champ_msgs/champ_msgs/msg/joints.h
[7.762s] -- Installing: /home/darshan/ros2_ws/install/champ_msgs/include/champ_msgs/champ_msgs/msg/pid.h
[7.763s] -- Installing: /home/darshan/ros2_ws/install/champ_msgs/share/champ_msgs/environment/library_path.sh
[7.763s] -- Installing: /home/darshan/ros2_ws/install/champ_msgs/share/champ_msgs/environment/library_path.dsv
[7.763s] -- Installing: /home/darshan/ros2_ws/install/champ_msgs/lib/libchamp_msgs__rosidl_generator_c.so
[7.763s] -- Set runtime path of "/home/darshan/ros2_ws/install/champ_msgs/lib/libchamp_msgs__rosidl_generator_c.so" to ""
[7.763s] -- Up-to-date: /home/darshan/ros2_ws/install/champ_msgs/include/champ_msgs/champ_msgs
[7.763s] -- Up-to-date: /home/darshan/ros2_ws/install/champ_msgs/include/champ_msgs/champ_msgs/msg
[7.764s] -- Installing: /home/darshan/ros2_ws/install/champ_msgs/include/champ_msgs/champ_msgs/msg/rosidl_typesupport_fastrtps_c__visibility_control.h
[7.764s] -- Up-to-date: /home/darshan/ros2_ws/install/champ_msgs/include/champ_msgs/champ_msgs/msg/detail
[7.764s] -- Installing: /home/darshan/ros2_ws/install/champ_msgs/include/champ_msgs/champ_msgs/msg/detail/point__rosidl_typesupport_fastrtps_c.h
[7.764s] -- Installing: /home/darshan/ros2_ws/install/champ_msgs/include/champ_msgs/champ_msgs/msg/detail/imu__rosidl_typesupport_fastrtps_c.h
[7.764s] -- Installing: /home/darshan/ros2_ws/install/champ_msgs/include/champ_msgs/champ_msgs/msg/detail/velocities__rosidl_typesupport_fastrtps_c.h
[7.764s] -- Installing: /home/darshan/ros2_ws/install/champ_msgs/include/champ_msgs/champ_msgs/msg/detail/point_array__rosidl_typesupport_fastrtps_c.h
[7.764s] -- Installing: /home/darshan/ros2_ws/install/champ_msgs/include/champ_msgs/champ_msgs/msg/detail/pid__rosidl_typesupport_fastrtps_c.h
[7.764s] -- Installing: /home/darshan/ros2_ws/install/champ_msgs/include/champ_msgs/champ_msgs/msg/detail/contacts_stamped__rosidl_typesupport_fastrtps_c.h
[7.764s] -- Installing: /home/darshan/ros2_ws/install/champ_msgs/include/champ_msgs/champ_msgs/msg/detail/contacts__rosidl_typesupport_fastrtps_c.h
[7.764s] -- Installing: /home/darshan/ros2_ws/install/champ_msgs/include/champ_msgs/champ_msgs/msg/detail/pose__rosidl_typesupport_fastrtps_c.h
[7.764s] -- Installing: /home/darshan/ros2_ws/install/champ_msgs/include/champ_msgs/champ_msgs/msg/detail/joints__rosidl_typesupport_fastrtps_c.h
[7.765s] -- Installing: /home/darshan/ros2_ws/install/champ_msgs/lib/libchamp_msgs__rosidl_typesupport_fastrtps_c.so
[7.765s] -- Set runtime path of "/home/darshan/ros2_ws/install/champ_msgs/lib/libchamp_msgs__rosidl_typesupport_fastrtps_c.so" to ""
[7.765s] -- Up-to-date: /home/darshan/ros2_ws/install/champ_msgs/include/champ_msgs/champ_msgs
[7.765s] -- Up-to-date: /home/darshan/ros2_ws/install/champ_msgs/include/champ_msgs/champ_msgs/msg
[7.765s] -- Installing: /home/darshan/ros2_ws/install/champ_msgs/include/champ_msgs/champ_msgs/msg/rosidl_typesupport_introspection_c__visibility_control.h
[7.765s] -- Up-to-date: /home/darshan/ros2_ws/install/champ_msgs/include/champ_msgs/champ_msgs/msg/detail
[7.765s] -- Installing: /home/darshan/ros2_ws/install/champ_msgs/include/champ_msgs/champ_msgs/msg/detail/contacts_stamped__type_support.c
[7.765s] -- Installing: /home/darshan/ros2_ws/install/champ_msgs/include/champ_msgs/champ_msgs/msg/detail/pose__type_support.c
[7.766s] -- Installing: /home/darshan/ros2_ws/install/champ_msgs/include/champ_msgs/champ_msgs/msg/detail/contacts__rosidl_typesupport_introspection_c.h
[7.766s] -- Installing: /home/darshan/ros2_ws/install/champ_msgs/include/champ_msgs/champ_msgs/msg/detail/pid__rosidl_typesupport_introspection_c.h
[7.766s] -- Installing: /home/darshan/ros2_ws/install/champ_msgs/include/champ_msgs/champ_msgs/msg/detail/pid__type_support.c
[7.766s] -- Installing: /home/darshan/ros2_ws/install/champ_msgs/include/champ_msgs/champ_msgs/msg/detail/imu__rosidl_typesupport_introspection_c.h
[7.766s] -- Installing: /home/darshan/ros2_ws/install/champ_msgs/include/champ_msgs/champ_msgs/msg/detail/velocities__type_support.c
[7.766s] -- Installing: /home/darshan/ros2_ws/install/champ_msgs/include/champ_msgs/champ_msgs/msg/detail/contacts__type_support.c
[7.766s] -- Installing: /home/darshan/ros2_ws/install/champ_msgs/include/champ_msgs/champ_msgs/msg/detail/joints__type_support.c
[7.766s] -- Installing: /home/darshan/ros2_ws/install/champ_msgs/include/champ_msgs/champ_msgs/msg/detail/point__rosidl_typesupport_introspection_c.h
[7.766s] -- Installing: /home/darshan/ros2_ws/install/champ_msgs/include/champ_msgs/champ_msgs/msg/detail/point_array__type_support.c
[7.767s] -- Installing: /home/darshan/ros2_ws/install/champ_msgs/include/champ_msgs/champ_msgs/msg/detail/imu__type_support.c
[7.767s] -- Installing: /home/darshan/ros2_ws/install/champ_msgs/include/champ_msgs/champ_msgs/msg/detail/pose__rosidl_typesupport_introspection_c.h
[7.767s] -- Installing: /home/darshan/ros2_ws/install/champ_msgs/include/champ_msgs/champ_msgs/msg/detail/contacts_stamped__rosidl_typesupport_introspection_c.h
[7.767s] -- Installing: /home/darshan/ros2_ws/install/champ_msgs/include/champ_msgs/champ_msgs/msg/detail/velocities__rosidl_typesupport_introspection_c.h
[7.767s] -- Installing: /home/darshan/ros2_ws/install/champ_msgs/include/champ_msgs/champ_msgs/msg/detail/point_array__rosidl_typesupport_introspection_c.h
[7.767s] -- Installing: /home/darshan/ros2_ws/install/champ_msgs/include/champ_msgs/champ_msgs/msg/detail/joints__rosidl_typesupport_introspection_c.h
[7.767s] -- Installing: /home/darshan/ros2_ws/install/champ_msgs/include/champ_msgs/champ_msgs/msg/detail/point__type_support.c
[7.767s] -- Installing: /home/darshan/ros2_ws/install/champ_msgs/lib/libchamp_msgs__rosidl_typesupport_introspection_c.so
[7.768s] -- Set runtime path of "/home/darshan/ros2_ws/install/champ_msgs/lib/libchamp_msgs__rosidl_typesupport_introspection_c.so" to ""
[7.768s] -- Installing: /home/darshan/ros2_ws/install/champ_msgs/lib/libchamp_msgs__rosidl_typesupport_c.so
[7.768s] -- Set runtime path of "/home/darshan/ros2_ws/install/champ_msgs/lib/libchamp_msgs__rosidl_typesupport_c.so" to ""
[7.768s] -- Up-to-date: /home/darshan/ros2_ws/install/champ_msgs/include/champ_msgs/champ_msgs
[7.768s] -- Up-to-date: /home/darshan/ros2_ws/install/champ_msgs/include/champ_msgs/champ_msgs/msg
[7.768s] -- Installing: /home/darshan/ros2_ws/install/champ_msgs/include/champ_msgs/champ_msgs/msg/point_array.hpp
[7.768s] -- Installing: /home/darshan/ros2_ws/install/champ_msgs/include/champ_msgs/champ_msgs/msg/velocities.hpp
[7.768s] -- Installing: /home/darshan/ros2_ws/install/champ_msgs/include/champ_msgs/champ_msgs/msg/joints.hpp
[7.769s] -- Installing: /home/darshan/ros2_ws/install/champ_msgs/include/champ_msgs/champ_msgs/msg/pose.hpp
[7.769s] -- Installing: /home/darshan/ros2_ws/install/champ_msgs/include/champ_msgs/champ_msgs/msg/contacts_stamped.hpp
[7.769s] -- Up-to-date: /home/darshan/ros2_ws/install/champ_msgs/include/champ_msgs/champ_msgs/msg/detail
[7.769s] -- Installing: /home/darshan/ros2_ws/install/champ_msgs/include/champ_msgs/champ_msgs/msg/detail/contacts_stamped__struct.hpp
[7.769s] -- Installing: /home/darshan/ros2_ws/install/champ_msgs/include/champ_msgs/champ_msgs/msg/detail/point_array__traits.hpp
[7.769s] -- Installing: /home/darshan/ros2_ws/install/champ_msgs/include/champ_msgs/champ_msgs/msg/detail/joints__struct.hpp
[7.769s] -- Installing: /home/darshan/ros2_ws/install/champ_msgs/include/champ_msgs/champ_msgs/msg/detail/contacts__builder.hpp
[7.769s] -- Installing: /home/darshan/ros2_ws/install/champ_msgs/include/champ_msgs/champ_msgs/msg/detail/pose__struct.hpp
[7.769s] -- Installing: /home/darshan/ros2_ws/install/champ_msgs/include/champ_msgs/champ_msgs/msg/detail/point__builder.hpp
[7.770s] -- Installing: /home/darshan/ros2_ws/install/champ_msgs/include/champ_msgs/champ_msgs/msg/detail/point_array__struct.hpp
[7.770s] -- Installing: /home/darshan/ros2_ws/install/champ_msgs/include/champ_msgs/champ_msgs/msg/detail/pid__traits.hpp
[7.770s] -- Installing: /home/darshan/ros2_ws/install/champ_msgs/include/champ_msgs/champ_msgs/msg/detail/joints__traits.hpp
[7.770s] -- Installing: /home/darshan/ros2_ws/install/champ_msgs/include/champ_msgs/champ_msgs/msg/detail/velocities__builder.hpp
[7.770s] -- Installing: /home/darshan/ros2_ws/install/champ_msgs/include/champ_msgs/champ_msgs/msg/detail/pose__builder.hpp
[7.770s] -- Installing: /home/darshan/ros2_ws/install/champ_msgs/include/champ_msgs/champ_msgs/msg/detail/imu__struct.hpp
[7.770s] -- Installing: /home/darshan/ros2_ws/install/champ_msgs/include/champ_msgs/champ_msgs/msg/detail/imu__builder.hpp
[7.770s] -- Installing: /home/darshan/ros2_ws/install/champ_msgs/include/champ_msgs/champ_msgs/msg/detail/contacts_stamped__builder.hpp
[7.770s] -- Installing: /home/darshan/ros2_ws/install/champ_msgs/include/champ_msgs/champ_msgs/msg/detail/imu__traits.hpp
[7.771s] -- Installing: /home/darshan/ros2_ws/install/champ_msgs/include/champ_msgs/champ_msgs/msg/detail/contacts_stamped__traits.hpp
[7.771s] -- Installing: /home/darshan/ros2_ws/install/champ_msgs/include/champ_msgs/champ_msgs/msg/detail/contacts__traits.hpp
[7.771s] -- Installing: /home/darshan/ros2_ws/install/champ_msgs/include/champ_msgs/champ_msgs/msg/detail/point_array__builder.hpp
[7.771s] -- Installing: /home/darshan/ros2_ws/install/champ_msgs/include/champ_msgs/champ_msgs/msg/detail/pose__traits.hpp
[7.771s] -- Installing: /home/darshan/ros2_ws/install/champ_msgs/include/champ_msgs/champ_msgs/msg/detail/pid__struct.hpp
[7.771s] -- Installing: /home/darshan/ros2_ws/install/champ_msgs/include/champ_msgs/champ_msgs/msg/detail/velocities__struct.hpp
[7.771s] -- Installing: /home/darshan/ros2_ws/install/champ_msgs/include/champ_msgs/champ_msgs/msg/detail/joints__builder.hpp
[7.771s] -- Installing: /home/darshan/ros2_ws/install/champ_msgs/include/champ_msgs/champ_msgs/msg/detail/pid__builder.hpp
[7.771s] -- Installing: /home/darshan/ros2_ws/install/champ_msgs/include/champ_msgs/champ_msgs/msg/detail/velocities__traits.hpp
[7.772s] -- Installing: /home/darshan/ros2_ws/install/champ_msgs/include/champ_msgs/champ_msgs/msg/detail/point__traits.hpp
[7.772s] -- Installing: /home/darshan/ros2_ws/install/champ_msgs/include/champ_msgs/champ_msgs/msg/detail/point__struct.hpp
[7.772s] -- Installing: /home/darshan/ros2_ws/install/champ_msgs/include/champ_msgs/champ_msgs/msg/detail/contacts__struct.hpp
[7.772s] -- Installing: /home/darshan/ros2_ws/install/champ_msgs/include/champ_msgs/champ_msgs/msg/point.hpp
[7.772s] -- Installing: /home/darshan/ros2_ws/install/champ_msgs/include/champ_msgs/champ_msgs/msg/pid.hpp
[7.772s] -- Installing: /home/darshan/ros2_ws/install/champ_msgs/include/champ_msgs/champ_msgs/msg/contacts.hpp
[7.772s] -- Installing: /home/darshan/ros2_ws/install/champ_msgs/include/champ_msgs/champ_msgs/msg/imu.hpp
[7.772s] -- Up-to-date: /home/darshan/ros2_ws/install/champ_msgs/include/champ_msgs/champ_msgs
[7.772s] -- Up-to-date: /home/darshan/ros2_ws/install/champ_msgs/include/champ_msgs/champ_msgs/msg
[7.772s] -- Installing: /home/darshan/ros2_ws/install/champ_msgs/include/champ_msgs/champ_msgs/msg/rosidl_typesupport_fastrtps_cpp__visibility_control.h
[7.773s] -- Up-to-date: /home/darshan/ros2_ws/install/champ_msgs/include/champ_msgs/champ_msgs/msg/detail
[7.773s] -- Installing: /home/darshan/ros2_ws/install/champ_msgs/include/champ_msgs/champ_msgs/msg/detail/point__rosidl_typesupport_fastrtps_cpp.hpp
[7.773s] -- Installing: /home/darshan/ros2_ws/install/champ_msgs/include/champ_msgs/champ_msgs/msg/detail/pid__rosidl_typesupport_fastrtps_cpp.hpp
[7.773s] -- Installing: /home/darshan/ros2_ws/install/champ_msgs/include/champ_msgs/champ_msgs/msg/detail/joints__rosidl_typesupport_fastrtps_cpp.hpp
[7.773s] -- Installing: /home/darshan/ros2_ws/install/champ_msgs/include/champ_msgs/champ_msgs/msg/detail/imu__rosidl_typesupport_fastrtps_cpp.hpp
[7.773s] -- Installing: /home/darshan/ros2_ws/install/champ_msgs/include/champ_msgs/champ_msgs/msg/detail/contacts_stamped__rosidl_typesupport_fastrtps_cpp.hpp
[7.773s] -- Installing: /home/darshan/ros2_ws/install/champ_msgs/include/champ_msgs/champ_msgs/msg/detail/velocities__rosidl_typesupport_fastrtps_cpp.hpp
[7.773s] -- Installing: /home/darshan/ros2_ws/install/champ_msgs/include/champ_msgs/champ_msgs/msg/detail/dds_fastrtps
[7.773s] -- Installing: /home/darshan/ros2_ws/install/champ_msgs/include/champ_msgs/champ_msgs/msg/detail/point_array__rosidl_typesupport_fastrtps_cpp.hpp
[7.773s] -- Installing: /home/darshan/ros2_ws/install/champ_msgs/include/champ_msgs/champ_msgs/msg/detail/pose__rosidl_typesupport_fastrtps_cpp.hpp
[7.774s] -- Installing: /home/darshan/ros2_ws/install/champ_msgs/include/champ_msgs/champ_msgs/msg/detail/contacts__rosidl_typesupport_fastrtps_cpp.hpp
[7.774s] -- Installing: /home/darshan/ros2_ws/install/champ_msgs/lib/libchamp_msgs__rosidl_typesupport_fastrtps_cpp.so
[7.774s] -- Set runtime path of "/home/darshan/ros2_ws/install/champ_msgs/lib/libchamp_msgs__rosidl_typesupport_fastrtps_cpp.so" to ""
[7.774s] -- Up-to-date: /home/darshan/ros2_ws/install/champ_msgs/include/champ_msgs/champ_msgs
[7.774s] -- Up-to-date: /home/darshan/ros2_ws/install/champ_msgs/include/champ_msgs/champ_msgs/msg
[7.774s] -- Up-to-date: /home/darshan/ros2_ws/install/champ_msgs/include/champ_msgs/champ_msgs/msg/detail
[7.774s] -- Installing: /home/darshan/ros2_ws/install/champ_msgs/include/champ_msgs/champ_msgs/msg/detail/contacts_stamped__type_support.cpp
[7.774s] -- Installing: /home/darshan/ros2_ws/install/champ_msgs/include/champ_msgs/champ_msgs/msg/detail/point_array__type_support.cpp
[7.775s] -- Installing: /home/darshan/ros2_ws/install/champ_msgs/include/champ_msgs/champ_msgs/msg/detail/velocities__rosidl_typesupport_introspection_cpp.hpp
[7.775s] -- Installing: /home/darshan/ros2_ws/install/champ_msgs/include/champ_msgs/champ_msgs/msg/detail/pose__rosidl_typesupport_introspection_cpp.hpp
[7.775s] -- Installing: /home/darshan/ros2_ws/install/champ_msgs/include/champ_msgs/champ_msgs/msg/detail/pose__type_support.cpp
[7.775s] -- Installing: /home/darshan/ros2_ws/install/champ_msgs/include/champ_msgs/champ_msgs/msg/detail/contacts__rosidl_typesupport_introspection_cpp.hpp
[7.775s] -- Installing: /home/darshan/ros2_ws/install/champ_msgs/include/champ_msgs/champ_msgs/msg/detail/contacts__type_support.cpp
[7.775s] -- Installing: /home/darshan/ros2_ws/install/champ_msgs/include/champ_msgs/champ_msgs/msg/detail/velocities__type_support.cpp
[7.775s] -- Installing: /home/darshan/ros2_ws/install/champ_msgs/include/champ_msgs/champ_msgs/msg/detail/point__type_support.cpp
[7.775s] -- Installing: /home/darshan/ros2_ws/install/champ_msgs/include/champ_msgs/champ_msgs/msg/detail/imu__type_support.cpp
[7.776s] -- Installing: /home/darshan/ros2_ws/install/champ_msgs/include/champ_msgs/champ_msgs/msg/detail/joints__rosidl_typesupport_introspection_cpp.hpp
[7.776s] -- Installing: /home/darshan/ros2_ws/install/champ_msgs/include/champ_msgs/champ_msgs/msg/detail/contacts_stamped__rosidl_typesupport_introspection_cpp.hpp
[7.776s] -- Installing: /home/darshan/ros2_ws/install/champ_msgs/include/champ_msgs/champ_msgs/msg/detail/point__rosidl_typesupport_introspection_cpp.hpp
[7.776s] -- Installing: /home/darshan/ros2_ws/install/champ_msgs/include/champ_msgs/champ_msgs/msg/detail/point_array__rosidl_typesupport_introspection_cpp.hpp
[7.776s] -- Installing: /home/darshan/ros2_ws/install/champ_msgs/include/champ_msgs/champ_msgs/msg/detail/joints__type_support.cpp
[7.776s] -- Installing: /home/darshan/ros2_ws/install/champ_msgs/include/champ_msgs/champ_msgs/msg/detail/pid__type_support.cpp
[7.776s] -- Installing: /home/darshan/ros2_ws/install/champ_msgs/include/champ_msgs/champ_msgs/msg/detail/pid__rosidl_typesupport_introspection_cpp.hpp
[7.776s] -- Installing: /home/darshan/ros2_ws/install/champ_msgs/include/champ_msgs/champ_msgs/msg/detail/imu__rosidl_typesupport_introspection_cpp.hpp
[7.777s] -- Installing: /home/darshan/ros2_ws/install/champ_msgs/lib/libchamp_msgs__rosidl_typesupport_introspection_cpp.so
[7.777s] -- Set runtime path of "/home/darshan/ros2_ws/install/champ_msgs/lib/libchamp_msgs__rosidl_typesupport_introspection_cpp.so" to ""
[7.777s] -- Installing: /home/darshan/ros2_ws/install/champ_msgs/lib/libchamp_msgs__rosidl_typesupport_cpp.so
[7.777s] -- Set runtime path of "/home/darshan/ros2_ws/install/champ_msgs/lib/libchamp_msgs__rosidl_typesupport_cpp.so" to ""
[7.777s] -- Installing: /home/darshan/ros2_ws/install/champ_msgs/share/champ_msgs/environment/pythonpath.sh
[7.778s] -- Installing: /home/darshan/ros2_ws/install/champ_msgs/share/champ_msgs/environment/pythonpath.dsv
[7.778s] -- Installing: /home/darshan/ros2_ws/install/champ_msgs/local/lib/python3.10/dist-packages/champ_msgs-0.1.0-py3.10.egg-info
[7.778s] -- Installing: /home/darshan/ros2_ws/install/champ_msgs/local/lib/python3.10/dist-packages/champ_msgs-0.1.0-py3.10.egg-info/PKG-INFO
[7.778s] -- Installing: /home/darshan/ros2_ws/install/champ_msgs/local/lib/python3.10/dist-packages/champ_msgs-0.1.0-py3.10.egg-info/SOURCES.txt
[7.778s] -- Installing: /home/darshan/ros2_ws/install/champ_msgs/local/lib/python3.10/dist-packages/champ_msgs-0.1.0-py3.10.egg-info/dependency_links.txt
[7.778s] -- Installing: /home/darshan/ros2_ws/install/champ_msgs/local/lib/python3.10/dist-packages/champ_msgs-0.1.0-py3.10.egg-info/top_level.txt
[7.778s] -- Installing: /home/darshan/ros2_ws/install/champ_msgs/local/lib/python3.10/dist-packages/champ_msgs
[7.778s] -- Installing: /home/darshan/ros2_ws/install/champ_msgs/local/lib/python3.10/dist-packages/champ_msgs/__init__.py
[7.778s] -- Installing: /home/darshan/ros2_ws/install/champ_msgs/local/lib/python3.10/dist-packages/champ_msgs/_champ_msgs_s.ep.rosidl_typesupport_introspection_c.c
[7.779s] -- Installing: /home/darshan/ros2_ws/install/champ_msgs/local/lib/python3.10/dist-packages/champ_msgs/libchamp_msgs__rosidl_generator_py.so
[7.779s] -- Installing: /home/darshan/ros2_ws/install/champ_msgs/local/lib/python3.10/dist-packages/champ_msgs/_champ_msgs_s.ep.rosidl_typesupport_fastrtps_c.c
[7.779s] -- Installing: /home/darshan/ros2_ws/install/champ_msgs/local/lib/python3.10/dist-packages/champ_msgs/msg
[7.779s] -- Installing: /home/darshan/ros2_ws/install/champ_msgs/local/lib/python3.10/dist-packages/champ_msgs/msg/_point.py
[7.779s] -- Installing: /home/darshan/ros2_ws/install/champ_msgs/local/lib/python3.10/dist-packages/champ_msgs/msg/_pid.py
[7.779s] -- Installing: /home/darshan/ros2_ws/install/champ_msgs/local/lib/python3.10/dist-packages/champ_msgs/msg/_contacts_s.c
[7.779s] -- Installing: /home/darshan/ros2_ws/install/champ_msgs/local/lib/python3.10/dist-packages/champ_msgs/msg/_imu_s.c
[7.779s] -- Installing: /home/darshan/ros2_ws/install/champ_msgs/local/lib/python3.10/dist-packages/champ_msgs/msg/_pose.py
[7.779s] -- Installing: /home/darshan/ros2_ws/install/champ_msgs/local/lib/python3.10/dist-packages/champ_msgs/msg/__init__.py
[7.780s] -- Installing: /home/darshan/ros2_ws/install/champ_msgs/local/lib/python3.10/dist-packages/champ_msgs/msg/_pid_s.c
[7.780s] -- Installing: /home/darshan/ros2_ws/install/champ_msgs/local/lib/python3.10/dist-packages/champ_msgs/msg/_velocities_s.c
[7.780s] -- Installing: /home/darshan/ros2_ws/install/champ_msgs/local/lib/python3.10/dist-packages/champ_msgs/msg/_point_array_s.c
[7.780s] -- Installing: /home/darshan/ros2_ws/install/champ_msgs/local/lib/python3.10/dist-packages/champ_msgs/msg/_joints.py
[7.780s] -- Installing: /home/darshan/ros2_ws/install/champ_msgs/local/lib/python3.10/dist-packages/champ_msgs/msg/_contacts.py
[7.780s] -- Installing: /home/darshan/ros2_ws/install/champ_msgs/local/lib/python3.10/dist-packages/champ_msgs/msg/_contacts_stamped.py
[7.780s] -- Installing: /home/darshan/ros2_ws/install/champ_msgs/local/lib/python3.10/dist-packages/champ_msgs/msg/_pose_s.c
[7.780s] -- Installing: /home/darshan/ros2_ws/install/champ_msgs/local/lib/python3.10/dist-packages/champ_msgs/msg/_contacts_stamped_s.c
[7.780s] -- Installing: /home/darshan/ros2_ws/install/champ_msgs/local/lib/python3.10/dist-packages/champ_msgs/msg/_joints_s.c
[7.781s] -- Installing: /home/darshan/ros2_ws/install/champ_msgs/local/lib/python3.10/dist-packages/champ_msgs/msg/_point_array.py
[7.781s] -- Installing: /home/darshan/ros2_ws/install/champ_msgs/local/lib/python3.10/dist-packages/champ_msgs/msg/_point_s.c
[7.781s] -- Installing: /home/darshan/ros2_ws/install/champ_msgs/local/lib/python3.10/dist-packages/champ_msgs/msg/_velocities.py
[7.781s] -- Installing: /home/darshan/ros2_ws/install/champ_msgs/local/lib/python3.10/dist-packages/champ_msgs/msg/_imu.py
[7.781s] -- Installing: /home/darshan/ros2_ws/install/champ_msgs/local/lib/python3.10/dist-packages/champ_msgs/champ_msgs_s__rosidl_typesupport_c.cpython-310-x86_64-linux-gnu.so
[7.781s] -- Installing: /home/darshan/ros2_ws/install/champ_msgs/local/lib/python3.10/dist-packages/champ_msgs/champ_msgs_s__rosidl_typesupport_fastrtps_c.cpython-310-x86_64-linux-gnu.so
[7.781s] -- Installing: /home/darshan/ros2_ws/install/champ_msgs/local/lib/python3.10/dist-packages/champ_msgs/_champ_msgs_s.ep.rosidl_typesupport_c.c
[7.781s] -- Installing: /home/darshan/ros2_ws/install/champ_msgs/local/lib/python3.10/dist-packages/champ_msgs/champ_msgs_s__rosidl_typesupport_introspection_c.cpython-310-x86_64-linux-gnu.so
[7.823s] Listing '/home/darshan/ros2_ws/install/champ_msgs/local/lib/python3.10/dist-packages/champ_msgs'...
[7.823s] Compiling '/home/darshan/ros2_ws/install/champ_msgs/local/lib/python3.10/dist-packages/champ_msgs/__init__.py'...
[7.823s] Listing '/home/darshan/ros2_ws/install/champ_msgs/local/lib/python3.10/dist-packages/champ_msgs/msg'...
[7.823s] Compiling '/home/darshan/ros2_ws/install/champ_msgs/local/lib/python3.10/dist-packages/champ_msgs/msg/__init__.py'...
[7.823s] Compiling '/home/darshan/ros2_ws/install/champ_msgs/local/lib/python3.10/dist-packages/champ_msgs/msg/_contacts.py'...
[7.823s] Compiling '/home/darshan/ros2_ws/install/champ_msgs/local/lib/python3.10/dist-packages/champ_msgs/msg/_contacts_stamped.py'...
[7.823s] Compiling '/home/darshan/ros2_ws/install/champ_msgs/local/lib/python3.10/dist-packages/champ_msgs/msg/_imu.py'...
[7.823s] Compiling '/home/darshan/ros2_ws/install/champ_msgs/local/lib/python3.10/dist-packages/champ_msgs/msg/_joints.py'...
[7.823s] Compiling '/home/darshan/ros2_ws/install/champ_msgs/local/lib/python3.10/dist-packages/champ_msgs/msg/_pid.py'...
[7.823s] Compiling '/home/darshan/ros2_ws/install/champ_msgs/local/lib/python3.10/dist-packages/champ_msgs/msg/_point.py'...
[7.823s] Compiling '/home/darshan/ros2_ws/install/champ_msgs/local/lib/python3.10/dist-packages/champ_msgs/msg/_point_array.py'...
[7.823s] Compiling '/home/darshan/ros2_ws/install/champ_msgs/local/lib/python3.10/dist-packages/champ_msgs/msg/_pose.py'...
[7.823s] Compiling '/home/darshan/ros2_ws/install/champ_msgs/local/lib/python3.10/dist-packages/champ_msgs/msg/_velocities.py'...
[7.828s] -- Installing: /home/darshan/ros2_ws/install/champ_msgs/local/lib/python3.10/dist-packages/champ_msgs/champ_msgs_s__rosidl_typesupport_fastrtps_c.cpython-310-x86_64-linux-gnu.so
[7.828s] -- Set runtime path of "/home/darshan/ros2_ws/install/champ_msgs/local/lib/python3.10/dist-packages/champ_msgs/champ_msgs_s__rosidl_typesupport_fastrtps_c.cpython-310-x86_64-linux-gnu.so" to ""
[7.829s] -- Installing: /home/darshan/ros2_ws/install/champ_msgs/local/lib/python3.10/dist-packages/champ_msgs/champ_msgs_s__rosidl_typesupport_introspection_c.cpython-310-x86_64-linux-gnu.so
[7.829s] -- Set runtime path of "/home/darshan/ros2_ws/install/champ_msgs/local/lib/python3.10/dist-packages/champ_msgs/champ_msgs_s__rosidl_typesupport_introspection_c.cpython-310-x86_64-linux-gnu.so" to ""
[7.829s] -- Installing: /home/darshan/ros2_ws/install/champ_msgs/local/lib/python3.10/dist-packages/champ_msgs/champ_msgs_s__rosidl_typesupport_c.cpython-310-x86_64-linux-gnu.so
[7.829s] -- Set runtime path of "/home/darshan/ros2_ws/install/champ_msgs/local/lib/python3.10/dist-packages/champ_msgs/champ_msgs_s__rosidl_typesupport_c.cpython-310-x86_64-linux-gnu.so" to ""
[7.830s] -- Installing: /home/darshan/ros2_ws/install/champ_msgs/lib/libchamp_msgs__rosidl_generator_py.so
[7.830s] -- Set runtime path of "/home/darshan/ros2_ws/install/champ_msgs/lib/libchamp_msgs__rosidl_generator_py.so" to ""
[7.830s] -- Installing: /home/darshan/ros2_ws/install/champ_msgs/share/champ_msgs/msg/Velocities.idl
[7.830s] -- Installing: /home/darshan/ros2_ws/install/champ_msgs/share/champ_msgs/msg/PID.idl
[7.830s] -- Installing: /home/darshan/ros2_ws/install/champ_msgs/share/champ_msgs/msg/Imu.idl
[7.830s] -- Installing: /home/darshan/ros2_ws/install/champ_msgs/share/champ_msgs/msg/Point.idl
[7.831s] -- Installing: /home/darshan/ros2_ws/install/champ_msgs/share/champ_msgs/msg/PointArray.idl
[7.831s] -- Installing: /home/darshan/ros2_ws/install/champ_msgs/share/champ_msgs/msg/Joints.idl
[7.831s] -- Installing: /home/darshan/ros2_ws/install/champ_msgs/share/champ_msgs/msg/Contacts.idl
[7.831s] -- Installing: /home/darshan/ros2_ws/install/champ_msgs/share/champ_msgs/msg/ContactsStamped.idl
[7.831s] -- Installing: /home/darshan/ros2_ws/install/champ_msgs/share/champ_msgs/msg/Pose.idl
[7.831s] -- Installing: /home/darshan/ros2_ws/install/champ_msgs/share/champ_msgs/msg/Velocities.msg
[7.831s] -- Installing: /home/darshan/ros2_ws/install/champ_msgs/share/champ_msgs/msg/PID.msg
[7.831s] -- Installing: /home/darshan/ros2_ws/install/champ_msgs/share/champ_msgs/msg/Imu.msg
[7.831s] -- Installing: /home/darshan/ros2_ws/install/champ_msgs/share/champ_msgs/msg/Point.msg
[7.831s] -- Installing: /home/darshan/ros2_ws/install/champ_msgs/share/champ_msgs/msg/PointArray.msg
[7.832s] -- Installing: /home/darshan/ros2_ws/install/champ_msgs/share/champ_msgs/msg/Joints.msg
[7.832s] -- Installing: /home/darshan/ros2_ws/install/champ_msgs/share/champ_msgs/msg/Contacts.msg
[7.832s] -- Installing: /home/darshan/ros2_ws/install/champ_msgs/share/champ_msgs/msg/ContactsStamped.msg
[7.832s] -- Installing: /home/darshan/ros2_ws/install/champ_msgs/share/champ_msgs/msg/Pose.msg
[7.832s] -- Installing: /home/darshan/ros2_ws/install/champ_msgs/share/ament_index/resource_index/package_run_dependencies/champ_msgs
[7.832s] -- Installing: /home/darshan/ros2_ws/install/champ_msgs/share/ament_index/resource_index/parent_prefix_path/champ_msgs
[7.832s] -- Installing: /home/darshan/ros2_ws/install/champ_msgs/share/champ_msgs/environment/ament_prefix_path.sh
[7.833s] -- Installing: /home/darshan/ros2_ws/install/champ_msgs/share/champ_msgs/environment/ament_prefix_path.dsv
[7.833s] -- Installing: /home/darshan/ros2_ws/install/champ_msgs/share/champ_msgs/environment/path.sh
[7.833s] -- Installing: /home/darshan/ros2_ws/install/champ_msgs/share/champ_msgs/environment/path.dsv
[7.833s] -- Installing: /home/darshan/ros2_ws/install/champ_msgs/share/champ_msgs/local_setup.bash
[7.833s] -- Installing: /home/darshan/ros2_ws/install/champ_msgs/share/champ_msgs/local_setup.sh
[7.833s] -- Installing: /home/darshan/ros2_ws/install/champ_msgs/share/champ_msgs/local_setup.zsh
[7.833s] -- Installing: /home/darshan/ros2_ws/install/champ_msgs/share/champ_msgs/local_setup.dsv
[7.833s] -- Installing: /home/darshan/ros2_ws/install/champ_msgs/share/champ_msgs/package.dsv
[7.834s] -- Installing: /home/darshan/ros2_ws/install/champ_msgs/share/ament_index/resource_index/packages/champ_msgs
[7.834s] -- Installing: /home/darshan/ros2_ws/install/champ_msgs/share/champ_msgs/cmake/export_champ_msgs__rosidl_generator_cExport.cmake
[7.834s] -- Installing: /home/darshan/ros2_ws/install/champ_msgs/share/champ_msgs/cmake/export_champ_msgs__rosidl_generator_cExport-noconfig.cmake
[7.834s] -- Installing: /home/darshan/ros2_ws/install/champ_msgs/share/champ_msgs/cmake/export_champ_msgs__rosidl_typesupport_fastrtps_cExport.cmake
[7.834s] -- Installing: /home/darshan/ros2_ws/install/champ_msgs/share/champ_msgs/cmake/export_champ_msgs__rosidl_typesupport_fastrtps_cExport-noconfig.cmake
[7.834s] -- Installing: /home/darshan/ros2_ws/install/champ_msgs/share/champ_msgs/cmake/champ_msgs__rosidl_typesupport_introspection_cExport.cmake
[7.834s] -- Installing: /home/darshan/ros2_ws/install/champ_msgs/share/champ_msgs/cmake/champ_msgs__rosidl_typesupport_introspection_cExport-noconfig.cmake
[7.835s] -- Installing: /home/darshan/ros2_ws/install/champ_msgs/share/champ_msgs/cmake/champ_msgs__rosidl_typesupport_cExport.cmake
[7.835s] -- Installing: /home/darshan/ros2_ws/install/champ_msgs/share/champ_msgs/cmake/champ_msgs__rosidl_typesupport_cExport-noconfig.cmake
[7.835s] -- Installing: /home/darshan/ros2_ws/install/champ_msgs/share/champ_msgs/cmake/export_champ_msgs__rosidl_generator_cppExport.cmake
[7.835s] -- Installing: /home/darshan/ros2_ws/install/champ_msgs/share/champ_msgs/cmake/export_champ_msgs__rosidl_typesupport_fastrtps_cppExport.cmake
[7.835s] -- Installing: /home/darshan/ros2_ws/install/champ_msgs/share/champ_msgs/cmake/export_champ_msgs__rosidl_typesupport_fastrtps_cppExport-noconfig.cmake
[7.835s] -- Installing: /home/darshan/ros2_ws/install/champ_msgs/share/champ_msgs/cmake/champ_msgs__rosidl_typesupport_introspection_cppExport.cmake
[7.835s] -- Installing: /home/darshan/ros2_ws/install/champ_msgs/share/champ_msgs/cmake/champ_msgs__rosidl_typesupport_introspection_cppExport-noconfig.cmake
[7.836s] -- Installing: /home/darshan/ros2_ws/install/champ_msgs/share/champ_msgs/cmake/champ_msgs__rosidl_typesupport_cppExport.cmake
[7.836s] -- Installing: /home/darshan/ros2_ws/install/champ_msgs/share/champ_msgs/cmake/champ_msgs__rosidl_typesupport_cppExport-noconfig.cmake
[7.836s] -- Installing: /home/darshan/ros2_ws/install/champ_msgs/share/champ_msgs/cmake/export_champ_msgs__rosidl_generator_pyExport.cmake
[7.836s] -- Installing: /home/darshan/ros2_ws/install/champ_msgs/share/champ_msgs/cmake/export_champ_msgs__rosidl_generator_pyExport-noconfig.cmake
[7.836s] -- Installing: /home/darshan/ros2_ws/install/champ_msgs/share/champ_msgs/cmake/rosidl_cmake-extras.cmake
[7.836s] -- Installing: /home/darshan/ros2_ws/install/champ_msgs/share/champ_msgs/cmake/ament_cmake_export_dependencies-extras.cmake
[7.836s] -- Installing: /home/darshan/ros2_ws/install/champ_msgs/share/champ_msgs/cmake/ament_cmake_export_include_directories-extras.cmake
[7.836s] -- Installing: /home/darshan/ros2_ws/install/champ_msgs/share/champ_msgs/cmake/ament_cmake_export_libraries-extras.cmake
[7.837s] -- Installing: /home/darshan/ros2_ws/install/champ_msgs/share/champ_msgs/cmake/ament_cmake_export_targets-extras.cmake
[7.837s] -- Installing: /home/darshan/ros2_ws/install/champ_msgs/share/champ_msgs/cmake/rosidl_cmake_export_typesupport_targets-extras.cmake
[7.837s] -- Installing: /home/darshan/ros2_ws/install/champ_msgs/share/champ_msgs/cmake/rosidl_cmake_export_typesupport_libraries-extras.cmake
[7.837s] -- Installing: /home/darshan/ros2_ws/install/champ_msgs/share/champ_msgs/cmake/champ_msgsConfig.cmake
[7.837s] -- Installing: /home/darshan/ros2_ws/install/champ_msgs/share/champ_msgs/cmake/champ_msgsConfig-version.cmake
[7.837s] -- Installing: /home/darshan/ros2_ws/install/champ_msgs/share/champ_msgs/package.xml
[7.840s] Invoked command in '/home/darshan/ros2_ws/build/champ_msgs' returned '0': CMAKE_PREFIX_PATH=/opt/ros/humble /usr/bin/cmake --install /home/darshan/ros2_ws/build/champ_msgs
