[0.122s] Invoking command in '/home/darshan/ros2_ws/build/champ_teleop': CMAKE_PREFIX_PATH=${CMAKE_PREFIX_PATH}:/home/darshan/ros2_ws/install/mini_pupper_line_follower:/home/darshan/ros2_ws/install/mini_pupper_recognition:/home/darshan/ros2_ws/install/mini_pupper_music:/home/darshan/ros2_ws/install/mini_pupper_dance:/home/darshan/ros2_ws/install/mini_pupper_driver:/opt/ros/humble /usr/bin/cmake --build /home/darshan/ros2_ws/build/champ_teleop -- -j24 -l24
[1.338s] Invoked command in '/home/darshan/ros2_ws/build/champ_teleop' returned '0': CMAKE_PREFIX_PATH=${CMAKE_PREFIX_PATH}:/home/darshan/ros2_ws/install/mini_pupper_line_follower:/home/darshan/ros2_ws/install/mini_pupper_recognition:/home/darshan/ros2_ws/install/mini_pupper_music:/home/darshan/ros2_ws/install/mini_pupper_dance:/home/darshan/ros2_ws/install/mini_pupper_driver:/opt/ros/humble /usr/bin/cmake --build /home/darshan/ros2_ws/build/champ_teleop -- -j24 -l24
[1.393s] Invoking command in '/home/darshan/ros2_ws/build/champ_teleop': CMAKE_PREFIX_PATH=${CMAKE_PREFIX_PATH}:/home/darshan/ros2_ws/install/mini_pupper_line_follower:/home/darshan/ros2_ws/install/mini_pupper_recognition:/home/darshan/ros2_ws/install/mini_pupper_music:/home/darshan/ros2_ws/install/mini_pupper_dance:/home/darshan/ros2_ws/install/mini_pupper_driver:/opt/ros/humble /usr/bin/cmake --install /home/darshan/ros2_ws/build/champ_teleop
[1.434s] -- Install configuration: ""
[1.434s] -- Up-to-date: /home/darshan/ros2_ws/install/champ_teleop/share/champ_teleop/launch
[1.434s] -- Up-to-date: /home/darshan/ros2_ws/install/champ_teleop/share/champ_teleop/launch/teleop.launch.py
[1.435s] -- Up-to-date: /home/darshan/ros2_ws/install/champ_teleop/lib/champ_teleop/champ_teleop.py
[1.436s] -- Up-to-date: /home/darshan/ros2_ws/install/champ_teleop/share/ament_index/resource_index/package_run_dependencies/champ_teleop
[1.436s] -- Up-to-date: /home/darshan/ros2_ws/install/champ_teleop/share/ament_index/resource_index/parent_prefix_path/champ_teleop
[1.437s] -- Up-to-date: /home/darshan/ros2_ws/install/champ_teleop/share/champ_teleop/environment/ament_prefix_path.sh
[1.437s] -- Up-to-date: /home/darshan/ros2_ws/install/champ_teleop/share/champ_teleop/environment/ament_prefix_path.dsv
[1.437s] -- Up-to-date: /home/darshan/ros2_ws/install/champ_teleop/share/champ_teleop/environment/path.sh
[1.437s] -- Up-to-date: /home/darshan/ros2_ws/install/champ_teleop/share/champ_teleop/environment/path.dsv
[1.437s] -- Up-to-date: /home/darshan/ros2_ws/install/champ_teleop/share/champ_teleop/local_setup.bash
[1.437s] -- Up-to-date: /home/darshan/ros2_ws/install/champ_teleop/share/champ_teleop/local_setup.sh
[1.437s] -- Up-to-date: /home/darshan/ros2_ws/install/champ_teleop/share/champ_teleop/local_setup.zsh
[1.437s] -- Up-to-date: /home/darshan/ros2_ws/install/champ_teleop/share/champ_teleop/local_setup.dsv
[1.437s] -- Installing: /home/darshan/ros2_ws/install/champ_teleop/share/champ_teleop/package.dsv
[1.438s] -- Up-to-date: /home/darshan/ros2_ws/install/champ_teleop/share/ament_index/resource_index/packages/champ_teleop
[1.438s] -- Up-to-date: /home/darshan/ros2_ws/install/champ_teleop/share/champ_teleop/cmake/champ_teleopConfig.cmake
[1.438s] -- Up-to-date: /home/darshan/ros2_ws/install/champ_teleop/share/champ_teleop/cmake/champ_teleopConfig-version.cmake
[1.438s] -- Up-to-date: /home/darshan/ros2_ws/install/champ_teleop/share/champ_teleop/package.xml
[1.478s] Invoked command in '/home/darshan/ros2_ws/build/champ_teleop' returned '0': CMAKE_PREFIX_PATH=${CMAKE_PREFIX_PATH}:/home/darshan/ros2_ws/install/mini_pupper_line_follower:/home/darshan/ros2_ws/install/mini_pupper_recognition:/home/darshan/ros2_ws/install/mini_pupper_music:/home/darshan/ros2_ws/install/mini_pupper_dance:/home/darshan/ros2_ws/install/mini_pupper_driver:/opt/ros/humble /usr/bin/cmake --install /home/darshan/ros2_ws/build/champ_teleop
