running egg_info
creating ../../../build/mini_pupper_recognition/mini_pupper_recognition.egg-info
writing ../../../build/mini_pupper_recognition/mini_pupper_recognition.egg-info/PKG-INFO
writing dependency_links to ../../../build/mini_pupper_recognition/mini_pupper_recognition.egg-info/dependency_links.txt
writing entry points to ../../../build/mini_pupper_recognition/mini_pupper_recognition.egg-info/entry_points.txt
writing requirements to ../../../build/mini_pupper_recognition/mini_pupper_recognition.egg-info/requires.txt
writing top-level names to ../../../build/mini_pupper_recognition/mini_pupper_recognition.egg-info/top_level.txt
writing manifest file '../../../build/mini_pupper_recognition/mini_pupper_recognition.egg-info/SOURCES.txt'
reading manifest file '../../../build/mini_pupper_recognition/mini_pupper_recognition.egg-info/SOURCES.txt'
writing manifest file '../../../build/mini_pupper_recognition/mini_pupper_recognition.egg-info/SOURCES.txt'
running build
running build_py
creating /home/darshan/ros2_ws/build/mini_pupper_recognition/build
creating /home/darshan/ros2_ws/build/mini_pupper_recognition/build/lib
creating /home/darshan/ros2_ws/build/mini_pupper_recognition/build/lib/mini_pupper_recognition
copying mini_pupper_recognition/normal_line_following_node.py -> /home/darshan/ros2_ws/build/mini_pupper_recognition/build/lib/mini_pupper_recognition
copying mini_pupper_recognition/cloud_line_following_node.py -> /home/darshan/ros2_ws/build/mini_pupper_recognition/build/lib/mini_pupper_recognition
copying mini_pupper_recognition/line_detection_node.py -> /home/darshan/ros2_ws/build/mini_pupper_recognition/build/lib/mini_pupper_recognition
copying mini_pupper_recognition/__init__.py -> /home/darshan/ros2_ws/build/mini_pupper_recognition/build/lib/mini_pupper_recognition
copying mini_pupper_recognition/pid_line_following_node.py -> /home/darshan/ros2_ws/build/mini_pupper_recognition/build/lib/mini_pupper_recognition
copying mini_pupper_recognition/cloud_line_recognition_node.py -> /home/darshan/ros2_ws/build/mini_pupper_recognition/build/lib/mini_pupper_recognition
running install
running install_lib
creating /home/darshan/ros2_ws/install/mini_pupper_recognition/lib/python3.10/site-packages/mini_pupper_recognition
copying /home/darshan/ros2_ws/build/mini_pupper_recognition/build/lib/mini_pupper_recognition/normal_line_following_node.py -> /home/darshan/ros2_ws/install/mini_pupper_recognition/lib/python3.10/site-packages/mini_pupper_recognition
copying /home/darshan/ros2_ws/build/mini_pupper_recognition/build/lib/mini_pupper_recognition/cloud_line_following_node.py -> /home/darshan/ros2_ws/install/mini_pupper_recognition/lib/python3.10/site-packages/mini_pupper_recognition
copying /home/darshan/ros2_ws/build/mini_pupper_recognition/build/lib/mini_pupper_recognition/line_detection_node.py -> /home/darshan/ros2_ws/install/mini_pupper_recognition/lib/python3.10/site-packages/mini_pupper_recognition
copying /home/darshan/ros2_ws/build/mini_pupper_recognition/build/lib/mini_pupper_recognition/__init__.py -> /home/darshan/ros2_ws/install/mini_pupper_recognition/lib/python3.10/site-packages/mini_pupper_recognition
copying /home/darshan/ros2_ws/build/mini_pupper_recognition/build/lib/mini_pupper_recognition/pid_line_following_node.py -> /home/darshan/ros2_ws/install/mini_pupper_recognition/lib/python3.10/site-packages/mini_pupper_recognition
copying /home/darshan/ros2_ws/build/mini_pupper_recognition/build/lib/mini_pupper_recognition/cloud_line_recognition_node.py -> /home/darshan/ros2_ws/install/mini_pupper_recognition/lib/python3.10/site-packages/mini_pupper_recognition
byte-compiling /home/darshan/ros2_ws/install/mini_pupper_recognition/lib/python3.10/site-packages/mini_pupper_recognition/normal_line_following_node.py to normal_line_following_node.cpython-310.pyc
byte-compiling /home/darshan/ros2_ws/install/mini_pupper_recognition/lib/python3.10/site-packages/mini_pupper_recognition/cloud_line_following_node.py to cloud_line_following_node.cpython-310.pyc
byte-compiling /home/darshan/ros2_ws/install/mini_pupper_recognition/lib/python3.10/site-packages/mini_pupper_recognition/line_detection_node.py to line_detection_node.cpython-310.pyc
byte-compiling /home/darshan/ros2_ws/install/mini_pupper_recognition/lib/python3.10/site-packages/mini_pupper_recognition/__init__.py to __init__.cpython-310.pyc
byte-compiling /home/darshan/ros2_ws/install/mini_pupper_recognition/lib/python3.10/site-packages/mini_pupper_recognition/pid_line_following_node.py to pid_line_following_node.cpython-310.pyc
byte-compiling /home/darshan/ros2_ws/install/mini_pupper_recognition/lib/python3.10/site-packages/mini_pupper_recognition/cloud_line_recognition_node.py to cloud_line_recognition_node.cpython-310.pyc
running install_data
creating /home/darshan/ros2_ws/install/mini_pupper_recognition/share/ament_index
creating /home/darshan/ros2_ws/install/mini_pupper_recognition/share/ament_index/resource_index
creating /home/darshan/ros2_ws/install/mini_pupper_recognition/share/ament_index/resource_index/packages
copying resource/mini_pupper_recognition -> /home/darshan/ros2_ws/install/mini_pupper_recognition/share/ament_index/resource_index/packages
copying package.xml -> /home/darshan/ros2_ws/install/mini_pupper_recognition/share/mini_pupper_recognition
creating /home/darshan/ros2_ws/install/mini_pupper_recognition/share/mini_pupper_recognition/launch
copying launch/cloud_line_demo.launch.py -> /home/darshan/ros2_ws/install/mini_pupper_recognition/share/mini_pupper_recognition/launch
copying launch/recognition.launch.py -> /home/darshan/ros2_ws/install/mini_pupper_recognition/share/mini_pupper_recognition/launch
running install_egg_info
Copying ../../../build/mini_pupper_recognition/mini_pupper_recognition.egg-info to /home/darshan/ros2_ws/install/mini_pupper_recognition/lib/python3.10/site-packages/mini_pupper_recognition-1.0.0-py3.10.egg-info
running install_scripts
Installing cloud_line_following_node script to /home/darshan/ros2_ws/install/mini_pupper_recognition/lib/mini_pupper_recognition
Installing cloud_line_recognition_node script to /home/darshan/ros2_ws/install/mini_pupper_recognition/lib/mini_pupper_recognition
Installing line_detection_node script to /home/darshan/ros2_ws/install/mini_pupper_recognition/lib/mini_pupper_recognition
Installing normal_line_following_node script to /home/darshan/ros2_ws/install/mini_pupper_recognition/lib/mini_pupper_recognition
Installing pid_line_following_node script to /home/darshan/ros2_ws/install/mini_pupper_recognition/lib/mini_pupper_recognition
writing list of installed files to '/home/darshan/ros2_ws/build/mini_pupper_recognition/install.log'
