[1.436s] Invoking command in '/home/darshan/ros2_ws/src/mini_pupper_ros/mini_pupper_recognition': PYTHONPATH=/home/darshan/ros2_ws/build/mini_pupper_recognition/prefix_override:/usr/lib/python3/dist-packages/colcon_core/task/python/colcon_distutils_commands:/home/darshan/ros2_ws/install/mini_pupper_recognition/lib/python3.10/site-packages:${PYTHONPATH} /usr/bin/python3 -W ignore:setup.py install is deprecated setup.py egg_info --egg-base ../../../build/mini_pupper_recognition build --build-base /home/darshan/ros2_ws/build/mini_pupper_recognition/build install --record /home/darshan/ros2_ws/build/mini_pupper_recognition/install.log --single-version-externally-managed install_data
[1.672s] running egg_info
[1.673s] creating ../../../build/mini_pupper_recognition/mini_pupper_recognition.egg-info
[1.674s] writing ../../../build/mini_pupper_recognition/mini_pupper_recognition.egg-info/PKG-INFO
[1.674s] writing dependency_links to ../../../build/mini_pupper_recognition/mini_pupper_recognition.egg-info/dependency_links.txt
[1.674s] writing entry points to ../../../build/mini_pupper_recognition/mini_pupper_recognition.egg-info/entry_points.txt
[1.674s] writing requirements to ../../../build/mini_pupper_recognition/mini_pupper_recognition.egg-info/requires.txt
[1.675s] writing top-level names to ../../../build/mini_pupper_recognition/mini_pupper_recognition.egg-info/top_level.txt
[1.675s] writing manifest file '../../../build/mini_pupper_recognition/mini_pupper_recognition.egg-info/SOURCES.txt'
[1.676s] reading manifest file '../../../build/mini_pupper_recognition/mini_pupper_recognition.egg-info/SOURCES.txt'
[1.676s] writing manifest file '../../../build/mini_pupper_recognition/mini_pupper_recognition.egg-info/SOURCES.txt'
[1.677s] running build
[1.677s] running build_py
[1.677s] creating /home/darshan/ros2_ws/build/mini_pupper_recognition/build
[1.677s] creating /home/darshan/ros2_ws/build/mini_pupper_recognition/build/lib
[1.677s] creating /home/darshan/ros2_ws/build/mini_pupper_recognition/build/lib/mini_pupper_recognition
[1.679s] copying mini_pupper_recognition/normal_line_following_node.py -> /home/darshan/ros2_ws/build/mini_pupper_recognition/build/lib/mini_pupper_recognition
[1.679s] copying mini_pupper_recognition/cloud_line_following_node.py -> /home/darshan/ros2_ws/build/mini_pupper_recognition/build/lib/mini_pupper_recognition
[1.679s] copying mini_pupper_recognition/line_detection_node.py -> /home/darshan/ros2_ws/build/mini_pupper_recognition/build/lib/mini_pupper_recognition
[1.679s] copying mini_pupper_recognition/__init__.py -> /home/darshan/ros2_ws/build/mini_pupper_recognition/build/lib/mini_pupper_recognition
[1.679s] copying mini_pupper_recognition/pid_line_following_node.py -> /home/darshan/ros2_ws/build/mini_pupper_recognition/build/lib/mini_pupper_recognition
[1.679s] copying mini_pupper_recognition/cloud_line_recognition_node.py -> /home/darshan/ros2_ws/build/mini_pupper_recognition/build/lib/mini_pupper_recognition
[1.680s] running install
[1.680s] running install_lib
[1.680s] creating /home/darshan/ros2_ws/install/mini_pupper_recognition/lib/python3.10/site-packages/mini_pupper_recognition
[1.680s] copying /home/darshan/ros2_ws/build/mini_pupper_recognition/build/lib/mini_pupper_recognition/normal_line_following_node.py -> /home/darshan/ros2_ws/install/mini_pupper_recognition/lib/python3.10/site-packages/mini_pupper_recognition
[1.680s] copying /home/darshan/ros2_ws/build/mini_pupper_recognition/build/lib/mini_pupper_recognition/cloud_line_following_node.py -> /home/darshan/ros2_ws/install/mini_pupper_recognition/lib/python3.10/site-packages/mini_pupper_recognition
[1.680s] copying /home/darshan/ros2_ws/build/mini_pupper_recognition/build/lib/mini_pupper_recognition/line_detection_node.py -> /home/darshan/ros2_ws/install/mini_pupper_recognition/lib/python3.10/site-packages/mini_pupper_recognition
[1.681s] copying /home/darshan/ros2_ws/build/mini_pupper_recognition/build/lib/mini_pupper_recognition/__init__.py -> /home/darshan/ros2_ws/install/mini_pupper_recognition/lib/python3.10/site-packages/mini_pupper_recognition
[1.681s] copying /home/darshan/ros2_ws/build/mini_pupper_recognition/build/lib/mini_pupper_recognition/pid_line_following_node.py -> /home/darshan/ros2_ws/install/mini_pupper_recognition/lib/python3.10/site-packages/mini_pupper_recognition
[1.682s] copying /home/darshan/ros2_ws/build/mini_pupper_recognition/build/lib/mini_pupper_recognition/cloud_line_recognition_node.py -> /home/darshan/ros2_ws/install/mini_pupper_recognition/lib/python3.10/site-packages/mini_pupper_recognition
[1.683s] byte-compiling /home/darshan/ros2_ws/install/mini_pupper_recognition/lib/python3.10/site-packages/mini_pupper_recognition/normal_line_following_node.py to normal_line_following_node.cpython-310.pyc
[1.683s] byte-compiling /home/darshan/ros2_ws/install/mini_pupper_recognition/lib/python3.10/site-packages/mini_pupper_recognition/cloud_line_following_node.py to cloud_line_following_node.cpython-310.pyc
[1.684s] byte-compiling /home/darshan/ros2_ws/install/mini_pupper_recognition/lib/python3.10/site-packages/mini_pupper_recognition/line_detection_node.py to line_detection_node.cpython-310.pyc
[1.685s] byte-compiling /home/darshan/ros2_ws/install/mini_pupper_recognition/lib/python3.10/site-packages/mini_pupper_recognition/__init__.py to __init__.cpython-310.pyc
[1.686s] byte-compiling /home/darshan/ros2_ws/install/mini_pupper_recognition/lib/python3.10/site-packages/mini_pupper_recognition/pid_line_following_node.py to pid_line_following_node.cpython-310.pyc
[1.686s] byte-compiling /home/darshan/ros2_ws/install/mini_pupper_recognition/lib/python3.10/site-packages/mini_pupper_recognition/cloud_line_recognition_node.py to cloud_line_recognition_node.cpython-310.pyc
[1.686s] running install_data
[1.687s] creating /home/darshan/ros2_ws/install/mini_pupper_recognition/share/ament_index
[1.687s] creating /home/darshan/ros2_ws/install/mini_pupper_recognition/share/ament_index/resource_index
[1.687s] creating /home/darshan/ros2_ws/install/mini_pupper_recognition/share/ament_index/resource_index/packages
[1.687s] copying resource/mini_pupper_recognition -> /home/darshan/ros2_ws/install/mini_pupper_recognition/share/ament_index/resource_index/packages
[1.687s] copying package.xml -> /home/darshan/ros2_ws/install/mini_pupper_recognition/share/mini_pupper_recognition
[1.687s] creating /home/darshan/ros2_ws/install/mini_pupper_recognition/share/mini_pupper_recognition/launch
[1.687s] copying launch/cloud_line_demo.launch.py -> /home/darshan/ros2_ws/install/mini_pupper_recognition/share/mini_pupper_recognition/launch
[1.687s] copying launch/recognition.launch.py -> /home/darshan/ros2_ws/install/mini_pupper_recognition/share/mini_pupper_recognition/launch
[1.688s] running install_egg_info
[1.688s] Copying ../../../build/mini_pupper_recognition/mini_pupper_recognition.egg-info to /home/darshan/ros2_ws/install/mini_pupper_recognition/lib/python3.10/site-packages/mini_pupper_recognition-1.0.0-py3.10.egg-info
[1.688s] running install_scripts
[1.711s] Installing cloud_line_following_node script to /home/darshan/ros2_ws/install/mini_pupper_recognition/lib/mini_pupper_recognition
[1.711s] Installing cloud_line_recognition_node script to /home/darshan/ros2_ws/install/mini_pupper_recognition/lib/mini_pupper_recognition
[1.711s] Installing line_detection_node script to /home/darshan/ros2_ws/install/mini_pupper_recognition/lib/mini_pupper_recognition
[1.711s] Installing normal_line_following_node script to /home/darshan/ros2_ws/install/mini_pupper_recognition/lib/mini_pupper_recognition
[1.712s] Installing pid_line_following_node script to /home/darshan/ros2_ws/install/mini_pupper_recognition/lib/mini_pupper_recognition
[1.712s] writing list of installed files to '/home/darshan/ros2_ws/build/mini_pupper_recognition/install.log'
[1.743s] Invoked command in '/home/darshan/ros2_ws/src/mini_pupper_ros/mini_pupper_recognition' returned '0': PYTHONPATH=/home/darshan/ros2_ws/build/mini_pupper_recognition/prefix_override:/usr/lib/python3/dist-packages/colcon_core/task/python/colcon_distutils_commands:/home/darshan/ros2_ws/install/mini_pupper_recognition/lib/python3.10/site-packages:${PYTHONPATH} /usr/bin/python3 -W ignore:setup.py install is deprecated setup.py egg_info --egg-base ../../../build/mini_pupper_recognition build --build-base /home/darshan/ros2_ws/build/mini_pupper_recognition/build install --record /home/darshan/ros2_ws/build/mini_pupper_recognition/install.log --single-version-externally-managed install_data
