[0.029s] Invoking command in '/home/darshan/ros2_ws/build/champ_base': CMAKE_PREFIX_PATH=/home/darshan/ros2_ws/install/champ_msgs:/home/darshan/ros2_ws/install/champ:/home/darshan/ros2_ws/install/mini_pupper_slam:/home/darshan/ros2_ws/install/mini_pupper_navigation:/home/darshan/ros2_ws/install/mini_pupper_interfaces:/home/darshan/ros2_ws/install/mini_pupper_gazebo:/home/darshan/ros2_ws/install/mini_pupper_description:/home/darshan/ros2_ws/install/mini_pupper_bringup:/home/darshan/ros2_ws/install/ldlidar_stl_ros2:/home/darshan/ros2_ws/install/champ_teleop:/home/darshan/ros2_ws/install/champ_navigation:/home/darshan/ros2_ws/install/champ_gazebo:/home/darshan/ros2_ws/install/champ_bringup:/home/darshan/ros2_ws/install/champ_base:/home/darshan/ros2_ws/install/champ_description:/home/darshan/ros2_ws/install/champ_config:/home/darshan/ros2_ws/install/mini_pupper_recognition:/home/darshan/ros2_ws/install/mini_pupper_music:/home/darshan/ros2_ws/install/mini_pupper_dance:/home/darshan/ros2_ws/install/mini_pupper_driver:/opt/ros/humble LD_LIBRARY_PATH=/home/darshan/ros2_ws/install/champ_msgs/lib:/home/darshan/ros2_ws/install/mini_pupper_interfaces/lib:/home/darshan/ros2_ws/install/champ_base/lib:/usr/lib/x86_64-linux-gnu/gazebo-11/plugins:/opt/ros/humble/opt/rviz_ogre_vendor/lib:/opt/ros/humble/lib/x86_64-linux-gnu:/opt/ros/humble/lib /usr/bin/cmake --build /home/darshan/ros2_ws/build/champ_base -- -j24 -l24
[0.092s] [ 16%] Built target state_estimation
[0.100s] [ 33%] Built target quadruped_controller
[0.101s] [ 50%] Built target message_relay
[0.125s] [ 66%] Built target state_estimation_node
[0.133s] [ 83%] Built target message_relay_node
[0.133s] [100%] Built target quadruped_controller_node
[0.144s] Invoked command in '/home/darshan/ros2_ws/build/champ_base' returned '0': CMAKE_PREFIX_PATH=/home/darshan/ros2_ws/install/champ_msgs:/home/darshan/ros2_ws/install/champ:/home/darshan/ros2_ws/install/mini_pupper_slam:/home/darshan/ros2_ws/install/mini_pupper_navigation:/home/darshan/ros2_ws/install/mini_pupper_interfaces:/home/darshan/ros2_ws/install/mini_pupper_gazebo:/home/darshan/ros2_ws/install/mini_pupper_description:/home/darshan/ros2_ws/install/mini_pupper_bringup:/home/darshan/ros2_ws/install/ldlidar_stl_ros2:/home/darshan/ros2_ws/install/champ_teleop:/home/darshan/ros2_ws/install/champ_navigation:/home/darshan/ros2_ws/install/champ_gazebo:/home/darshan/ros2_ws/install/champ_bringup:/home/darshan/ros2_ws/install/champ_base:/home/darshan/ros2_ws/install/champ_description:/home/darshan/ros2_ws/install/champ_config:/home/darshan/ros2_ws/install/mini_pupper_recognition:/home/darshan/ros2_ws/install/mini_pupper_music:/home/darshan/ros2_ws/install/mini_pupper_dance:/home/darshan/ros2_ws/install/mini_pupper_driver:/opt/ros/humble LD_LIBRARY_PATH=/home/darshan/ros2_ws/install/champ_msgs/lib:/home/darshan/ros2_ws/install/mini_pupper_interfaces/lib:/home/darshan/ros2_ws/install/champ_base/lib:/usr/lib/x86_64-linux-gnu/gazebo-11/plugins:/opt/ros/humble/opt/rviz_ogre_vendor/lib:/opt/ros/humble/lib/x86_64-linux-gnu:/opt/ros/humble/lib /usr/bin/cmake --build /home/darshan/ros2_ws/build/champ_base -- -j24 -l24
[0.202s] Invoking command in '/home/darshan/ros2_ws/build/champ_base': CMAKE_PREFIX_PATH=/home/darshan/ros2_ws/install/champ_msgs:/home/darshan/ros2_ws/install/champ:/home/darshan/ros2_ws/install/mini_pupper_slam:/home/darshan/ros2_ws/install/mini_pupper_navigation:/home/darshan/ros2_ws/install/mini_pupper_interfaces:/home/darshan/ros2_ws/install/mini_pupper_gazebo:/home/darshan/ros2_ws/install/mini_pupper_description:/home/darshan/ros2_ws/install/mini_pupper_bringup:/home/darshan/ros2_ws/install/ldlidar_stl_ros2:/home/darshan/ros2_ws/install/champ_teleop:/home/darshan/ros2_ws/install/champ_navigation:/home/darshan/ros2_ws/install/champ_gazebo:/home/darshan/ros2_ws/install/champ_bringup:/home/darshan/ros2_ws/install/champ_base:/home/darshan/ros2_ws/install/champ_description:/home/darshan/ros2_ws/install/champ_config:/home/darshan/ros2_ws/install/mini_pupper_recognition:/home/darshan/ros2_ws/install/mini_pupper_music:/home/darshan/ros2_ws/install/mini_pupper_dance:/home/darshan/ros2_ws/install/mini_pupper_driver:/opt/ros/humble LD_LIBRARY_PATH=/home/darshan/ros2_ws/install/champ_msgs/lib:/home/darshan/ros2_ws/install/mini_pupper_interfaces/lib:/home/darshan/ros2_ws/install/champ_base/lib:/usr/lib/x86_64-linux-gnu/gazebo-11/plugins:/opt/ros/humble/opt/rviz_ogre_vendor/lib:/opt/ros/humble/lib/x86_64-linux-gnu:/opt/ros/humble/lib /usr/bin/cmake --install /home/darshan/ros2_ws/build/champ_base
[0.210s] -- Install configuration: ""
[0.210s] -- Up-to-date: /home/darshan/ros2_ws/install/champ_base/share/champ_base/config
[0.210s] -- Up-to-date: /home/darshan/ros2_ws/install/champ_base/share/champ_base/config/ekf
[0.210s] -- Up-to-date: /home/darshan/ros2_ws/install/champ_base/share/champ_base/config/ekf/footprint_to_odom.yaml
[0.210s] -- Up-to-date: /home/darshan/ros2_ws/install/champ_base/share/champ_base/config/ekf/base_to_footprint.yaml
[0.210s] -- Up-to-date: /home/darshan/ros2_ws/install/champ_base/share/champ_base/config/velocity_smoother
[0.210s] -- Up-to-date: /home/darshan/ros2_ws/install/champ_base/share/champ_base/config/velocity_smoother/velocity_smoother.yaml
[0.210s] -- Up-to-date: /home/darshan/ros2_ws/install/champ_base/lib/libquadruped_controller.so
[0.211s] -- Up-to-date: /home/darshan/ros2_ws/install/champ_base/bin/quadruped_controller_node
[0.211s] -- Up-to-date: /home/darshan/ros2_ws/install/champ_base/lib/libmessage_relay.so
[0.211s] -- Up-to-date: /home/darshan/ros2_ws/install/champ_base/bin/message_relay_node
[0.212s] -- Up-to-date: /home/darshan/ros2_ws/install/champ_base/lib/libstate_estimation.so
[0.212s] -- Up-to-date: /home/darshan/ros2_ws/install/champ_base/bin/state_estimation_node
[0.212s] -- Up-to-date: /home/darshan/ros2_ws/install/champ_base/lib/champ_base/quadruped_controller_node
[0.213s] -- Up-to-date: /home/darshan/ros2_ws/install/champ_base/lib/champ_base/message_relay_node
[0.213s] -- Up-to-date: /home/darshan/ros2_ws/install/champ_base/lib/champ_base/state_estimation_node
[0.213s] -- Up-to-date: /home/darshan/ros2_ws/install/champ_base/share/ament_index/resource_index/package_run_dependencies/champ_base
[0.213s] -- Up-to-date: /home/darshan/ros2_ws/install/champ_base/share/ament_index/resource_index/parent_prefix_path/champ_base
[0.214s] -- Up-to-date: /home/darshan/ros2_ws/install/champ_base/share/champ_base/environment/ament_prefix_path.sh
[0.214s] -- Up-to-date: /home/darshan/ros2_ws/install/champ_base/share/champ_base/environment/ament_prefix_path.dsv
[0.214s] -- Up-to-date: /home/darshan/ros2_ws/install/champ_base/share/champ_base/environment/path.sh
[0.214s] -- Up-to-date: /home/darshan/ros2_ws/install/champ_base/share/champ_base/environment/path.dsv
[0.214s] -- Up-to-date: /home/darshan/ros2_ws/install/champ_base/share/champ_base/local_setup.bash
[0.215s] -- Up-to-date: /home/darshan/ros2_ws/install/champ_base/share/champ_base/local_setup.sh
[0.215s] -- Up-to-date: /home/darshan/ros2_ws/install/champ_base/share/champ_base/local_setup.zsh
[0.215s] -- Up-to-date: /home/darshan/ros2_ws/install/champ_base/share/champ_base/local_setup.dsv
[0.215s] -- Installing: /home/darshan/ros2_ws/install/champ_base/share/champ_base/package.dsv
[0.215s] -- Up-to-date: /home/darshan/ros2_ws/install/champ_base/share/ament_index/resource_index/packages/champ_base
[0.215s] -- Up-to-date: /home/darshan/ros2_ws/install/champ_base/share/champ_base/cmake/ament_cmake_export_include_directories-extras.cmake
[0.215s] -- Up-to-date: /home/darshan/ros2_ws/install/champ_base/share/champ_base/cmake/ament_cmake_export_dependencies-extras.cmake
[0.215s] -- Up-to-date: /home/darshan/ros2_ws/install/champ_base/share/champ_base/cmake/champ_baseConfig.cmake
[0.215s] -- Up-to-date: /home/darshan/ros2_ws/install/champ_base/share/champ_base/cmake/champ_baseConfig-version.cmake
[0.216s] -- Up-to-date: /home/darshan/ros2_ws/install/champ_base/share/champ_base/package.xml
[0.217s] Invoked command in '/home/darshan/ros2_ws/build/champ_base' returned '0': CMAKE_PREFIX_PATH=/home/darshan/ros2_ws/install/champ_msgs:/home/darshan/ros2_ws/install/champ:/home/darshan/ros2_ws/install/mini_pupper_slam:/home/darshan/ros2_ws/install/mini_pupper_navigation:/home/darshan/ros2_ws/install/mini_pupper_interfaces:/home/darshan/ros2_ws/install/mini_pupper_gazebo:/home/darshan/ros2_ws/install/mini_pupper_description:/home/darshan/ros2_ws/install/mini_pupper_bringup:/home/darshan/ros2_ws/install/ldlidar_stl_ros2:/home/darshan/ros2_ws/install/champ_teleop:/home/darshan/ros2_ws/install/champ_navigation:/home/darshan/ros2_ws/install/champ_gazebo:/home/darshan/ros2_ws/install/champ_bringup:/home/darshan/ros2_ws/install/champ_base:/home/darshan/ros2_ws/install/champ_description:/home/darshan/ros2_ws/install/champ_config:/home/darshan/ros2_ws/install/mini_pupper_recognition:/home/darshan/ros2_ws/install/mini_pupper_music:/home/darshan/ros2_ws/install/mini_pupper_dance:/home/darshan/ros2_ws/install/mini_pupper_driver:/opt/ros/humble LD_LIBRARY_PATH=/home/darshan/ros2_ws/install/champ_msgs/lib:/home/darshan/ros2_ws/install/mini_pupper_interfaces/lib:/home/darshan/ros2_ws/install/champ_base/lib:/usr/lib/x86_64-linux-gnu/gazebo-11/plugins:/opt/ros/humble/opt/rviz_ogre_vendor/lib:/opt/ros/humble/lib/x86_64-linux-gnu:/opt/ros/humble/lib /usr/bin/cmake --install /home/darshan/ros2_ws/build/champ_base
