-- Install configuration: ""
-- Up-to-date: /home/darshan/ros2_ws/install/mini_pupper_description/share/mini_pupper_description/launch
-- Up-to-date: /home/darshan/ros2_ws/install/mini_pupper_description/share/mini_pupper_description/launch/mini_pupper_description.launch.py
-- Up-to-date: /home/darshan/ros2_ws/install/mini_pupper_description/share/mini_pupper_description/config
-- Up-to-date: /home/darshan/ros2_ws/install/mini_pupper_description/share/mini_pupper_description/config/ros_control
-- Up-to-date: /home/darshan/ros2_ws/install/mini_pupper_description/share/mini_pupper_description/config/ros_control/mini_pupper_controller.yaml
-- Up-to-date: /home/darshan/ros2_ws/install/mini_pupper_description/share/mini_pupper_description/config/ros_control/mini_pupper_2_controller.yaml
-- Up-to-date: /home/darshan/ros2_ws/install/mini_pupper_description/share/mini_pupper_description/config/champ
-- Up-to-date: /home/darshan/ros2_ws/install/mini_pupper_description/share/mini_pupper_description/config/champ/mini_pupper
-- Up-to-date: /home/darshan/ros2_ws/install/mini_pupper_description/share/mini_pupper_description/config/champ/mini_pupper/joints.yaml
-- Up-to-date: /home/darshan/ros2_ws/install/mini_pupper_description/share/mini_pupper_description/config/champ/mini_pupper/links.yaml
-- Up-to-date: /home/darshan/ros2_ws/install/mini_pupper_description/share/mini_pupper_description/config/champ/mini_pupper/gait.yaml
-- Up-to-date: /home/darshan/ros2_ws/install/mini_pupper_description/share/mini_pupper_description/config/champ/mini_pupper_2
-- Up-to-date: /home/darshan/ros2_ws/install/mini_pupper_description/share/mini_pupper_description/config/champ/mini_pupper_2/joints.yaml
-- Up-to-date: /home/darshan/ros2_ws/install/mini_pupper_description/share/mini_pupper_description/config/champ/mini_pupper_2/links.yaml
-- Up-to-date: /home/darshan/ros2_ws/install/mini_pupper_description/share/mini_pupper_description/config/champ/mini_pupper_2/gait.yaml
-- Up-to-date: /home/darshan/ros2_ws/install/mini_pupper_description/share/mini_pupper_description/rviz
-- Up-to-date: /home/darshan/ros2_ws/install/mini_pupper_description/share/mini_pupper_description/rviz/urdf_viewer.rviz
-- Up-to-date: /home/darshan/ros2_ws/install/mini_pupper_description/share/mini_pupper_description/urdf
-- Up-to-date: /home/darshan/ros2_ws/install/mini_pupper_description/share/mini_pupper_description/urdf/mini_pupper
-- Up-to-date: /home/darshan/ros2_ws/install/mini_pupper_description/share/mini_pupper_description/urdf/mini_pupper/mini_pupper_description.urdf.xacro
-- Up-to-date: /home/darshan/ros2_ws/install/mini_pupper_description/share/mini_pupper_description/urdf/mini_pupper/usb_plug.urdf.xacro
-- Up-to-date: /home/darshan/ros2_ws/install/mini_pupper_description/share/mini_pupper_description/urdf/mini_pupper/d435.urdf.xacro
-- Up-to-date: /home/darshan/ros2_ws/install/mini_pupper_description/share/mini_pupper_description/urdf/mini_pupper/materials.urdf.xacro
-- Up-to-date: /home/darshan/ros2_ws/install/mini_pupper_description/share/mini_pupper_description/urdf/mini_pupper_2
-- Up-to-date: /home/darshan/ros2_ws/install/mini_pupper_description/share/mini_pupper_description/urdf/mini_pupper_2/mini_pupper_description.urdf.xacro
-- Up-to-date: /home/darshan/ros2_ws/install/mini_pupper_description/share/mini_pupper_description/urdf/mini_pupper_2/mini_pupper_description.trans
-- Up-to-date: /home/darshan/ros2_ws/install/mini_pupper_description/share/mini_pupper_description/urdf/mini_pupper_2/materials.xacro
-- Up-to-date: /home/darshan/ros2_ws/install/mini_pupper_description/share/mini_pupper_description/meshes
-- Up-to-date: /home/darshan/ros2_ws/install/mini_pupper_description/share/mini_pupper_description/meshes/mini_pupper
-- Up-to-date: /home/darshan/ros2_ws/install/mini_pupper_description/share/mini_pupper_description/meshes/mini_pupper/rb2.STL
-- Up-to-date: /home/darshan/ros2_ws/install/mini_pupper_description/share/mini_pupper_description/meshes/mini_pupper/rpf2.STL
-- Up-to-date: /home/darshan/ros2_ws/install/mini_pupper_description/share/mini_pupper_description/meshes/mini_pupper/rb1.STL
-- Up-to-date: /home/darshan/ros2_ws/install/mini_pupper_description/share/mini_pupper_description/meshes/mini_pupper/lpb1.STL
-- Up-to-date: /home/darshan/ros2_ws/install/mini_pupper_description/share/mini_pupper_description/meshes/mini_pupper/plug_collision.stl
-- Up-to-date: /home/darshan/ros2_ws/install/mini_pupper_description/share/mini_pupper_description/meshes/mini_pupper/lb3.STL
-- Up-to-date: /home/darshan/ros2_ws/install/mini_pupper_description/share/mini_pupper_description/meshes/mini_pupper/base_link.STL
-- Up-to-date: /home/darshan/ros2_ws/install/mini_pupper_description/share/mini_pupper_description/meshes/mini_pupper/lf2.STL
-- Up-to-date: /home/darshan/ros2_ws/install/mini_pupper_description/share/mini_pupper_description/meshes/mini_pupper/rpb2.STL
-- Up-to-date: /home/darshan/ros2_ws/install/mini_pupper_description/share/mini_pupper_description/meshes/mini_pupper/rf1.STL
-- Up-to-date: /home/darshan/ros2_ws/install/mini_pupper_description/share/mini_pupper_description/meshes/mini_pupper/plug.stl
-- Up-to-date: /home/darshan/ros2_ws/install/mini_pupper_description/share/mini_pupper_description/meshes/mini_pupper/rf3.STL
-- Up-to-date: /home/darshan/ros2_ws/install/mini_pupper_description/share/mini_pupper_description/meshes/mini_pupper/lpf2.STL
-- Up-to-date: /home/darshan/ros2_ws/install/mini_pupper_description/share/mini_pupper_description/meshes/mini_pupper/lf1.STL
-- Up-to-date: /home/darshan/ros2_ws/install/mini_pupper_description/share/mini_pupper_description/meshes/mini_pupper/lpf1.STL
-- Up-to-date: /home/darshan/ros2_ws/install/mini_pupper_description/share/mini_pupper_description/meshes/mini_pupper/lidar.STL
-- Up-to-date: /home/darshan/ros2_ws/install/mini_pupper_description/share/mini_pupper_description/meshes/mini_pupper/rpf1.STL
-- Up-to-date: /home/darshan/ros2_ws/install/mini_pupper_description/share/mini_pupper_description/meshes/mini_pupper/lbfoot.STL
-- Up-to-date: /home/darshan/ros2_ws/install/mini_pupper_description/share/mini_pupper_description/meshes/mini_pupper/lf3.STL
-- Up-to-date: /home/darshan/ros2_ws/install/mini_pupper_description/share/mini_pupper_description/meshes/mini_pupper/rpb1.STL
-- Up-to-date: /home/darshan/ros2_ws/install/mini_pupper_description/share/mini_pupper_description/meshes/mini_pupper/rbfoot.STL
-- Up-to-date: /home/darshan/ros2_ws/install/mini_pupper_description/share/mini_pupper_description/meshes/mini_pupper/lb1.STL
-- Up-to-date: /home/darshan/ros2_ws/install/mini_pupper_description/share/mini_pupper_description/meshes/mini_pupper/yellow_plate.STL
-- Up-to-date: /home/darshan/ros2_ws/install/mini_pupper_description/share/mini_pupper_description/meshes/mini_pupper/rf2.STL
-- Up-to-date: /home/darshan/ros2_ws/install/mini_pupper_description/share/mini_pupper_description/meshes/mini_pupper/lb2.STL
-- Up-to-date: /home/darshan/ros2_ws/install/mini_pupper_description/share/mini_pupper_description/meshes/mini_pupper/d435.dae
-- Up-to-date: /home/darshan/ros2_ws/install/mini_pupper_description/share/mini_pupper_description/meshes/mini_pupper/lpb2.STL
-- Up-to-date: /home/darshan/ros2_ws/install/mini_pupper_description/share/mini_pupper_description/meshes/mini_pupper/rffoot.STL
-- Up-to-date: /home/darshan/ros2_ws/install/mini_pupper_description/share/mini_pupper_description/meshes/mini_pupper/lffoot.STL
-- Up-to-date: /home/darshan/ros2_ws/install/mini_pupper_description/share/mini_pupper_description/meshes/mini_pupper/rb3.STL
-- Up-to-date: /home/darshan/ros2_ws/install/mini_pupper_description/share/mini_pupper_description/meshes/mini_pupper_2
-- Up-to-date: /home/darshan/ros2_ws/install/mini_pupper_description/share/mini_pupper_description/meshes/mini_pupper_2/base_link.stl
-- Up-to-date: /home/darshan/ros2_ws/install/mini_pupper_description/share/mini_pupper_description/meshes/mini_pupper_2/lf2.stl
-- Up-to-date: /home/darshan/ros2_ws/install/mini_pupper_description/share/mini_pupper_description/meshes/mini_pupper_2/rf2.stl
-- Up-to-date: /home/darshan/ros2_ws/install/mini_pupper_description/share/mini_pupper_description/meshes/mini_pupper_2/rpf1.stl
-- Up-to-date: /home/darshan/ros2_ws/install/mini_pupper_description/share/mini_pupper_description/meshes/mini_pupper_2/rf1.stl
-- Up-to-date: /home/darshan/ros2_ws/install/mini_pupper_description/share/mini_pupper_description/meshes/mini_pupper_2/rb1.stl
-- Up-to-date: /home/darshan/ros2_ws/install/mini_pupper_description/share/mini_pupper_description/meshes/mini_pupper_2/rb3.stl
-- Up-to-date: /home/darshan/ros2_ws/install/mini_pupper_description/share/mini_pupper_description/meshes/mini_pupper_2/lb2.stl
-- Up-to-date: /home/darshan/ros2_ws/install/mini_pupper_description/share/mini_pupper_description/meshes/mini_pupper_2/Board_connectors_2.stl
-- Up-to-date: /home/darshan/ros2_ws/install/mini_pupper_description/share/mini_pupper_description/meshes/mini_pupper_2/lb3.stl
-- Up-to-date: /home/darshan/ros2_ws/install/mini_pupper_description/share/mini_pupper_description/meshes/mini_pupper_2/Body_front.stl
-- Up-to-date: /home/darshan/ros2_ws/install/mini_pupper_description/share/mini_pupper_description/meshes/mini_pupper_2/rpb1.stl
-- Up-to-date: /home/darshan/ros2_ws/install/mini_pupper_description/share/mini_pupper_description/meshes/mini_pupper_2/rb2.stl
-- Up-to-date: /home/darshan/ros2_ws/install/mini_pupper_description/share/mini_pupper_description/meshes/mini_pupper_2/lpb2.stl
-- Up-to-date: /home/darshan/ros2_ws/install/mini_pupper_description/share/mini_pupper_description/meshes/mini_pupper_2/lf3.stl
-- Up-to-date: /home/darshan/ros2_ws/install/mini_pupper_description/share/mini_pupper_description/meshes/mini_pupper_2/lffoot.stl
-- Up-to-date: /home/darshan/ros2_ws/install/mini_pupper_description/share/mini_pupper_description/meshes/mini_pupper_2/rffoot.stl
-- Up-to-date: /home/darshan/ros2_ws/install/mini_pupper_description/share/mini_pupper_description/meshes/mini_pupper_2/lidar.stl
-- Up-to-date: /home/darshan/ros2_ws/install/mini_pupper_description/share/mini_pupper_description/meshes/mini_pupper_2/lf1.stl
-- Up-to-date: /home/darshan/ros2_ws/install/mini_pupper_description/share/mini_pupper_description/meshes/mini_pupper_2/lb1.stl
-- Up-to-date: /home/darshan/ros2_ws/install/mini_pupper_description/share/mini_pupper_description/meshes/mini_pupper_2/Shell_Side.stl
-- Up-to-date: /home/darshan/ros2_ws/install/mini_pupper_description/share/mini_pupper_description/meshes/mini_pupper_2/Board_connectors_1.stl
-- Up-to-date: /home/darshan/ros2_ws/install/mini_pupper_description/share/mini_pupper_description/meshes/mini_pupper_2/lpf2.stl
-- Up-to-date: /home/darshan/ros2_ws/install/mini_pupper_description/share/mini_pupper_description/meshes/mini_pupper_2/lpf1.stl
-- Up-to-date: /home/darshan/ros2_ws/install/mini_pupper_description/share/mini_pupper_description/meshes/mini_pupper_2/Board_PCB.stl
-- Up-to-date: /home/darshan/ros2_ws/install/mini_pupper_description/share/mini_pupper_description/meshes/mini_pupper_2/rbfoot.stl
-- Up-to-date: /home/darshan/ros2_ws/install/mini_pupper_description/share/mini_pupper_description/meshes/mini_pupper_2/rpf2.stl
-- Up-to-date: /home/darshan/ros2_ws/install/mini_pupper_description/share/mini_pupper_description/meshes/mini_pupper_2/rf3.stl
-- Up-to-date: /home/darshan/ros2_ws/install/mini_pupper_description/share/mini_pupper_description/meshes/mini_pupper_2/lpb1.stl
-- Up-to-date: /home/darshan/ros2_ws/install/mini_pupper_description/share/mini_pupper_description/meshes/mini_pupper_2/rpb2.stl
-- Up-to-date: /home/darshan/ros2_ws/install/mini_pupper_description/share/mini_pupper_description/meshes/mini_pupper_2/lbfoot.stl
-- Up-to-date: /home/darshan/ros2_ws/install/mini_pupper_description/share/ament_index/resource_index/package_run_dependencies/mini_pupper_description
-- Up-to-date: /home/darshan/ros2_ws/install/mini_pupper_description/share/ament_index/resource_index/parent_prefix_path/mini_pupper_description
-- Up-to-date: /home/darshan/ros2_ws/install/mini_pupper_description/share/mini_pupper_description/environment/ament_prefix_path.sh
-- Up-to-date: /home/darshan/ros2_ws/install/mini_pupper_description/share/mini_pupper_description/environment/ament_prefix_path.dsv
-- Up-to-date: /home/darshan/ros2_ws/install/mini_pupper_description/share/mini_pupper_description/environment/path.sh
-- Up-to-date: /home/darshan/ros2_ws/install/mini_pupper_description/share/mini_pupper_description/environment/path.dsv
-- Up-to-date: /home/darshan/ros2_ws/install/mini_pupper_description/share/mini_pupper_description/local_setup.bash
-- Up-to-date: /home/darshan/ros2_ws/install/mini_pupper_description/share/mini_pupper_description/local_setup.sh
-- Up-to-date: /home/darshan/ros2_ws/install/mini_pupper_description/share/mini_pupper_description/local_setup.zsh
-- Up-to-date: /home/darshan/ros2_ws/install/mini_pupper_description/share/mini_pupper_description/local_setup.dsv
-- Up-to-date: /home/darshan/ros2_ws/install/mini_pupper_description/share/mini_pupper_description/package.dsv
-- Up-to-date: /home/darshan/ros2_ws/install/mini_pupper_description/share/ament_index/resource_index/packages/mini_pupper_description
-- Up-to-date: /home/darshan/ros2_ws/install/mini_pupper_description/share/mini_pupper_description/cmake/mini_pupper_descriptionConfig.cmake
-- Up-to-date: /home/darshan/ros2_ws/install/mini_pupper_description/share/mini_pupper_description/cmake/mini_pupper_descriptionConfig-version.cmake
-- Up-to-date: /home/darshan/ros2_ws/install/mini_pupper_description/share/mini_pupper_description/package.xml
