/home/darshan/ros2_ws/install/mini_pupper_driver/lib/python3.10/site-packages/mini_pupper_driver/__init__.py
/home/darshan/ros2_ws/install/mini_pupper_driver/lib/python3.10/site-packages/mini_pupper_driver/imu_interface.py
/home/darshan/ros2_ws/install/mini_pupper_driver/lib/python3.10/site-packages/mini_pupper_driver/display_interface.py
/home/darshan/ros2_ws/install/mini_pupper_driver/lib/python3.10/site-packages/mini_pupper_driver/servo_interface.py
/home/darshan/ros2_ws/install/mini_pupper_driver/lib/python3.10/site-packages/mini_pupper_driver/__pycache__/__init__.cpython-310.pyc
/home/darshan/ros2_ws/install/mini_pupper_driver/lib/python3.10/site-packages/mini_pupper_driver/__pycache__/imu_interface.cpython-310.pyc
/home/darshan/ros2_ws/install/mini_pupper_driver/lib/python3.10/site-packages/mini_pupper_driver/__pycache__/display_interface.cpython-310.pyc
/home/darshan/ros2_ws/install/mini_pupper_driver/lib/python3.10/site-packages/mini_pupper_driver/__pycache__/servo_interface.cpython-310.pyc
/home/darshan/ros2_ws/install/mini_pupper_driver/share/ament_index/resource_index/packages/mini_pupper_driver
/home/darshan/ros2_ws/install/mini_pupper_driver/share/mini_pupper_driver/package.xml
/home/darshan/ros2_ws/install/mini_pupper_driver/share/mini_pupper_driver/launch/display_interface.launch.py
/home/darshan/ros2_ws/install/mini_pupper_driver/share/mini_pupper_driver/launch/servo_interface.launch.py
/home/darshan/ros2_ws/install/mini_pupper_driver/share/mini_pupper_driver/launch/lidar_ld06.launch.py
/home/darshan/ros2_ws/install/mini_pupper_driver/share/mini_pupper_driver/launch/camera.launch.py
/home/darshan/ros2_ws/install/mini_pupper_driver/share/mini_pupper_driver/launch/imu_interface.launch.py
/home/darshan/ros2_ws/install/mini_pupper_driver/lib/python3.10/site-packages/mini_pupper_driver-0.0.1-py3.10.egg-info/PKG-INFO
/home/darshan/ros2_ws/install/mini_pupper_driver/lib/python3.10/site-packages/mini_pupper_driver-0.0.1-py3.10.egg-info/SOURCES.txt
/home/darshan/ros2_ws/install/mini_pupper_driver/lib/python3.10/site-packages/mini_pupper_driver-0.0.1-py3.10.egg-info/entry_points.txt
/home/darshan/ros2_ws/install/mini_pupper_driver/lib/python3.10/site-packages/mini_pupper_driver-0.0.1-py3.10.egg-info/dependency_links.txt
/home/darshan/ros2_ws/install/mini_pupper_driver/lib/python3.10/site-packages/mini_pupper_driver-0.0.1-py3.10.egg-info/zip-safe
/home/darshan/ros2_ws/install/mini_pupper_driver/lib/python3.10/site-packages/mini_pupper_driver-0.0.1-py3.10.egg-info/top_level.txt
/home/darshan/ros2_ws/install/mini_pupper_driver/lib/python3.10/site-packages/mini_pupper_driver-0.0.1-py3.10.egg-info/requires.txt
/home/darshan/ros2_ws/install/mini_pupper_driver/lib/mini_pupper_driver/display_interface
/home/darshan/ros2_ws/install/mini_pupper_driver/lib/mini_pupper_driver/imu_interface
/home/darshan/ros2_ws/install/mini_pupper_driver/lib/mini_pupper_driver/servo_interface
