[0.410s] Invoking command in '/home/darshan/ros2_ws/build/mini_pupper_gazebo': CMAKE_PREFIX_PATH=/opt/ros/humble /usr/bin/cmake /home/darshan/ros2_ws/src/mini_pupper_ros/mini_pupper_gazebo -DCMAKE_INSTALL_PREFIX=/home/darshan/ros2_ws/install/mini_pupper_gazebo
[1.027s] -- The C compiler identification is GNU 11.4.0
[1.027s] -- The CXX compiler identification is GNU 11.4.0
[1.027s] -- Detecting C compiler ABI info
[1.027s] -- Detecting C compiler ABI info - done
[1.027s] -- Check for working C compiler: /usr/bin/cc - skipped
[1.027s] -- Detecting C compile features
[1.028s] -- Detecting C compile features - done
[1.028s] -- Detecting CXX compiler ABI info
[1.028s] -- Detecting CXX compiler ABI info - done
[1.028s] -- Check for working CXX compiler: /usr/bin/c++ - skipped
[1.028s] -- Detecting CXX compile features
[1.028s] -- Detecting CXX compile features - done
[1.028s] -- Found ament_cmake: 1.3.10 (/opt/ros/humble/share/ament_cmake/cmake)
[1.029s] -- Found Python3: /usr/bin/python3 (found version "3.10.12") found components: Interpreter 
[1.111s] -- Found ament_lint_auto: 0.12.11 (/opt/ros/humble/share/ament_lint_auto/cmake)
[1.220s] -- Added test 'copyright' to check source files copyright and LICENSE
[1.221s] -- Added test 'flake8' to check Python code syntax and style conventions
[1.221s] -- Added test 'lint_cmake' to check CMake code style
[1.222s] -- Added test 'pep257' to check Python code against some of the docstring style conventions in PEP 257
[1.223s] -- Added test 'xmllint' to check XML markup files
[1.226s] -- Configuring done
[1.227s] -- Generating done
[1.228s] -- Build files have been written to: /home/darshan/ros2_ws/build/mini_pupper_gazebo
[1.255s] Invoked command in '/home/darshan/ros2_ws/build/mini_pupper_gazebo' returned '0': CMAKE_PREFIX_PATH=/opt/ros/humble /usr/bin/cmake /home/darshan/ros2_ws/src/mini_pupper_ros/mini_pupper_gazebo -DCMAKE_INSTALL_PREFIX=/home/darshan/ros2_ws/install/mini_pupper_gazebo
[1.256s] Invoking command in '/home/darshan/ros2_ws/build/mini_pupper_gazebo': CMAKE_PREFIX_PATH=/opt/ros/humble /usr/bin/cmake --build /home/darshan/ros2_ws/build/mini_pupper_gazebo -- -j24 -l24
[1.308s] Invoked command in '/home/darshan/ros2_ws/build/mini_pupper_gazebo' returned '0': CMAKE_PREFIX_PATH=/opt/ros/humble /usr/bin/cmake --build /home/darshan/ros2_ws/build/mini_pupper_gazebo -- -j24 -l24
[1.343s] Invoking command in '/home/darshan/ros2_ws/build/mini_pupper_gazebo': CMAKE_PREFIX_PATH=/opt/ros/humble /usr/bin/cmake --install /home/darshan/ros2_ws/build/mini_pupper_gazebo
[1.353s] -- Install configuration: ""
[1.353s] -- Installing: /home/darshan/ros2_ws/install/mini_pupper_gazebo/share/mini_pupper_gazebo/launch
[1.353s] -- Installing: /home/darshan/ros2_ws/install/mini_pupper_gazebo/share/mini_pupper_gazebo/launch/gazebo.launch.py
[1.353s] -- Installing: /home/darshan/ros2_ws/install/mini_pupper_gazebo/share/mini_pupper_gazebo/worlds
[1.353s] -- Installing: /home/darshan/ros2_ws/install/mini_pupper_gazebo/share/mini_pupper_gazebo/worlds/mini_pupper_home.world
[1.354s] -- Installing: /home/darshan/ros2_ws/install/mini_pupper_gazebo/share/mini_pupper_gazebo/worlds/empty.world
[1.354s] -- Installing: /home/darshan/ros2_ws/install/mini_pupper_gazebo/share/ament_index/resource_index/package_run_dependencies/mini_pupper_gazebo
[1.354s] -- Installing: /home/darshan/ros2_ws/install/mini_pupper_gazebo/share/ament_index/resource_index/parent_prefix_path/mini_pupper_gazebo
[1.354s] -- Installing: /home/darshan/ros2_ws/install/mini_pupper_gazebo/share/mini_pupper_gazebo/environment/ament_prefix_path.sh
[1.354s] -- Installing: /home/darshan/ros2_ws/install/mini_pupper_gazebo/share/mini_pupper_gazebo/environment/ament_prefix_path.dsv
[1.354s] -- Installing: /home/darshan/ros2_ws/install/mini_pupper_gazebo/share/mini_pupper_gazebo/environment/path.sh
[1.354s] -- Installing: /home/darshan/ros2_ws/install/mini_pupper_gazebo/share/mini_pupper_gazebo/environment/path.dsv
[1.355s] -- Installing: /home/darshan/ros2_ws/install/mini_pupper_gazebo/share/mini_pupper_gazebo/local_setup.bash
[1.355s] -- Installing: /home/darshan/ros2_ws/install/mini_pupper_gazebo/share/mini_pupper_gazebo/local_setup.sh
[1.355s] -- Installing: /home/darshan/ros2_ws/install/mini_pupper_gazebo/share/mini_pupper_gazebo/local_setup.zsh
[1.355s] -- Installing: /home/darshan/ros2_ws/install/mini_pupper_gazebo/share/mini_pupper_gazebo/local_setup.dsv
[1.355s] -- Installing: /home/darshan/ros2_ws/install/mini_pupper_gazebo/share/mini_pupper_gazebo/package.dsv
[1.355s] -- Installing: /home/darshan/ros2_ws/install/mini_pupper_gazebo/share/ament_index/resource_index/packages/mini_pupper_gazebo
[1.355s] -- Installing: /home/darshan/ros2_ws/install/mini_pupper_gazebo/share/mini_pupper_gazebo/cmake/mini_pupper_gazeboConfig.cmake
[1.355s] -- Installing: /home/darshan/ros2_ws/install/mini_pupper_gazebo/share/mini_pupper_gazebo/cmake/mini_pupper_gazeboConfig-version.cmake
[1.356s] -- Installing: /home/darshan/ros2_ws/install/mini_pupper_gazebo/share/mini_pupper_gazebo/package.xml
[1.358s] Invoked command in '/home/darshan/ros2_ws/build/mini_pupper_gazebo' returned '0': CMAKE_PREFIX_PATH=/opt/ros/humble /usr/bin/cmake --install /home/darshan/ros2_ws/build/mini_pupper_gazebo
