[0.060s] Invoking command in '/home/darshan/ros2_ws/build/champ_navigation': CMAKE_PREFIX_PATH=/opt/ros/humble /usr/bin/cmake /home/darshan/ros2_ws/src/champ/champ/champ_navigation -DCMAKE_INSTALL_PREFIX=/home/darshan/ros2_ws/install/champ_navigation
[1.031s] -- The C compiler identification is GNU 11.4.0
[1.031s] -- The CXX compiler identification is GNU 11.4.0
[1.031s] -- Detecting C compiler ABI info
[1.031s] -- Detecting C compiler ABI info - done
[1.031s] -- Check for working C compiler: /usr/bin/cc - skipped
[1.032s] -- Detecting C compile features
[1.032s] -- Detecting C compile features - done
[1.032s] -- Detecting CXX compiler ABI info
[1.032s] -- Detecting CXX compiler ABI info - done
[1.032s] -- Check for working CXX compiler: /usr/bin/c++ - skipped
[1.032s] -- Detecting CXX compile features
[1.032s] -- Detecting CXX compile features - done
[1.032s] -- Found ament_cmake: 1.3.10 (/opt/ros/humble/share/ament_cmake/cmake)
[1.032s] -- Found Python3: /usr/bin/python3 (found version "3.10.12") found components: Interpreter 
[1.032s] -- Configuring done
[1.032s] -- Generating done
[1.032s] -- Build files have been written to: /home/darshan/ros2_ws/build/champ_navigation
[1.053s] Invoked command in '/home/darshan/ros2_ws/build/champ_navigation' returned '0': CMAKE_PREFIX_PATH=/opt/ros/humble /usr/bin/cmake /home/darshan/ros2_ws/src/champ/champ/champ_navigation -DCMAKE_INSTALL_PREFIX=/home/darshan/ros2_ws/install/champ_navigation
[1.055s] Invoking command in '/home/darshan/ros2_ws/build/champ_navigation': CMAKE_PREFIX_PATH=/opt/ros/humble /usr/bin/cmake --build /home/darshan/ros2_ws/build/champ_navigation -- -j24 -l24
[1.068s] Invoked command in '/home/darshan/ros2_ws/build/champ_navigation' returned '0': CMAKE_PREFIX_PATH=/opt/ros/humble /usr/bin/cmake --build /home/darshan/ros2_ws/build/champ_navigation -- -j24 -l24
[1.113s] Invoking command in '/home/darshan/ros2_ws/build/champ_navigation': CMAKE_PREFIX_PATH=/opt/ros/humble /usr/bin/cmake --install /home/darshan/ros2_ws/build/champ_navigation
[1.124s] -- Install configuration: ""
[1.124s] -- Installing: /home/darshan/ros2_ws/install/champ_navigation/share/champ_navigation/launch
[1.124s] -- Installing: /home/darshan/ros2_ws/install/champ_navigation/share/champ_navigation/launch/slam.launch.py
[1.124s] -- Installing: /home/darshan/ros2_ws/install/champ_navigation/share/champ_navigation/launch/navigate.launch.py
[1.124s] -- Installing: /home/darshan/ros2_ws/install/champ_navigation/share/champ_navigation/rviz
[1.125s] -- Installing: /home/darshan/ros2_ws/install/champ_navigation/share/champ_navigation/rviz/slam.rviz
[1.125s] -- Installing: /home/darshan/ros2_ws/install/champ_navigation/share/champ_navigation/rviz/navigation.rviz
[1.125s] -- Installing: /home/darshan/ros2_ws/install/champ_navigation/share/champ_navigation/rviz/navigation_minimal.rviz
[1.125s] -- Installing: /home/darshan/ros2_ws/install/champ_navigation/share/ament_index/resource_index/package_run_dependencies/champ_navigation
[1.125s] -- Installing: /home/darshan/ros2_ws/install/champ_navigation/share/ament_index/resource_index/parent_prefix_path/champ_navigation
[1.125s] -- Installing: /home/darshan/ros2_ws/install/champ_navigation/share/champ_navigation/environment/ament_prefix_path.sh
[1.125s] -- Installing: /home/darshan/ros2_ws/install/champ_navigation/share/champ_navigation/environment/ament_prefix_path.dsv
[1.126s] -- Installing: /home/darshan/ros2_ws/install/champ_navigation/share/champ_navigation/environment/path.sh
[1.127s] -- Installing: /home/darshan/ros2_ws/install/champ_navigation/share/champ_navigation/environment/path.dsv
[1.127s] -- Installing: /home/darshan/ros2_ws/install/champ_navigation/share/champ_navigation/local_setup.bash
[1.127s] -- Installing: /home/darshan/ros2_ws/install/champ_navigation/share/champ_navigation/local_setup.sh
[1.128s] -- Installing: /home/darshan/ros2_ws/install/champ_navigation/share/champ_navigation/local_setup.zsh
[1.128s] -- Installing: /home/darshan/ros2_ws/install/champ_navigation/share/champ_navigation/local_setup.dsv
[1.128s] -- Installing: /home/darshan/ros2_ws/install/champ_navigation/share/champ_navigation/package.dsv
[1.129s] -- Installing: /home/darshan/ros2_ws/install/champ_navigation/share/ament_index/resource_index/packages/champ_navigation
[1.129s] -- Installing: /home/darshan/ros2_ws/install/champ_navigation/share/champ_navigation/cmake/champ_navigationConfig.cmake
[1.130s] -- Installing: /home/darshan/ros2_ws/install/champ_navigation/share/champ_navigation/cmake/champ_navigationConfig-version.cmake
[1.130s] -- Installing: /home/darshan/ros2_ws/install/champ_navigation/share/champ_navigation/package.xml
[1.141s] Invoked command in '/home/darshan/ros2_ws/build/champ_navigation' returned '0': CMAKE_PREFIX_PATH=/opt/ros/humble /usr/bin/cmake --install /home/darshan/ros2_ws/build/champ_navigation
