[0.691s] Invoking command in '/home/darshan/ros2_ws/build/mini_pupper_navigation': CMAKE_PREFIX_PATH=/opt/ros/humble /usr/bin/cmake /home/darshan/ros2_ws/src/mini_pupper_ros/mini_pupper_navigation -DCMAKE_INSTALL_PREFIX=/home/darshan/ros2_ws/install/mini_pupper_navigation
[1.021s] -- The C compiler identification is GNU 11.4.0
[1.022s] -- The CXX compiler identification is GNU 11.4.0
[1.022s] -- Detecting C compiler ABI info
[1.023s] -- Detecting C compiler ABI info - done
[1.023s] -- Check for working C compiler: /usr/bin/cc - skipped
[1.023s] -- Detecting C compile features
[1.023s] -- Detecting C compile features - done
[1.023s] -- Detecting CXX compiler ABI info
[1.105s] -- Detecting CXX compiler ABI info - done
[1.133s] -- Check for working CXX compiler: /usr/bin/c++ - skipped
[1.133s] -- Detecting CXX compile features
[1.133s] -- Detecting CXX compile features - done
[1.139s] -- Found ament_cmake: 1.3.10 (/opt/ros/humble/share/ament_cmake/cmake)
[1.338s] -- Found Python3: /usr/bin/python3 (found version "3.10.12") found components: Interpreter 
[1.454s] -- Found ament_lint_auto: 0.12.11 (/opt/ros/humble/share/ament_lint_auto/cmake)
[1.582s] -- Added test 'copyright' to check source files copyright and LICENSE
[1.584s] -- Added test 'flake8' to check Python code syntax and style conventions
[1.584s] -- Added test 'lint_cmake' to check CMake code style
[1.584s] -- Added test 'pep257' to check Python code against some of the docstring style conventions in PEP 257
[1.586s] -- Added test 'xmllint' to check XML markup files
[1.587s] -- Configuring done
[1.590s] -- Generating done
[1.590s] -- Build files have been written to: /home/darshan/ros2_ws/build/mini_pupper_navigation
[1.602s] Invoked command in '/home/darshan/ros2_ws/build/mini_pupper_navigation' returned '0': CMAKE_PREFIX_PATH=/opt/ros/humble /usr/bin/cmake /home/darshan/ros2_ws/src/mini_pupper_ros/mini_pupper_navigation -DCMAKE_INSTALL_PREFIX=/home/darshan/ros2_ws/install/mini_pupper_navigation
[1.604s] Invoking command in '/home/darshan/ros2_ws/build/mini_pupper_navigation': CMAKE_PREFIX_PATH=/opt/ros/humble /usr/bin/cmake --build /home/darshan/ros2_ws/build/mini_pupper_navigation -- -j24 -l24
[1.652s] Invoked command in '/home/darshan/ros2_ws/build/mini_pupper_navigation' returned '0': CMAKE_PREFIX_PATH=/opt/ros/humble /usr/bin/cmake --build /home/darshan/ros2_ws/build/mini_pupper_navigation -- -j24 -l24
[1.689s] Invoking command in '/home/darshan/ros2_ws/build/mini_pupper_navigation': CMAKE_PREFIX_PATH=/opt/ros/humble /usr/bin/cmake --install /home/darshan/ros2_ws/build/mini_pupper_navigation
[1.699s] -- Install configuration: ""
[1.699s] -- Installing: /home/darshan/ros2_ws/install/mini_pupper_navigation/share/mini_pupper_navigation/launch
[1.700s] -- Installing: /home/darshan/ros2_ws/install/mini_pupper_navigation/share/mini_pupper_navigation/launch/navigation.launch.py
[1.700s] -- Installing: /home/darshan/ros2_ws/install/mini_pupper_navigation/share/mini_pupper_navigation/maps
[1.700s] -- Installing: /home/darshan/ros2_ws/install/mini_pupper_navigation/share/mini_pupper_navigation/maps/map.pgm
[1.700s] -- Installing: /home/darshan/ros2_ws/install/mini_pupper_navigation/share/mini_pupper_navigation/maps/map.yaml
[1.700s] -- Installing: /home/darshan/ros2_ws/install/mini_pupper_navigation/share/mini_pupper_navigation/param
[1.700s] -- Installing: /home/darshan/ros2_ws/install/mini_pupper_navigation/share/mini_pupper_navigation/param/mini_pupper.yaml
[1.701s] -- Installing: /home/darshan/ros2_ws/install/mini_pupper_navigation/share/mini_pupper_navigation/rviz
[1.701s] -- Installing: /home/darshan/ros2_ws/install/mini_pupper_navigation/share/mini_pupper_navigation/rviz/navigation.rviz
[1.701s] -- Installing: /home/darshan/ros2_ws/install/mini_pupper_navigation/share/ament_index/resource_index/package_run_dependencies/mini_pupper_navigation
[1.701s] -- Installing: /home/darshan/ros2_ws/install/mini_pupper_navigation/share/ament_index/resource_index/parent_prefix_path/mini_pupper_navigation
[1.702s] -- Installing: /home/darshan/ros2_ws/install/mini_pupper_navigation/share/mini_pupper_navigation/environment/ament_prefix_path.sh
[1.702s] -- Installing: /home/darshan/ros2_ws/install/mini_pupper_navigation/share/mini_pupper_navigation/environment/ament_prefix_path.dsv
[1.702s] -- Installing: /home/darshan/ros2_ws/install/mini_pupper_navigation/share/mini_pupper_navigation/environment/path.sh
[1.702s] -- Installing: /home/darshan/ros2_ws/install/mini_pupper_navigation/share/mini_pupper_navigation/environment/path.dsv
[1.702s] -- Installing: /home/darshan/ros2_ws/install/mini_pupper_navigation/share/mini_pupper_navigation/local_setup.bash
[1.703s] -- Installing: /home/darshan/ros2_ws/install/mini_pupper_navigation/share/mini_pupper_navigation/local_setup.sh
[1.703s] -- Installing: /home/darshan/ros2_ws/install/mini_pupper_navigation/share/mini_pupper_navigation/local_setup.zsh
[1.703s] -- Installing: /home/darshan/ros2_ws/install/mini_pupper_navigation/share/mini_pupper_navigation/local_setup.dsv
[1.703s] -- Installing: /home/darshan/ros2_ws/install/mini_pupper_navigation/share/mini_pupper_navigation/package.dsv
[1.703s] -- Installing: /home/darshan/ros2_ws/install/mini_pupper_navigation/share/ament_index/resource_index/packages/mini_pupper_navigation
[1.703s] -- Installing: /home/darshan/ros2_ws/install/mini_pupper_navigation/share/mini_pupper_navigation/cmake/mini_pupper_navigationConfig.cmake
[1.703s] -- Installing: /home/darshan/ros2_ws/install/mini_pupper_navigation/share/mini_pupper_navigation/cmake/mini_pupper_navigationConfig-version.cmake
[1.704s] -- Installing: /home/darshan/ros2_ws/install/mini_pupper_navigation/share/mini_pupper_navigation/package.xml
[1.706s] Invoked command in '/home/darshan/ros2_ws/build/mini_pupper_navigation' returned '0': CMAKE_PREFIX_PATH=/opt/ros/humble /usr/bin/cmake --install /home/darshan/ros2_ws/build/mini_pupper_navigation
